#
# A fatal error has been detected by the Java Runtime Environment:
#
#  SIGSEGV (0xb) at pc=0x00007f5440b4d43b, pid=13913, tid=139999867619072
#
# JRE version: OpenJDK Runtime Environment (7.0_181-b01) (build 1.7.0_181-b01)
# Java VM: OpenJDK 64-Bit Server VM (24.181-b01 mixed mode linux-amd64 compressed oops)
# Derivative: IcedTea 2.6.14
# Distribution: Ubuntu 14.04 LTS, package 7u181-2.6.14-0ubuntu0.1
# Problematic frame:
# C  [mtype243.cooja+0x1c43b]  ringbufindex_elements+0xc
#
# Failed to write core dump. Core dumps have been disabled. To enable core dumping, try "ulimit -c unlimited" before starting Java again
#
# If you would like to submit a bug report, please include
# instructions on how to reproduce the bug and visit:
#   http://icedtea.classpath.org/bugzilla
# The crash happened outside the Java Virtual Machine in native code.
# See problematic frame for where to report the bug.
#

---------------  T H R E A D  ---------------

Current thread (0x00007f5400237000):  JavaThread "Thread-24" [_thread_in_native, id=20900, stack(0x00007f544250c000,0x00007f544260d000)]

siginfo:si_signo=SIGSEGV: si_errno=0, si_code=1 (SEGV_MAPERR), si_addr=0x0000000000000099

Registers:
RAX=0x0000000000000098, RBX=0x0000000000000000, RCX=0x0000000000000007, RDX=0x0000000000000003
RSP=0x00007f5440d743d8, RBP=0x00007f5440d743d8, RSI=0x0000000000000007, RDI=0x0000000000000098
R8 =0x0000000000000011, R9 =0x0000000000000003, R10=0x00007f5440d741c8, R11=0x00007f5440b45810
R12=0x0000000000000000, R13=0x00000000a1627db0, R14=0x0000000040d70440, R15=0x00007f5400237000
RIP=0x00007f5440b4d43b, EFLAGS=0x0000000000010206, CSGSFS=0x0000000000000033, ERR=0x0000000000000004
  TRAPNO=0x000000000000000e

Top of Stack: (sp=0x00007f5440d743d8)
0x00007f5440d743d8:   00007f5440d743f8 00007f5440b4d4b5
0x00007f5440d743e8:   0000000000000003 0000000000000098
0x00007f5440d743f8:   00007f5440d74438 00007f5440b47985
0x00007f5440d74408:   0000001100000011 0000000300000007
0x00007f5440d74418:   0000000000000003 0000000000000000
0x00007f5440d74428:   0000000000000003 0000000000000000
0x00007f5440d74438:   00007f5440d74478 00007f5440b47c29
0x00007f5440d74448:   0000001100000011 0000000300000005
0x00007f5440d74458:   0000000000000003 0003002000070000
0x00007f5440d74468:   00007f5440d77120 00007f5440d76d40
0x00007f5440d74478:   00007f5440d74498 00007f5440b482fe
0x00007f5440d74488:   0000000000000000 00037f5440d7d120
0x00007f5440d74498:   00007f5440d744b8 00007f5440b4a825
0x00007f5440d744a8:   ffff7f5440d744f8 00007f5440d76120
0x00007f5440d744b8:   00007f5440d744f8 00007f5440b4b34c
0x00007f5440d744c8:   00000082000019f1 0000000000000000
0x00007f5440d744d8:   00007f8240d7a500 00007f5440d70098
0x00007f5440d744e8:   00007f5440d76c28 01007f5440b4c42c
0x00007f5440d744f8:   00007f5440d74538 00007f5440b4c42c
0x00007f5440d74508:   00007f5440d74548 0000000000000000
0x00007f5440d74518:   00007f8240d76c28 00007f5440d70080
0x00007f5440d74528:   00007f5440d7ba04 00000000ffffffff
0x00007f5440d74538:   00007f5440d74558 00007f5440b4c51e
0x00007f5440d74548:   00007f5440d74558 00007f5440d70080
0x00007f5440d74558:   00007f5440d74568 00007f5440b4c683
0x00007f5440d74568:   00007f5440d74588 00007f5440b41870
0x00007f5440d74578:   0000000000000000 0000000000000000
0x00007f5440d74588:   0000000000000000 0000000000000000
0x00007f5440d74598:   0000000000000000 0002000200000000
0x00007f5440d745a8:   0000000000000000 00007f5440d770c0
0x00007f5440d745b8:   0000000000010001 00007f5440d770e0
0x00007f5440d745c8:   0000000000000000 0000000000000000 

Instructions: (pc=0x00007f5440b4d43b)
0x00007f5440b4d41b:   e5 48 89 7d f8 48 8b 45 f8 0f b6 00 0f b6 c0 83
0x00007f5440b4d42b:   c0 01 5d c3 55 48 89 e5 48 89 7d f8 48 8b 45 f8
0x00007f5440b4d43b:   0f b6 40 01 0f b6 d0 48 8b 45 f8 0f b6 40 02 0f
0x00007f5440b4d44b:   b6 c0 29 c2 48 8b 45 f8 0f b6 00 0f b6 c0 21 d0 

Register to memory mapping:

RAX=0x0000000000000098 is an unknown value
RBX=0x0000000000000000 is an unknown value
RCX=0x0000000000000007 is an unknown value
RDX=0x0000000000000003 is an unknown value
RSP=0x00007f5440d743d8: <offset 0x2433d8> in /home/netlab/Backup_sbjeong/xxx 2020/contiki_git_ing/examples/ipv6/rpl-tsch/obj_cooja/mtype243.cooja at 0x00007f5440b31000
RBP=0x00007f5440d743d8: <offset 0x2433d8> in /home/netlab/Backup_sbjeong/xxx 2020/contiki_git_ing/examples/ipv6/rpl-tsch/obj_cooja/mtype243.cooja at 0x00007f5440b31000
RSI=0x0000000000000007 is an unknown value
RDI=0x0000000000000098 is an unknown value
R8 =0x0000000000000011 is an unknown value
R9 =0x0000000000000003 is an unknown value
R10=0x00007f5440d741c8: <offset 0x2431c8> in /home/netlab/Backup_sbjeong/xxx 2020/contiki_git_ing/examples/ipv6/rpl-tsch/obj_cooja/mtype243.cooja at 0x00007f5440b31000
R11=0x00007f5440b45810: tsch_queue_get_nbr_from_id+0 in /home/netlab/Backup_sbjeong/xxx 2020/contiki_git_ing/examples/ipv6/rpl-tsch/obj_cooja/mtype243.cooja at 0x00007f5440b31000
R12=0x0000000000000000 is an unknown value
R13=0x00000000a1627db0 is an oop
[B 
 - klass: {type array byte}
 - length: 57072
R14=0x0000000040d70440 is an unknown value
R15=0x00007f5400237000 is a thread


Stack: [0x00007f544250c000,0x00007f544260d000],  sp=0x00007f5440d743d8,  free space=18014398509457824k
Native frames: (J=compiled Java code, j=interpreted, Vv=VM code, C=native code)
C  [mtype243.cooja+0x1c43b]  ringbufindex_elements+0xc
C  [mtype243.cooja+0x1c4b5]  ringbufindex_empty+0x18
C  [mtype243.cooja+0x16985]  change_select_packet+0x47
C  [mtype243.cooja+0x16c29]  add_tx+0x114
C  [mtype243.cooja+0x172fe]  post_process_rx_t_offset+0xa7
C  [mtype243.cooja+0x19825]  tsch_tx_process_pending+0xa0
C  [mtype243.cooja+0x1a34c]  process_thread_tsch_pending_events_process+0x64
C  [mtype243.cooja+0x1b42c]  call_process+0x66
C  [mtype243.cooja+0x1b51e]  do_poll+0x51
C  [mtype243.cooja+0x1b683]  process_run+0x14
C  [mtype243.cooja+0x10870]  process_run_thread_loop+0x2d

Java frames: (J=compiled Java code, j=interpreted, Vv=VM code)
J 1917  org.contikios.cooja.corecomm.Lib5.tick()V (0 bytes) @ 0x00007f54614aff18 [0x00007f54614afee0+0x38]
J 1866 C2 org.contikios.cooja.Simulation.run()V (435 bytes) @ 0x00007f546149bcac [0x00007f546149ba40+0x26c]
j  java.lang.Thread.run()V+11
v  ~StubRoutines::call_stub

---------------  P R O C E S S  ---------------

Java Threads: ( => current thread )
=>0x00007f5400237000 JavaThread "Thread-24" [_thread_in_native, id=20900, stack(0x00007f544250c000,0x00007f544260d000)]
  0x00007f53f8069000 JavaThread "Thread-22" [_thread_blocked, id=20880, stack(0x00007f5441bbc000,0x00007f5441cbd000)]
  0x00007f53f8067000 JavaThread "Thread-17" [_thread_blocked, id=19716, stack(0x00007f54410ce000,0x00007f54411cf000)]
  0x00007f53f8058000 JavaThread "Thread-12" [_thread_blocked, id=17385, stack(0x00007f544176c000,0x00007f544186d000)]
  0x00007f54001b0800 JavaThread "process reaper" daemon [_thread_blocked, id=16301, stack(0x00007f54424d3000,0x00007f544250c000)]
  0x00007f53ec002800 JavaThread "Thread-7" [_thread_blocked, id=16215, stack(0x00007f5441abb000,0x00007f5441bbc000)]
  0x00007f53f8057800 JavaThread "Thread-2" [_thread_blocked, id=15041, stack(0x00007f5442621000,0x00007f5442722000)]
  0x00007f540001e000 JavaThread "TimerQueue" daemon [_thread_blocked, id=13939, stack(0x00007f544276f000,0x00007f5442870000)]
  0x00007f546400a000 JavaThread "DestroyJavaVM" [_thread_blocked, id=13918, stack(0x00007f546c6e6000,0x00007f546c7e7000)]
  0x00007f5464363000 JavaThread "AWT-EventQueue-0" [_thread_in_Java, id=13938, stack(0x00007f5442870000,0x00007f5442971000)]
  0x00007f5464325800 JavaThread "AWT-Shutdown" [_thread_blocked, id=13937, stack(0x00007f5442971000,0x00007f5442a72000)]
  0x00007f54642f3800 JavaThread "AWT-XAWT" daemon [_thread_in_native, id=13936, stack(0x00007f5442cd2000,0x00007f5442dd3000)]
  0x00007f54642dc800 JavaThread "Java2D Disposer" daemon [_thread_blocked, id=13935, stack(0x00007f54431e3000,0x00007f54432e4000)]
  0x00007f54640b1000 JavaThread "Service Thread" daemon [_thread_blocked, id=13933, stack(0x00007f544ade3000,0x00007f544aee4000)]
  0x00007f54640ae800 JavaThread "C2 CompilerThread1" daemon [_thread_blocked, id=13932, stack(0x00007f544aee4000,0x00007f544afe5000)]
  0x00007f54640ac000 JavaThread "C2 CompilerThread0" daemon [_thread_blocked, id=13931, stack(0x00007f544afe5000,0x00007f544b0e6000)]
  0x00007f54640a9800 JavaThread "Signal Dispatcher" daemon [_thread_blocked, id=13930, stack(0x00007f544b0e6000,0x00007f544b1e7000)]
  0x00007f5464087000 JavaThread "Finalizer" daemon [_thread_blocked, id=13929, stack(0x00007f544b9fa000,0x00007f544bafb000)]
  0x00007f5464085000 JavaThread "Reference Handler" daemon [_thread_blocked, id=13928, stack(0x00007f544bafb000,0x00007f544bbfc000)]

Other Threads:
  0x00007f5464080800 VMThread [stack: 0x00007f544bbfc000,0x00007f544bcfd000] [id=13927]
  0x00007f54640bc000 WatcherThread [stack: 0x00007f544ace2000,0x00007f544ade3000] [id=13934]

VM state:not at safepoint (normal execution)

VM Mutex/Monitor currently owned by a thread: None

Heap
 PSYoungGen      total 81920K, used 34110K [0x00000000e0000000, 0x00000000ec380000, 0x0000000100000000)
  eden space 81408K, 41% used [0x00000000e0000000,0x00000000e211f8f8,0x00000000e4f80000)
  from space 512K, 37% used [0x00000000ec300000,0x00000000ec330000,0x00000000ec380000)
  to   space 2560K, 0% used [0x00000000ebe80000,0x00000000ebe80000,0x00000000ec100000)
 ParOldGen       total 170496K, used 25231K [0x00000000a0000000, 0x00000000aa680000, 0x00000000e0000000)
  object space 170496K, 14% used [0x00000000a0000000,0x00000000a18a3d70,0x00000000aa680000)
 PSPermGen       total 50176K, used 25963K [0x0000000095a00000, 0x0000000098b00000, 0x00000000a0000000)
  object space 50176K, 51% used [0x0000000095a00000,0x000000009735af40,0x0000000098b00000)

Card table byte_map: [0x00007f5468f9a000,0x00007f54692ee000] byte_map_base: 0x00007f5468aed000

Polling page: 0x00007f546c806000

Code Cache  [0x00007f5461000000, 0x00007f54614d0000, 0x00007f5464000000)
 total_blobs=2254 nmethods=1666 adapters=539 free_code_cache=44341Kb largest_free_block=45315456

Compilation events (10 events):
Event: 404.197 Thread 0x00007f54640ac000 1920 % !         java.awt.KeyboardFocusManager::clearMostRecentFocusOwner @ 17 (111 bytes)
Event: 404.201 Thread 0x00007f54640ac000 nmethod 1920% 0x00007f54614aca90 code [0x00007f54614acc20, 0x00007f54614ad3e8]
Event: 404.215 Thread 0x00007f54640ae800 1921   !         java.awt.KeyboardFocusManager::clearMostRecentFocusOwner (111 bytes)
Event: 404.221 Thread 0x00007f54640ae800 nmethod 1921 0x00007f54614b97d0 code [0x00007f54614b9980, 0x00007f54614ba208]
Event: 406.949 Thread 0x00007f54640ac000 1922             javax.swing.plaf.basic.BasicTableUI::getPreferredSize (56 bytes)
Event: 406.954 Thread 0x00007f54640ac000 nmethod 1922 0x00007f54614b8a90 code [0x00007f54614b8c40, 0x00007f54614b91a8]
Event: 407.167 Thread 0x00007f54640ae800 1923             org.contikios.cooja.plugins.skins.IDVisualizerSkin::paintAfterMotes (133 bytes)
Event: 407.199 Thread 0x00007f54640ae800 nmethod 1923 0x00007f54614c4010 code [0x00007f54614c4400, 0x00007f54614c6060]
Event: 407.404 Thread 0x00007f54640ac000 1924             sun.awt.NullComponentPeer::layout (1 bytes)
Event: 407.404 Thread 0x00007f54640ac000 nmethod 1924 0x00007f54614b8890 code [0x00007f54614b89c0, 0x00007f54614b8a18]

GC Heap History (10 events):
Event: 405.100 GC heap before
{Heap before GC invocations=80 (full 4):
 PSYoungGen      total 95744K, used 92864K [0x00000000e0000000, 0x00000000eca00000, 0x0000000100000000)
  eden space 92672K, 100% used [0x00000000e0000000,0x00000000e5a80000,0x00000000e5a80000)
  from space 3072K, 6% used [0x00000000ec400000,0x00000000ec430000,0x00000000ec700000)
  to   space 3072K, 0% used [0x00000000ec700000,0x00000000ec700000,0x00000000eca00000)
 ParOldGen       total 170496K, used 25021K [0x00000000a0000000, 0x00000000aa680000, 0x00000000e0000000)
  object space 170496K, 14% used [0x00000000a0000000,0x00000000a186f4d0,0x00000000aa680000)
 PSPermGen       total 50176K, used 25958K [0x0000000095a00000, 0x0000000098b00000, 0x00000000a0000000)
  object space 50176K, 51% used [0x0000000095a00000,0x00000000973598b0,0x0000000098b00000)
Event: 405.102 GC heap after
Heap after GC invocations=80 (full 4):
 PSYoungGen      total 90624K, used 128K [0x00000000e0000000, 0x00000000ec780000, 0x0000000100000000)
  eden space 90112K, 0% used [0x00000000e0000000,0x00000000e0000000,0x00000000e5800000)
  from space 512K, 25% used [0x00000000ec700000,0x00000000ec720000,0x00000000ec780000)
  to   space 3072K, 0% used [0x00000000ec180000,0x00000000ec180000,0x00000000ec480000)
 ParOldGen       total 170496K, used 25069K [0x00000000a0000000, 0x00000000aa680000, 0x00000000e0000000)
  object space 170496K, 14% used [0x00000000a0000000,0x00000000a187b4d0,0x00000000aa680000)
 PSPermGen       total 50176K, used 25958K [0x0000000095a00000, 0x0000000098b00000, 0x00000000a0000000)
  object space 50176K, 51% used [0x0000000095a00000,0x00000000973598b0,0x0000000098b00000)
}
Event: 405.842 GC heap before
{Heap before GC invocations=81 (full 4):
 PSYoungGen      total 90624K, used 90240K [0x00000000e0000000, 0x00000000ec780000, 0x0000000100000000)
  eden space 90112K, 100% used [0x00000000e0000000,0x00000000e5800000,0x00000000e5800000)
  from space 512K, 25% used [0x00000000ec700000,0x00000000ec720000,0x00000000ec780000)
  to   space 3072K, 0% used [0x00000000ec180000,0x00000000ec180000,0x00000000ec480000)
 ParOldGen       total 170496K, used 25069K [0x00000000a0000000, 0x00000000aa680000, 0x00000000e0000000)
  object space 170496K, 14% used [0x00000000a0000000,0x00000000a187b4d0,0x00000000aa680000)
 PSPermGen       total 50176K, used 25958K [0x0000000095a00000, 0x0000000098b00000, 0x00000000a0000000)
  object space 50176K, 51% used [0x0000000095a00000,0x00000000973598b0,0x0000000098b00000)
Event: 405.844 GC heap after
Heap after GC invocations=81 (full 4):
 PSYoungGen      total 90624K, used 128K [0x00000000e0000000, 0x00000000ec780000, 0x0000000100000000)
  eden space 87552K, 0% used [0x00000000e0000000,0x00000000e0000000,0x00000000e5580000)
  from space 3072K, 4% used [0x00000000ec180000,0x00000000ec1a0000,0x00000000ec480000)
  to   space 2560K, 0% used [0x00000000ec500000,0x00000000ec500000,0x00000000ec780000)
 ParOldGen       total 170496K, used 25093K [0x00000000a0000000, 0x00000000aa680000, 0x00000000e0000000)
  object space 170496K, 14% used [0x00000000a0000000,0x00000000a18814d0,0x00000000aa680000)
 PSPermGen       total 50176K, used 25958K [0x0000000095a00000, 0x0000000098b00000, 0x00000000a0000000)
  object space 50176K, 51% used [0x0000000095a00000,0x00000000973598b0,0x0000000098b00000)
}
Event: 406.305 GC heap before
{Heap before GC invocations=82 (full 4):
 PSYoungGen      total 90624K, used 87680K [0x00000000e0000000, 0x00000000ec780000, 0x0000000100000000)
  eden space 87552K, 100% used [0x00000000e0000000,0x00000000e5580000,0x00000000e5580000)
  from space 3072K, 4% used [0x00000000ec180000,0x00000000ec1a0000,0x00000000ec480000)
  to   space 2560K, 0% used [0x00000000ec500000,0x00000000ec500000,0x00000000ec780000)
 ParOldGen       total 170496K, used 25093K [0x00000000a0000000, 0x00000000aa680000, 0x00000000e0000000)
  object space 170496K, 14% used [0x00000000a0000000,0x00000000a18814f0,0x00000000aa680000)
 PSPermGen       total 50176K, used 25958K [0x0000000095a00000, 0x0000000098b00000, 0x00000000a0000000)
  object space 50176K, 51% used [0x0000000095a00000,0x00000000973599f8,0x0000000098b00000)
Event: 406.307 GC heap after
Heap after GC invocations=82 (full 4):
 PSYoungGen      total 86016K, used 224K [0x00000000e0000000, 0x00000000ec580000, 0x0000000100000000)
  eden space 85504K, 0% used [0x00000000e0000000,0x00000000e0000000,0x00000000e5380000)
  from space 512K, 43% used [0x00000000ec500000,0x00000000ec538000,0x00000000ec580000)
  to   space 2560K, 0% used [0x00000000ec080000,0x00000000ec080000,0x00000000ec300000)
 ParOldGen       total 170496K, used 25133K [0x00000000a0000000, 0x00000000aa680000, 0x00000000e0000000)
  object space 170496K, 14% used [0x00000000a0000000,0x00000000a188b4f0,0x00000000aa680000)
 PSPermGen       total 50176K, used 25958K [0x0000000095a00000, 0x0000000098b00000, 0x00000000a0000000)
  object space 50176K, 51% used [0x0000000095a00000,0x00000000973599f8,0x0000000098b00000)
}
Event: 406.937 GC heap before
{Heap before GC invocations=83 (full 4):
 PSYoungGen      total 86016K, used 85728K [0x00000000e0000000, 0x00000000ec580000, 0x0000000100000000)
  eden space 85504K, 100% used [0x00000000e0000000,0x00000000e5380000,0x00000000e5380000)
  from space 512K, 43% used [0x00000000ec500000,0x00000000ec538000,0x00000000ec580000)
  to   space 2560K, 0% used [0x00000000ec080000,0x00000000ec080000,0x00000000ec300000)
 ParOldGen       total 170496K, used 25135K [0x00000000a0000000, 0x00000000aa680000, 0x00000000e0000000)
  object space 170496K, 14% used [0x00000000a0000000,0x00000000a188bd70,0x00000000aa680000)
 PSPermGen       total 50176K, used 25961K [0x0000000095a00000, 0x0000000098b00000, 0x00000000a0000000)
  object space 50176K, 51% used [0x0000000095a00000,0x000000009735a630,0x0000000098b00000)
Event: 406.939 GC heap after
Heap after GC invocations=83 (full 4):
 PSYoungGen      total 86016K, used 160K [0x00000000e0000000, 0x00000000ec580000, 0x0000000100000000)
  eden space 83456K, 0% used [0x00000000e0000000,0x00000000e0000000,0x00000000e5180000)
  from space 2560K, 6% used [0x00000000ec080000,0x00000000ec0a8000,0x00000000ec300000)
  to   space 2560K, 0% used [0x00000000ec300000,0x00000000ec300000,0x00000000ec580000)
 ParOldGen       total 170496K, used 25175K [0x00000000a0000000, 0x00000000aa680000, 0x00000000e0000000)
  object space 170496K, 14% used [0x00000000a0000000,0x00000000a1895d70,0x00000000aa680000)
 PSPermGen       total 50176K, used 25961K [0x0000000095a00000, 0x0000000098b00000, 0x00000000a0000000)
  object space 50176K, 51% used [0x0000000095a00000,0x000000009735a630,0x0000000098b00000)
}
Event: 407.482 GC heap before
{Heap before GC invocations=84 (full 4):
 PSYoungGen      total 86016K, used 83616K [0x00000000e0000000, 0x00000000ec580000, 0x0000000100000000)
  eden space 83456K, 100% used [0x00000000e0000000,0x00000000e5180000,0x00000000e5180000)
  from space 2560K, 6% used [0x00000000ec080000,0x00000000ec0a8000,0x00000000ec300000)
  to   space 2560K, 0% used [0x00000000ec300000,0x00000000ec300000,0x00000000ec580000)
 ParOldGen       total 170496K, used 25175K [0x00000000a0000000, 0x00000000aa680000, 0x00000000e0000000)
  object space 170496K, 14% used [0x00000000a0000000,0x00000000a1895d70,0x00000000aa680000)
 PSPermGen       total 50176K, used 25962K [0x0000000095a00000, 0x0000000098b00000, 0x00000000a0000000)
  object space 50176K, 51% used [0x0000000095a00000,0x000000009735aa80,0x0000000098b00000)
Event: 407.484 GC heap after
Heap after GC invocations=84 (full 4):
 PSYoungGen      total 81920K, used 192K [0x00000000e0000000, 0x00000000ec380000, 0x0000000100000000)
  eden space 81408K, 0% used [0x00000000e0000000,0x00000000e0000000,0x00000000e4f80000)
  from space 512K, 37% used [0x00000000ec300000,0x00000000ec330000,0x00000000ec380000)
  to   space 2560K, 0% used [0x00000000ebe80000,0x00000000ebe80000,0x00000000ec100000)
 ParOldGen       total 170496K, used 25231K [0x00000000a0000000, 0x00000000aa680000, 0x00000000e0000000)
  object space 170496K, 14% used [0x00000000a0000000,0x00000000a18a3d70,0x00000000aa680000)
 PSPermGen       total 50176K, used 25962K [0x0000000095a00000, 0x0000000098b00000, 0x00000000a0000000)
  object space 50176K, 51% used [0x0000000095a00000,0x000000009735aa80,0x0000000098b00000)
}

Deoptimization events (10 events):
Event: 394.327 Thread 0x00007f5400237000 Uncommon trap: reason=bimorphic action=maybe_recompile pc=0x00007f5461163280 method=java.util.regex.Pattern$5.isSatisfiedBy(I)Z @ 5
Event: 394.443 Thread 0x00007f5464363000 Uncommon trap: reason=unstable_if action=reinterpret pc=0x00007f546143ec14 method=java.util.HashSet.remove(Ljava/lang/Object;)Z @ 11
Event: 394.519 Thread 0x00007f5400237000 Uncommon trap: reason=class_check action=maybe_recompile pc=0x00007f5461171368 method=javax.swing.plaf.basic.BasicListUI.updateLayoutState()V @ 61
Event: 394.533 Thread 0x00007f53f8069000 Uncommon trap: reason=unstable_if action=reinterpret pc=0x00007f5461419350 method=java.util.ArrayList.grow(I)V @ 15
Event: 402.830 Thread 0x00007f5464363000 Uncommon trap: reason=array_check action=maybe_recompile pc=0x00007f54614b20d4 method=java.util.AbstractCollection.toArray([Ljava/lang/Object;)[Ljava/lang/Object; @ 119
Event: 402.833 Thread 0x00007f5464363000 Uncommon trap: reason=array_check action=maybe_recompile pc=0x00007f54614b20d4 method=java.util.AbstractCollection.toArray([Ljava/lang/Object;)[Ljava/lang/Object; @ 119
Event: 402.843 Thread 0x00007f5464363000 Uncommon trap: reason=unstable_if action=reinterpret pc=0x00007f5461407f04 method=java.util.concurrent.locks.ReentrantLock$Sync.nonfairTryAcquire(I)Z @ 19
Event: 402.844 Thread 0x00007f5400237000 Uncommon trap: reason=array_check action=maybe_recompile pc=0x00007f54614b20d4 method=java.util.AbstractCollection.toArray([Ljava/lang/Object;)[Ljava/lang/Object; @ 119
Event: 402.860 Thread 0x00007f5464363000 Uncommon trap: reason=array_check action=maybe_recompile pc=0x00007f54614b20d4 method=java.util.AbstractCollection.toArray([Ljava/lang/Object;)[Ljava/lang/Object; @ 119
Event: 403.262 Thread 0x00007f5464363000 Uncommon trap: reason=class_check action=maybe_recompile pc=0x00007f54613ca800 method=java.awt.KeyboardFocusManager.clearMostRecentFocusOwner(Ljava/awt/Component;)V @ 68

Internal exceptions (10 events):
Event: 372.358 Thread 0x00007f5400237000 Threw 0x00000000e04cca60 at /build/openjdk-7-7bXZEq/openjdk-7-7u181-2.6.14/build/openjdk/hotspot/src/share/vm/prims/jvm.cpp:1367
Event: 372.358 Thread 0x00007f5400237000 Threw 0x00000000e04cd210 at /build/openjdk-7-7bXZEq/openjdk-7-7u181-2.6.14/build/openjdk/hotspot/src/share/vm/prims/jvm.cpp:1367
Event: 372.358 Thread 0x00007f5400237000 Threw 0x00000000e04ce490 at /build/openjdk-7-7bXZEq/openjdk-7-7u181-2.6.14/build/openjdk/hotspot/src/share/vm/prims/jvm.cpp:1367
Event: 394.204 Thread 0x00007f5464363000 Threw 0x00000000e09f4e18 at /build/openjdk-7-7bXZEq/openjdk-7-7u181-2.6.14/build/openjdk/hotspot/src/share/vm/prims/jni.cpp:748
Event: 394.624 Thread 0x00007f5464363000 Threw 0x00000000e0857cd0 at /build/openjdk-7-7bXZEq/openjdk-7-7u181-2.6.14/build/openjdk/hotspot/src/share/vm/prims/jni.cpp:748
Event: 402.475 Thread 0x00007f5400237000 Threw 0x00000000e2f2a038 at /build/openjdk-7-7bXZEq/openjdk-7-7u181-2.6.14/build/openjdk/hotspot/src/share/vm/prims/jvm.cpp:1367
Event: 403.001 Thread 0x00007f5400237000 Threw 0x00000000e4ce7fd0 at /build/openjdk-7-7bXZEq/openjdk-7-7u181-2.6.14/build/openjdk/hotspot/src/share/vm/prims/jvm.cpp:1367
Event: 403.001 Thread 0x00007f5400237000 Threw 0x00000000e4ce9250 at /build/openjdk-7-7bXZEq/openjdk-7-7u181-2.6.14/build/openjdk/hotspot/src/share/vm/prims/jvm.cpp:1367
Event: 403.001 Thread 0x00007f5400237000 Threw 0x00000000e4ce9a00 at /build/openjdk-7-7bXZEq/openjdk-7-7u181-2.6.14/build/openjdk/hotspot/src/share/vm/prims/jvm.cpp:1367
Event: 403.001 Thread 0x00007f5400237000 Threw 0x00000000e4ceac80 at /build/openjdk-7-7bXZEq/openjdk-7-7u181-2.6.14/build/openjdk/hotspot/src/share/vm/prims/jvm.cpp:1367

Events (10 events):
Event: 405.951 Executing VM operation: RevokeBias done
Event: 405.951 Thread 0x00007f53f806b000 Thread exited: 0x00007f53f806b000
Event: 406.305 Executing VM operation: ParallelGCFailedAllocation
Event: 406.305 Executing VM operation: ParallelGCFailedAllocation done
Event: 406.305 Executing VM operation: ParallelGCSystemGC
Event: 406.307 Executing VM operation: ParallelGCSystemGC done
Event: 406.937 Executing VM operation: ParallelGCFailedAllocation
Event: 406.939 Executing VM operation: ParallelGCFailedAllocation done
Event: 407.482 Executing VM operation: ParallelGCFailedAllocation
Event: 407.484 Executing VM operation: ParallelGCFailedAllocation done


Dynamic libraries:
00400000-00401000 r-xp 00000000 08:01 5770552                            /usr/lib/jvm/java-7-openjdk-amd64/jre/bin/java
00600000-00601000 r--p 00000000 08:01 5770552                            /usr/lib/jvm/java-7-openjdk-amd64/jre/bin/java
00601000-00602000 rw-p 00001000 08:01 5770552                            /usr/lib/jvm/java-7-openjdk-amd64/jre/bin/java
007df000-00800000 rw-p 00000000 00:00 0                                  [heap]
95a00000-98b00000 rw-p 00000000 00:00 0 
98b00000-98c00000 ---p 00000000 00:00 0 
98c00000-a0000000 rw-p 00000000 00:00 0 
a0000000-aa680000 rw-p 00000000 00:00 0 
aa680000-e0000000 rw-p 00000000 00:00 0 
e0000000-ec380000 rw-p 00000000 00:00 0 
ec380000-f4b80000 ---p 00000000 00:00 0 
f4b80000-100000000 rw-p 00000000 00:00 0 
7f53d4000000-7f53d4021000 rw-p 00000000 00:00 0 
7f53d4021000-7f53d8000000 ---p 00000000 00:00 0 
7f53d8000000-7f53d8021000 rw-p 00000000 00:00 0 
7f53d8021000-7f53dc000000 ---p 00000000 00:00 0 
7f53dc000000-7f53dc021000 rw-p 00000000 00:00 0 
7f53dc021000-7f53e0000000 ---p 00000000 00:00 0 
7f53e0000000-7f53e0021000 rw-p 00000000 00:00 0 
7f53e0021000-7f53e4000000 ---p 00000000 00:00 0 
7f53e4000000-7f53e4021000 rw-p 00000000 00:00 0 
7f53e4021000-7f53e8000000 ---p 00000000 00:00 0 
7f53e8000000-7f53e8021000 rw-p 00000000 00:00 0 
7f53e8021000-7f53ec000000 ---p 00000000 00:00 0 
7f53ec000000-7f53ec025000 rw-p 00000000 00:00 0 
7f53ec025000-7f53f0000000 ---p 00000000 00:00 0 
7f53f0000000-7f53f0021000 rw-p 00000000 00:00 0 
7f53f0021000-7f53f4000000 ---p 00000000 00:00 0 
7f53f4000000-7f53f4021000 rw-p 00000000 00:00 0 
7f53f4021000-7f53f8000000 ---p 00000000 00:00 0 
7f53f8000000-7f53f80ca000 rw-p 00000000 00:00 0 
7f53f80ca000-7f53fc000000 ---p 00000000 00:00 0 
7f53fc000000-7f53fc021000 rw-p 00000000 00:00 0 
7f53fc021000-7f5400000000 ---p 00000000 00:00 0 
7f5400000000-7f54003bd000 rw-p 00000000 00:00 0 
7f54003bd000-7f5404000000 ---p 00000000 00:00 0 
7f5404000000-7f5404021000 rw-p 00000000 00:00 0 
7f5404021000-7f5408000000 ---p 00000000 00:00 0 
7f5408000000-7f5408021000 rw-p 00000000 00:00 0 
7f5408021000-7f540c000000 ---p 00000000 00:00 0 
7f540c000000-7f540c021000 rw-p 00000000 00:00 0 
7f540c021000-7f5410000000 ---p 00000000 00:00 0 
7f5410000000-7f5410021000 rw-p 00000000 00:00 0 
7f5410021000-7f5414000000 ---p 00000000 00:00 0 
7f5414000000-7f5414fb4000 rw-p 00000000 00:00 0 
7f5414fb4000-7f5418000000 ---p 00000000 00:00 0 
7f5418000000-7f5419d9e000 rw-p 00000000 00:00 0 
7f5419d9e000-7f541c000000 ---p 00000000 00:00 0 
7f541c000000-7f541c021000 rw-p 00000000 00:00 0 
7f541c021000-7f5420000000 ---p 00000000 00:00 0 
7f5420000000-7f5420021000 rw-p 00000000 00:00 0 
7f5420021000-7f5424000000 ---p 00000000 00:00 0 
7f5424000000-7f5424072000 rw-p 00000000 00:00 0 
7f5424072000-7f5428000000 ---p 00000000 00:00 0 
7f5428000000-7f5428021000 rw-p 00000000 00:00 0 
7f5428021000-7f542c000000 ---p 00000000 00:00 0 
7f542c000000-7f542c021000 rw-p 00000000 00:00 0 
7f542c021000-7f5430000000 ---p 00000000 00:00 0 
7f5434000000-7f5434021000 rw-p 00000000 00:00 0 
7f5434021000-7f5438000000 ---p 00000000 00:00 0 
7f543c000000-7f543c021000 rw-p 00000000 00:00 0 
7f543c021000-7f5440000000 ---p 00000000 00:00 0 
7f5440b31000-7f5440b6f000 r-xp 00000000 08:01 1705009                    /home/netlab/Backup_sbjeong/xxx 2020/contiki_git_ing/examples/ipv6/rpl-tsch/obj_cooja/mtype243.cooja
7f5440b6f000-7f5440d6e000 ---p 0003e000 08:01 1705009                    /home/netlab/Backup_sbjeong/xxx 2020/contiki_git_ing/examples/ipv6/rpl-tsch/obj_cooja/mtype243.cooja
7f5440d6e000-7f5440d6f000 r--p 0003d000 08:01 1705009                    /home/netlab/Backup_sbjeong/xxx 2020/contiki_git_ing/examples/ipv6/rpl-tsch/obj_cooja/mtype243.cooja
7f5440d6f000-7f5440d71000 rw-p 0003e000 08:01 1705009                    /home/netlab/Backup_sbjeong/xxx 2020/contiki_git_ing/examples/ipv6/rpl-tsch/obj_cooja/mtype243.cooja
7f5440d71000-7f5440d7f000 rw-p 00000000 00:00 0 
7f5440d7f000-7f5440d82000 ---p 00000000 00:00 0 
7f5440d82000-7f5440e80000 rw-p 00000000 00:00 0 
7f5440e80000-7f5440ebe000 r-xp 00000000 08:01 1705008                    /home/netlab/Backup_sbjeong/xxx 2020/contiki_git_ing/examples/ipv6/rpl-tsch/obj_cooja/mtype195.cooja (deleted)
7f5440ebe000-7f54410bd000 ---p 0003e000 08:01 1705008                    /home/netlab/Backup_sbjeong/xxx 2020/contiki_git_ing/examples/ipv6/rpl-tsch/obj_cooja/mtype195.cooja (deleted)
7f54410bd000-7f54410be000 r--p 0003d000 08:01 1705008                    /home/netlab/Backup_sbjeong/xxx 2020/contiki_git_ing/examples/ipv6/rpl-tsch/obj_cooja/mtype195.cooja (deleted)
7f54410be000-7f54410c0000 rw-p 0003e000 08:01 1705008                    /home/netlab/Backup_sbjeong/xxx 2020/contiki_git_ing/examples/ipv6/rpl-tsch/obj_cooja/mtype195.cooja (deleted)
7f54410c0000-7f54410ce000 rw-p 00000000 00:00 0 
7f54410ce000-7f54410d1000 ---p 00000000 00:00 0 
7f54410d1000-7f54411cf000 rw-p 00000000 00:00 0 
7f54411cf000-7f544120d000 r-xp 00000000 08:01 1705007                    /home/netlab/Backup_sbjeong/xxx 2020/contiki_git_ing/examples/ipv6/rpl-tsch/obj_cooja/mtype497.cooja (deleted)
7f544120d000-7f544140c000 ---p 0003e000 08:01 1705007                    /home/netlab/Backup_sbjeong/xxx 2020/contiki_git_ing/examples/ipv6/rpl-tsch/obj_cooja/mtype497.cooja (deleted)
7f544140c000-7f544140d000 r--p 0003d000 08:01 1705007                    /home/netlab/Backup_sbjeong/xxx 2020/contiki_git_ing/examples/ipv6/rpl-tsch/obj_cooja/mtype497.cooja (deleted)
7f544140d000-7f544140f000 rw-p 0003e000 08:01 1705007                    /home/netlab/Backup_sbjeong/xxx 2020/contiki_git_ing/examples/ipv6/rpl-tsch/obj_cooja/mtype497.cooja (deleted)
7f544140f000-7f544141d000 rw-p 00000000 00:00 0 
7f544141d000-7f5441420000 ---p 00000000 00:00 0 
7f5441420000-7f544151e000 rw-p 00000000 00:00 0 
7f544151e000-7f544155c000 r-xp 00000000 08:01 1705006                    /home/netlab/Backup_sbjeong/xxx 2020/contiki_git_ing/examples/ipv6/rpl-tsch/obj_cooja/mtype532.cooja (deleted)
7f544155c000-7f544175b000 ---p 0003e000 08:01 1705006                    /home/netlab/Backup_sbjeong/xxx 2020/contiki_git_ing/examples/ipv6/rpl-tsch/obj_cooja/mtype532.cooja (deleted)
7f544175b000-7f544175c000 r--p 0003d000 08:01 1705006                    /home/netlab/Backup_sbjeong/xxx 2020/contiki_git_ing/examples/ipv6/rpl-tsch/obj_cooja/mtype532.cooja (deleted)
7f544175c000-7f544175e000 rw-p 0003e000 08:01 1705006                    /home/netlab/Backup_sbjeong/xxx 2020/contiki_git_ing/examples/ipv6/rpl-tsch/obj_cooja/mtype532.cooja (deleted)
7f544175e000-7f544176c000 rw-p 00000000 00:00 0 
7f544176c000-7f544176f000 ---p 00000000 00:00 0 
7f544176f000-7f544186d000 rw-p 00000000 00:00 0 
7f544186d000-7f54418ab000 r-xp 00000000 08:01 1705005                    /home/netlab/Backup_sbjeong/xxx 2020/contiki_git_ing/examples/ipv6/rpl-tsch/obj_cooja/mtype499.cooja (deleted)
7f54418ab000-7f5441aaa000 ---p 0003e000 08:01 1705005                    /home/netlab/Backup_sbjeong/xxx 2020/contiki_git_ing/examples/ipv6/rpl-tsch/obj_cooja/mtype499.cooja (deleted)
7f5441aaa000-7f5441aab000 r--p 0003d000 08:01 1705005                    /home/netlab/Backup_sbjeong/xxx 2020/contiki_git_ing/examples/ipv6/rpl-tsch/obj_cooja/mtype499.cooja (deleted)
7f5441aab000-7f5441aad000 rw-p 0003e000 08:01 1705005                    /home/netlab/Backup_sbjeong/xxx 2020/contiki_git_ing/examples/ipv6/rpl-tsch/obj_cooja/mtype499.cooja (deleted)
7f5441aad000-7f5441abb000 rw-p 00000000 00:00 0 
7f5441abb000-7f5441abe000 ---p 00000000 00:00 0 
7f5441abe000-7f5441bbc000 rw-p 00000000 00:00 0 
7f5441bbc000-7f5441bbf000 ---p 00000000 00:00 0 
7f5441bbf000-7f5441cbd000 rw-p 00000000 00:00 0 
7f5441cbd000-7f5442436000 rw-s 00000000 00:05 5865501                    /SYSV00000000 (deleted)
7f54424d3000-7f54424d6000 ---p 00000000 00:00 0 
7f54424d6000-7f544250c000 rw-p 00000000 00:00 0 
7f544250c000-7f544250f000 ---p 00000000 00:00 0 
7f544250f000-7f544260d000 rw-p 00000000 00:00 0 
7f5442620000-7f5442621000 rw-p 00000000 00:00 0 
7f5442621000-7f5442624000 ---p 00000000 00:00 0 
7f5442624000-7f5442722000 rw-p 00000000 00:00 0 
7f5442722000-7f5442723000 r--s 00003000 08:01 1780376                    /home/netlab/Backup_sbjeong/xxx 2020/contiki_git_ing/tools/cooja/apps/powertracker/lib/powertracker.jar
7f5442723000-7f5442724000 r--s 00002000 08:01 1779993                    /home/netlab/Backup_sbjeong/xxx 2020/contiki_git_ing/tools/cooja/apps/collect-view/cooja-collect-view.jar
7f5442724000-7f5442726000 r--s 00008000 08:01 1780392                    /home/netlab/Backup_sbjeong/xxx 2020/contiki_git_ing/tools/cooja/apps/serial_socket/lib/serial_socket.jar
7f5442726000-7f5442760000 r--s 001e1000 08:01 1779958                    /home/netlab/Backup_sbjeong/xxx 2020/contiki_git_ing/tools/cooja/apps/avrora/lib/avrora-small.jar
7f5442760000-7f5442761000 r--s 00008000 08:01 1779959                    /home/netlab/Backup_sbjeong/xxx 2020/contiki_git_ing/tools/cooja/apps/avrora/lib/cooja_avrora.jar
7f5442761000-7f5442763000 r--s 00010000 08:01 1780367                    /home/netlab/Backup_sbjeong/xxx 2020/contiki_git_ing/tools/cooja/apps/mspsim/lib/jipv6.jar
7f5442763000-7f544276f000 r--s 000eb000 08:01 1780366                    /home/netlab/Backup_sbjeong/xxx 2020/contiki_git_ing/tools/cooja/apps/mspsim/lib/mspsim.jar
7f544276f000-7f5442772000 ---p 00000000 00:00 0 
7f5442772000-7f5442870000 rw-p 00000000 00:00 0 
7f5442870000-7f5442873000 ---p 00000000 00:00 0 
7f5442873000-7f5442971000 rw-p 00000000 00:00 0 
7f5442971000-7f5442974000 ---p 00000000 00:00 0 
7f5442974000-7f5442a72000 rw-p 00000000 00:00 0 
7f5442a72000-7f5442a7d000 r--s 00000000 08:01 6556014                    /var/cache/fontconfig/945677eb7aeaf62f1d50efc3fb3ec7d8-le64.cache-4
7f5442a7d000-7f5442acf000 r-xp 00000000 08:01 5770650                    /usr/lib/jvm/java-7-openjdk-amd64/jre/lib/amd64/libfontmanager.so
7f5442acf000-7f5442cce000 ---p 00052000 08:01 5770650                    /usr/lib/jvm/java-7-openjdk-amd64/jre/lib/amd64/libfontmanager.so
7f5442cce000-7f5442cd1000 r--p 00051000 08:01 5770650                    /usr/lib/jvm/java-7-openjdk-amd64/jre/lib/amd64/libfontmanager.so
7f5442cd1000-7f5442cd2000 rw-p 00054000 08:01 5770650                    /usr/lib/jvm/java-7-openjdk-amd64/jre/lib/amd64/libfontmanager.so
7f5442cd2000-7f5442cd5000 ---p 00000000 00:00 0 
7f5442cd5000-7f5442dd3000 rw-p 00000000 00:00 0 
7f5442dd3000-7f5442dd8000 r-xp 00000000 08:01 4988952                    /usr/lib/x86_64-linux-gnu/libXfixes.so.3.1.0
7f5442dd8000-7f5442fd7000 ---p 00005000 08:01 4988952                    /usr/lib/x86_64-linux-gnu/libXfixes.so.3.1.0
7f5442fd7000-7f5442fd8000 r--p 00004000 08:01 4988952                    /usr/lib/x86_64-linux-gnu/libXfixes.so.3.1.0
7f5442fd8000-7f5442fd9000 rw-p 00005000 08:01 4988952                    /usr/lib/x86_64-linux-gnu/libXfixes.so.3.1.0
7f5442fd9000-7f5442fe2000 r-xp 00000000 08:01 4983250                    /usr/lib/x86_64-linux-gnu/libXcursor.so.1.0.2
7f5442fe2000-7f54431e1000 ---p 00009000 08:01 4983250                    /usr/lib/x86_64-linux-gnu/libXcursor.so.1.0.2
7f54431e1000-7f54431e2000 r--p 00008000 08:01 4983250                    /usr/lib/x86_64-linux-gnu/libXcursor.so.1.0.2
7f54431e2000-7f54431e3000 rw-p 00009000 08:01 4983250                    /usr/lib/x86_64-linux-gnu/libXcursor.so.1.0.2
7f54431e3000-7f54431e6000 ---p 00000000 00:00 0 
7f54431e6000-7f54432e4000 rw-p 00000000 00:00 0 
7f54432e4000-7f5443309000 r-xp 00000000 08:01 1179869                    /lib/x86_64-linux-gnu/libpng12.so.0.50.0
7f5443309000-7f5443508000 ---p 00025000 08:01 1179869                    /lib/x86_64-linux-gnu/libpng12.so.0.50.0
7f5443508000-7f5443509000 r--p 00024000 08:01 1179869                    /lib/x86_64-linux-gnu/libpng12.so.0.50.0
7f5443509000-7f544350a000 rw-p 00025000 08:01 1179869                    /lib/x86_64-linux-gnu/libpng12.so.0.50.0
7f544350a000-7f544350f000 r-xp 00000000 08:01 4988948                    /usr/lib/x86_64-linux-gnu/libXdmcp.so.6.0.0
7f544350f000-7f544370e000 ---p 00005000 08:01 4988948                    /usr/lib/x86_64-linux-gnu/libXdmcp.so.6.0.0
7f544370e000-7f544370f000 r--p 00004000 08:01 4988948                    /usr/lib/x86_64-linux-gnu/libXdmcp.so.6.0.0
7f544370f000-7f5443710000 rw-p 00005000 08:01 4988948                    /usr/lib/x86_64-linux-gnu/libXdmcp.so.6.0.0
7f5443710000-7f5443712000 r-xp 00000000 08:01 4988937                    /usr/lib/x86_64-linux-gnu/libXau.so.6.0.0
7f5443712000-7f5443912000 ---p 00002000 08:01 4988937                    /usr/lib/x86_64-linux-gnu/libXau.so.6.0.0
7f5443912000-7f5443913000 r--p 00002000 08:01 4988937                    /usr/lib/x86_64-linux-gnu/libXau.so.6.0.0
7f5443913000-7f5443914000 rw-p 00003000 08:01 4988937                    /usr/lib/x86_64-linux-gnu/libXau.so.6.0.0
7f5443914000-7f544393b000 r-xp 00000000 08:01 1179745                    /lib/x86_64-linux-gnu/libexpat.so.1.6.0
7f544393b000-7f5443b3b000 ---p 00027000 08:01 1179745                    /lib/x86_64-linux-gnu/libexpat.so.1.6.0
7f5443b3b000-7f5443b3d000 r--p 00027000 08:01 1179745                    /lib/x86_64-linux-gnu/libexpat.so.1.6.0
7f5443b3d000-7f5443b3e000 rw-p 00029000 08:01 1179745                    /lib/x86_64-linux-gnu/libexpat.so.1.6.0
7f5443b3e000-7f5443bdb000 r-xp 00000000 08:01 4982345                    /usr/lib/x86_64-linux-gnu/libfreetype.so.6.11.1
7f5443bdb000-7f5443dda000 ---p 0009d000 08:01 4982345                    /usr/lib/x86_64-linux-gnu/libfreetype.so.6.11.1
7f5443dda000-7f5443de0000 r--p 0009c000 08:01 4982345                    /usr/lib/x86_64-linux-gnu/libfreetype.so.6.11.1
7f5443de0000-7f5443de1000 rw-p 000a2000 08:01 4982345                    /usr/lib/x86_64-linux-gnu/libfreetype.so.6.11.1
7f5443de1000-7f5443dfe000 r-xp 00000000 08:01 4990005                    /usr/lib/x86_64-linux-gnu/libxcb.so.1.1.0
7f5443dfe000-7f5443ffe000 ---p 0001d000 08:01 4990005                    /usr/lib/x86_64-linux-gnu/libxcb.so.1.1.0
7f5443ffe000-7f5443fff000 r--p 0001d000 08:01 4990005                    /usr/lib/x86_64-linux-gnu/libxcb.so.1.1.0
7f5443fff000-7f5444000000 rw-p 0001e000 08:01 4990005                    /usr/lib/x86_64-linux-gnu/libxcb.so.1.1.0
7f5444000000-7f5444021000 rw-p 00000000 00:00 0 
7f5444021000-7f5448000000 ---p 00000000 00:00 0 
7f5448000000-7f5448001000 r--s 00004000 08:01 1780368                    /home/netlab/Backup_sbjeong/xxx 2020/contiki_git_ing/tools/cooja/apps/mspsim/lib/coffee.jar
7f5448001000-7f5448007000 r--s 00064000 08:01 1780369                    /home/netlab/Backup_sbjeong/xxx 2020/contiki_git_ing/tools/cooja/apps/mspsim/lib/cooja_mspsim.jar
7f5448007000-7f5448009000 r--s 0001e000 08:01 1780085                    /home/netlab/Backup_sbjeong/xxx 2020/contiki_git_ing/tools/cooja/apps/mrm/lib/mrm.jar
7f5448009000-7f544800a000 r--s 00000000 08:01 6556024                    /var/cache/fontconfig/c05880de57d1f5e948fdfacc138775d9-le64.cache-4
7f544800a000-7f5448013000 r--s 00000000 08:01 6554854                    /var/cache/fontconfig/a6d8cf8e4ec09cdbc8633c31745a07dd-le64.cache-4
7f5448013000-7f5448019000 r--s 00000000 08:01 6554853                    /var/cache/fontconfig/2cd17615ca594fa2959ae173292e504c-le64.cache-4
7f5448019000-7f544801a000 r--s 00000000 08:01 6554842                    /var/cache/fontconfig/e7071f4a29fa870f4323321c154eba04-le64.cache-4
7f544801a000-7f544801b000 r--s 00000000 08:01 6554820                    /var/cache/fontconfig/0d8c3b2ac0904cb8a57a757ad11a4a08-le64.cache-4
7f544801b000-7f5448022000 r--s 00000000 08:01 6554812                    /var/cache/fontconfig/a755afe4a08bf5b97852ceb7400b47bc-le64.cache-4
7f5448022000-7f5448036000 r--s 00000000 08:01 6554811                    /var/cache/fontconfig/04aabc0a78ac019cf9454389977116d2-le64.cache-4
7f5448036000-7f5448037000 r--s 00000000 08:01 6554531                    /var/cache/fontconfig/1ac9eb803944fde146138c791f5cc56a-le64.cache-4
7f5448037000-7f544803b000 r--s 00000000 08:01 6554528                    /var/cache/fontconfig/385c0604a188198f04d133e54aba7fe7-le64.cache-4
7f544803b000-7f5448041000 r--s 00000000 08:01 6554524                    /var/cache/fontconfig/8801497958630a81b71ace7c5f9b32a8-le64.cache-4
7f5448041000-7f5448048000 r--s 00000000 08:01 6554522                    /var/cache/fontconfig/3047814df9a2f067bd2d96a2b9c36e5a-le64.cache-4
7f5448048000-7f544806f000 r--p 00000000 08:01 5516359                    /usr/share/locale-langpack/ko/LC_MESSAGES/libc.mo
7f544806f000-7f54480a9000 r-xp 00000000 08:01 4982343                    /usr/lib/x86_64-linux-gnu/libfontconfig.so.1.8.0
7f54480a9000-7f54482a8000 ---p 0003a000 08:01 4982343                    /usr/lib/x86_64-linux-gnu/libfontconfig.so.1.8.0
7f54482a8000-7f54482aa000 r--p 00039000 08:01 4982343                    /usr/lib/x86_64-linux-gnu/libfontconfig.so.1.8.0
7f54482aa000-7f54482ab000 rw-p 0003b000 08:01 4982343                    /usr/lib/x86_64-linux-gnu/libfontconfig.so.1.8.0
7f54482ab000-7f54482ba000 r-xp 00000000 08:01 4988958                    /usr/lib/x86_64-linux-gnu/libXi.so.6.1.0
7f54482ba000-7f54484b9000 ---p 0000f000 08:01 4988958                    /usr/lib/x86_64-linux-gnu/libXi.so.6.1.0
7f54484b9000-7f54484ba000 r--p 0000e000 08:01 4988958                    /usr/lib/x86_64-linux-gnu/libXi.so.6.1.0
7f54484ba000-7f54484bb000 rw-p 0000f000 08:01 4988958                    /usr/lib/x86_64-linux-gnu/libXi.so.6.1.0
7f54484bb000-7f54484c0000 r-xp 00000000 08:01 4988978                    /usr/lib/x86_64-linux-gnu/libXtst.so.6.1.0
7f54484c0000-7f54486bf000 ---p 00005000 08:01 4988978                    /usr/lib/x86_64-linux-gnu/libXtst.so.6.1.0
7f54486bf000-7f54486c0000 r--p 00004000 08:01 4988978                    /usr/lib/x86_64-linux-gnu/libXtst.so.6.1.0
7f54486c0000-7f54486c1000 rw-p 00005000 08:01 4988978                    /usr/lib/x86_64-linux-gnu/libXtst.so.6.1.0
7f54486c1000-7f54486c3000 r-xp 00000000 08:01 4988942                    /usr/lib/x86_64-linux-gnu/libXcomposite.so.1.0.0
7f54486c3000-7f54488c2000 ---p 00002000 08:01 4988942                    /usr/lib/x86_64-linux-gnu/libXcomposite.so.1.0.0
7f54488c2000-7f54488c3000 r--p 00001000 08:01 4988942                    /usr/lib/x86_64-linux-gnu/libXcomposite.so.1.0.0
7f54488c3000-7f54488c4000 rw-p 00002000 08:01 4988942                    /usr/lib/x86_64-linux-gnu/libXcomposite.so.1.0.0
7f54488c4000-7f54488cd000 r-xp 00000000 08:01 4988972                    /usr/lib/x86_64-linux-gnu/libXrender.so.1.3.0
7f54488cd000-7f5448acc000 ---p 00009000 08:01 4988972                    /usr/lib/x86_64-linux-gnu/libXrender.so.1.3.0
7f5448acc000-7f5448acd000 r--p 00008000 08:01 4988972                    /usr/lib/x86_64-linux-gnu/libXrender.so.1.3.0
7f5448acd000-7f5448ace000 rw-p 00009000 08:01 4988972                    /usr/lib/x86_64-linux-gnu/libXrender.so.1.3.0
7f5448ace000-7f5448bfe000 r-xp 00000000 08:01 4988933                    /usr/lib/x86_64-linux-gnu/libX11.so.6.3.0
7f5448bfe000-7f5448dfe000 ---p 00130000 08:01 4988933                    /usr/lib/x86_64-linux-gnu/libX11.so.6.3.0
7f5448dfe000-7f5448dff000 r--p 00130000 08:01 4988933                    /usr/lib/x86_64-linux-gnu/libX11.so.6.3.0
7f5448dff000-7f5448e03000 rw-p 00131000 08:01 4988933                    /usr/lib/x86_64-linux-gnu/libX11.so.6.3.0
7f5448e03000-7f5448e14000 r-xp 00000000 08:01 4988950                    /usr/lib/x86_64-linux-gnu/libXext.so.6.4.0
7f5448e14000-7f5449013000 ---p 00011000 08:01 4988950                    /usr/lib/x86_64-linux-gnu/libXext.so.6.4.0
7f5449013000-7f5449014000 r--p 00010000 08:01 4988950                    /usr/lib/x86_64-linux-gnu/libXext.so.6.4.0
7f5449014000-7f5449015000 rw-p 00011000 08:01 4988950                    /usr/lib/x86_64-linux-gnu/libXext.so.6.4.0
7f5449015000-7f544905d000 r-xp 00000000 08:01 5768252                    /usr/lib/jvm/java-7-openjdk-amd64/jre/lib/amd64/xawt/libmawt.so
7f544905d000-7f544925c000 ---p 00048000 08:01 5768252                    /usr/lib/jvm/java-7-openjdk-amd64/jre/lib/amd64/xawt/libmawt.so
7f544925c000-7f544925d000 r--p 00047000 08:01 5768252                    /usr/lib/jvm/java-7-openjdk-amd64/jre/lib/amd64/xawt/libmawt.so
7f544925d000-7f5449260000 rw-p 00048000 08:01 5768252                    /usr/lib/jvm/java-7-openjdk-amd64/jre/lib/amd64/xawt/libmawt.so
7f5449260000-7f5449261000 rw-p 00000000 00:00 0 
7f5449261000-7f5449301000 r-xp 00000000 08:01 5770618                    /usr/lib/jvm/java-7-openjdk-amd64/jre/lib/amd64/libawt.so
7f5449301000-7f5449500000 ---p 000a0000 08:01 5770618                    /usr/lib/jvm/java-7-openjdk-amd64/jre/lib/amd64/libawt.so
7f5449500000-7f5449501000 r--p 0009f000 08:01 5770618                    /usr/lib/jvm/java-7-openjdk-amd64/jre/lib/amd64/libawt.so
7f5449501000-7f544950c000 rw-p 000a0000 08:01 5770618                    /usr/lib/jvm/java-7-openjdk-amd64/jre/lib/amd64/libawt.so
7f544950c000-7f5449562000 rw-p 00000000 00:00 0 
7f5449562000-7f544959f000 r-xp 00000000 08:01 1179653                    /lib/x86_64-linux-gnu/libpcre.so.3.13.1
7f544959f000-7f544979e000 ---p 0003d000 08:01 1179653                    /lib/x86_64-linux-gnu/libpcre.so.3.13.1
7f544979e000-7f544979f000 r--p 0003c000 08:01 1179653                    /lib/x86_64-linux-gnu/libpcre.so.3.13.1
7f544979f000-7f54497a0000 rw-p 0003d000 08:01 1179653                    /lib/x86_64-linux-gnu/libpcre.so.3.13.1
7f54497a0000-7f54497a7000 r-xp 00000000 08:01 4982252                    /usr/lib/x86_64-linux-gnu/libffi.so.6.0.1
7f54497a7000-7f54499a6000 ---p 00007000 08:01 4982252                    /usr/lib/x86_64-linux-gnu/libffi.so.6.0.1
7f54499a6000-7f54499a7000 r--p 00006000 08:01 4982252                    /usr/lib/x86_64-linux-gnu/libffi.so.6.0.1
7f54499a7000-7f54499a8000 rw-p 00007000 08:01 4982252                    /usr/lib/x86_64-linux-gnu/libffi.so.6.0.1
7f54499a8000-7f54499bf000 r-xp 00000000 08:01 1183989                    /lib/x86_64-linux-gnu/libresolv-2.19.so
7f54499bf000-7f5449bbf000 ---p 00017000 08:01 1183989                    /lib/x86_64-linux-gnu/libresolv-2.19.so
7f5449bbf000-7f5449bc0000 r--p 00017000 08:01 1183989                    /lib/x86_64-linux-gnu/libresolv-2.19.so
7f5449bc0000-7f5449bc1000 rw-p 00018000 08:01 1183989                    /lib/x86_64-linux-gnu/libresolv-2.19.so
7f5449bc1000-7f5449bc3000 rw-p 00000000 00:00 0 
7f5449bc3000-7f5449be3000 r-xp 00000000 08:01 1184140                    /lib/x86_64-linux-gnu/libselinux.so.1
7f5449be3000-7f5449de2000 ---p 00020000 08:01 1184140                    /lib/x86_64-linux-gnu/libselinux.so.1
7f5449de2000-7f5449de3000 r--p 0001f000 08:01 1184140                    /lib/x86_64-linux-gnu/libselinux.so.1
7f5449de3000-7f5449de4000 rw-p 00020000 08:01 1184140                    /lib/x86_64-linux-gnu/libselinux.so.1
7f5449de4000-7f5449de6000 rw-p 00000000 00:00 0 
7f5449de6000-7f5449de9000 r-xp 00000000 08:01 4981121                    /usr/lib/x86_64-linux-gnu/libgmodule-2.0.so.0.4002.0
7f5449de9000-7f5449fe8000 ---p 00003000 08:01 4981121                    /usr/lib/x86_64-linux-gnu/libgmodule-2.0.so.0.4002.0
7f5449fe8000-7f5449fe9000 r--p 00002000 08:01 4981121                    /usr/lib/x86_64-linux-gnu/libgmodule-2.0.so.0.4002.0
7f5449fe9000-7f5449fea000 rw-p 00003000 08:01 4981121                    /usr/lib/x86_64-linux-gnu/libgmodule-2.0.so.0.4002.0
7f5449fea000-7f544a0f0000 r-xp 00000000 08:01 1179901                    /lib/x86_64-linux-gnu/libglib-2.0.so.0.4002.0
7f544a0f0000-7f544a2ef000 ---p 00106000 08:01 1179901                    /lib/x86_64-linux-gnu/libglib-2.0.so.0.4002.0
7f544a2ef000-7f544a2f0000 r--p 00105000 08:01 1179901                    /lib/x86_64-linux-gnu/libglib-2.0.so.0.4002.0
7f544a2f0000-7f544a2f1000 rw-p 00106000 08:01 1179901                    /lib/x86_64-linux-gnu/libglib-2.0.so.0.4002.0
7f544a2f1000-7f544a2f2000 rw-p 00000000 00:00 0 
7f544a2f2000-7f544a341000 r-xp 00000000 08:01 4981124                    /usr/lib/x86_64-linux-gnu/libgobject-2.0.so.0.4002.0
7f544a341000-7f544a541000 ---p 0004f000 08:01 4981124                    /usr/lib/x86_64-linux-gnu/libgobject-2.0.so.0.4002.0
7f544a541000-7f544a542000 r--p 0004f000 08:01 4981124                    /usr/lib/x86_64-linux-gnu/libgobject-2.0.so.0.4002.0
7f544a542000-7f544a543000 rw-p 00050000 08:01 4981124                    /usr/lib/x86_64-linux-gnu/libgobject-2.0.so.0.4002.0
7f544a543000-7f544a6af000 r-xp 00000000 08:01 4981103                    /usr/lib/x86_64-linux-gnu/libgio-2.0.so.0.4002.0
7f544a6af000-7f544a8af000 ---p 0016c000 08:01 4981103                    /usr/lib/x86_64-linux-gnu/libgio-2.0.so.0.4002.0
7f544a8af000-7f544a8b3000 r--p 0016c000 08:01 4981103                    /usr/lib/x86_64-linux-gnu/libgio-2.0.so.0.4002.0
7f544a8b3000-7f544a8b5000 rw-p 00170000 08:01 4981103                    /usr/lib/x86_64-linux-gnu/libgio-2.0.so.0.4002.0
7f544a8b5000-7f544a8b7000 rw-p 00000000 00:00 0 
7f544a8b7000-7f544a8ce000 r-xp 00000000 08:01 5770623                    /usr/lib/jvm/java-7-openjdk-amd64/jre/lib/amd64/libnet.so
7f544a8ce000-7f544aace000 ---p 00017000 08:01 5770623                    /usr/lib/jvm/java-7-openjdk-amd64/jre/lib/amd64/libnet.so
7f544aace000-7f544aacf000 r--p 00017000 08:01 5770623                    /usr/lib/jvm/java-7-openjdk-amd64/jre/lib/amd64/libnet.so
7f544aacf000-7f544aad0000 rw-p 00018000 08:01 5770623                    /usr/lib/jvm/java-7-openjdk-amd64/jre/lib/amd64/libnet.so
7f544aad0000-7f544aae0000 r-xp 00000000 08:01 5770664                    /usr/lib/jvm/java-7-openjdk-amd64/jre/lib/amd64/libnio.so
7f544aae0000-7f544ace0000 ---p 00010000 08:01 5770664                    /usr/lib/jvm/java-7-openjdk-amd64/jre/lib/amd64/libnio.so
7f544ace0000-7f544ace1000 r--p 00010000 08:01 5770664                    /usr/lib/jvm/java-7-openjdk-amd64/jre/lib/amd64/libnio.so
7f544ace1000-7f544ace2000 rw-p 00011000 08:01 5770664                    /usr/lib/jvm/java-7-openjdk-amd64/jre/lib/amd64/libnio.so
7f544ace2000-7f544ace3000 ---p 00000000 00:00 0 
7f544ace3000-7f544ade3000 rw-p 00000000 00:00 0 
7f544ade3000-7f544ade6000 ---p 00000000 00:00 0 
7f544ade6000-7f544aee4000 rw-p 00000000 00:00 0 
7f544aee4000-7f544aee7000 ---p 00000000 00:00 0 
7f544aee7000-7f544afe5000 rw-p 00000000 00:00 0 
7f544afe5000-7f544afe8000 ---p 00000000 00:00 0 
7f544afe8000-7f544b0e6000 rw-p 00000000 00:00 0 
7f544b0e6000-7f544b0e9000 ---p 00000000 00:00 0 
7f544b0e9000-7f544b1e7000 rw-p 00000000 00:00 0 
7f544b1e7000-7f544b9fa000 r--p 00000000 08:01 4987895                    /usr/lib/locale/locale-archive
7f544b9fa000-7f544b9fd000 ---p 00000000 00:00 0 
7f544b9fd000-7f544bafb000 rw-p 00000000 00:00 0 
7f544bafb000-7f544bafe000 ---p 00000000 00:00 0 
7f544bafe000-7f544bbfc000 rw-p 00000000 00:00 0 
7f544bbfc000-7f544bbfd000 ---p 00000000 00:00 0 
7f544bbfd000-7f544c000000 rw-p 00000000 00:00 0 
7f544c000000-7f544c021000 rw-p 00000000 00:00 0 
7f544c021000-7f5450000000 ---p 00000000 00:00 0 
7f5450000000-7f5450001000 r--s 00000000 08:01 6554527                    /var/cache/fontconfig/dc05db6664285cc2f12bf69c139ae4c3-le64.cache-4
7f5450001000-7f5450003000 r--s 00000000 08:01 6553995                    /var/cache/fontconfig/767a8244fc0220cfb567a839d0392e0b-le64.cache-4
7f5450003000-7f5450009000 r--s 00000000 08:01 6554362                    /var/cache/fontconfig/b47c4e1ecd0709278f4910c18777a504-le64.cache-4
7f5450009000-7f545001c000 r--s 00000000 08:01 6554359                    /var/cache/fontconfig/d52a8644073d54c13679302ca1180695-le64.cache-4
7f545001c000-7f5450025000 r--s 00000000 08:01 6554357                    /var/cache/fontconfig/3f7329c5293ffd510edef78f73874cfd-le64.cache-4
7f5450025000-7f5450042000 r--s 0014f000 08:01 1780613                    /home/netlab/Backup_sbjeong/xxx 2020/contiki_git_ing/tools/cooja/lib/swingx-all-1.6.4.jar
7f5450042000-7f5454000000 rw-p 00000000 00:00 0 
7f5454000000-7f5454021000 rw-p 00000000 00:00 0 
7f5454021000-7f5458000000 ---p 00000000 00:00 0 
7f5458000000-7f5458021000 rw-p 00000000 00:00 0 
7f5458021000-7f545c000000 ---p 00000000 00:00 0 
7f545c000000-7f545c021000 rw-p 00000000 00:00 0 
7f545c021000-7f5460000000 ---p 00000000 00:00 0 
7f5460000000-7f5460001000 r--s 00000000 08:01 6554526                    /var/cache/fontconfig/4794a0821666d79190d59a36cb4f44b5-le64.cache-4
7f5460001000-7f5460002000 r--s 00000000 08:01 6554510                    /var/cache/fontconfig/56cf4f4769d0f4abc89a4895d7bd3ae1-le64.cache-4
7f5460002000-7f5460003000 r--s 00000000 08:01 6554508                    /var/cache/fontconfig/b9d506c9ac06c20b433354fa67a72993-le64.cache-4
7f5460003000-7f546000e000 r--s 00000000 08:01 6554162                    /var/cache/fontconfig/d589a48862398ed80a3d6066f4f56f4c-le64.cache-4
7f546000e000-7f546000f000 r--s 00000000 08:01 6554135                    /var/cache/fontconfig/0c9eb80ebd1c36541ebe2852d3bb0c49-le64.cache-4
7f546000f000-7f5460013000 r--s 00000000 08:01 6554132                    /var/cache/fontconfig/7ef2298fde41cc6eeb7af42e48b7d293-le64.cache-4
7f5460013000-7f546001a000 r--s 00000000 08:01 5245345                    /usr/lib/x86_64-linux-gnu/gconv/gconv-modules.cache
7f546001a000-7f5460e49000 rw-p 00000000 00:00 0 
7f5460e49000-7f5461000000 r--s 01d7c000 08:01 5648853                    /usr/lib/jvm/java-7-openjdk-amd64/jre/lib/rt.jar
7f5461000000-7f54614d0000 rwxp 00000000 00:00 0 
7f54614d0000-7f546437a000 rw-p 00000000 00:00 0 
7f546437a000-7f5468000000 ---p 00000000 00:00 0 
7f5468000000-7f5468003000 r--s 00000000 08:01 6554015                    /var/cache/fontconfig/e13b20fdb08344e0e664864cc2ede53d-le64.cache-4
7f5468003000-7f546853f000 rw-p 00000000 00:00 0 
7f546853f000-7f5468540000 ---p 00000000 00:00 0 
7f5468540000-7f5468640000 rw-p 00000000 00:00 0 
7f5468640000-7f5468641000 ---p 00000000 00:00 0 
7f5468641000-7f5468741000 rw-p 00000000 00:00 0 
7f5468741000-7f5468742000 ---p 00000000 00:00 0 
7f5468742000-7f5468842000 rw-p 00000000 00:00 0 
7f5468842000-7f5468843000 ---p 00000000 00:00 0 
7f5468843000-7f5468943000 rw-p 00000000 00:00 0 
7f5468943000-7f5468944000 ---p 00000000 00:00 0 
7f5468944000-7f5468a44000 rw-p 00000000 00:00 0 
7f5468a44000-7f5468a45000 ---p 00000000 00:00 0 
7f5468a45000-7f5468b45000 rw-p 00000000 00:00 0 
7f5468b45000-7f5468b46000 ---p 00000000 00:00 0 
7f5468b46000-7f5468c46000 rw-p 00000000 00:00 0 
7f5468c46000-7f5468c47000 ---p 00000000 00:00 0 
7f5468c47000-7f5468d60000 rw-p 00000000 00:00 0 
7f5468d60000-7f5468d9a000 rw-p 00000000 00:00 0 
7f5468d9a000-7f5468dee000 rw-p 00000000 00:00 0 
7f5468dee000-7f5468f9a000 rw-p 00000000 00:00 0 
7f5468f9a000-7f5468fb3000 rw-p 00000000 00:00 0 
7f5468fb3000-7f5468fed000 rw-p 00000000 00:00 0 
7f5468fed000-7f5469041000 rw-p 00000000 00:00 0 
7f5469041000-7f54691ed000 rw-p 00000000 00:00 0 
7f54691ed000-7f546924f000 rw-p 00000000 00:00 0 
7f546924f000-7f5469293000 ---p 00000000 00:00 0 
7f5469293000-7f54692ed000 rw-p 00000000 00:00 0 
7f54692ed000-7f54692ee000 rw-p 00000000 00:00 0 
7f54692ee000-7f54692f6000 r-xp 00000000 08:01 5770669                    /usr/lib/jvm/java-7-openjdk-amd64/jre/lib/amd64/libzip.so
7f54692f6000-7f54694f5000 ---p 00008000 08:01 5770669                    /usr/lib/jvm/java-7-openjdk-amd64/jre/lib/amd64/libzip.so
7f54694f5000-7f54694f6000 r--p 00007000 08:01 5770669                    /usr/lib/jvm/java-7-openjdk-amd64/jre/lib/amd64/libzip.so
7f54694f6000-7f54694f7000 rw-p 00008000 08:01 5770669                    /usr/lib/jvm/java-7-openjdk-amd64/jre/lib/amd64/libzip.so
7f54694f7000-7f5469501000 r-xp 00000000 08:01 1183987                    /lib/x86_64-linux-gnu/libnss_files-2.19.so
7f5469501000-7f5469700000 ---p 0000a000 08:01 1183987                    /lib/x86_64-linux-gnu/libnss_files-2.19.so
7f5469700000-7f5469701000 r--p 00009000 08:01 1183987                    /lib/x86_64-linux-gnu/libnss_files-2.19.so
7f5469701000-7f5469702000 rw-p 0000a000 08:01 1183987                    /lib/x86_64-linux-gnu/libnss_files-2.19.so
7f5469702000-7f546970d000 r-xp 00000000 08:01 1183993                    /lib/x86_64-linux-gnu/libnss_nis-2.19.so
7f546970d000-7f546990c000 ---p 0000b000 08:01 1183993                    /lib/x86_64-linux-gnu/libnss_nis-2.19.so
7f546990c000-7f546990d000 r--p 0000a000 08:01 1183993                    /lib/x86_64-linux-gnu/libnss_nis-2.19.so
7f546990d000-7f546990e000 rw-p 0000b000 08:01 1183993                    /lib/x86_64-linux-gnu/libnss_nis-2.19.so
7f546990e000-7f5469925000 r-xp 00000000 08:01 1184062                    /lib/x86_64-linux-gnu/libnsl-2.19.so
7f5469925000-7f5469b24000 ---p 00017000 08:01 1184062                    /lib/x86_64-linux-gnu/libnsl-2.19.so
7f5469b24000-7f5469b25000 r--p 00016000 08:01 1184062                    /lib/x86_64-linux-gnu/libnsl-2.19.so
7f5469b25000-7f5469b26000 rw-p 00017000 08:01 1184062                    /lib/x86_64-linux-gnu/libnsl-2.19.so
7f5469b26000-7f5469b28000 rw-p 00000000 00:00 0 
7f5469b28000-7f5469b31000 r-xp 00000000 08:01 1184010                    /lib/x86_64-linux-gnu/libnss_compat-2.19.so
7f5469b31000-7f5469d30000 ---p 00009000 08:01 1184010                    /lib/x86_64-linux-gnu/libnss_compat-2.19.so
7f5469d30000-7f5469d31000 r--p 00008000 08:01 1184010                    /lib/x86_64-linux-gnu/libnss_compat-2.19.so
7f5469d31000-7f5469d32000 rw-p 00009000 08:01 1184010                    /lib/x86_64-linux-gnu/libnss_compat-2.19.so
7f5469d32000-7f5469d5c000 r-xp 00000000 08:01 5770642                    /usr/lib/jvm/java-7-openjdk-amd64/jre/lib/amd64/libjava.so
7f5469d5c000-7f5469f5c000 ---p 0002a000 08:01 5770642                    /usr/lib/jvm/java-7-openjdk-amd64/jre/lib/amd64/libjava.so
7f5469f5c000-7f5469f5d000 r--p 0002a000 08:01 5770642                    /usr/lib/jvm/java-7-openjdk-amd64/jre/lib/amd64/libjava.so
7f5469f5d000-7f5469f5f000 rw-p 0002b000 08:01 5770642                    /usr/lib/jvm/java-7-openjdk-amd64/jre/lib/amd64/libjava.so
7f5469f5f000-7f5469f6f000 r-xp 00000000 08:01 5770612                    /usr/lib/jvm/java-7-openjdk-amd64/jre/lib/amd64/libverify.so
7f5469f6f000-7f546a16e000 ---p 00010000 08:01 5770612                    /usr/lib/jvm/java-7-openjdk-amd64/jre/lib/amd64/libverify.so
7f546a16e000-7f546a170000 r--p 0000f000 08:01 5770612                    /usr/lib/jvm/java-7-openjdk-amd64/jre/lib/amd64/libverify.so
7f546a170000-7f546a171000 rw-p 00011000 08:01 5770612                    /usr/lib/jvm/java-7-openjdk-amd64/jre/lib/amd64/libverify.so
7f546a171000-7f546a178000 r-xp 00000000 08:01 1184060                    /lib/x86_64-linux-gnu/librt-2.19.so
7f546a178000-7f546a377000 ---p 00007000 08:01 1184060                    /lib/x86_64-linux-gnu/librt-2.19.so
7f546a377000-7f546a378000 r--p 00006000 08:01 1184060                    /lib/x86_64-linux-gnu/librt-2.19.so
7f546a378000-7f546a379000 rw-p 00007000 08:01 1184060                    /lib/x86_64-linux-gnu/librt-2.19.so
7f546a379000-7f546a390000 r-xp 00000000 08:01 1179897                    /lib/x86_64-linux-gnu/libgcc_s.so.1
7f546a390000-7f546a58f000 ---p 00017000 08:01 1179897                    /lib/x86_64-linux-gnu/libgcc_s.so.1
7f546a58f000-7f546a590000 r--p 00016000 08:01 1179897                    /lib/x86_64-linux-gnu/libgcc_s.so.1
7f546a590000-7f546a591000 rw-p 00017000 08:01 1179897                    /lib/x86_64-linux-gnu/libgcc_s.so.1
7f546a591000-7f546a696000 r-xp 00000000 08:01 1184016                    /lib/x86_64-linux-gnu/libm-2.19.so
7f546a696000-7f546a895000 ---p 00105000 08:01 1184016                    /lib/x86_64-linux-gnu/libm-2.19.so
7f546a895000-7f546a896000 r--p 00104000 08:01 1184016                    /lib/x86_64-linux-gnu/libm-2.19.so
7f546a896000-7f546a897000 rw-p 00105000 08:01 1184016                    /lib/x86_64-linux-gnu/libm-2.19.so
7f546a897000-7f546a9a1000 r-xp 00000000 08:01 4982310                    /usr/lib/x86_64-linux-gnu/libstdc++.so.6.0.25
7f546a9a1000-7f546aba0000 ---p 0010a000 08:01 4982310                    /usr/lib/x86_64-linux-gnu/libstdc++.so.6.0.25
7f546aba0000-7f546aba8000 r--p 00109000 08:01 4982310                    /usr/lib/x86_64-linux-gnu/libstdc++.so.6.0.25
7f546aba8000-7f546abaa000 rw-p 00111000 08:01 4982310                    /usr/lib/x86_64-linux-gnu/libstdc++.so.6.0.25
7f546abaa000-7f546abad000 rw-p 00000000 00:00 0 
7f546abad000-7f546b6e6000 r-xp 00000000 08:01 5770599                    /usr/lib/jvm/java-7-openjdk-amd64/jre/lib/amd64/server/libjvm.so
7f546b6e6000-7f546b8e6000 ---p 00b39000 08:01 5770599                    /usr/lib/jvm/java-7-openjdk-amd64/jre/lib/amd64/server/libjvm.so
7f546b8e6000-7f546b981000 r--p 00b39000 08:01 5770599                    /usr/lib/jvm/java-7-openjdk-amd64/jre/lib/amd64/server/libjvm.so
7f546b981000-7f546b9a4000 rw-p 00bd4000 08:01 5770599                    /usr/lib/jvm/java-7-openjdk-amd64/jre/lib/amd64/server/libjvm.so
7f546b9a4000-7f546b9d4000 rw-p 00000000 00:00 0 
7f546b9d4000-7f546b9ec000 r-xp 00000000 08:01 1179751                    /lib/x86_64-linux-gnu/libz.so.1.2.8
7f546b9ec000-7f546bbeb000 ---p 00018000 08:01 1179751                    /lib/x86_64-linux-gnu/libz.so.1.2.8
7f546bbeb000-7f546bbec000 r--p 00017000 08:01 1179751                    /lib/x86_64-linux-gnu/libz.so.1.2.8
7f546bbec000-7f546bbed000 rw-p 00018000 08:01 1179751                    /lib/x86_64-linux-gnu/libz.so.1.2.8
7f546bbed000-7f546bc06000 r-xp 00000000 08:01 1184028                    /lib/x86_64-linux-gnu/libpthread-2.19.so
7f546bc06000-7f546be05000 ---p 00019000 08:01 1184028                    /lib/x86_64-linux-gnu/libpthread-2.19.so
7f546be05000-7f546be06000 r--p 00018000 08:01 1184028                    /lib/x86_64-linux-gnu/libpthread-2.19.so
7f546be06000-7f546be07000 rw-p 00019000 08:01 1184028                    /lib/x86_64-linux-gnu/libpthread-2.19.so
7f546be07000-7f546be0b000 rw-p 00000000 00:00 0 
7f546be0b000-7f546be0e000 r-xp 00000000 08:01 1184079                    /lib/x86_64-linux-gnu/libdl-2.19.so
7f546be0e000-7f546c00d000 ---p 00003000 08:01 1184079                    /lib/x86_64-linux-gnu/libdl-2.19.so
7f546c00d000-7f546c00e000 r--p 00002000 08:01 1184079                    /lib/x86_64-linux-gnu/libdl-2.19.so
7f546c00e000-7f546c00f000 rw-p 00003000 08:01 1184079                    /lib/x86_64-linux-gnu/libdl-2.19.so
7f546c00f000-7f546c1cd000 r-xp 00000000 08:01 1184083                    /lib/x86_64-linux-gnu/libc-2.19.so
7f546c1cd000-7f546c3cd000 ---p 001be000 08:01 1184083                    /lib/x86_64-linux-gnu/libc-2.19.so
7f546c3cd000-7f546c3d1000 r--p 001be000 08:01 1184083                    /lib/x86_64-linux-gnu/libc-2.19.so
7f546c3d1000-7f546c3d3000 rw-p 001c2000 08:01 1184083                    /lib/x86_64-linux-gnu/libc-2.19.so
7f546c3d3000-7f546c3d8000 rw-p 00000000 00:00 0 
7f546c3d8000-7f546c3e5000 r-xp 00000000 08:01 5770659                    /usr/lib/jvm/java-7-openjdk-amd64/jre/lib/amd64/jli/libjli.so
7f546c3e5000-7f546c5e4000 ---p 0000d000 08:01 5770659                    /usr/lib/jvm/java-7-openjdk-amd64/jre/lib/amd64/jli/libjli.so
7f546c5e4000-7f546c5e5000 r--p 0000c000 08:01 5770659                    /usr/lib/jvm/java-7-openjdk-amd64/jre/lib/amd64/jli/libjli.so
7f546c5e5000-7f546c5e6000 rw-p 0000d000 08:01 5770659                    /usr/lib/jvm/java-7-openjdk-amd64/jre/lib/amd64/jli/libjli.so
7f546c5e6000-7f546c609000 r-xp 00000000 08:01 1184021                    /lib/x86_64-linux-gnu/ld-2.19.so
7f546c609000-7f546c613000 r--s 000b0000 08:01 5648861                    /usr/lib/jvm/java-7-openjdk-amd64/jre/lib/resources.jar
7f546c613000-7f546c61a000 r--s 0005b000 08:01 1780611                    /home/netlab/Backup_sbjeong/xxx 2020/contiki_git_ing/tools/cooja/lib/jsyntaxpane.jar
7f546c61a000-7f546c621000 r--s 0004f000 08:01 1780612                    /home/netlab/Backup_sbjeong/xxx 2020/contiki_git_ing/tools/cooja/lib/log4j.jar
7f546c621000-7f546c624000 r--s 00022000 08:01 1780610                    /home/netlab/Backup_sbjeong/xxx 2020/contiki_git_ing/tools/cooja/lib/jdom.jar
7f546c624000-7f546c626000 r--s 00012000 08:01 5770685                    /usr/lib/jvm/java-7-openjdk-amd64/jre/lib/ext/zipfs.jar
7f546c626000-7f546c63a000 rw-p 00000000 00:00 0 
7f546c63a000-7f546c6e6000 rw-p 00000000 00:00 0 
7f546c6e6000-7f546c6e9000 ---p 00000000 00:00 0 
7f546c6e9000-7f546c7eb000 rw-p 00000000 00:00 0 
7f546c7eb000-7f546c7ef000 r--s 0003d000 08:01 5770688                    /usr/lib/jvm/java-7-openjdk-amd64/jre/lib/ext/sunpkcs11.jar
7f546c7ef000-7f546c7f0000 r--s 00002000 08:01 5770687                    /usr/lib/jvm/java-7-openjdk-amd64/jre/lib/ext/dnsns.jar
7f546c7f0000-7f546c7f3000 r--s 0000f000 08:01 5770684                    /usr/lib/jvm/java-7-openjdk-amd64/jre/lib/ext/icedtea-sound.jar
7f546c7f3000-7f546c7f7000 r--s 00085000 08:01 5770686                    /usr/lib/jvm/java-7-openjdk-amd64/jre/lib/ext/localedata.jar
7f546c7f7000-7f546c7fb000 r--s 00036000 08:01 5770689                    /usr/lib/jvm/java-7-openjdk-amd64/jre/lib/ext/sunjce_provider.jar
7f546c7fb000-7f546c7fd000 r--s 00006000 08:01 5380960                    /usr/share/java/java-atk-wrapper.jar
7f546c7fd000-7f546c805000 rw-s 00000000 08:01 4588263                    /tmp/hsperfdata_netlab/13913
7f546c805000-7f546c806000 rw-p 00000000 00:00 0 
7f546c806000-7f546c807000 r--p 00000000 00:00 0 
7f546c807000-7f546c808000 rw-p 00000000 00:00 0 
7f546c808000-7f546c809000 r--p 00022000 08:01 1184021                    /lib/x86_64-linux-gnu/ld-2.19.so
7f546c809000-7f546c80a000 rw-p 00023000 08:01 1184021                    /lib/x86_64-linux-gnu/ld-2.19.so
7f546c80a000-7f546c80b000 rw-p 00000000 00:00 0 
7ffe7161a000-7ffe7163c000 rw-p 00000000 00:00 0                          [stack]
7ffe7175a000-7ffe7175c000 r--p 00000000 00:00 0                          [vvar]
7ffe7175c000-7ffe7175e000 r-xp 00000000 00:00 0                          [vdso]
ffffffffff600000-ffffffffff601000 r-xp 00000000 00:00 0                  [vsyscall]

VM Arguments:
jvm_args: -Xmx1536m 
java_command: org.contikios.cooja.Cooja
Launcher Type: SUN_STANDARD

Environment Variables:
JAVA_HOME=/usr/lib/jvm/java-7-openjdk-amd64/
CLASSPATH=:/usr/src/tinyos/support/sdk/java/tinyos.jar
PATH=/usr/local/sbin:/usr/local/bin:/usr/sbin:/usr/bin:/sbin:/bin:/usr/games:/usr/local/games:/home/netlab/opt/gcc-arm-none-eabi-6-2017-q1-update/bin:/home/netlab/opt/compilers/mspgcc-4.7.3/bin
LD_LIBRARY_PATH=.
SHELL=/bin/bash
DISPLAY=:0

Signal Handlers:
SIGSEGV: [libjvm.so+0x9679a0], sa_mask[0]=0x7ffbfeff, sa_flags=0x10000004
SIGBUS: [libjvm.so+0x9679a0], sa_mask[0]=0x7ffbfeff, sa_flags=0x10000004
SIGFPE: [libjvm.so+0x7d9350], sa_mask[0]=0x7ffbfeff, sa_flags=0x10000004
SIGPIPE: [libjvm.so+0x7d9350], sa_mask[0]=0x7ffbfeff, sa_flags=0x10000004
SIGXFSZ: [libjvm.so+0x7d9350], sa_mask[0]=0x7ffbfeff, sa_flags=0x10000004
SIGILL: [libjvm.so+0x7d9350], sa_mask[0]=0x7ffbfeff, sa_flags=0x10000004
SIGUSR1: SIG_DFL, sa_mask[0]=0x00000000, sa_flags=0x00000000
SIGUSR2: [libjvm.so+0x7d9480], sa_mask[0]=0x00000004, sa_flags=0x10000004
SIGHUP: [libjvm.so+0x7d93d0], sa_mask[0]=0x7ffbfeff, sa_flags=0x10000004
SIGINT: [libjvm.so+0x7d93d0], sa_mask[0]=0x7ffbfeff, sa_flags=0x10000004
SIGTERM: [libjvm.so+0x7d93d0], sa_mask[0]=0x7ffbfeff, sa_flags=0x10000004
SIGQUIT: [libjvm.so+0x7d93d0], sa_mask[0]=0x7ffbfeff, sa_flags=0x10000004
SIGTRAP: SIG_DFL, sa_mask[0]=0x00000000, sa_flags=0x00000000


---------------  S Y S T E M  ---------------

OS:Ubuntu 14.04 (trusty)
uname:Linux 4.2.0-42-generic #49~14.04.1-Ubuntu SMP Wed Jun 29 20:22:11 UTC 2016 x86_64
libc:glibc 2.19 NPTL 2.19 
rlimit: STACK 8192k, CORE 0k, NPROC 63920, NOFILE 4096, AS infinity
load average:0.67 1.03 1.78

/proc/meminfo:
MemTotal:       16386560 kB
MemFree:          569092 kB
MemAvailable:    9879324 kB
Buffers:          426828 kB
Cached:          8896360 kB
SwapCached:           16 kB
Active:         10795700 kB
Inactive:        4209120 kB
Active(anon):    4851896 kB
Inactive(anon):   986928 kB
Active(file):    5943804 kB
Inactive(file):  3222192 kB
Unevictable:          40 kB
Mlocked:              40 kB
SwapTotal:      16730108 kB
SwapFree:       16729764 kB
Dirty:              4376 kB
Writeback:             0 kB
AnonPages:       5681688 kB
Mapped:           502156 kB
Shmem:            157192 kB
Slab:             447360 kB
SReclaimable:     397652 kB
SUnreclaim:        49708 kB
KernelStack:       12096 kB
PageTables:        50776 kB
NFS_Unstable:          0 kB
Bounce:                0 kB
WritebackTmp:          0 kB
CommitLimit:    24923388 kB
Committed_AS:    9880284 kB
VmallocTotal:   34359738367 kB
VmallocUsed:      136748 kB
VmallocChunk:   34359487760 kB
HardwareCorrupted:     0 kB
AnonHugePages:   4976640 kB
CmaTotal:              0 kB
CmaFree:               0 kB
HugePages_Total:       0
HugePages_Free:        0
HugePages_Rsvd:        0
HugePages_Surp:        0
Hugepagesize:       2048 kB
DirectMap4k:      451520 kB
DirectMap2M:    16279552 kB


CPU:total 8 (initial active 8) (4 cores per cpu, 2 threads per core) family 6 model 58 stepping 9, cmov, cx8, fxsr, mmx, sse, sse2, sse3, ssse3, sse4.1, sse4.2, popcnt, avx, aes, erms, ht, tsc, tscinvbit, tscinv

/proc/cpuinfo:
processor	: 0
vendor_id	: GenuineIntel
cpu family	: 6
model		: 58
model name	: Intel(R) Xeon(R) CPU E3-1270 V2 @ 3.50GHz
stepping	: 9
microcode	: 0x12
cpu MHz		: 3772.753
cache size	: 8192 KB
physical id	: 0
siblings	: 8
core id		: 0
cpu cores	: 4
apicid		: 0
initial apicid	: 0
fpu		: yes
fpu_exception	: yes
cpuid level	: 13
wp		: yes
flags		: fpu vme de pse tsc msr pae mce cx8 apic sep mtrr pge mca cmov pat pse36 clflush dts acpi mmx fxsr sse sse2 ss ht tm pbe syscall nx rdtscp lm constant_tsc arch_perfmon pebs bts rep_good nopl xtopology nonstop_tsc aperfmperf eagerfpu pni pclmulqdq dtes64 monitor ds_cpl vmx smx est tm2 ssse3 cx16 xtpr pdcm pcid sse4_1 sse4_2 x2apic popcnt tsc_deadline_timer aes xsave avx f16c rdrand lahf_lm ida arat epb pln pts dtherm tpr_shadow vnmi flexpriority ept vpid fsgsbase smep erms xsaveopt
bugs		:
bogomips	: 6984.25
clflush size	: 64
cache_alignment	: 64
address sizes	: 36 bits physical, 48 bits virtual
power management:

processor	: 1
vendor_id	: GenuineIntel
cpu family	: 6
model		: 58
model name	: Intel(R) Xeon(R) CPU E3-1270 V2 @ 3.50GHz
stepping	: 9
microcode	: 0x12
cpu MHz		: 3799.003
cache size	: 8192 KB
physical id	: 0
siblings	: 8
core id		: 1
cpu cores	: 4
apicid		: 2
initial apicid	: 2
fpu		: yes
fpu_exception	: yes
cpuid level	: 13
wp		: yes
flags		: fpu vme de pse tsc msr pae mce cx8 apic sep mtrr pge mca cmov pat pse36 clflush dts acpi mmx fxsr sse sse2 ss ht tm pbe syscall nx rdtscp lm constant_tsc arch_perfmon pebs bts rep_good nopl xtopology nonstop_tsc aperfmperf eagerfpu pni pclmulqdq dtes64 monitor ds_cpl vmx smx est tm2 ssse3 cx16 xtpr pdcm pcid sse4_1 sse4_2 x2apic popcnt tsc_deadline_timer aes xsave avx f16c rdrand lahf_lm ida arat epb pln pts dtherm tpr_shadow vnmi flexpriority ept vpid fsgsbase smep erms xsaveopt
bugs		:
bogomips	: 6984.25
clflush size	: 64
cache_alignment	: 64
address sizes	: 36 bits physical, 48 bits virtual
power management:

processor	: 2
vendor_id	: GenuineIntel
cpu family	: 6
model		: 58
model name	: Intel(R) Xeon(R) CPU E3-1270 V2 @ 3.50GHz
stepping	: 9
microcode	: 0x12
cpu MHz		: 3774.941
cache size	: 8192 KB
physical id	: 0
siblings	: 8
core id		: 2
cpu cores	: 4
apicid		: 4
initial apicid	: 4
fpu		: yes
fpu_exception	: yes
cpuid level	: 13
wp		: yes
flags		: fpu vme de pse tsc msr pae mce cx8 apic sep mtrr pge mca cmov pat pse36 clflush dts acpi mmx fxsr sse sse2 ss ht tm pbe syscall nx rdtscp lm constant_tsc arch_perfmon pebs bts rep_good nopl xtopology nonstop_tsc aperfmperf eagerfpu pni pclmulqdq dtes64 monitor ds_cpl vmx smx est tm2 ssse3 cx16 xtpr pdcm pcid sse4_1 sse4_2 x2apic popcnt tsc_deadline_timer aes xsave avx f16c rdrand lahf_lm ida arat epb pln pts dtherm tpr_shadow vnmi flexpriority ept vpid fsgsbase smep erms xsaveopt
bugs		:
bogomips	: 6984.25
clflush size	: 64
cache_alignment	: 64
address sizes	: 36 bits physical, 48 bits virtual
power management:

processor	: 3
vendor_id	: GenuineIntel
cpu family	: 6
model		: 58
model name	: Intel(R) Xeon(R) CPU E3-1270 V2 @ 3.50GHz
stepping	: 9
microcode	: 0x12
cpu MHz		: 3799.414
cache size	: 8192 KB
physical id	: 0
siblings	: 8
core id		: 3
cpu cores	: 4
apicid		: 6
initial apicid	: 6
fpu		: yes
fpu_exception	: yes
cpuid level	: 13
wp		: yes
flags		: fpu vme de pse tsc msr pae mce cx8 apic sep mtrr pge mca cmov pat pse36 clflush dts acpi mmx fxsr sse sse2 ss ht tm pbe syscall nx rdtscp lm constant_tsc arch_perfmon pebs bts rep_good nopl xtopology nonstop_tsc aperfmperf eagerfpu pni pclmulqdq dtes64 monitor ds_cpl vmx smx est tm2 ssse3 cx16 xtpr pdcm pcid sse4_1 sse4_2 x2apic popcnt tsc_deadline_timer aes xsave avx f16c rdrand lahf_lm ida arat epb pln pts dtherm tpr_shadow vnmi flexpriority ept vpid fsgsbase smep erms xsaveopt
bugs		:
bogomips	: 6984.25
clflush size	: 64
cache_alignment	: 64
address sizes	: 36 bits physical, 48 bits virtual
power management:

processor	: 4
vendor_id	: GenuineIntel
cpu family	: 6
model		: 58
model name	: Intel(R) Xeon(R) CPU E3-1270 V2 @ 3.50GHz
stepping	: 9
microcode	: 0x12
cpu MHz		: 3228.066
cache size	: 8192 KB
physical id	: 0
siblings	: 8
core id		: 0
cpu cores	: 4
apicid		: 1
initial apicid	: 1
fpu		: yes
fpu_exception	: yes
cpuid level	: 13
wp		: yes
flags		: fpu vme de pse tsc msr pae mce cx8 apic sep mtrr pge mca cmov pat pse36 clflush dts acpi mmx fxsr sse sse2 ss ht tm pbe syscall nx rdtscp lm constant_tsc arch_perfmon pebs bts rep_good nopl xtopology nonstop_tsc aperfmperf eagerfpu pni pclmulqdq dtes64 monitor ds_cpl vmx smx est tm2 ssse3 cx16 xtpr pdcm pcid sse4_1 sse4_2 x2apic popcnt tsc_deadline_timer aes xsave avx f16c rdrand lahf_lm ida arat epb pln pts dtherm tpr_shadow vnmi flexpriority ept vpid fsgsbase smep erms xsaveopt
bugs		:
bogomips	: 6984.25
clflush size	: 64
cache_alignment	: 64
address sizes	: 36 bits physical, 48 bits virtual
power management:

processor	: 5
vendor_id	: GenuineIntel
cpu family	: 6
model		: 58
model name	: Intel(R) Xeon(R) CPU E3-1270 V2 @ 3.50GHz
stepping	: 9
microcode	: 0x12
cpu MHz		: 3749.785
cache size	: 8192 KB
physical id	: 0
siblings	: 8
core id		: 1
cpu cores	: 4
apicid		: 3
initial apicid	: 3
fpu		: yes
fpu_exception	: yes
cpuid level	: 13
wp		: yes
flags		: fpu vme de pse tsc msr pae mce cx8 apic sep mtrr pge mca cmov pat pse36 clflush dts acpi mmx fxsr sse sse2 ss ht tm pbe syscall nx rdtscp lm constant_tsc arch_perfmon pebs bts rep_good nopl xtopology nonstop_tsc aperfmperf eagerfpu pni pclmulqdq dtes64 monitor ds_cpl vmx smx est tm2 ssse3 cx16 xtpr pdcm pcid sse4_1 sse4_2 x2apic popcnt tsc_deadline_timer aes xsave avx f16c rdrand lahf_lm ida arat epb pln pts dtherm tpr_shadow vnmi flexpriority ept vpid fsgsbase smep erms xsaveopt
bugs		:
bogomips	: 6984.25
clflush size	: 64
cache_alignment	: 64
address sizes	: 36 bits physical, 48 bits virtual
power management:

processor	: 6
vendor_id	: GenuineIntel
cpu family	: 6
model		: 58
model name	: Intel(R) Xeon(R) CPU E3-1270 V2 @ 3.50GHz
stepping	: 9
microcode	: 0x12
cpu MHz		: 2810.390
cache size	: 8192 KB
physical id	: 0
siblings	: 8
core id		: 2
cpu cores	: 4
apicid		: 5
initial apicid	: 5
fpu		: yes
fpu_exception	: yes
cpuid level	: 13
wp		: yes
flags		: fpu vme de pse tsc msr pae mce cx8 apic sep mtrr pge mca cmov pat pse36 clflush dts acpi mmx fxsr sse sse2 ss ht tm pbe syscall nx rdtscp lm constant_tsc arch_perfmon pebs bts rep_good nopl xtopology nonstop_tsc aperfmperf eagerfpu pni pclmulqdq dtes64 monitor ds_cpl vmx smx est tm2 ssse3 cx16 xtpr pdcm pcid sse4_1 sse4_2 x2apic popcnt tsc_deadline_timer aes xsave avx f16c rdrand lahf_lm ida arat epb pln pts dtherm tpr_shadow vnmi flexpriority ept vpid fsgsbase smep erms xsaveopt
bugs		:
bogomips	: 6984.25
clflush size	: 64
cache_alignment	: 64
address sizes	: 36 bits physical, 48 bits virtual
power management:

processor	: 7
vendor_id	: GenuineIntel
cpu family	: 6
model		: 58
model name	: Intel(R) Xeon(R) CPU E3-1270 V2 @ 3.50GHz
stepping	: 9
microcode	: 0x12
cpu MHz		: 3357.812
cache size	: 8192 KB
physical id	: 0
siblings	: 8
core id		: 3
cpu cores	: 4
apicid		: 7
initial apicid	: 7
fpu		: yes
fpu_exception	: yes
cpuid level	: 13
wp		: yes
flags		: fpu vme de pse tsc msr pae mce cx8 apic sep mtrr pge mca cmov pat pse36 clflush dts acpi mmx fxsr sse sse2 ss ht tm pbe syscall nx rdtscp lm constant_tsc arch_perfmon pebs bts rep_good nopl xtopology nonstop_tsc aperfmperf eagerfpu pni pclmulqdq dtes64 monitor ds_cpl vmx smx est tm2 ssse3 cx16 xtpr pdcm pcid sse4_1 sse4_2 x2apic popcnt tsc_deadline_timer aes xsave avx f16c rdrand lahf_lm ida arat epb pln pts dtherm tpr_shadow vnmi flexpriority ept vpid fsgsbase smep erms xsaveopt
bugs		:
bogomips	: 6984.25
clflush size	: 64
cache_alignment	: 64
address sizes	: 36 bits physical, 48 bits virtual
power management:



Memory: 4k page, physical 16386560k(569092k free), swap 16730108k(16729764k free)

vm_info: OpenJDK 64-Bit Server VM (24.181-b01) for linux-amd64 JRE (1.7.0_181-b01), built on Jun  8 2018 23:24:55 by "buildd" with gcc 4.8.4

time: Mon Apr 22 18:31:42 2019
elapsed time: 407 seconds

