#
# A fatal error has been detected by the Java Runtime Environment:
#
#  SIGSEGV (0xb) at pc=0x00007f93a6101a9d, pid=29024, tid=140272129521408
#
# JRE version: OpenJDK Runtime Environment (7.0_181-b01) (build 1.7.0_181-b01)
# Java VM: OpenJDK 64-Bit Server VM (24.181-b01 mixed mode linux-amd64 compressed oops)
# Derivative: IcedTea 2.6.14
# Distribution: Ubuntu 14.04 LTS, package 7u181-2.6.14-0ubuntu0.1
# Problematic frame:
# C  [mtype930.cooja+0x1aa9d]  tsch_slot_operation+0x74f
#
# Failed to write core dump. Core dumps have been disabled. To enable core dumping, try "ulimit -c unlimited" before starting Java again
#
# If you would like to submit a bug report, please include
# instructions on how to reproduce the bug and visit:
#   http://icedtea.classpath.org/bugzilla
# The crash happened outside the Java Virtual Machine in native code.
# See problematic frame for where to report the bug.
#

---------------  T H R E A D  ---------------

Current thread (0x00007f936c190800):  JavaThread "Thread-4" [_thread_in_native, id=30294, stack(0x00007f93a663b000,0x00007f93a673c000)]

siginfo:si_signo=SIGSEGV: si_errno=0, si_code=1 (SEGV_MAPERR), si_addr=0x0000000000000012

Registers:
RAX=0x0000000000000000, RBX=0x0000000000000000, RCX=0x0000000000000013, RDX=0x0000000000000001
RSP=0x00007f93a632b4f8, RBP=0x00007f93a632b578, RSI=0x000000007fffffec, RDI=0x00007f93a63290e0
R8 =0x00007f93d0a2f640, R9 =0x0000000000000001, R10=0x00007f93a632b2a8, R11=0x00007f93a6104e7a
R12=0x0000000000000000, R13=0x000000009709e5c0, R14=0x00007f93a673a858, R15=0x00007f936c190800
RIP=0x00007f93a6101a9d, EFLAGS=0x0000000000010202, CSGSFS=0x0000000000000033, ERR=0x0000000000000004
  TRAPNO=0x000000000000000e

Top of Stack: (sp=0x00007f93a632b4f8)
0x00007f93a632b4f8:   0000000000000000 00007f93a6330670
0x00007f93a632b508:   00007f93a632b5a8 00007f9301e9b5f7
0x00007f93a632b518:   0000000000000005 0000000000000000
0x00007f93a632b528:   00000000000003e9 00007f93a60eb2b8
0x00007f93a632b538:   0000000000000000 00007f93a632b5a8
0x00007f93a632b548:   0000000000000000 00007f93d0ea25a5
0x00007f93a632b558:   00007f93a6334ad0 00007f93a6334720
0x00007f93a632b568:   0000000000030d40 0000000000000000
0x00007f93a632b578:   00007f93a632b598 00007f93a61044a7
0x00007f93a632b588:   00007f9279a58700 00007f93a6330670
0x00007f93a632b598:   00007f93a632b5a8 00007f93a60fa14c
0x00007f93a632b5a8:   00007f93a632b5c8 00007f93a60f784b
0x00007f93a632b5b8:   0000000000000000 0000000000000000
0x00007f93a632b5c8:   0000000000000000 0000000000000000
0x00007f93a632b5d8:   0000000000000000 0000000000000001
0x00007f93a632b5e8:   0000000000000000 0000000000000000
0x00007f93a632b5f8:   00007f93a632d568 0000000000000000
0x00007f93a632b608:   0000000000000001 0000000000000002
0x00007f93a632b618:   0000000000000003 0000000000000004
0x00007f93a632b628:   0000000000000005 0000000000000006
0x00007f93a632b638:   0000000000000007 0000000000000008
0x00007f93a632b648:   0000000000000009 000000000000000a
0x00007f93a632b658:   000000000000000b 000000000000000c
0x00007f93a632b668:   000000000000000d 000000000000000e
0x00007f93a632b678:   000000000000000f 0000000000000010
0x00007f93a632b688:   0000000000000011 0000000000000012
0x00007f93a632b698:   0000000000000013 0000000000000014
0x00007f93a632b6a8:   0000000000000015 0000000000000016
0x00007f93a632b6b8:   0000000000000017 0000000000000018
0x00007f93a632b6c8:   0000000000000019 000000000000001a
0x00007f93a632b6d8:   000000000000001b 000000000000001c
0x00007f93a632b6e8:   000000000000001d 000000000000001e 

Instructions: (pc=0x00007f93a6101a9d)
0x00007f93a6101a7d:   05 fe 63 22 00 48 c7 00 00 00 00 00 e8 52 34 ff
0x00007f93a6101a8d:   ff e9 82 01 00 00 48 8b 05 ce 60 22 00 48 8b 00
0x00007f93a6101a9d:   0f b7 40 12 66 83 f8 34 76 05 e8 74 47 ff ff 66
0x00007f93a6101aad:   c7 45 9c 00 00 48 8b 05 af 60 22 00 48 8b 00 48 

Register to memory mapping:

RAX=0x0000000000000000 is an unknown value
RBX=0x0000000000000000 is an unknown value
RCX=0x0000000000000013 is an unknown value
RDX=0x0000000000000001 is an unknown value
RSP=0x00007f93a632b4f8: <offset 0x2444f8> in /home/netlab/Backup_sbjeong/xxx 2020/contiki_git_ing/examples/ipv6/rpl-tsch/obj_cooja/mtype930.cooja at 0x00007f93a60e7000
RBP=0x00007f93a632b578: <offset 0x244578> in /home/netlab/Backup_sbjeong/xxx 2020/contiki_git_ing/examples/ipv6/rpl-tsch/obj_cooja/mtype930.cooja at 0x00007f93a60e7000
RSI=0x000000007fffffec is an unknown value
RDI=0x00007f93a63290e0: tsch_pending_events_process+0 in /home/netlab/Backup_sbjeong/xxx 2020/contiki_git_ing/examples/ipv6/rpl-tsch/obj_cooja/mtype930.cooja at 0x00007f93a60e7000
R8 =0x00007f93d0a2f640: _itoa_lower_digits+0 in /lib/x86_64-linux-gnu/libc.so.6 at 0x00007f93d08b5000
R9 =0x0000000000000001 is an unknown value
R10=0x00007f93a632b2a8: <offset 0x2442a8> in /home/netlab/Backup_sbjeong/xxx 2020/contiki_git_ing/examples/ipv6/rpl-tsch/obj_cooja/mtype930.cooja at 0x00007f93a60e7000
R11=0x00007f93a6104e7a: ringbufindex_put+0 in /home/netlab/Backup_sbjeong/xxx 2020/contiki_git_ing/examples/ipv6/rpl-tsch/obj_cooja/mtype930.cooja at 0x00007f93a60e7000
R12=0x0000000000000000 is an unknown value
R13=0x000000009709e5c0 is an oop
{method} 
 - klass: {other class}
R14=0x00007f93a673a858 is pointing into the stack for thread: 0x00007f936c190800
R15=0x00007f936c190800 is a thread


Stack: [0x00007f93a663b000,0x00007f93a673c000],  sp=0x00007f93a632b4f8,  free space=18014398509478849k
Native frames: (J=compiled Java code, j=interpreted, Vv=VM code, C=native code)
C  [mtype930.cooja+0x1aa9d]  tsch_slot_operation+0x74f
C  [mtype930.cooja+0x1d4a7]  rtimer_run_next+0x48
C  [mtype930.cooja+0x1314c]  rtimer_arch_check+0x2f
C  [mtype930.cooja+0x1084b]  rtimer_thread_loop+0x11

Java frames: (J=compiled Java code, j=interpreted, Vv=VM code)
j  org.contikios.cooja.corecomm.Lib1.tick()V+0
j  org.contikios.cooja.contikimote.ContikiMoteType.tick()V+4
j  org.contikios.cooja.contikimote.ContikiMote.execute(J)V+63
j  org.contikios.cooja.motes.AbstractWakeupMote$1.execute(J)V+5
j  org.contikios.cooja.Simulation.run()V+190
j  java.lang.Thread.run()V+11
v  ~StubRoutines::call_stub

---------------  P R O C E S S  ---------------

Java Threads: ( => current thread )
=>0x00007f936c190800 JavaThread "Thread-4" [_thread_in_native, id=30294, stack(0x00007f93a663b000,0x00007f93a673c000)]
  0x00007f9364041000 JavaThread "Thread-3" [_thread_blocked, id=30266, stack(0x00007f93a6338000,0x00007f93a6439000)]
  0x00007f936403c000 JavaThread "Thread-2" [_thread_blocked, id=30265, stack(0x00007f93a653a000,0x00007f93a663b000)]
  0x00007f936c267800 JavaThread "process reaper" daemon [_thread_blocked, id=29156, stack(0x00007f93b4028000,0x00007f93b4061000)]
  0x00007f936c01e000 JavaThread "TimerQueue" daemon [_thread_blocked, id=29051, stack(0x00007f93a6f67000,0x00007f93a7068000)]
  0x00007f93c800a000 JavaThread "DestroyJavaVM" [_thread_blocked, id=29029, stack(0x00007f93d0f8c000,0x00007f93d108d000)]
  0x00007f93c837a800 JavaThread "AWT-EventQueue-0" [_thread_in_Java, id=29050, stack(0x00007f93a7068000,0x00007f93a7169000)]
  0x00007f93c837a000 JavaThread "AWT-Shutdown" [_thread_blocked, id=29049, stack(0x00007f93a7169000,0x00007f93a726a000)]
  0x00007f93c8303800 JavaThread "AWT-XAWT" daemon [_thread_in_native, id=29048, stack(0x00007f93a74bf000,0x00007f93a75c0000)]
  0x00007f93c82ec000 JavaThread "Java2D Disposer" daemon [_thread_blocked, id=29047, stack(0x00007f93b40bb000,0x00007f93b41bc000)]
  0x00007f93c80b1000 JavaThread "Service Thread" daemon [_thread_blocked, id=29045, stack(0x00007f93b75eb000,0x00007f93b76ec000)]
  0x00007f93c80ae800 JavaThread "C2 CompilerThread1" daemon [_thread_blocked, id=29044, stack(0x00007f93b76ec000,0x00007f93b77ed000)]
  0x00007f93c80ac000 JavaThread "C2 CompilerThread0" daemon [_thread_blocked, id=29043, stack(0x00007f93bc0c6000,0x00007f93bc1c7000)]
  0x00007f93c80a9800 JavaThread "Signal Dispatcher" daemon [_thread_blocked, id=29042, stack(0x00007f93bc1c7000,0x00007f93bc2c8000)]
  0x00007f93c8087000 JavaThread "Finalizer" daemon [_thread_blocked, id=29041, stack(0x00007f93bc2c8000,0x00007f93bc3c9000)]
  0x00007f93c8085000 JavaThread "Reference Handler" daemon [_thread_blocked, id=29040, stack(0x00007f93bc3c9000,0x00007f93bc4ca000)]

Other Threads:
  0x00007f93c8080800 VMThread [stack: 0x00007f93bc4ca000,0x00007f93bc5cb000] [id=29039]
  0x00007f93c80bc000 WatcherThread [stack: 0x00007f93b74ea000,0x00007f93b75eb000] [id=29046]

VM state:not at safepoint (normal execution)

VM Mutex/Monitor currently owned by a thread: None

Heap
 PSYoungGen      total 167424K, used 28503K [0x00000000e0000000, 0x00000000ec700000, 0x0000000100000000)
  eden space 160768K, 15% used [0x00000000e0000000,0x00000000e187a438,0x00000000e9d00000)
  from space 6656K, 51% used [0x00000000ea380000,0x00000000ea6dba00,0x00000000eaa00000)
  to   space 6656K, 0% used [0x00000000e9d00000,0x00000000e9d00000,0x00000000ea380000)
 ParOldGen       total 170496K, used 15854K [0x00000000a0000000, 0x00000000aa680000, 0x00000000e0000000)
  object space 170496K, 9% used [0x00000000a0000000,0x00000000a0f7bab8,0x00000000aa680000)
 PSPermGen       total 42496K, used 24913K [0x0000000095a00000, 0x0000000098380000, 0x00000000a0000000)
  object space 42496K, 58% used [0x0000000095a00000,0x0000000097254620,0x0000000098380000)

Card table byte_map: [0x00007f93cd840000,0x00007f93cdb94000] byte_map_base: 0x00007f93cd393000

Polling page: 0x00007f93d10ac000

Code Cache  [0x00007f93c5000000, 0x00007f93c5270000, 0x00007f93c8000000)
 total_blobs=1266 nmethods=685 adapters=533 free_code_cache=47240Kb largest_free_block=48241728

Compilation events (10 events):
Event: 349.360 Thread 0x00007f93c80ac000 nmethod 828 0x00007f93c5154e50 code [0x00007f93c5154fa0, 0x00007f93c51550f8]
Event: 349.364 Thread 0x00007f93c80ae800 nmethod 829 0x00007f93c515ef50 code [0x00007f93c515f120, 0x00007f93c515f8a8]
Event: 349.365 Thread 0x00007f93c80ac000  830             java.nio.Buffer::position (43 bytes)
Event: 349.366 Thread 0x00007f93c80ac000 nmethod 830 0x00007f93c5154b90 code [0x00007f93c5154ce0, 0x00007f93c5154d98]
Event: 349.368 Thread 0x00007f93c80ae800  831             org.contikios.cooja.mote.memory.SectionMoteMemory::getMemorySegment (107 bytes)
Event: 349.375 Thread 0x00007f93c80ae800 nmethod 831 0x00007f93c5156490 code [0x00007f93c5156660, 0x00007f93c5156c08]
Event: 349.380 Thread 0x00007f93c80ac000  832             java.util.HashMap$ValueIterator::<init> (6 bytes)
Event: 349.380 Thread 0x00007f93c80ae800  833             java.util.HashMap$ValueIterator::<init> (11 bytes)
Event: 349.383 Thread 0x00007f93c80ae800 nmethod 833 0x00007f93c5119090 code [0x00007f93c51191e0, 0x00007f93c51193f8]
Event: 349.383 Thread 0x00007f93c80ac000 nmethod 832 0x00007f93c515ea50 code [0x00007f93c515eba0, 0x00007f93c515edb8]

GC Heap History (10 events):
Event: 347.123 GC heap before
{Heap before GC invocations=9 (full 1):
 PSYoungGen      total 64000K, used 63917K [0x00000000e0000000, 0x00000000e4a00000, 0x0000000100000000)
  eden space 61952K, 100% used [0x00000000e0000000,0x00000000e3c80000,0x00000000e3c80000)
  from space 2048K, 95% used [0x00000000e3e00000,0x00000000e3feb550,0x00000000e4000000)
  to   space 6656K, 0% used [0x00000000e4380000,0x00000000e4380000,0x00000000e4a00000)
 ParOldGen       total 170496K, used 14023K [0x00000000a0000000, 0x00000000aa680000, 0x00000000e0000000)
  object space 170496K, 8% used [0x00000000a0000000,0x00000000a0db1fd0,0x00000000aa680000)
 PSPermGen       total 42496K, used 23216K [0x0000000095a00000, 0x0000000098380000, 0x00000000a0000000)
  object space 42496K, 54% used [0x0000000095a00000,0x00000000970ac210,0x0000000098380000)
Event: 347.124 GC heap after
Heap after GC invocations=9 (full 1):
 PSYoungGen      total 69120K, used 864K [0x00000000e0000000, 0x00000000e8600000, 0x0000000100000000)
  eden space 62464K, 0% used [0x00000000e0000000,0x00000000e0000000,0x00000000e3d00000)
  from space 6656K, 12% used [0x00000000e4380000,0x00000000e4458000,0x00000000e4a00000)
  to   space 6656K, 0% used [0x00000000e3d00000,0x00000000e3d00000,0x00000000e4380000)
 ParOldGen       total 170496K, used 14865K [0x00000000a0000000, 0x00000000aa680000, 0x00000000e0000000)
  object space 170496K, 8% used [0x00000000a0000000,0x00000000a0e845f8,0x00000000aa680000)
 PSPermGen       total 42496K, used 23216K [0x0000000095a00000, 0x0000000098380000, 0x00000000a0000000)
  object space 42496K, 54% used [0x0000000095a00000,0x00000000970ac210,0x0000000098380000)
}
Event: 347.178 GC heap before
{Heap before GC invocations=10 (full 1):
 PSYoungGen      total 69120K, used 63328K [0x00000000e0000000, 0x00000000e8600000, 0x0000000100000000)
  eden space 62464K, 100% used [0x00000000e0000000,0x00000000e3d00000,0x00000000e3d00000)
  from space 6656K, 12% used [0x00000000e4380000,0x00000000e4458000,0x00000000e4a00000)
  to   space 6656K, 0% used [0x00000000e3d00000,0x00000000e3d00000,0x00000000e4380000)
 ParOldGen       total 170496K, used 14872K [0x00000000a0000000, 0x00000000aa680000, 0x00000000e0000000)
  object space 170496K, 8% used [0x00000000a0000000,0x00000000a0e863b8,0x00000000aa680000)
 PSPermGen       total 42496K, used 23309K [0x0000000095a00000, 0x0000000098380000, 0x00000000a0000000)
  object space 42496K, 54% used [0x0000000095a00000,0x00000000970c3720,0x0000000098380000)
Event: 347.179 GC heap after
Heap after GC invocations=10 (full 1):
 PSYoungGen      total 69120K, used 864K [0x00000000e0000000, 0x00000000e8700000, 0x0000000100000000)
  eden space 62464K, 0% used [0x00000000e0000000,0x00000000e0000000,0x00000000e3d00000)
  from space 6656K, 12% used [0x00000000e3d00000,0x00000000e3dd8000,0x00000000e4380000)
  to   space 6656K, 0% used [0x00000000e8080000,0x00000000e8080000,0x00000000e8700000)
 ParOldGen       total 170496K, used 14990K [0x00000000a0000000, 0x00000000aa680000, 0x00000000e0000000)
  object space 170496K, 8% used [0x00000000a0000000,0x00000000a0ea39e8,0x00000000aa680000)
 PSPermGen       total 42496K, used 23309K [0x0000000095a00000, 0x0000000098380000, 0x00000000a0000000)
  object space 42496K, 54% used [0x0000000095a00000,0x00000000970c3720,0x0000000098380000)
}
Event: 347.284 GC heap before
{Heap before GC invocations=11 (full 1):
 PSYoungGen      total 69120K, used 63328K [0x00000000e0000000, 0x00000000e8700000, 0x0000000100000000)
  eden space 62464K, 100% used [0x00000000e0000000,0x00000000e3d00000,0x00000000e3d00000)
  from space 6656K, 12% used [0x00000000e3d00000,0x00000000e3dd8000,0x00000000e4380000)
  to   space 6656K, 0% used [0x00000000e8080000,0x00000000e8080000,0x00000000e8700000)
 ParOldGen       total 170496K, used 14994K [0x00000000a0000000, 0x00000000aa680000, 0x00000000e0000000)
  object space 170496K, 8% used [0x00000000a0000000,0x00000000a0ea49d8,0x00000000aa680000)
 PSPermGen       total 42496K, used 23325K [0x0000000095a00000, 0x0000000098380000, 0x00000000a0000000)
  object space 42496K, 54% used [0x0000000095a00000,0x00000000970c77c0,0x0000000098380000)
Event: 347.286 GC heap after
Heap after GC invocations=11 (full 1):
 PSYoungGen      total 100864K, used 280K [0x00000000e0000000, 0x00000000e8100000, 0x0000000100000000)
  eden space 100352K, 0% used [0x00000000e0000000,0x00000000e0000000,0x00000000e6200000)
  from space 512K, 54% used [0x00000000e8080000,0x00000000e80c6260,0x00000000e8100000)
  to   space 6656K, 0% used [0x00000000e7400000,0x00000000e7400000,0x00000000e7a80000)
 ParOldGen       total 170496K, used 15662K [0x00000000a0000000, 0x00000000aa680000, 0x00000000e0000000)
  object space 170496K, 9% used [0x00000000a0000000,0x00000000a0f4b858,0x00000000aa680000)
 PSPermGen       total 42496K, used 23325K [0x0000000095a00000, 0x0000000098380000, 0x00000000a0000000)
  object space 42496K, 54% used [0x0000000095a00000,0x00000000970c77c0,0x0000000098380000)
}
Event: 347.354 GC heap before
{Heap before GC invocations=12 (full 1):
 PSYoungGen      total 100864K, used 100632K [0x00000000e0000000, 0x00000000e8100000, 0x0000000100000000)
  eden space 100352K, 100% used [0x00000000e0000000,0x00000000e6200000,0x00000000e6200000)
  from space 512K, 54% used [0x00000000e8080000,0x00000000e80c6260,0x00000000e8100000)
  to   space 6656K, 0% used [0x00000000e7400000,0x00000000e7400000,0x00000000e7a80000)
 ParOldGen       total 170496K, used 15662K [0x00000000a0000000, 0x00000000aa680000, 0x00000000e0000000)
  object space 170496K, 9% used [0x00000000a0000000,0x00000000a0f4b858,0x00000000aa680000)
 PSPermGen       total 42496K, used 23330K [0x0000000095a00000, 0x0000000098380000, 0x00000000a0000000)
  object space 42496K, 54% used [0x0000000095a00000,0x00000000970c8870,0x0000000098380000)
Event: 347.356 GC heap after
Heap after GC invocations=12 (full 1):
 PSYoungGen      total 125440K, used 344K [0x00000000e0000000, 0x00000000eaa00000, 0x0000000100000000)
  eden space 118784K, 0% used [0x00000000e0000000,0x00000000e0000000,0x00000000e7400000)
  from space 6656K, 5% used [0x00000000e7400000,0x00000000e7456260,0x00000000e7a80000)
  to   space 6656K, 0% used [0x00000000ea380000,0x00000000ea380000,0x00000000eaa00000)
 ParOldGen       total 170496K, used 15726K [0x00000000a0000000, 0x00000000aa680000, 0x00000000e0000000)
  object space 170496K, 9% used [0x00000000a0000000,0x00000000a0f5b858,0x00000000aa680000)
 PSPermGen       total 42496K, used 23330K [0x0000000095a00000, 0x0000000098380000, 0x00000000a0000000)
  object space 42496K, 54% used [0x0000000095a00000,0x00000000970c8870,0x0000000098380000)
}
Event: 348.149 GC heap before
{Heap before GC invocations=13 (full 1):
 PSYoungGen      total 125440K, used 119128K [0x00000000e0000000, 0x00000000eaa00000, 0x0000000100000000)
  eden space 118784K, 100% used [0x00000000e0000000,0x00000000e7400000,0x00000000e7400000)
  from space 6656K, 5% used [0x00000000e7400000,0x00000000e7456260,0x00000000e7a80000)
  to   space 6656K, 0% used [0x00000000ea380000,0x00000000ea380000,0x00000000eaa00000)
 ParOldGen       total 170496K, used 15726K [0x00000000a0000000, 0x00000000aa680000, 0x00000000e0000000)
  object space 170496K, 9% used [0x00000000a0000000,0x00000000a0f5b858,0x00000000aa680000)
 PSPermGen       total 42496K, used 24748K [0x0000000095a00000, 0x0000000098380000, 0x00000000a0000000)
  object space 42496K, 58% used [0x0000000095a00000,0x000000009722b0e8,0x0000000098380000)
Event: 348.154 GC heap after
Heap after GC invocations=13 (full 1):
 PSYoungGen      total 167424K, used 3438K [0x00000000e0000000, 0x00000000ec700000, 0x0000000100000000)
  eden space 160768K, 0% used [0x00000000e0000000,0x00000000e0000000,0x00000000e9d00000)
  from space 6656K, 51% used [0x00000000ea380000,0x00000000ea6dba00,0x00000000eaa00000)
  to   space 6656K, 0% used [0x00000000e9d00000,0x00000000e9d00000,0x00000000ea380000)
 ParOldGen       total 170496K, used 15854K [0x00000000a0000000, 0x00000000aa680000, 0x00000000e0000000)
  object space 170496K, 9% used [0x00000000a0000000,0x00000000a0f7bab8,0x00000000aa680000)
 PSPermGen       total 42496K, used 24748K [0x0000000095a00000, 0x0000000098380000, 0x00000000a0000000)
  object space 42496K, 58% used [0x0000000095a00000,0x000000009722b0e8,0x0000000098380000)
}

Deoptimization events (10 events):
Event: 348.178 Thread 0x00007f936c190800 Uncommon trap: reason=unstable_if action=reinterpret pc=0x00007f93c513dab4 method=java.util.ArrayList.remove(I)Ljava/lang/Object; @ 31
Event: 348.383 Thread 0x00007f93c837a800 Uncommon trap: reason=unstable_if action=reinterpret pc=0x00007f93c51c9c68 method=java.security.AccessControlContext.optimize()Ljava/security/AccessControlContext; @ 233
Event: 349.325 Thread 0x00007f936c190800 Uncommon trap: reason=class_check action=maybe_recompile pc=0x00007f93c519d6a0 method=java.util.regex.Pattern$CharProperty$1.isSatisfiedBy(I)Z @ 5
Event: 349.325 Thread 0x00007f936c190800 Uncommon trap: reason=class_check action=maybe_recompile pc=0x00007f93c519d6a0 method=java.util.regex.Pattern$CharProperty$1.isSatisfiedBy(I)Z @ 5
Event: 349.325 Thread 0x00007f936c190800 Uncommon trap: reason=class_check action=maybe_recompile pc=0x00007f93c519d6a0 method=java.util.regex.Pattern$CharProperty$1.isSatisfiedBy(I)Z @ 5
Event: 349.325 Thread 0x00007f936c190800 Uncommon trap: reason=class_check action=maybe_recompile pc=0x00007f93c519d6a0 method=java.util.regex.Pattern$CharProperty$1.isSatisfiedBy(I)Z @ 5
Event: 349.327 Thread 0x00007f936c190800 Uncommon trap: reason=bimorphic action=maybe_recompile pc=0x00007f93c50875b8 method=java.util.regex.Pattern$Start.match(Ljava/util/regex/Matcher;ILjava/lang/CharSequence;)Z @ 44
Event: 349.351 Thread 0x00007f936c190800 Uncommon trap: reason=bimorphic action=maybe_recompile pc=0x00007f93c50875b8 method=java.util.regex.Pattern$Start.match(Ljava/util/regex/Matcher;ILjava/lang/CharSequence;)Z @ 44
Event: 349.360 Thread 0x00007f936c190800 Uncommon trap: reason=bimorphic action=maybe_recompile pc=0x00007f93c50875b8 method=java.util.regex.Pattern$Start.match(Ljava/util/regex/Matcher;ILjava/lang/CharSequence;)Z @ 44
Event: 349.381 Thread 0x00007f93c837a800 Uncommon trap: reason=unstable_if action=reinterpret pc=0x00007f93c516b92c method=javax.swing.table.DefaultTableCellRenderer.firePropertyChange(Ljava/lang/String;Ljava/lang/Object;Ljava/lang/Object;)V @ 32

Internal exceptions (10 events):
Event: 347.875 Thread 0x00007f936c190800 Threw 0x00000000e6179330 at /build/openjdk-7-7bXZEq/openjdk-7-7u181-2.6.14/build/openjdk/hotspot/src/share/vm/prims/jvm.cpp:1367
Event: 347.877 Thread 0x00007f936c190800 Threw 0x00000000e618d168 at /build/openjdk-7-7bXZEq/openjdk-7-7u181-2.6.14/build/openjdk/hotspot/src/share/vm/prims/jvm.cpp:1367
Event: 347.877 Thread 0x00007f936c190800 Threw 0x00000000e618e420 at /build/openjdk-7-7bXZEq/openjdk-7-7u181-2.6.14/build/openjdk/hotspot/src/share/vm/prims/jvm.cpp:1367
Event: 347.948 Thread 0x00007f93c837a800 Implicit null exception at 0x00007f93c51d1b97 to 0x00007f93c51d43a1
Event: 349.318 Thread 0x00007f936c190800 Threw 0x00000000e1603bd8 at /build/openjdk-7-7bXZEq/openjdk-7-7u181-2.6.14/build/openjdk/hotspot/src/share/vm/prims/jvm.cpp:1367
Event: 349.318 Thread 0x00007f936c190800 Threw 0x00000000e1606c20 at /build/openjdk-7-7bXZEq/openjdk-7-7u181-2.6.14/build/openjdk/hotspot/src/share/vm/prims/jvm.cpp:1367
Event: 349.320 Thread 0x00007f936c190800 Threw 0x00000000e160c008 at /build/openjdk-7-7bXZEq/openjdk-7-7u181-2.6.14/build/openjdk/hotspot/src/share/vm/prims/jvm.cpp:1367
Event: 349.321 Thread 0x00007f936c190800 Threw 0x00000000e16123b0 at /build/openjdk-7-7bXZEq/openjdk-7-7u181-2.6.14/build/openjdk/hotspot/src/share/vm/prims/jvm.cpp:1367
Event: 349.321 Thread 0x00007f936c190800 Threw 0x00000000e1615860 at /build/openjdk-7-7bXZEq/openjdk-7-7u181-2.6.14/build/openjdk/hotspot/src/share/vm/prims/jvm.cpp:1367
Event: 349.325 Thread 0x00007f936c190800 Threw 0x00000000e1620878 at /build/openjdk-7-7bXZEq/openjdk-7-7u181-2.6.14/build/openjdk/hotspot/src/share/vm/prims/jvm.cpp:1367

Events (10 events):
Event: 349.351 Thread 0x00007f936c190800 DEOPT UNPACKING pc=0x00007f93c5039445 sp=0x00007f93a673a588 mode 2
Event: 349.360 Thread 0x00007f936c190800 Uncommon trap: trap_request=0xffffffc6 fr.pc=0x00007f93c50875b8
Event: 349.360 Thread 0x00007f936c190800 DEOPT PACKING pc=0x00007f93c50875b8 sp=0x00007f93a673a5b0
Event: 349.360 Thread 0x00007f936c190800 DEOPT UNPACKING pc=0x00007f93c5039445 sp=0x00007f93a673a588 mode 2
Event: 349.365 Thread 0x00007f93c80ae800 flushing nmethod 0x00007f93c5118ed0
Event: 349.380 loading class 0x00007f93cca2a780
Event: 349.380 loading class 0x00007f93cca2a780 done
Event: 349.381 Thread 0x00007f93c837a800 Uncommon trap: trap_request=0xffffff75 fr.pc=0x00007f93c516b92c
Event: 349.381 Thread 0x00007f93c837a800 DEOPT PACKING pc=0x00007f93c516b92c sp=0x00007f93a7165300
Event: 349.381 Thread 0x00007f93c837a800 DEOPT UNPACKING pc=0x00007f93c5039445 sp=0x00007f93a71652e0 mode 2


Dynamic libraries:
00400000-00401000 r-xp 00000000 08:01 5770552                            /usr/lib/jvm/java-7-openjdk-amd64/jre/bin/java
00600000-00601000 r--p 00000000 08:01 5770552                            /usr/lib/jvm/java-7-openjdk-amd64/jre/bin/java
00601000-00602000 rw-p 00001000 08:01 5770552                            /usr/lib/jvm/java-7-openjdk-amd64/jre/bin/java
00f3c000-00f5d000 rw-p 00000000 00:00 0                                  [heap]
95a00000-98380000 rw-p 00000000 00:00 0 
98380000-a0000000 rw-p 00000000 00:00 0 
a0000000-aa680000 rw-p 00000000 00:00 0 
aa680000-e0000000 rw-p 00000000 00:00 0 
e0000000-ec700000 rw-p 00000000 00:00 0 
ec700000-100000000 rw-p 00000000 00:00 0 
7f9350000000-7f9350021000 rw-p 00000000 00:00 0 
7f9350021000-7f9354000000 ---p 00000000 00:00 0 
7f9354000000-7f9354021000 rw-p 00000000 00:00 0 
7f9354021000-7f9358000000 ---p 00000000 00:00 0 
7f9358000000-7f9358021000 rw-p 00000000 00:00 0 
7f9358021000-7f935c000000 ---p 00000000 00:00 0 
7f935c000000-7f935c021000 rw-p 00000000 00:00 0 
7f935c021000-7f9360000000 ---p 00000000 00:00 0 
7f9360000000-7f9360021000 rw-p 00000000 00:00 0 
7f9360021000-7f9364000000 ---p 00000000 00:00 0 
7f9364000000-7f93640ad000 rw-p 00000000 00:00 0 
7f93640ad000-7f9368000000 ---p 00000000 00:00 0 
7f9368000000-7f9368021000 rw-p 00000000 00:00 0 
7f9368021000-7f936c000000 ---p 00000000 00:00 0 
7f936c000000-7f936c293000 rw-p 00000000 00:00 0 
7f936c293000-7f9370000000 ---p 00000000 00:00 0 
7f9370000000-7f9370021000 rw-p 00000000 00:00 0 
7f9370021000-7f9374000000 ---p 00000000 00:00 0 
7f9374000000-7f9374033000 rw-p 00000000 00:00 0 
7f9374033000-7f9378000000 ---p 00000000 00:00 0 
7f9378000000-7f9378021000 rw-p 00000000 00:00 0 
7f9378021000-7f937c000000 ---p 00000000 00:00 0 
7f937c000000-7f937c021000 rw-p 00000000 00:00 0 
7f937c021000-7f9380000000 ---p 00000000 00:00 0 
7f9380000000-7f9380a9f000 rw-p 00000000 00:00 0 
7f9380a9f000-7f9384000000 ---p 00000000 00:00 0 
7f9384000000-7f938518e000 rw-p 00000000 00:00 0 
7f938518e000-7f9388000000 ---p 00000000 00:00 0 
7f9388000000-7f9388021000 rw-p 00000000 00:00 0 
7f9388021000-7f938c000000 ---p 00000000 00:00 0 
7f938c000000-7f938c021000 rw-p 00000000 00:00 0 
7f938c021000-7f9390000000 ---p 00000000 00:00 0 
7f9390000000-7f9390022000 rw-p 00000000 00:00 0 
7f9390022000-7f9394000000 ---p 00000000 00:00 0 
7f9394000000-7f9394021000 rw-p 00000000 00:00 0 
7f9394021000-7f9398000000 ---p 00000000 00:00 0 
7f9398000000-7f9398021000 rw-p 00000000 00:00 0 
7f9398021000-7f939c000000 ---p 00000000 00:00 0 
7f939c000000-7f939c021000 rw-p 00000000 00:00 0 
7f939c021000-7f93a0000000 ---p 00000000 00:00 0 
7f93a0000000-7f93a0021000 rw-p 00000000 00:00 0 
7f93a0021000-7f93a4000000 ---p 00000000 00:00 0 
7f93a60e7000-7f93a6127000 r-xp 00000000 08:01 2097555                    /home/netlab/Backup_sbjeong/xxx 2020/contiki_git_ing/examples/ipv6/rpl-tsch/obj_cooja/mtype930.cooja
7f93a6127000-7f93a6327000 ---p 00040000 08:01 2097555                    /home/netlab/Backup_sbjeong/xxx 2020/contiki_git_ing/examples/ipv6/rpl-tsch/obj_cooja/mtype930.cooja
7f93a6327000-7f93a6328000 r--p 00040000 08:01 2097555                    /home/netlab/Backup_sbjeong/xxx 2020/contiki_git_ing/examples/ipv6/rpl-tsch/obj_cooja/mtype930.cooja
7f93a6328000-7f93a632a000 rw-p 00041000 08:01 2097555                    /home/netlab/Backup_sbjeong/xxx 2020/contiki_git_ing/examples/ipv6/rpl-tsch/obj_cooja/mtype930.cooja
7f93a632a000-7f93a6338000 rw-p 00000000 00:00 0 
7f93a6338000-7f93a633b000 ---p 00000000 00:00 0 
7f93a633b000-7f93a6439000 rw-p 00000000 00:00 0 
7f93a6439000-7f93a643c000 ---p 00000000 00:00 0 
7f93a643c000-7f93a653a000 rw-p 00000000 00:00 0 
7f93a653a000-7f93a653d000 ---p 00000000 00:00 0 
7f93a653d000-7f93a663b000 rw-p 00000000 00:00 0 
7f93a663b000-7f93a663e000 ---p 00000000 00:00 0 
7f93a663e000-7f93a673c000 rw-p 00000000 00:00 0 
7f93a673c000-7f93a6eb5000 rw-s 00000000 00:05 9502750                    /SYSV00000000 (deleted)
7f93a6f67000-7f93a6f6a000 ---p 00000000 00:00 0 
7f93a6f6a000-7f93a7068000 rw-p 00000000 00:00 0 
7f93a7068000-7f93a706b000 ---p 00000000 00:00 0 
7f93a706b000-7f93a7169000 rw-p 00000000 00:00 0 
7f93a7169000-7f93a716c000 ---p 00000000 00:00 0 
7f93a716c000-7f93a726a000 rw-p 00000000 00:00 0 
7f93a726a000-7f93a72bc000 r-xp 00000000 08:01 5770650                    /usr/lib/jvm/java-7-openjdk-amd64/jre/lib/amd64/libfontmanager.so
7f93a72bc000-7f93a74bb000 ---p 00052000 08:01 5770650                    /usr/lib/jvm/java-7-openjdk-amd64/jre/lib/amd64/libfontmanager.so
7f93a74bb000-7f93a74be000 r--p 00051000 08:01 5770650                    /usr/lib/jvm/java-7-openjdk-amd64/jre/lib/amd64/libfontmanager.so
7f93a74be000-7f93a74bf000 rw-p 00054000 08:01 5770650                    /usr/lib/jvm/java-7-openjdk-amd64/jre/lib/amd64/libfontmanager.so
7f93a74bf000-7f93a74c2000 ---p 00000000 00:00 0 
7f93a74c2000-7f93a75c0000 rw-p 00000000 00:00 0 
7f93a75c0000-7f93a75c5000 r-xp 00000000 08:01 4988952                    /usr/lib/x86_64-linux-gnu/libXfixes.so.3.1.0
7f93a75c5000-7f93a77c4000 ---p 00005000 08:01 4988952                    /usr/lib/x86_64-linux-gnu/libXfixes.so.3.1.0
7f93a77c4000-7f93a77c5000 r--p 00004000 08:01 4988952                    /usr/lib/x86_64-linux-gnu/libXfixes.so.3.1.0
7f93a77c5000-7f93a77c6000 rw-p 00005000 08:01 4988952                    /usr/lib/x86_64-linux-gnu/libXfixes.so.3.1.0
7f93a77c6000-7f93a77cf000 r-xp 00000000 08:01 4983250                    /usr/lib/x86_64-linux-gnu/libXcursor.so.1.0.2
7f93a77cf000-7f93a79ce000 ---p 00009000 08:01 4983250                    /usr/lib/x86_64-linux-gnu/libXcursor.so.1.0.2
7f93a79ce000-7f93a79cf000 r--p 00008000 08:01 4983250                    /usr/lib/x86_64-linux-gnu/libXcursor.so.1.0.2
7f93a79cf000-7f93a79d0000 rw-p 00009000 08:01 4983250                    /usr/lib/x86_64-linux-gnu/libXcursor.so.1.0.2
7f93a79d0000-7f93a79f5000 r-xp 00000000 08:01 1179869                    /lib/x86_64-linux-gnu/libpng12.so.0.50.0
7f93a79f5000-7f93a7bf4000 ---p 00025000 08:01 1179869                    /lib/x86_64-linux-gnu/libpng12.so.0.50.0
7f93a7bf4000-7f93a7bf5000 r--p 00024000 08:01 1179869                    /lib/x86_64-linux-gnu/libpng12.so.0.50.0
7f93a7bf5000-7f93a7bf6000 rw-p 00025000 08:01 1179869                    /lib/x86_64-linux-gnu/libpng12.so.0.50.0
7f93a7bf6000-7f93a7bfb000 r-xp 00000000 08:01 4988948                    /usr/lib/x86_64-linux-gnu/libXdmcp.so.6.0.0
7f93a7bfb000-7f93a7dfa000 ---p 00005000 08:01 4988948                    /usr/lib/x86_64-linux-gnu/libXdmcp.so.6.0.0
7f93a7dfa000-7f93a7dfb000 r--p 00004000 08:01 4988948                    /usr/lib/x86_64-linux-gnu/libXdmcp.so.6.0.0
7f93a7dfb000-7f93a7dfc000 rw-p 00005000 08:01 4988948                    /usr/lib/x86_64-linux-gnu/libXdmcp.so.6.0.0
7f93a7dfc000-7f93a7dfe000 r-xp 00000000 08:01 4988937                    /usr/lib/x86_64-linux-gnu/libXau.so.6.0.0
7f93a7dfe000-7f93a7ffe000 ---p 00002000 08:01 4988937                    /usr/lib/x86_64-linux-gnu/libXau.so.6.0.0
7f93a7ffe000-7f93a7fff000 r--p 00002000 08:01 4988937                    /usr/lib/x86_64-linux-gnu/libXau.so.6.0.0
7f93a7fff000-7f93a8000000 rw-p 00003000 08:01 4988937                    /usr/lib/x86_64-linux-gnu/libXau.so.6.0.0
7f93a8000000-7f93a8021000 rw-p 00000000 00:00 0 
7f93a8021000-7f93ac000000 ---p 00000000 00:00 0 
7f93ac000000-7f93ac021000 rw-p 00000000 00:00 0 
7f93ac021000-7f93b0000000 ---p 00000000 00:00 0 
7f93b0000000-7f93b0021000 rw-p 00000000 00:00 0 
7f93b0021000-7f93b4000000 ---p 00000000 00:00 0 
7f93b4027000-7f93b4028000 rw-p 00000000 00:00 0 
7f93b4028000-7f93b402b000 ---p 00000000 00:00 0 
7f93b402b000-7f93b4061000 rw-p 00000000 00:00 0 
7f93b4061000-7f93b4062000 r--s 00003000 08:01 1780376                    /home/netlab/Backup_sbjeong/xxx 2020/contiki_git_ing/tools/cooja/apps/powertracker/lib/powertracker.jar
7f93b4062000-7f93b4064000 r--s 00008000 08:01 1780392                    /home/netlab/Backup_sbjeong/xxx 2020/contiki_git_ing/tools/cooja/apps/serial_socket/lib/serial_socket.jar
7f93b4064000-7f93b409e000 r--s 001e1000 08:01 1779958                    /home/netlab/Backup_sbjeong/xxx 2020/contiki_git_ing/tools/cooja/apps/avrora/lib/avrora-small.jar
7f93b409e000-7f93b40aa000 r--s 000eb000 08:01 1780366                    /home/netlab/Backup_sbjeong/xxx 2020/contiki_git_ing/tools/cooja/apps/mspsim/lib/mspsim.jar
7f93b40aa000-7f93b40b0000 r--s 00064000 08:01 1780369                    /home/netlab/Backup_sbjeong/xxx 2020/contiki_git_ing/tools/cooja/apps/mspsim/lib/cooja_mspsim.jar
7f93b40b0000-7f93b40bb000 r--s 00000000 08:01 6556014                    /var/cache/fontconfig/945677eb7aeaf62f1d50efc3fb3ec7d8-le64.cache-4
7f93b40bb000-7f93b40be000 ---p 00000000 00:00 0 
7f93b40be000-7f93b41bc000 rw-p 00000000 00:00 0 
7f93b41bc000-7f93b41e3000 r-xp 00000000 08:01 1179745                    /lib/x86_64-linux-gnu/libexpat.so.1.6.0
7f93b41e3000-7f93b43e3000 ---p 00027000 08:01 1179745                    /lib/x86_64-linux-gnu/libexpat.so.1.6.0
7f93b43e3000-7f93b43e5000 r--p 00027000 08:01 1179745                    /lib/x86_64-linux-gnu/libexpat.so.1.6.0
7f93b43e5000-7f93b43e6000 rw-p 00029000 08:01 1179745                    /lib/x86_64-linux-gnu/libexpat.so.1.6.0
7f93b43e6000-7f93b4483000 r-xp 00000000 08:01 4982345                    /usr/lib/x86_64-linux-gnu/libfreetype.so.6.11.1
7f93b4483000-7f93b4682000 ---p 0009d000 08:01 4982345                    /usr/lib/x86_64-linux-gnu/libfreetype.so.6.11.1
7f93b4682000-7f93b4688000 r--p 0009c000 08:01 4982345                    /usr/lib/x86_64-linux-gnu/libfreetype.so.6.11.1
7f93b4688000-7f93b4689000 rw-p 000a2000 08:01 4982345                    /usr/lib/x86_64-linux-gnu/libfreetype.so.6.11.1
7f93b4689000-7f93b46a6000 r-xp 00000000 08:01 4990005                    /usr/lib/x86_64-linux-gnu/libxcb.so.1.1.0
7f93b46a6000-7f93b48a6000 ---p 0001d000 08:01 4990005                    /usr/lib/x86_64-linux-gnu/libxcb.so.1.1.0
7f93b48a6000-7f93b48a7000 r--p 0001d000 08:01 4990005                    /usr/lib/x86_64-linux-gnu/libxcb.so.1.1.0
7f93b48a7000-7f93b48a8000 rw-p 0001e000 08:01 4990005                    /usr/lib/x86_64-linux-gnu/libxcb.so.1.1.0
7f93b48a8000-7f93b48e2000 r-xp 00000000 08:01 4982343                    /usr/lib/x86_64-linux-gnu/libfontconfig.so.1.8.0
7f93b48e2000-7f93b4ae1000 ---p 0003a000 08:01 4982343                    /usr/lib/x86_64-linux-gnu/libfontconfig.so.1.8.0
7f93b4ae1000-7f93b4ae3000 r--p 00039000 08:01 4982343                    /usr/lib/x86_64-linux-gnu/libfontconfig.so.1.8.0
7f93b4ae3000-7f93b4ae4000 rw-p 0003b000 08:01 4982343                    /usr/lib/x86_64-linux-gnu/libfontconfig.so.1.8.0
7f93b4ae4000-7f93b4af3000 r-xp 00000000 08:01 4988958                    /usr/lib/x86_64-linux-gnu/libXi.so.6.1.0
7f93b4af3000-7f93b4cf2000 ---p 0000f000 08:01 4988958                    /usr/lib/x86_64-linux-gnu/libXi.so.6.1.0
7f93b4cf2000-7f93b4cf3000 r--p 0000e000 08:01 4988958                    /usr/lib/x86_64-linux-gnu/libXi.so.6.1.0
7f93b4cf3000-7f93b4cf4000 rw-p 0000f000 08:01 4988958                    /usr/lib/x86_64-linux-gnu/libXi.so.6.1.0
7f93b4cf4000-7f93b4cf9000 r-xp 00000000 08:01 4988978                    /usr/lib/x86_64-linux-gnu/libXtst.so.6.1.0
7f93b4cf9000-7f93b4ef8000 ---p 00005000 08:01 4988978                    /usr/lib/x86_64-linux-gnu/libXtst.so.6.1.0
7f93b4ef8000-7f93b4ef9000 r--p 00004000 08:01 4988978                    /usr/lib/x86_64-linux-gnu/libXtst.so.6.1.0
7f93b4ef9000-7f93b4efa000 rw-p 00005000 08:01 4988978                    /usr/lib/x86_64-linux-gnu/libXtst.so.6.1.0
7f93b4efa000-7f93b4efc000 r-xp 00000000 08:01 4988942                    /usr/lib/x86_64-linux-gnu/libXcomposite.so.1.0.0
7f93b4efc000-7f93b50fb000 ---p 00002000 08:01 4988942                    /usr/lib/x86_64-linux-gnu/libXcomposite.so.1.0.0
7f93b50fb000-7f93b50fc000 r--p 00001000 08:01 4988942                    /usr/lib/x86_64-linux-gnu/libXcomposite.so.1.0.0
7f93b50fc000-7f93b50fd000 rw-p 00002000 08:01 4988942                    /usr/lib/x86_64-linux-gnu/libXcomposite.so.1.0.0
7f93b50fd000-7f93b5106000 r-xp 00000000 08:01 4988972                    /usr/lib/x86_64-linux-gnu/libXrender.so.1.3.0
7f93b5106000-7f93b5305000 ---p 00009000 08:01 4988972                    /usr/lib/x86_64-linux-gnu/libXrender.so.1.3.0
7f93b5305000-7f93b5306000 r--p 00008000 08:01 4988972                    /usr/lib/x86_64-linux-gnu/libXrender.so.1.3.0
7f93b5306000-7f93b5307000 rw-p 00009000 08:01 4988972                    /usr/lib/x86_64-linux-gnu/libXrender.so.1.3.0
7f93b5307000-7f93b5437000 r-xp 00000000 08:01 4988933                    /usr/lib/x86_64-linux-gnu/libX11.so.6.3.0
7f93b5437000-7f93b5637000 ---p 00130000 08:01 4988933                    /usr/lib/x86_64-linux-gnu/libX11.so.6.3.0
7f93b5637000-7f93b5638000 r--p 00130000 08:01 4988933                    /usr/lib/x86_64-linux-gnu/libX11.so.6.3.0
7f93b5638000-7f93b563c000 rw-p 00131000 08:01 4988933                    /usr/lib/x86_64-linux-gnu/libX11.so.6.3.0
7f93b563c000-7f93b564d000 r-xp 00000000 08:01 4988950                    /usr/lib/x86_64-linux-gnu/libXext.so.6.4.0
7f93b564d000-7f93b584c000 ---p 00011000 08:01 4988950                    /usr/lib/x86_64-linux-gnu/libXext.so.6.4.0
7f93b584c000-7f93b584d000 r--p 00010000 08:01 4988950                    /usr/lib/x86_64-linux-gnu/libXext.so.6.4.0
7f93b584d000-7f93b584e000 rw-p 00011000 08:01 4988950                    /usr/lib/x86_64-linux-gnu/libXext.so.6.4.0
7f93b584e000-7f93b5896000 r-xp 00000000 08:01 5768252                    /usr/lib/jvm/java-7-openjdk-amd64/jre/lib/amd64/xawt/libmawt.so
7f93b5896000-7f93b5a95000 ---p 00048000 08:01 5768252                    /usr/lib/jvm/java-7-openjdk-amd64/jre/lib/amd64/xawt/libmawt.so
7f93b5a95000-7f93b5a96000 r--p 00047000 08:01 5768252                    /usr/lib/jvm/java-7-openjdk-amd64/jre/lib/amd64/xawt/libmawt.so
7f93b5a96000-7f93b5a99000 rw-p 00048000 08:01 5768252                    /usr/lib/jvm/java-7-openjdk-amd64/jre/lib/amd64/xawt/libmawt.so
7f93b5a99000-7f93b5a9a000 rw-p 00000000 00:00 0 
7f93b5a9a000-7f93b5b3a000 r-xp 00000000 08:01 5770618                    /usr/lib/jvm/java-7-openjdk-amd64/jre/lib/amd64/libawt.so
7f93b5b3a000-7f93b5d39000 ---p 000a0000 08:01 5770618                    /usr/lib/jvm/java-7-openjdk-amd64/jre/lib/amd64/libawt.so
7f93b5d39000-7f93b5d3a000 r--p 0009f000 08:01 5770618                    /usr/lib/jvm/java-7-openjdk-amd64/jre/lib/amd64/libawt.so
7f93b5d3a000-7f93b5d45000 rw-p 000a0000 08:01 5770618                    /usr/lib/jvm/java-7-openjdk-amd64/jre/lib/amd64/libawt.so
7f93b5d45000-7f93b5d6a000 rw-p 00000000 00:00 0 
7f93b5d6a000-7f93b5da7000 r-xp 00000000 08:01 1179653                    /lib/x86_64-linux-gnu/libpcre.so.3.13.1
7f93b5da7000-7f93b5fa6000 ---p 0003d000 08:01 1179653                    /lib/x86_64-linux-gnu/libpcre.so.3.13.1
7f93b5fa6000-7f93b5fa7000 r--p 0003c000 08:01 1179653                    /lib/x86_64-linux-gnu/libpcre.so.3.13.1
7f93b5fa7000-7f93b5fa8000 rw-p 0003d000 08:01 1179653                    /lib/x86_64-linux-gnu/libpcre.so.3.13.1
7f93b5fa8000-7f93b5faf000 r-xp 00000000 08:01 4982252                    /usr/lib/x86_64-linux-gnu/libffi.so.6.0.1
7f93b5faf000-7f93b61ae000 ---p 00007000 08:01 4982252                    /usr/lib/x86_64-linux-gnu/libffi.so.6.0.1
7f93b61ae000-7f93b61af000 r--p 00006000 08:01 4982252                    /usr/lib/x86_64-linux-gnu/libffi.so.6.0.1
7f93b61af000-7f93b61b0000 rw-p 00007000 08:01 4982252                    /usr/lib/x86_64-linux-gnu/libffi.so.6.0.1
7f93b61b0000-7f93b61c7000 r-xp 00000000 08:01 1183989                    /lib/x86_64-linux-gnu/libresolv-2.19.so
7f93b61c7000-7f93b63c7000 ---p 00017000 08:01 1183989                    /lib/x86_64-linux-gnu/libresolv-2.19.so
7f93b63c7000-7f93b63c8000 r--p 00017000 08:01 1183989                    /lib/x86_64-linux-gnu/libresolv-2.19.so
7f93b63c8000-7f93b63c9000 rw-p 00018000 08:01 1183989                    /lib/x86_64-linux-gnu/libresolv-2.19.so
7f93b63c9000-7f93b63cb000 rw-p 00000000 00:00 0 
7f93b63cb000-7f93b63eb000 r-xp 00000000 08:01 1184140                    /lib/x86_64-linux-gnu/libselinux.so.1
7f93b63eb000-7f93b65ea000 ---p 00020000 08:01 1184140                    /lib/x86_64-linux-gnu/libselinux.so.1
7f93b65ea000-7f93b65eb000 r--p 0001f000 08:01 1184140                    /lib/x86_64-linux-gnu/libselinux.so.1
7f93b65eb000-7f93b65ec000 rw-p 00020000 08:01 1184140                    /lib/x86_64-linux-gnu/libselinux.so.1
7f93b65ec000-7f93b65ee000 rw-p 00000000 00:00 0 
7f93b65ee000-7f93b65f1000 r-xp 00000000 08:01 4981121                    /usr/lib/x86_64-linux-gnu/libgmodule-2.0.so.0.4002.0
7f93b65f1000-7f93b67f0000 ---p 00003000 08:01 4981121                    /usr/lib/x86_64-linux-gnu/libgmodule-2.0.so.0.4002.0
7f93b67f0000-7f93b67f1000 r--p 00002000 08:01 4981121                    /usr/lib/x86_64-linux-gnu/libgmodule-2.0.so.0.4002.0
7f93b67f1000-7f93b67f2000 rw-p 00003000 08:01 4981121                    /usr/lib/x86_64-linux-gnu/libgmodule-2.0.so.0.4002.0
7f93b67f2000-7f93b68f8000 r-xp 00000000 08:01 1179901                    /lib/x86_64-linux-gnu/libglib-2.0.so.0.4002.0
7f93b68f8000-7f93b6af7000 ---p 00106000 08:01 1179901                    /lib/x86_64-linux-gnu/libglib-2.0.so.0.4002.0
7f93b6af7000-7f93b6af8000 r--p 00105000 08:01 1179901                    /lib/x86_64-linux-gnu/libglib-2.0.so.0.4002.0
7f93b6af8000-7f93b6af9000 rw-p 00106000 08:01 1179901                    /lib/x86_64-linux-gnu/libglib-2.0.so.0.4002.0
7f93b6af9000-7f93b6afa000 rw-p 00000000 00:00 0 
7f93b6afa000-7f93b6b49000 r-xp 00000000 08:01 4981124                    /usr/lib/x86_64-linux-gnu/libgobject-2.0.so.0.4002.0
7f93b6b49000-7f93b6d49000 ---p 0004f000 08:01 4981124                    /usr/lib/x86_64-linux-gnu/libgobject-2.0.so.0.4002.0
7f93b6d49000-7f93b6d4a000 r--p 0004f000 08:01 4981124                    /usr/lib/x86_64-linux-gnu/libgobject-2.0.so.0.4002.0
7f93b6d4a000-7f93b6d4b000 rw-p 00050000 08:01 4981124                    /usr/lib/x86_64-linux-gnu/libgobject-2.0.so.0.4002.0
7f93b6d4b000-7f93b6eb7000 r-xp 00000000 08:01 4981103                    /usr/lib/x86_64-linux-gnu/libgio-2.0.so.0.4002.0
7f93b6eb7000-7f93b70b7000 ---p 0016c000 08:01 4981103                    /usr/lib/x86_64-linux-gnu/libgio-2.0.so.0.4002.0
7f93b70b7000-7f93b70bb000 r--p 0016c000 08:01 4981103                    /usr/lib/x86_64-linux-gnu/libgio-2.0.so.0.4002.0
7f93b70bb000-7f93b70bd000 rw-p 00170000 08:01 4981103                    /usr/lib/x86_64-linux-gnu/libgio-2.0.so.0.4002.0
7f93b70bd000-7f93b70bf000 rw-p 00000000 00:00 0 
7f93b70bf000-7f93b70d6000 r-xp 00000000 08:01 5770623                    /usr/lib/jvm/java-7-openjdk-amd64/jre/lib/amd64/libnet.so
7f93b70d6000-7f93b72d6000 ---p 00017000 08:01 5770623                    /usr/lib/jvm/java-7-openjdk-amd64/jre/lib/amd64/libnet.so
7f93b72d6000-7f93b72d7000 r--p 00017000 08:01 5770623                    /usr/lib/jvm/java-7-openjdk-amd64/jre/lib/amd64/libnet.so
7f93b72d7000-7f93b72d8000 rw-p 00018000 08:01 5770623                    /usr/lib/jvm/java-7-openjdk-amd64/jre/lib/amd64/libnet.so
7f93b72d8000-7f93b72e8000 r-xp 00000000 08:01 5770664                    /usr/lib/jvm/java-7-openjdk-amd64/jre/lib/amd64/libnio.so
7f93b72e8000-7f93b74e8000 ---p 00010000 08:01 5770664                    /usr/lib/jvm/java-7-openjdk-amd64/jre/lib/amd64/libnio.so
7f93b74e8000-7f93b74e9000 r--p 00010000 08:01 5770664                    /usr/lib/jvm/java-7-openjdk-amd64/jre/lib/amd64/libnio.so
7f93b74e9000-7f93b74ea000 rw-p 00011000 08:01 5770664                    /usr/lib/jvm/java-7-openjdk-amd64/jre/lib/amd64/libnio.so
7f93b74ea000-7f93b74eb000 ---p 00000000 00:00 0 
7f93b74eb000-7f93b75eb000 rw-p 00000000 00:00 0 
7f93b75eb000-7f93b75ee000 ---p 00000000 00:00 0 
7f93b75ee000-7f93b76ec000 rw-p 00000000 00:00 0 
7f93b76ec000-7f93b76ef000 ---p 00000000 00:00 0 
7f93b76ef000-7f93b77ed000 rw-p 00000000 00:00 0 
7f93b77ed000-7f93b8000000 r--p 00000000 08:01 4987895                    /usr/lib/locale/locale-archive
7f93b8000000-7f93b8021000 rw-p 00000000 00:00 0 
7f93b8021000-7f93bc000000 ---p 00000000 00:00 0 
7f93bc000000-7f93bc001000 r--s 00002000 08:01 1779993                    /home/netlab/Backup_sbjeong/xxx 2020/contiki_git_ing/tools/cooja/apps/collect-view/cooja-collect-view.jar
7f93bc001000-7f93bc002000 r--s 00008000 08:01 1779959                    /home/netlab/Backup_sbjeong/xxx 2020/contiki_git_ing/tools/cooja/apps/avrora/lib/cooja_avrora.jar
7f93bc002000-7f93bc004000 r--s 00010000 08:01 1780367                    /home/netlab/Backup_sbjeong/xxx 2020/contiki_git_ing/tools/cooja/apps/mspsim/lib/jipv6.jar
7f93bc004000-7f93bc005000 r--s 00004000 08:01 1780368                    /home/netlab/Backup_sbjeong/xxx 2020/contiki_git_ing/tools/cooja/apps/mspsim/lib/coffee.jar
7f93bc005000-7f93bc007000 r--s 0001e000 08:01 1780085                    /home/netlab/Backup_sbjeong/xxx 2020/contiki_git_ing/tools/cooja/apps/mrm/lib/mrm.jar
7f93bc007000-7f93bc008000 r--s 00000000 08:01 6556024                    /var/cache/fontconfig/c05880de57d1f5e948fdfacc138775d9-le64.cache-4
7f93bc008000-7f93bc011000 r--s 00000000 08:01 6554854                    /var/cache/fontconfig/a6d8cf8e4ec09cdbc8633c31745a07dd-le64.cache-4
7f93bc011000-7f93bc017000 r--s 00000000 08:01 6554853                    /var/cache/fontconfig/2cd17615ca594fa2959ae173292e504c-le64.cache-4
7f93bc017000-7f93bc018000 r--s 00000000 08:01 6554842                    /var/cache/fontconfig/e7071f4a29fa870f4323321c154eba04-le64.cache-4
7f93bc018000-7f93bc019000 r--s 00000000 08:01 6554820                    /var/cache/fontconfig/0d8c3b2ac0904cb8a57a757ad11a4a08-le64.cache-4
7f93bc019000-7f93bc020000 r--s 00000000 08:01 6554812                    /var/cache/fontconfig/a755afe4a08bf5b97852ceb7400b47bc-le64.cache-4
7f93bc020000-7f93bc034000 r--s 00000000 08:01 6554811                    /var/cache/fontconfig/04aabc0a78ac019cf9454389977116d2-le64.cache-4
7f93bc034000-7f93bc035000 r--s 00000000 08:01 6554531                    /var/cache/fontconfig/1ac9eb803944fde146138c791f5cc56a-le64.cache-4
7f93bc035000-7f93bc039000 r--s 00000000 08:01 6554528                    /var/cache/fontconfig/385c0604a188198f04d133e54aba7fe7-le64.cache-4
7f93bc039000-7f93bc03a000 r--s 00000000 08:01 6554527                    /var/cache/fontconfig/dc05db6664285cc2f12bf69c139ae4c3-le64.cache-4
7f93bc03a000-7f93bc03c000 r--s 00000000 08:01 6553995                    /var/cache/fontconfig/767a8244fc0220cfb567a839d0392e0b-le64.cache-4
7f93bc03c000-7f93bc03d000 r--s 00000000 08:01 6554526                    /var/cache/fontconfig/4794a0821666d79190d59a36cb4f44b5-le64.cache-4
7f93bc03d000-7f93bc043000 r--s 00000000 08:01 6554524                    /var/cache/fontconfig/8801497958630a81b71ace7c5f9b32a8-le64.cache-4
7f93bc043000-7f93bc04a000 r--s 00000000 08:01 6554522                    /var/cache/fontconfig/3047814df9a2f067bd2d96a2b9c36e5a-le64.cache-4
7f93bc04a000-7f93bc04b000 r--s 00000000 08:01 6554510                    /var/cache/fontconfig/56cf4f4769d0f4abc89a4895d7bd3ae1-le64.cache-4
7f93bc04b000-7f93bc04c000 r--s 00000000 08:01 6554508                    /var/cache/fontconfig/b9d506c9ac06c20b433354fa67a72993-le64.cache-4
7f93bc04c000-7f93bc052000 r--s 00000000 08:01 6554362                    /var/cache/fontconfig/b47c4e1ecd0709278f4910c18777a504-le64.cache-4
7f93bc052000-7f93bc079000 r--p 00000000 08:01 5516359                    /usr/share/locale-langpack/ko/LC_MESSAGES/libc.mo
7f93bc079000-7f93bc0aa000 rw-p 00000000 00:00 0 
7f93bc0aa000-7f93bc0bd000 r--s 00000000 08:01 6554359                    /var/cache/fontconfig/d52a8644073d54c13679302ca1180695-le64.cache-4
7f93bc0bd000-7f93bc0c6000 r--s 00000000 08:01 6554357                    /var/cache/fontconfig/3f7329c5293ffd510edef78f73874cfd-le64.cache-4
7f93bc0c6000-7f93bc0c9000 ---p 00000000 00:00 0 
7f93bc0c9000-7f93bc1c7000 rw-p 00000000 00:00 0 
7f93bc1c7000-7f93bc1ca000 ---p 00000000 00:00 0 
7f93bc1ca000-7f93bc2c8000 rw-p 00000000 00:00 0 
7f93bc2c8000-7f93bc2cb000 ---p 00000000 00:00 0 
7f93bc2cb000-7f93bc3c9000 rw-p 00000000 00:00 0 
7f93bc3c9000-7f93bc3cc000 ---p 00000000 00:00 0 
7f93bc3cc000-7f93bc4ca000 rw-p 00000000 00:00 0 
7f93bc4ca000-7f93bc4cb000 ---p 00000000 00:00 0 
7f93bc4cb000-7f93c0000000 rw-p 00000000 00:00 0 
7f93c0000000-7f93c0021000 rw-p 00000000 00:00 0 
7f93c0021000-7f93c4000000 ---p 00000000 00:00 0 
7f93c4000000-7f93c400b000 r--s 00000000 08:01 6554162                    /var/cache/fontconfig/d589a48862398ed80a3d6066f4f56f4c-le64.cache-4
7f93c400b000-7f93c400e000 r--s 00000000 08:01 6554015                    /var/cache/fontconfig/e13b20fdb08344e0e664864cc2ede53d-le64.cache-4
7f93c400e000-7f93c402b000 r--s 0014f000 08:01 1780613                    /home/netlab/Backup_sbjeong/xxx 2020/contiki_git_ing/tools/cooja/lib/swingx-all-1.6.4.jar
7f93c402b000-7f93c5000000 rw-p 00000000 00:00 0 
7f93c5000000-7f93c5270000 rwxp 00000000 00:00 0 
7f93c5270000-7f93c8391000 rw-p 00000000 00:00 0 
7f93c8391000-7f93cc000000 ---p 00000000 00:00 0 
7f93cc000000-7f93cc001000 r--s 00000000 08:01 6554135                    /var/cache/fontconfig/0c9eb80ebd1c36541ebe2852d3bb0c49-le64.cache-4
7f93cc001000-7f93cc005000 r--s 00000000 08:01 6554132                    /var/cache/fontconfig/7ef2298fde41cc6eeb7af42e48b7d293-le64.cache-4
7f93cc005000-7f93cc00c000 r--s 00000000 08:01 5245345                    /usr/lib/x86_64-linux-gnu/gconv/gconv-modules.cache
7f93cc00c000-7f93cc7c0000 rw-p 00000000 00:00 0 
7f93cc7c0000-7f93cc977000 r--s 01d7c000 08:01 5648853                    /usr/lib/jvm/java-7-openjdk-amd64/jre/lib/rt.jar
7f93cc977000-7f93ccde5000 rw-p 00000000 00:00 0 
7f93ccde5000-7f93ccde6000 ---p 00000000 00:00 0 
7f93ccde6000-7f93ccee6000 rw-p 00000000 00:00 0 
7f93ccee6000-7f93ccee7000 ---p 00000000 00:00 0 
7f93ccee7000-7f93ccfe7000 rw-p 00000000 00:00 0 
7f93ccfe7000-7f93ccfe8000 ---p 00000000 00:00 0 
7f93ccfe8000-7f93cd0e8000 rw-p 00000000 00:00 0 
7f93cd0e8000-7f93cd0e9000 ---p 00000000 00:00 0 
7f93cd0e9000-7f93cd1e9000 rw-p 00000000 00:00 0 
7f93cd1e9000-7f93cd1ea000 ---p 00000000 00:00 0 
7f93cd1ea000-7f93cd2ea000 rw-p 00000000 00:00 0 
7f93cd2ea000-7f93cd2eb000 ---p 00000000 00:00 0 
7f93cd2eb000-7f93cd3eb000 rw-p 00000000 00:00 0 
7f93cd3eb000-7f93cd3ec000 ---p 00000000 00:00 0 
7f93cd3ec000-7f93cd4ec000 rw-p 00000000 00:00 0 
7f93cd4ec000-7f93cd4ed000 ---p 00000000 00:00 0 
7f93cd4ed000-7f93cd602000 rw-p 00000000 00:00 0 
7f93cd602000-7f93cd640000 rw-p 00000000 00:00 0 
7f93cd640000-7f93cd694000 rw-p 00000000 00:00 0 
7f93cd694000-7f93cd840000 rw-p 00000000 00:00 0 
7f93cd840000-7f93cd855000 rw-p 00000000 00:00 0 
7f93cd855000-7f93cd893000 rw-p 00000000 00:00 0 
7f93cd893000-7f93cd8e7000 rw-p 00000000 00:00 0 
7f93cd8e7000-7f93cda93000 rw-p 00000000 00:00 0 
7f93cda93000-7f93cdaf7000 rw-p 00000000 00:00 0 
7f93cdaf7000-7f93cdb93000 rw-p 00000000 00:00 0 
7f93cdb93000-7f93cdb94000 rw-p 00000000 00:00 0 
7f93cdb94000-7f93cdb9c000 r-xp 00000000 08:01 5770669                    /usr/lib/jvm/java-7-openjdk-amd64/jre/lib/amd64/libzip.so
7f93cdb9c000-7f93cdd9b000 ---p 00008000 08:01 5770669                    /usr/lib/jvm/java-7-openjdk-amd64/jre/lib/amd64/libzip.so
7f93cdd9b000-7f93cdd9c000 r--p 00007000 08:01 5770669                    /usr/lib/jvm/java-7-openjdk-amd64/jre/lib/amd64/libzip.so
7f93cdd9c000-7f93cdd9d000 rw-p 00008000 08:01 5770669                    /usr/lib/jvm/java-7-openjdk-amd64/jre/lib/amd64/libzip.so
7f93cdd9d000-7f93cdda7000 r-xp 00000000 08:01 1183987                    /lib/x86_64-linux-gnu/libnss_files-2.19.so
7f93cdda7000-7f93cdfa6000 ---p 0000a000 08:01 1183987                    /lib/x86_64-linux-gnu/libnss_files-2.19.so
7f93cdfa6000-7f93cdfa7000 r--p 00009000 08:01 1183987                    /lib/x86_64-linux-gnu/libnss_files-2.19.so
7f93cdfa7000-7f93cdfa8000 rw-p 0000a000 08:01 1183987                    /lib/x86_64-linux-gnu/libnss_files-2.19.so
7f93cdfa8000-7f93cdfb3000 r-xp 00000000 08:01 1183993                    /lib/x86_64-linux-gnu/libnss_nis-2.19.so
7f93cdfb3000-7f93ce1b2000 ---p 0000b000 08:01 1183993                    /lib/x86_64-linux-gnu/libnss_nis-2.19.so
7f93ce1b2000-7f93ce1b3000 r--p 0000a000 08:01 1183993                    /lib/x86_64-linux-gnu/libnss_nis-2.19.so
7f93ce1b3000-7f93ce1b4000 rw-p 0000b000 08:01 1183993                    /lib/x86_64-linux-gnu/libnss_nis-2.19.so
7f93ce1b4000-7f93ce1cb000 r-xp 00000000 08:01 1184062                    /lib/x86_64-linux-gnu/libnsl-2.19.so
7f93ce1cb000-7f93ce3ca000 ---p 00017000 08:01 1184062                    /lib/x86_64-linux-gnu/libnsl-2.19.so
7f93ce3ca000-7f93ce3cb000 r--p 00016000 08:01 1184062                    /lib/x86_64-linux-gnu/libnsl-2.19.so
7f93ce3cb000-7f93ce3cc000 rw-p 00017000 08:01 1184062                    /lib/x86_64-linux-gnu/libnsl-2.19.so
7f93ce3cc000-7f93ce3ce000 rw-p 00000000 00:00 0 
7f93ce3ce000-7f93ce3d7000 r-xp 00000000 08:01 1184010                    /lib/x86_64-linux-gnu/libnss_compat-2.19.so
7f93ce3d7000-7f93ce5d6000 ---p 00009000 08:01 1184010                    /lib/x86_64-linux-gnu/libnss_compat-2.19.so
7f93ce5d6000-7f93ce5d7000 r--p 00008000 08:01 1184010                    /lib/x86_64-linux-gnu/libnss_compat-2.19.so
7f93ce5d7000-7f93ce5d8000 rw-p 00009000 08:01 1184010                    /lib/x86_64-linux-gnu/libnss_compat-2.19.so
7f93ce5d8000-7f93ce602000 r-xp 00000000 08:01 5770642                    /usr/lib/jvm/java-7-openjdk-amd64/jre/lib/amd64/libjava.so
7f93ce602000-7f93ce802000 ---p 0002a000 08:01 5770642                    /usr/lib/jvm/java-7-openjdk-amd64/jre/lib/amd64/libjava.so
7f93ce802000-7f93ce803000 r--p 0002a000 08:01 5770642                    /usr/lib/jvm/java-7-openjdk-amd64/jre/lib/amd64/libjava.so
7f93ce803000-7f93ce805000 rw-p 0002b000 08:01 5770642                    /usr/lib/jvm/java-7-openjdk-amd64/jre/lib/amd64/libjava.so
7f93ce805000-7f93ce815000 r-xp 00000000 08:01 5770612                    /usr/lib/jvm/java-7-openjdk-amd64/jre/lib/amd64/libverify.so
7f93ce815000-7f93cea14000 ---p 00010000 08:01 5770612                    /usr/lib/jvm/java-7-openjdk-amd64/jre/lib/amd64/libverify.so
7f93cea14000-7f93cea16000 r--p 0000f000 08:01 5770612                    /usr/lib/jvm/java-7-openjdk-amd64/jre/lib/amd64/libverify.so
7f93cea16000-7f93cea17000 rw-p 00011000 08:01 5770612                    /usr/lib/jvm/java-7-openjdk-amd64/jre/lib/amd64/libverify.so
7f93cea17000-7f93cea1e000 r-xp 00000000 08:01 1184060                    /lib/x86_64-linux-gnu/librt-2.19.so
7f93cea1e000-7f93cec1d000 ---p 00007000 08:01 1184060                    /lib/x86_64-linux-gnu/librt-2.19.so
7f93cec1d000-7f93cec1e000 r--p 00006000 08:01 1184060                    /lib/x86_64-linux-gnu/librt-2.19.so
7f93cec1e000-7f93cec1f000 rw-p 00007000 08:01 1184060                    /lib/x86_64-linux-gnu/librt-2.19.so
7f93cec1f000-7f93cec36000 r-xp 00000000 08:01 1179897                    /lib/x86_64-linux-gnu/libgcc_s.so.1
7f93cec36000-7f93cee35000 ---p 00017000 08:01 1179897                    /lib/x86_64-linux-gnu/libgcc_s.so.1
7f93cee35000-7f93cee36000 r--p 00016000 08:01 1179897                    /lib/x86_64-linux-gnu/libgcc_s.so.1
7f93cee36000-7f93cee37000 rw-p 00017000 08:01 1179897                    /lib/x86_64-linux-gnu/libgcc_s.so.1
7f93cee37000-7f93cef3c000 r-xp 00000000 08:01 1184016                    /lib/x86_64-linux-gnu/libm-2.19.so
7f93cef3c000-7f93cf13b000 ---p 00105000 08:01 1184016                    /lib/x86_64-linux-gnu/libm-2.19.so
7f93cf13b000-7f93cf13c000 r--p 00104000 08:01 1184016                    /lib/x86_64-linux-gnu/libm-2.19.so
7f93cf13c000-7f93cf13d000 rw-p 00105000 08:01 1184016                    /lib/x86_64-linux-gnu/libm-2.19.so
7f93cf13d000-7f93cf247000 r-xp 00000000 08:01 4982310                    /usr/lib/x86_64-linux-gnu/libstdc++.so.6.0.25
7f93cf247000-7f93cf446000 ---p 0010a000 08:01 4982310                    /usr/lib/x86_64-linux-gnu/libstdc++.so.6.0.25
7f93cf446000-7f93cf44e000 r--p 00109000 08:01 4982310                    /usr/lib/x86_64-linux-gnu/libstdc++.so.6.0.25
7f93cf44e000-7f93cf450000 rw-p 00111000 08:01 4982310                    /usr/lib/x86_64-linux-gnu/libstdc++.so.6.0.25
7f93cf450000-7f93cf453000 rw-p 00000000 00:00 0 
7f93cf453000-7f93cff8c000 r-xp 00000000 08:01 5770599                    /usr/lib/jvm/java-7-openjdk-amd64/jre/lib/amd64/server/libjvm.so
7f93cff8c000-7f93d018c000 ---p 00b39000 08:01 5770599                    /usr/lib/jvm/java-7-openjdk-amd64/jre/lib/amd64/server/libjvm.so
7f93d018c000-7f93d0227000 r--p 00b39000 08:01 5770599                    /usr/lib/jvm/java-7-openjdk-amd64/jre/lib/amd64/server/libjvm.so
7f93d0227000-7f93d024a000 rw-p 00bd4000 08:01 5770599                    /usr/lib/jvm/java-7-openjdk-amd64/jre/lib/amd64/server/libjvm.so
7f93d024a000-7f93d027a000 rw-p 00000000 00:00 0 
7f93d027a000-7f93d0292000 r-xp 00000000 08:01 1179751                    /lib/x86_64-linux-gnu/libz.so.1.2.8
7f93d0292000-7f93d0491000 ---p 00018000 08:01 1179751                    /lib/x86_64-linux-gnu/libz.so.1.2.8
7f93d0491000-7f93d0492000 r--p 00017000 08:01 1179751                    /lib/x86_64-linux-gnu/libz.so.1.2.8
7f93d0492000-7f93d0493000 rw-p 00018000 08:01 1179751                    /lib/x86_64-linux-gnu/libz.so.1.2.8
7f93d0493000-7f93d04ac000 r-xp 00000000 08:01 1184028                    /lib/x86_64-linux-gnu/libpthread-2.19.so
7f93d04ac000-7f93d06ab000 ---p 00019000 08:01 1184028                    /lib/x86_64-linux-gnu/libpthread-2.19.so
7f93d06ab000-7f93d06ac000 r--p 00018000 08:01 1184028                    /lib/x86_64-linux-gnu/libpthread-2.19.so
7f93d06ac000-7f93d06ad000 rw-p 00019000 08:01 1184028                    /lib/x86_64-linux-gnu/libpthread-2.19.so
7f93d06ad000-7f93d06b1000 rw-p 00000000 00:00 0 
7f93d06b1000-7f93d06b4000 r-xp 00000000 08:01 1184079                    /lib/x86_64-linux-gnu/libdl-2.19.so
7f93d06b4000-7f93d08b3000 ---p 00003000 08:01 1184079                    /lib/x86_64-linux-gnu/libdl-2.19.so
7f93d08b3000-7f93d08b4000 r--p 00002000 08:01 1184079                    /lib/x86_64-linux-gnu/libdl-2.19.so
7f93d08b4000-7f93d08b5000 rw-p 00003000 08:01 1184079                    /lib/x86_64-linux-gnu/libdl-2.19.so
7f93d08b5000-7f93d0a73000 r-xp 00000000 08:01 1184083                    /lib/x86_64-linux-gnu/libc-2.19.so
7f93d0a73000-7f93d0c73000 ---p 001be000 08:01 1184083                    /lib/x86_64-linux-gnu/libc-2.19.so
7f93d0c73000-7f93d0c77000 r--p 001be000 08:01 1184083                    /lib/x86_64-linux-gnu/libc-2.19.so
7f93d0c77000-7f93d0c79000 rw-p 001c2000 08:01 1184083                    /lib/x86_64-linux-gnu/libc-2.19.so
7f93d0c79000-7f93d0c7e000 rw-p 00000000 00:00 0 
7f93d0c7e000-7f93d0c8b000 r-xp 00000000 08:01 5770659                    /usr/lib/jvm/java-7-openjdk-amd64/jre/lib/amd64/jli/libjli.so
7f93d0c8b000-7f93d0e8a000 ---p 0000d000 08:01 5770659                    /usr/lib/jvm/java-7-openjdk-amd64/jre/lib/amd64/jli/libjli.so
7f93d0e8a000-7f93d0e8b000 r--p 0000c000 08:01 5770659                    /usr/lib/jvm/java-7-openjdk-amd64/jre/lib/amd64/jli/libjli.so
7f93d0e8b000-7f93d0e8c000 rw-p 0000d000 08:01 5770659                    /usr/lib/jvm/java-7-openjdk-amd64/jre/lib/amd64/jli/libjli.so
7f93d0e8c000-7f93d0eaf000 r-xp 00000000 08:01 1184021                    /lib/x86_64-linux-gnu/ld-2.19.so
7f93d0eaf000-7f93d0eb9000 r--s 000b0000 08:01 5648861                    /usr/lib/jvm/java-7-openjdk-amd64/jre/lib/resources.jar
7f93d0eb9000-7f93d0ec0000 r--s 0005b000 08:01 1780611                    /home/netlab/Backup_sbjeong/xxx 2020/contiki_git_ing/tools/cooja/lib/jsyntaxpane.jar
7f93d0ec0000-7f93d0ec7000 r--s 0004f000 08:01 1780612                    /home/netlab/Backup_sbjeong/xxx 2020/contiki_git_ing/tools/cooja/lib/log4j.jar
7f93d0ec7000-7f93d0eca000 r--s 00022000 08:01 1780610                    /home/netlab/Backup_sbjeong/xxx 2020/contiki_git_ing/tools/cooja/lib/jdom.jar
7f93d0eca000-7f93d0ecc000 r--s 00012000 08:01 5770685                    /usr/lib/jvm/java-7-openjdk-amd64/jre/lib/ext/zipfs.jar
7f93d0ecc000-7f93d0ed6000 rw-p 00000000 00:00 0 
7f93d0ed6000-7f93d0f8c000 rw-p 00000000 00:00 0 
7f93d0f8c000-7f93d0f8f000 ---p 00000000 00:00 0 
7f93d0f8f000-7f93d1091000 rw-p 00000000 00:00 0 
7f93d1091000-7f93d1095000 r--s 0003d000 08:01 5770688                    /usr/lib/jvm/java-7-openjdk-amd64/jre/lib/ext/sunpkcs11.jar
7f93d1095000-7f93d1096000 r--s 00002000 08:01 5770687                    /usr/lib/jvm/java-7-openjdk-amd64/jre/lib/ext/dnsns.jar
7f93d1096000-7f93d1099000 r--s 0000f000 08:01 5770684                    /usr/lib/jvm/java-7-openjdk-amd64/jre/lib/ext/icedtea-sound.jar
7f93d1099000-7f93d109d000 r--s 00085000 08:01 5770686                    /usr/lib/jvm/java-7-openjdk-amd64/jre/lib/ext/localedata.jar
7f93d109d000-7f93d10a1000 r--s 00036000 08:01 5770689                    /usr/lib/jvm/java-7-openjdk-amd64/jre/lib/ext/sunjce_provider.jar
7f93d10a1000-7f93d10a3000 r--s 00006000 08:01 5380960                    /usr/share/java/java-atk-wrapper.jar
7f93d10a3000-7f93d10ab000 rw-s 00000000 08:01 4587566                    /tmp/hsperfdata_netlab/29024
7f93d10ab000-7f93d10ac000 rw-p 00000000 00:00 0 
7f93d10ac000-7f93d10ad000 r--p 00000000 00:00 0 
7f93d10ad000-7f93d10ae000 rw-p 00000000 00:00 0 
7f93d10ae000-7f93d10af000 r--p 00022000 08:01 1184021                    /lib/x86_64-linux-gnu/ld-2.19.so
7f93d10af000-7f93d10b0000 rw-p 00023000 08:01 1184021                    /lib/x86_64-linux-gnu/ld-2.19.so
7f93d10b0000-7f93d10b1000 rw-p 00000000 00:00 0 
7ffc903e0000-7ffc90402000 rw-p 00000000 00:00 0                          [stack]
7ffc90521000-7ffc90523000 r--p 00000000 00:00 0                          [vvar]
7ffc90523000-7ffc90525000 r-xp 00000000 00:00 0                          [vdso]
ffffffffff600000-ffffffffff601000 r-xp 00000000 00:00 0                  [vsyscall]

VM Arguments:
jvm_args: -Xmx1536m 
java_command: org.contikios.cooja.Cooja
Launcher Type: SUN_STANDARD

Environment Variables:
JAVA_HOME=/usr/lib/jvm/java-7-openjdk-amd64/
CLASSPATH=:/usr/src/tinyos/support/sdk/java/tinyos.jar
PATH=/usr/local/sbin:/usr/local/bin:/usr/sbin:/usr/bin:/sbin:/bin:/usr/games:/usr/local/games:/home/netlab/opt/gcc-arm-none-eabi-6-2017-q1-update/bin:/home/netlab/opt/compilers/mspgcc-4.7.3/bin
LD_LIBRARY_PATH=.
SHELL=/bin/bash
DISPLAY=:0

Signal Handlers:
SIGSEGV: [libjvm.so+0x9679a0], sa_mask[0]=0x7ffbfeff, sa_flags=0x10000004
SIGBUS: [libjvm.so+0x9679a0], sa_mask[0]=0x7ffbfeff, sa_flags=0x10000004
SIGFPE: [libjvm.so+0x7d9350], sa_mask[0]=0x7ffbfeff, sa_flags=0x10000004
SIGPIPE: [libjvm.so+0x7d9350], sa_mask[0]=0x7ffbfeff, sa_flags=0x10000004
SIGXFSZ: [libjvm.so+0x7d9350], sa_mask[0]=0x7ffbfeff, sa_flags=0x10000004
SIGILL: [libjvm.so+0x7d9350], sa_mask[0]=0x7ffbfeff, sa_flags=0x10000004
SIGUSR1: SIG_DFL, sa_mask[0]=0x00000000, sa_flags=0x00000000
SIGUSR2: [libjvm.so+0x7d9480], sa_mask[0]=0x00000004, sa_flags=0x10000004
SIGHUP: [libjvm.so+0x7d93d0], sa_mask[0]=0x7ffbfeff, sa_flags=0x10000004
SIGINT: [libjvm.so+0x7d93d0], sa_mask[0]=0x7ffbfeff, sa_flags=0x10000004
SIGTERM: [libjvm.so+0x7d93d0], sa_mask[0]=0x7ffbfeff, sa_flags=0x10000004
SIGQUIT: [libjvm.so+0x7d93d0], sa_mask[0]=0x7ffbfeff, sa_flags=0x10000004
SIGTRAP: SIG_DFL, sa_mask[0]=0x00000000, sa_flags=0x00000000


---------------  S Y S T E M  ---------------

OS:Ubuntu 14.04 (trusty)
uname:Linux 4.2.0-42-generic #49~14.04.1-Ubuntu SMP Wed Jun 29 20:22:11 UTC 2016 x86_64
libc:glibc 2.19 NPTL 2.19 
rlimit: STACK 8192k, CORE 0k, NPROC 63920, NOFILE 4096, AS infinity
load average:0.65 0.47 0.75

/proc/meminfo:
MemTotal:       16386560 kB
MemFree:         3758040 kB
MemAvailable:    6595492 kB
Buffers:          451776 kB
Cached:          2490460 kB
SwapCached:         1244 kB
Active:          9499128 kB
Inactive:        2345288 kB
Active(anon):    7783092 kB
Inactive(anon):  1268036 kB
Active(file):    1716036 kB
Inactive(file):  1077252 kB
Unevictable:          16 kB
Mlocked:              16 kB
SwapTotal:      16730108 kB
SwapFree:       16714356 kB
Dirty:              4572 kB
Writeback:             0 kB
AnonPages:       8901008 kB
Mapped:           490672 kB
Shmem:            148948 kB
Slab:             359316 kB
SReclaimable:     297580 kB
SUnreclaim:        61736 kB
KernelStack:       18544 kB
PageTables:        74768 kB
NFS_Unstable:          0 kB
Bounce:                0 kB
WritebackTmp:          0 kB
CommitLimit:    24923388 kB
Committed_AS:   16995444 kB
VmallocTotal:   34359738367 kB
VmallocUsed:      137036 kB
VmallocChunk:   34359487760 kB
HardwareCorrupted:     0 kB
AnonHugePages:   7538688 kB
CmaTotal:              0 kB
CmaFree:               0 kB
HugePages_Total:       0
HugePages_Free:        0
HugePages_Rsvd:        0
HugePages_Surp:        0
Hugepagesize:       2048 kB
DirectMap4k:      553920 kB
DirectMap2M:    16177152 kB


CPU:total 8 (initial active 8) (4 cores per cpu, 2 threads per core) family 6 model 58 stepping 9, cmov, cx8, fxsr, mmx, sse, sse2, sse3, ssse3, sse4.1, sse4.2, popcnt, avx, aes, erms, ht, tsc, tscinvbit, tscinv

/proc/cpuinfo:
processor	: 0
vendor_id	: GenuineIntel
cpu family	: 6
model		: 58
model name	: Intel(R) Xeon(R) CPU E3-1270 V2 @ 3.50GHz
stepping	: 9
microcode	: 0x12
cpu MHz		: 2719.746
cache size	: 8192 KB
physical id	: 0
siblings	: 8
core id		: 0
cpu cores	: 4
apicid		: 0
initial apicid	: 0
fpu		: yes
fpu_exception	: yes
cpuid level	: 13
wp		: yes
flags		: fpu vme de pse tsc msr pae mce cx8 apic sep mtrr pge mca cmov pat pse36 clflush dts acpi mmx fxsr sse sse2 ss ht tm pbe syscall nx rdtscp lm constant_tsc arch_perfmon pebs bts rep_good nopl xtopology nonstop_tsc aperfmperf eagerfpu pni pclmulqdq dtes64 monitor ds_cpl vmx smx est tm2 ssse3 cx16 xtpr pdcm pcid sse4_1 sse4_2 x2apic popcnt tsc_deadline_timer aes xsave avx f16c rdrand lahf_lm ida arat epb pln pts dtherm tpr_shadow vnmi flexpriority ept vpid fsgsbase smep erms xsaveopt
bugs		:
bogomips	: 6984.25
clflush size	: 64
cache_alignment	: 64
address sizes	: 36 bits physical, 48 bits virtual
power management:

processor	: 1
vendor_id	: GenuineIntel
cpu family	: 6
model		: 58
model name	: Intel(R) Xeon(R) CPU E3-1270 V2 @ 3.50GHz
stepping	: 9
microcode	: 0x12
cpu MHz		: 2536.406
cache size	: 8192 KB
physical id	: 0
siblings	: 8
core id		: 1
cpu cores	: 4
apicid		: 2
initial apicid	: 2
fpu		: yes
fpu_exception	: yes
cpuid level	: 13
wp		: yes
flags		: fpu vme de pse tsc msr pae mce cx8 apic sep mtrr pge mca cmov pat pse36 clflush dts acpi mmx fxsr sse sse2 ss ht tm pbe syscall nx rdtscp lm constant_tsc arch_perfmon pebs bts rep_good nopl xtopology nonstop_tsc aperfmperf eagerfpu pni pclmulqdq dtes64 monitor ds_cpl vmx smx est tm2 ssse3 cx16 xtpr pdcm pcid sse4_1 sse4_2 x2apic popcnt tsc_deadline_timer aes xsave avx f16c rdrand lahf_lm ida arat epb pln pts dtherm tpr_shadow vnmi flexpriority ept vpid fsgsbase smep erms xsaveopt
bugs		:
bogomips	: 6984.25
clflush size	: 64
cache_alignment	: 64
address sizes	: 36 bits physical, 48 bits virtual
power management:

processor	: 2
vendor_id	: GenuineIntel
cpu family	: 6
model		: 58
model name	: Intel(R) Xeon(R) CPU E3-1270 V2 @ 3.50GHz
stepping	: 9
microcode	: 0x12
cpu MHz		: 2699.785
cache size	: 8192 KB
physical id	: 0
siblings	: 8
core id		: 2
cpu cores	: 4
apicid		: 4
initial apicid	: 4
fpu		: yes
fpu_exception	: yes
cpuid level	: 13
wp		: yes
flags		: fpu vme de pse tsc msr pae mce cx8 apic sep mtrr pge mca cmov pat pse36 clflush dts acpi mmx fxsr sse sse2 ss ht tm pbe syscall nx rdtscp lm constant_tsc arch_perfmon pebs bts rep_good nopl xtopology nonstop_tsc aperfmperf eagerfpu pni pclmulqdq dtes64 monitor ds_cpl vmx smx est tm2 ssse3 cx16 xtpr pdcm pcid sse4_1 sse4_2 x2apic popcnt tsc_deadline_timer aes xsave avx f16c rdrand lahf_lm ida arat epb pln pts dtherm tpr_shadow vnmi flexpriority ept vpid fsgsbase smep erms xsaveopt
bugs		:
bogomips	: 6984.25
clflush size	: 64
cache_alignment	: 64
address sizes	: 36 bits physical, 48 bits virtual
power management:

processor	: 3
vendor_id	: GenuineIntel
cpu family	: 6
model		: 58
model name	: Intel(R) Xeon(R) CPU E3-1270 V2 @ 3.50GHz
stepping	: 9
microcode	: 0x12
cpu MHz		: 2687.890
cache size	: 8192 KB
physical id	: 0
siblings	: 8
core id		: 3
cpu cores	: 4
apicid		: 6
initial apicid	: 6
fpu		: yes
fpu_exception	: yes
cpuid level	: 13
wp		: yes
flags		: fpu vme de pse tsc msr pae mce cx8 apic sep mtrr pge mca cmov pat pse36 clflush dts acpi mmx fxsr sse sse2 ss ht tm pbe syscall nx rdtscp lm constant_tsc arch_perfmon pebs bts rep_good nopl xtopology nonstop_tsc aperfmperf eagerfpu pni pclmulqdq dtes64 monitor ds_cpl vmx smx est tm2 ssse3 cx16 xtpr pdcm pcid sse4_1 sse4_2 x2apic popcnt tsc_deadline_timer aes xsave avx f16c rdrand lahf_lm ida arat epb pln pts dtherm tpr_shadow vnmi flexpriority ept vpid fsgsbase smep erms xsaveopt
bugs		:
bogomips	: 6984.25
clflush size	: 64
cache_alignment	: 64
address sizes	: 36 bits physical, 48 bits virtual
power management:

processor	: 4
vendor_id	: GenuineIntel
cpu family	: 6
model		: 58
model name	: Intel(R) Xeon(R) CPU E3-1270 V2 @ 3.50GHz
stepping	: 9
microcode	: 0x12
cpu MHz		: 2642.226
cache size	: 8192 KB
physical id	: 0
siblings	: 8
core id		: 0
cpu cores	: 4
apicid		: 1
initial apicid	: 1
fpu		: yes
fpu_exception	: yes
cpuid level	: 13
wp		: yes
flags		: fpu vme de pse tsc msr pae mce cx8 apic sep mtrr pge mca cmov pat pse36 clflush dts acpi mmx fxsr sse sse2 ss ht tm pbe syscall nx rdtscp lm constant_tsc arch_perfmon pebs bts rep_good nopl xtopology nonstop_tsc aperfmperf eagerfpu pni pclmulqdq dtes64 monitor ds_cpl vmx smx est tm2 ssse3 cx16 xtpr pdcm pcid sse4_1 sse4_2 x2apic popcnt tsc_deadline_timer aes xsave avx f16c rdrand lahf_lm ida arat epb pln pts dtherm tpr_shadow vnmi flexpriority ept vpid fsgsbase smep erms xsaveopt
bugs		:
bogomips	: 6984.25
clflush size	: 64
cache_alignment	: 64
address sizes	: 36 bits physical, 48 bits virtual
power management:

processor	: 5
vendor_id	: GenuineIntel
cpu family	: 6
model		: 58
model name	: Intel(R) Xeon(R) CPU E3-1270 V2 @ 3.50GHz
stepping	: 9
microcode	: 0x12
cpu MHz		: 2643.183
cache size	: 8192 KB
physical id	: 0
siblings	: 8
core id		: 1
cpu cores	: 4
apicid		: 3
initial apicid	: 3
fpu		: yes
fpu_exception	: yes
cpuid level	: 13
wp		: yes
flags		: fpu vme de pse tsc msr pae mce cx8 apic sep mtrr pge mca cmov pat pse36 clflush dts acpi mmx fxsr sse sse2 ss ht tm pbe syscall nx rdtscp lm constant_tsc arch_perfmon pebs bts rep_good nopl xtopology nonstop_tsc aperfmperf eagerfpu pni pclmulqdq dtes64 monitor ds_cpl vmx smx est tm2 ssse3 cx16 xtpr pdcm pcid sse4_1 sse4_2 x2apic popcnt tsc_deadline_timer aes xsave avx f16c rdrand lahf_lm ida arat epb pln pts dtherm tpr_shadow vnmi flexpriority ept vpid fsgsbase smep erms xsaveopt
bugs		:
bogomips	: 6984.25
clflush size	: 64
cache_alignment	: 64
address sizes	: 36 bits physical, 48 bits virtual
power management:

processor	: 6
vendor_id	: GenuineIntel
cpu family	: 6
model		: 58
model name	: Intel(R) Xeon(R) CPU E3-1270 V2 @ 3.50GHz
stepping	: 9
microcode	: 0x12
cpu MHz		: 2944.375
cache size	: 8192 KB
physical id	: 0
siblings	: 8
core id		: 2
cpu cores	: 4
apicid		: 5
initial apicid	: 5
fpu		: yes
fpu_exception	: yes
cpuid level	: 13
wp		: yes
flags		: fpu vme de pse tsc msr pae mce cx8 apic sep mtrr pge mca cmov pat pse36 clflush dts acpi mmx fxsr sse sse2 ss ht tm pbe syscall nx rdtscp lm constant_tsc arch_perfmon pebs bts rep_good nopl xtopology nonstop_tsc aperfmperf eagerfpu pni pclmulqdq dtes64 monitor ds_cpl vmx smx est tm2 ssse3 cx16 xtpr pdcm pcid sse4_1 sse4_2 x2apic popcnt tsc_deadline_timer aes xsave avx f16c rdrand lahf_lm ida arat epb pln pts dtherm tpr_shadow vnmi flexpriority ept vpid fsgsbase smep erms xsaveopt
bugs		:
bogomips	: 6984.25
clflush size	: 64
cache_alignment	: 64
address sizes	: 36 bits physical, 48 bits virtual
power management:

processor	: 7
vendor_id	: GenuineIntel
cpu family	: 6
model		: 58
model name	: Intel(R) Xeon(R) CPU E3-1270 V2 @ 3.50GHz
stepping	: 9
microcode	: 0x12
cpu MHz		: 2825.839
cache size	: 8192 KB
physical id	: 0
siblings	: 8
core id		: 3
cpu cores	: 4
apicid		: 7
initial apicid	: 7
fpu		: yes
fpu_exception	: yes
cpuid level	: 13
wp		: yes
flags		: fpu vme de pse tsc msr pae mce cx8 apic sep mtrr pge mca cmov pat pse36 clflush dts acpi mmx fxsr sse sse2 ss ht tm pbe syscall nx rdtscp lm constant_tsc arch_perfmon pebs bts rep_good nopl xtopology nonstop_tsc aperfmperf eagerfpu pni pclmulqdq dtes64 monitor ds_cpl vmx smx est tm2 ssse3 cx16 xtpr pdcm pcid sse4_1 sse4_2 x2apic popcnt tsc_deadline_timer aes xsave avx f16c rdrand lahf_lm ida arat epb pln pts dtherm tpr_shadow vnmi flexpriority ept vpid fsgsbase smep erms xsaveopt
bugs		:
bogomips	: 6984.25
clflush size	: 64
cache_alignment	: 64
address sizes	: 36 bits physical, 48 bits virtual
power management:



Memory: 4k page, physical 16386560k(3758040k free), swap 16730108k(16714356k free)

vm_info: OpenJDK 64-Bit Server VM (24.181-b01) for linux-amd64 JRE (1.7.0_181-b01), built on Jun  8 2018 23:24:55 by "buildd" with gcc 4.8.4

time: Thu May  9 18:01:41 2019
elapsed time: 349 seconds

