#
# A fatal error has been detected by the Java Runtime Environment:
#
#  SIGSEGV (0xb) at pc=0x00007f915c20aaae, pid=18898, tid=140262299084544
#
# JRE version: OpenJDK Runtime Environment (7.0_181-b01) (build 1.7.0_181-b01)
# Java VM: OpenJDK 64-Bit Server VM (24.181-b01 mixed mode linux-amd64 compressed oops)
# Derivative: IcedTea 2.6.14
# Distribution: Ubuntu 14.04 LTS, package 7u181-2.6.14-0ubuntu0.1
# Problematic frame:
# C  [mtype861.cooja+0x2caae]  dao_input_storing+0x769
#
# Failed to write core dump. Core dumps have been disabled. To enable core dumping, try "ulimit -c unlimited" before starting Java again
#
# If you would like to submit a bug report, please include
# instructions on how to reproduce the bug and visit:
#   http://icedtea.classpath.org/bugzilla
# The crash happened outside the Java Virtual Machine in native code.
# See problematic frame for where to report the bug.
#

---------------  T H R E A D  ---------------

Current thread (0x00007f911418f000):  JavaThread "Thread-4" [_thread_in_native, id=20035, stack(0x00007f915c732000,0x00007f915c833000)]

siginfo:si_signo=SIGSEGV: si_errno=0, si_code=1 (SEGV_MAPERR), si_addr=0x000000000000002d

Registers:
RAX=0x0000000000000000, RBX=0x0000000000000000, RCX=0x0000000000000038, RDX=0x00000000ffffffff
RSP=0x00007f915c4241d8, RBP=0x00007f915c424288, RSI=0x00000000ffffffff, RDI=0x00007f915c4201a0
R8 =0x0000000000000000, R9 =0x00007f915c429040, R10=0x00007f917ad67fe0, R11=0x00007f917ab31150
R12=0x0000000000000000, R13=0x0000000000000008, R14=0x000000005c4204c0, R15=0x00007f911418f000
RIP=0x00007f915c20aaae, EFLAGS=0x0000000000010246, CSGSFS=0x0000000000000033, ERR=0x0000000000000004
  TRAPNO=0x000000000000000e

Top of Stack: (sp=0x00007f915c4241d8)
0x00007f915c4241d8:   0006c01e2e42801e 000000007fff00f1
0x00007f915c4241e8:   0000000600000014 000000000000002e
0x00007f915c4241f8:   0000000100000000 00007f915c429040
0x00007f915c424208:   0000000000000000 00007f915c42dd8c
0x00007f915c424218:   00007f915c42e5e0 00007f915c42e5f8
0x00007f915c424228:   0000000000000000 0000000000000050
0x00007f915c424238:   0000000000000000 00007f915c20dcfd
0x00007f915c424248:   00000000000080fe 0800080008000802
0x00007f915c424258:   00000000000000fd 0800080008000802
0x00007f915c424268:   00007f915c42dd88 9102d67be496d300
0x00007f915c424278:   00007f915c4242a8 0000000000000000
0x00007f915c424288:   00007f915c4242a8 00007f915c20afe5
0x00007f915c424298:   1e007f915c4242c8 00007f915c42e5e0
0x00007f915c4242a8:   00007f915c4242d8 00007f915c210f78
0x00007f915c4242b8:   00007f915c4242d8 ffff009b5c200802
0x00007f915c4242c8:   00007f915c4242d8 00007f915c420310
0x00007f915c4242d8:   00007f915c424318 00007f915c2025f0
0x00007f915c4242e8:   0000000000000000 0000000100000000
0x00007f915c4242f8:   0000000000000000 0000000000000000
0x00007f915c424308:   0000000000000000 0000000000000000
0x00007f915c424318:   00007f915c424328 00007f915c204500
0x00007f915c424328:   00007f915c424378 00007f915c204a15
0x00007f915c424338:   0000000000000000 0000000200000000
0x00007f915c424348:   00007f915c424368 00007f915c4203d0
0x00007f915c424358:   00007f91ffffffff 000000015c4243a8
0x00007f915c424368:   00007f915c4243c8 0000000000000000
0x00007f915c424378:   00007f915c4243b8 00007f915c204fa4
0x00007f915c424388:   00007f915c4243c8 0000000000000000
0x00007f915c424398:   000000025c4243c8 00007f915c420278
0x00007f915c4243a8:   00007f915c4203b0 00017f915c200d03
0x00007f915c4243b8:   00007f915c4243f8 00007f915c1fb4c4
0x00007f915c4243c8:   00007f915c424408 0000000000000000 

Instructions: (pc=0x00007f915c20aaae)
0x00007f915c20aa8e:   fe ff e9 5a 04 00 00 e9 55 04 00 00 48 8d 45 c0
0x00007f915c20aa9e:   48 89 c7 e8 ba 24 fe ff 48 89 45 b0 48 8b 45 b0
0x00007f915c20aaae:   0f b6 40 2d 3c 01 75 56 48 8b 45 b0 48 85 c0 74
0x00007f915c20aabe:   1f 48 8b 45 b0 0f b6 40 0e 0f b6 c0 c1 e0 08 89 

Register to memory mapping:

RAX=0x0000000000000000 is an unknown value
RBX=0x0000000000000000 is an unknown value
RCX=0x0000000000000038 is an unknown value
RDX=0x00000000ffffffff is an unallocated location in the heap
RSP=0x00007f915c4241d8: <offset 0x2461d8> in /home/netlab/Backup_sbjeong/xxx 2020/contiki_git_ing/examples/ipv6/rpl-tsch/obj_cooja/mtype861.cooja at 0x00007f915c1de000
RBP=0x00007f915c424288: <offset 0x246288> in /home/netlab/Backup_sbjeong/xxx 2020/contiki_git_ing/examples/ipv6/rpl-tsch/obj_cooja/mtype861.cooja at 0x00007f915c1de000
RSI=0x00000000ffffffff is an unallocated location in the heap
RDI=0x00007f915c4201a0: <offset 0x2421a0> in /home/netlab/Backup_sbjeong/xxx 2020/contiki_git_ing/examples/ipv6/rpl-tsch/obj_cooja/mtype861.cooja at 0x00007f915c1de000
R8 =0x0000000000000000 is an unknown value
R9 =0x00007f915c429040: <offset 0x24b040> in /home/netlab/Backup_sbjeong/xxx 2020/contiki_git_ing/examples/ipv6/rpl-tsch/obj_cooja/mtype861.cooja at 0x00007f915c1de000
R10=0x00007f917ad67fe0: <offset 0x3c0fe0> in /lib/x86_64-linux-gnu/libc.so.6 at 0x00007f917a9a7000
R11=0x00007f917ab31150: <offset 0x18a150> in /lib/x86_64-linux-gnu/libc.so.6 at 0x00007f917a9a7000
R12=0x0000000000000000 is an unknown value
R13=0x0000000000000008 is an unknown value
R14=0x000000005c4204c0 is an unknown value
R15=0x00007f911418f000 is a thread


Stack: [0x00007f915c732000,0x00007f915c833000],  sp=0x00007f915c4241d8,  free space=18014398509478856k
Native frames: (J=compiled Java code, j=interpreted, Vv=VM code, C=native code)
C  [mtype861.cooja+0x2caae]  dao_input_storing+0x769
C  [mtype861.cooja+0x2cfe5]  dao_input+0xd2
C  [mtype861.cooja+0x32f78]  uip_icmp6_input+0x53
C  [mtype861.cooja+0x245f0]  uip_process+0xc38
C  [mtype861.cooja+0x26500]  packet_input+0x22
C  [mtype861.cooja+0x26a15]  eventhandler+0x250
C  [mtype861.cooja+0x26fa4]  process_thread_tcpip_process+0xc3
C  [mtype861.cooja+0x1d4c4]  call_process+0x66
C  [mtype861.cooja+0x1d849]  process_post_synch+0x39
C  [mtype861.cooja+0x26a3a]  tcpip_input+0x1d
C  [mtype861.cooja+0x21258]  input+0x4cc
C  [mtype861.cooja+0x317e1]  input+0x11
C  [mtype861.cooja+0x1c7b6]  packet_input+0x62
C  [mtype861.cooja+0x1b7d5]  tsch_rx_process_pending+0x114
C  [mtype861.cooja+0x1c3df]  process_thread_tsch_pending_events_process+0x5f
C  [mtype861.cooja+0x1d4c4]  call_process+0x66
C  [mtype861.cooja+0x1d5b6]  do_poll+0x51
C  [mtype861.cooja+0x1d71b]  process_run+0x14
C  [mtype861.cooja+0x10dc1]  process_run_thread_loop+0x2d

Java frames: (J=compiled Java code, j=interpreted, Vv=VM code)
J 878  org.contikios.cooja.corecomm.Lib1.tick()V (0 bytes) @ 0x00007f9170dcd518 [0x00007f9170dcd4e0+0x38]
J 891% C2 org.contikios.cooja.Simulation.run()V (435 bytes) @ 0x00007f9170de90d8 [0x00007f9170de8ee0+0x1f8]
j  java.lang.Thread.run()V+11
v  ~StubRoutines::call_stub

---------------  P R O C E S S  ---------------

Java Threads: ( => current thread )
=>0x00007f911418f000 JavaThread "Thread-4" [_thread_in_native, id=20035, stack(0x00007f915c732000,0x00007f915c833000)]
  0x00007f910c059800 JavaThread "Thread-2" [_thread_blocked, id=20015, stack(0x00007f915c631000,0x00007f915c732000)]
  0x00007f91141d0800 JavaThread "process reaper" daemon [_thread_blocked, id=18931, stack(0x00007f9164007000,0x00007f9164040000)]
  0x00007f911401c000 JavaThread "TimerQueue" daemon [_thread_blocked, id=18924, stack(0x00007f915d07a000,0x00007f915d17b000)]
  0x00007f917400a000 JavaThread "DestroyJavaVM" [_thread_blocked, id=18903, stack(0x00007f917b07e000,0x00007f917b17f000)]
  0x00007f9174353800 JavaThread "AWT-EventQueue-0" [_thread_in_vm, id=18923, stack(0x00007f915d17b000,0x00007f915d27c000)]
  0x00007f9174353000 JavaThread "AWT-Shutdown" [_thread_blocked, id=18922, stack(0x00007f915d27c000,0x00007f915d37d000)]
  0x00007f91742e3800 JavaThread "AWT-XAWT" daemon [_thread_in_native, id=18921, stack(0x00007f915d5d2000,0x00007f915d6d3000)]
  0x00007f91742cc800 JavaThread "Java2D Disposer" daemon [_thread_blocked, id=18920, stack(0x00007f915dae3000,0x00007f915dbe4000)]
  0x00007f91740b1000 JavaThread "Service Thread" daemon [_thread_blocked, id=18918, stack(0x00007f91657c6000,0x00007f91658c7000)]
  0x00007f91740ae800 JavaThread "C2 CompilerThread1" daemon [_thread_blocked, id=18917, stack(0x00007f91658c7000,0x00007f91659c8000)]
  0x00007f91740ac000 JavaThread "C2 CompilerThread0" daemon [_thread_blocked, id=18916, stack(0x00007f91659c8000,0x00007f9165ac9000)]
  0x00007f91740a9800 JavaThread "Signal Dispatcher" daemon [_thread_blocked, id=18915, stack(0x00007f9165ac9000,0x00007f9165bca000)]
  0x00007f9174087000 JavaThread "Finalizer" daemon [_thread_blocked, id=18914, stack(0x00007f91663dd000,0x00007f91664de000)]
  0x00007f9174085000 JavaThread "Reference Handler" daemon [_thread_blocked, id=18913, stack(0x00007f91664de000,0x00007f91665df000)]

Other Threads:
  0x00007f9174080800 VMThread [stack: 0x00007f91665df000,0x00007f91666e0000] [id=18912]
  0x00007f91740bc000 WatcherThread [stack: 0x00007f91656c5000,0x00007f91657c6000] [id=18919]

VM state:not at safepoint (normal execution)

VM Mutex/Monitor currently owned by a thread: None

Heap
 PSYoungGen      total 185344K, used 37288K [0x00000000e0000000, 0x00000000f2700000, 0x0000000100000000)
  eden space 184832K, 20% used [0x00000000e0000000,0x00000000e24323a0,0x00000000eb480000)
  from space 512K, 43% used [0x00000000f2680000,0x00000000f26b8000,0x00000000f2700000)
  to   space 8192K, 0% used [0x00000000f1700000,0x00000000f1700000,0x00000000f1f00000)
 ParOldGen       total 170496K, used 19024K [0x00000000a0000000, 0x00000000aa680000, 0x00000000e0000000)
  object space 170496K, 11% used [0x00000000a0000000,0x00000000a12943e8,0x00000000aa680000)
 PSPermGen       total 41984K, used 25105K [0x0000000095a00000, 0x0000000098300000, 0x00000000a0000000)
  object space 41984K, 59% used [0x0000000095a00000,0x0000000097284498,0x0000000098300000)

Card table byte_map: [0x00007f9170898000,0x00007f9170bec000] byte_map_base: 0x00007f91703eb000

Polling page: 0x00007f917b19e000

Code Cache  [0x00007f9170bec000, 0x00007f9170efc000, 0x00007f9173bec000)
 total_blobs=1679 nmethods=1098 adapters=533 free_code_cache=46145Kb largest_free_block=47180928

Compilation events (10 events):
Event: 22.904 Thread 0x00007f91740ae800 1233             sun.java2d.pipe.PixelToParallelogramConverter::drawLine (30 bytes)
Event: 22.904 Thread 0x00007f91740ac000 1234             sun.java2d.pipe.PixelToParallelogramConverter::drawGeneralLine (641 bytes)
Event: 22.904 Thread 0x00007f91740ae800 nmethod 1233 0x00007f9170ed4ed0 code [0x00007f9170ed5020, 0x00007f9170ed50c8]
Event: 22.904 Thread 0x00007f91740ae800 1235             sun.java2d.pipe.PixelToParallelogramConverter::len (37 bytes)
Event: 22.905 Thread 0x00007f91740ae800 nmethod 1235 0x00007f9170e49990 code [0x00007f9170e49b00, 0x00007f9170e49b78]
Event: 22.911 Thread 0x00007f91740ac000 nmethod 1234 0x00007f9170ec7390 code [0x00007f9170ec7600, 0x00007f9170ec82b8]
Event: 22.933 Thread 0x00007f91740ae800 1236             org.contikios.cooja.interfaces.Position::getXCoordinate (7 bytes)
Event: 22.933 Thread 0x00007f91740ac000 1237             org.contikios.cooja.interfaces.Position::getYCoordinate (7 bytes)
Event: 22.934 Thread 0x00007f91740ac000 nmethod 1237 0x00007f9170ed5190 code [0x00007f9170ed52e0, 0x00007f9170ed5378]
Event: 22.934 Thread 0x00007f91740ae800 nmethod 1236 0x00007f9170eaec10 code [0x00007f9170eaed60, 0x00007f9170eaedd8]

GC Heap History (10 events):
Event: 18.030 GC heap before
{Heap before GC invocations=15 (full 1):
 PSYoungGen      total 232960K, used 222976K [0x00000000e0000000, 0x00000000f4180000, 0x0000000100000000)
  eden space 222720K, 100% used [0x00000000e0000000,0x00000000ed980000,0x00000000ed980000)
  from space 10240K, 2% used [0x00000000f2d80000,0x00000000f2dc0000,0x00000000f3780000)
  to   space 10240K, 0% used [0x00000000f3780000,0x00000000f3780000,0x00000000f4180000)
 ParOldGen       total 170496K, used 18658K [0x00000000a0000000, 0x00000000aa680000, 0x00000000e0000000)
  object space 170496K, 10% used [0x00000000a0000000,0x00000000a1238b38,0x00000000aa680000)
 PSPermGen       total 41984K, used 25052K [0x0000000095a00000, 0x0000000098300000, 0x00000000a0000000)
  object space 41984K, 59% used [0x0000000095a00000,0x0000000097277378,0x0000000098300000)
Event: 18.032 GC heap after
Heap after GC invocations=15 (full 1):
 PSYoungGen      total 215040K, used 256K [0x00000000e0000000, 0x00000000f3800000, 0x0000000100000000)
  eden space 214528K, 0% used [0x00000000e0000000,0x00000000e0000000,0x00000000ed180000)
  from space 512K, 50% used [0x00000000f3780000,0x00000000f37c0000,0x00000000f3800000)
  to   space 9728K, 0% used [0x00000000f2500000,0x00000000f2500000,0x00000000f2e80000)
 ParOldGen       total 170496K, used 18714K [0x00000000a0000000, 0x00000000aa680000, 0x00000000e0000000)
  object space 170496K, 10% used [0x00000000a0000000,0x00000000a1246b38,0x00000000aa680000)
 PSPermGen       total 41984K, used 25052K [0x0000000095a00000, 0x0000000098300000, 0x00000000a0000000)
  object space 41984K, 59% used [0x0000000095a00000,0x0000000097277378,0x0000000098300000)
}
Event: 19.638 GC heap before
{Heap before GC invocations=16 (full 1):
 PSYoungGen      total 215040K, used 214784K [0x00000000e0000000, 0x00000000f3800000, 0x0000000100000000)
  eden space 214528K, 100% used [0x00000000e0000000,0x00000000ed180000,0x00000000ed180000)
  from space 512K, 50% used [0x00000000f3780000,0x00000000f37c0000,0x00000000f3800000)
  to   space 9728K, 0% used [0x00000000f2500000,0x00000000f2500000,0x00000000f2e80000)
 ParOldGen       total 170496K, used 18714K [0x00000000a0000000, 0x00000000aa680000, 0x00000000e0000000)
  object space 170496K, 10% used [0x00000000a0000000,0x00000000a1246b58,0x00000000aa680000)
 PSPermGen       total 41984K, used 25062K [0x0000000095a00000, 0x0000000098300000, 0x00000000a0000000)
  object space 41984K, 59% used [0x0000000095a00000,0x0000000097279b58,0x0000000098300000)
Event: 19.640 GC heap after
Heap after GC invocations=16 (full 1):
 PSYoungGen      total 216064K, used 192K [0x00000000e0000000, 0x00000000f3800000, 0x0000000100000000)
  eden space 206336K, 0% used [0x00000000e0000000,0x00000000e0000000,0x00000000ec980000)
  from space 9728K, 1% used [0x00000000f2500000,0x00000000f2530000,0x00000000f2e80000)
  to   space 9728K, 0% used [0x00000000f2e80000,0x00000000f2e80000,0x00000000f3800000)
 ParOldGen       total 170496K, used 18798K [0x00000000a0000000, 0x00000000aa680000, 0x00000000e0000000)
  object space 170496K, 11% used [0x00000000a0000000,0x00000000a125bb68,0x00000000aa680000)
 PSPermGen       total 41984K, used 25062K [0x0000000095a00000, 0x0000000098300000, 0x00000000a0000000)
  object space 41984K, 59% used [0x0000000095a00000,0x0000000097279b58,0x0000000098300000)
}
Event: 20.742 GC heap before
{Heap before GC invocations=17 (full 1):
 PSYoungGen      total 216064K, used 206528K [0x00000000e0000000, 0x00000000f3800000, 0x0000000100000000)
  eden space 206336K, 100% used [0x00000000e0000000,0x00000000ec980000,0x00000000ec980000)
  from space 9728K, 1% used [0x00000000f2500000,0x00000000f2530000,0x00000000f2e80000)
  to   space 9728K, 0% used [0x00000000f2e80000,0x00000000f2e80000,0x00000000f3800000)
 ParOldGen       total 170496K, used 18800K [0x00000000a0000000, 0x00000000aa680000, 0x00000000e0000000)
  object space 170496K, 11% used [0x00000000a0000000,0x00000000a125c3e8,0x00000000aa680000)
 PSPermGen       total 41984K, used 25087K [0x0000000095a00000, 0x0000000098300000, 0x00000000a0000000)
  object space 41984K, 59% used [0x0000000095a00000,0x000000009727fd10,0x0000000098300000)
Event: 20.744 GC heap after
Heap after GC invocations=17 (full 1):
 PSYoungGen      total 199168K, used 256K [0x00000000e0000000, 0x00000000f2f00000, 0x0000000100000000)
  eden space 198656K, 0% used [0x00000000e0000000,0x00000000e0000000,0x00000000ec200000)
  from space 512K, 50% used [0x00000000f2e80000,0x00000000f2ec0000,0x00000000f2f00000)
  to   space 9216K, 0% used [0x00000000f1d00000,0x00000000f1d00000,0x00000000f2600000)
 ParOldGen       total 170496K, used 18848K [0x00000000a0000000, 0x00000000aa680000, 0x00000000e0000000)
  object space 170496K, 11% used [0x00000000a0000000,0x00000000a12683e8,0x00000000aa680000)
 PSPermGen       total 41984K, used 25087K [0x0000000095a00000, 0x0000000098300000, 0x00000000a0000000)
  object space 41984K, 59% used [0x0000000095a00000,0x000000009727fd10,0x0000000098300000)
}
Event: 22.099 GC heap before
{Heap before GC invocations=18 (full 1):
 PSYoungGen      total 199168K, used 198912K [0x00000000e0000000, 0x00000000f2f00000, 0x0000000100000000)
  eden space 198656K, 100% used [0x00000000e0000000,0x00000000ec200000,0x00000000ec200000)
  from space 512K, 50% used [0x00000000f2e80000,0x00000000f2ec0000,0x00000000f2f00000)
  to   space 9216K, 0% used [0x00000000f1d00000,0x00000000f1d00000,0x00000000f2600000)
 ParOldGen       total 170496K, used 18848K [0x00000000a0000000, 0x00000000aa680000, 0x00000000e0000000)
  object space 170496K, 11% used [0x00000000a0000000,0x00000000a12683e8,0x00000000aa680000)
 PSPermGen       total 41984K, used 25097K [0x0000000095a00000, 0x0000000098300000, 0x00000000a0000000)
  object space 41984K, 59% used [0x0000000095a00000,0x0000000097282778,0x0000000098300000)
Event: 22.101 GC heap after
Heap after GC invocations=18 (full 1):
 PSYoungGen      total 200704K, used 256K [0x00000000e0000000, 0x00000000f2f00000, 0x0000000100000000)
  eden space 191488K, 0% used [0x00000000e0000000,0x00000000e0000000,0x00000000ebb00000)
  from space 9216K, 2% used [0x00000000f1d00000,0x00000000f1d40000,0x00000000f2600000)
  to   space 8704K, 0% used [0x00000000f2680000,0x00000000f2680000,0x00000000f2f00000)
 ParOldGen       total 170496K, used 18928K [0x00000000a0000000, 0x00000000aa680000, 0x00000000e0000000)
  object space 170496K, 11% used [0x00000000a0000000,0x00000000a127c3e8,0x00000000aa680000)
 PSPermGen       total 41984K, used 25097K [0x0000000095a00000, 0x0000000098300000, 0x00000000a0000000)
  object space 41984K, 59% used [0x0000000095a00000,0x0000000097282778,0x0000000098300000)
}
Event: 23.082 GC heap before
{Heap before GC invocations=19 (full 1):
 PSYoungGen      total 200704K, used 191744K [0x00000000e0000000, 0x00000000f2f00000, 0x0000000100000000)
  eden space 191488K, 100% used [0x00000000e0000000,0x00000000ebb00000,0x00000000ebb00000)
  from space 9216K, 2% used [0x00000000f1d00000,0x00000000f1d40000,0x00000000f2600000)
  to   space 8704K, 0% used [0x00000000f2680000,0x00000000f2680000,0x00000000f2f00000)
 ParOldGen       total 170496K, used 18928K [0x00000000a0000000, 0x00000000aa680000, 0x00000000e0000000)
  object space 170496K, 11% used [0x00000000a0000000,0x00000000a127c3e8,0x00000000aa680000)
 PSPermGen       total 41984K, used 25104K [0x0000000095a00000, 0x0000000098300000, 0x00000000a0000000)
  object space 41984K, 59% used [0x0000000095a00000,0x00000000972840e8,0x0000000098300000)
Event: 23.084 GC heap after
Heap after GC invocations=19 (full 1):
 PSYoungGen      total 185344K, used 224K [0x00000000e0000000, 0x00000000f2700000, 0x0000000100000000)
  eden space 184832K, 0% used [0x00000000e0000000,0x00000000e0000000,0x00000000eb480000)
  from space 512K, 43% used [0x00000000f2680000,0x00000000f26b8000,0x00000000f2700000)
  to   space 8192K, 0% used [0x00000000f1700000,0x00000000f1700000,0x00000000f1f00000)
 ParOldGen       total 170496K, used 19024K [0x00000000a0000000, 0x00000000aa680000, 0x00000000e0000000)
  object space 170496K, 11% used [0x00000000a0000000,0x00000000a12943e8,0x00000000aa680000)
 PSPermGen       total 41984K, used 25104K [0x0000000095a00000, 0x0000000098300000, 0x00000000a0000000)
  object space 41984K, 59% used [0x0000000095a00000,0x00000000972840e8,0x0000000098300000)
}

Deoptimization events (10 events):
Event: 12.489 Thread 0x00007f911418f000 Uncommon trap: reason=unstable_if action=reinterpret pc=0x00007f9170da8268 method=org.contikios.cooja.EventQueue.addEvent(Lorg/contikios/cooja/TimeEvent;)V @ 73
Event: 12.562 Thread 0x00007f9174353800 Uncommon trap: reason=unstable_if action=reinterpret pc=0x00007f9170d54cec method=java.security.AccessControlContext.optimize()Ljava/security/AccessControlContext; @ 233
Event: 12.713 Thread 0x00007f9174353800 Uncommon trap: reason=bimorphic action=maybe_recompile pc=0x00007f9170d09600 method=javax.swing.UIDefaults.getFromHashtable(Ljava/lang/Object;)Ljava/lang/Object; @ 126
Event: 13.311 Thread 0x00007f911418f000 Uncommon trap: reason=unstable_if action=reinterpret pc=0x00007f9170de36cc method=org.contikios.cooja.contikimote.interfaces.ContikiRadio.doActionsAfterTick()V @ 286
Event: 13.314 Thread 0x00007f911418f000 Uncommon trap: reason=unstable_if action=reinterpret pc=0x00007f9170dcda2c method=org.contikios.cooja.EventQueue.addEvent(Lorg/contikios/cooja/TimeEvent;)V @ 103
Event: 13.315 Thread 0x00007f911418f000 Uncommon trap: reason=unstable_if action=reinterpret pc=0x00007f9170dd0350 method=org.contikios.cooja.EventQueue.addEvent(Lorg/contikios/cooja/TimeEvent;)V @ 103
Event: 15.706 Thread 0x00007f9174353800 Uncommon trap: reason=null_check action=make_not_entrant pc=0x00007f9170e48f08 method=javax.swing.plaf.nimbus.NimbusStyle.isOpaque(Ljavax/swing/plaf/synth/SynthContext;)Z @ 9
Event: 17.271 Thread 0x00007f9174353800 Uncommon trap: reason=unstable_if action=reinterpret pc=0x00007f9170e5bc34 method=sun.misc.FormattedFloatingDecimal.applyPrecision(I)[C @ 66
Event: 17.792 Thread 0x00007f9174353800 Uncommon trap: reason=null_check action=make_not_entrant pc=0x00007f9170e92e2c method=javax.swing.plaf.synth.SynthStyle.getBoolean(Ljavax/swing/plaf/synth/SynthContext;Ljava/lang/Object;Z)Z @ 10
Event: 22.415 Thread 0x00007f9174353800 Uncommon trap: reason=unstable_if action=reinterpret pc=0x00007f9170ea91a4 method=org.contikios.cooja.plugins.TimeLine$MoteEvent.paintInterval(Ljava/awt/Graphics;IJ)V @ 76

Internal exceptions (10 events):
Event: 12.245 Thread 0x00007f911418f000 Threw 0x00000000e0c60aa0 at /build/openjdk-7-7bXZEq/openjdk-7-7u181-2.6.14/build/openjdk/hotspot/src/share/vm/prims/jvm.cpp:1367
Event: 12.248 Thread 0x00007f911418f000 Threw 0x00000000e0c6ba58 at /build/openjdk-7-7bXZEq/openjdk-7-7u181-2.6.14/build/openjdk/hotspot/src/share/vm/prims/jvm.cpp:1367
Event: 12.326 Thread 0x00007f9174353800 Implicit null exception at 0x00007f9170d9dd95 to 0x00007f9170d9f255
Event: 13.311 Thread 0x00007f911418f000 Threw 0x00000000e8199b10 at /build/openjdk-7-7bXZEq/openjdk-7-7u181-2.6.14/build/openjdk/hotspot/src/share/vm/prims/jvm.cpp:1367
Event: 13.311 Thread 0x00007f911418f000 Threw 0x00000000e819c208 at /build/openjdk-7-7bXZEq/openjdk-7-7u181-2.6.14/build/openjdk/hotspot/src/share/vm/prims/jvm.cpp:1367
Event: 13.312 Thread 0x00007f911418f000 Threw 0x00000000e819f9b8 at /build/openjdk-7-7bXZEq/openjdk-7-7u181-2.6.14/build/openjdk/hotspot/src/share/vm/prims/jvm.cpp:1367
Event: 13.314 Thread 0x00007f911418f000 Threw 0x00000000e81b4068 at /build/openjdk-7-7bXZEq/openjdk-7-7u181-2.6.14/build/openjdk/hotspot/src/share/vm/prims/jvm.cpp:1367
Event: 13.315 Thread 0x00007f911418f000 Threw 0x00000000e81d55a8 at /build/openjdk-7-7bXZEq/openjdk-7-7u181-2.6.14/build/openjdk/hotspot/src/share/vm/prims/jvm.cpp:1367
Event: 15.706 Thread 0x00007f9174353800 Implicit null exception at 0x00007f9170e48a47 to 0x00007f9170e48eed
Event: 17.792 Thread 0x00007f9174353800 Implicit null exception at 0x00007f9170e92870 to 0x00007f9170e92e1d

Events (10 events):
Event: 20.972 loading class 0x00007f916c5c1dc0
Event: 20.972 loading class 0x00007f916c5c1dc0 done
Event: 22.099 Executing VM operation: ParallelGCFailedAllocation
Event: 22.101 Executing VM operation: ParallelGCFailedAllocation done
Event: 22.106 Thread 0x00007f91740ac000 flushing nmethod 0x00007f9170e48390
Event: 22.415 Thread 0x00007f9174353800 Uncommon trap: trap_request=0xffffff75 fr.pc=0x00007f9170ea91a4
Event: 22.415 Thread 0x00007f9174353800 DEOPT PACKING pc=0x00007f9170ea91a4 sp=0x00007f915d2784f0
Event: 22.415 Thread 0x00007f9174353800 DEOPT UNPACKING pc=0x00007f9170c25445 sp=0x00007f915d2784e0 mode 2
Event: 23.082 Executing VM operation: ParallelGCFailedAllocation
Event: 23.084 Executing VM operation: ParallelGCFailedAllocation done


Dynamic libraries:
00400000-00401000 r-xp 00000000 08:01 5770552                            /usr/lib/jvm/java-7-openjdk-amd64/jre/bin/java
00600000-00601000 r--p 00000000 08:01 5770552                            /usr/lib/jvm/java-7-openjdk-amd64/jre/bin/java
00601000-00602000 rw-p 00001000 08:01 5770552                            /usr/lib/jvm/java-7-openjdk-amd64/jre/bin/java
025e6000-02607000 rw-p 00000000 00:00 0                                  [heap]
95a00000-98300000 rw-p 00000000 00:00 0 
98300000-a0000000 rw-p 00000000 00:00 0 
a0000000-aa680000 rw-p 00000000 00:00 0 
aa680000-e0000000 rw-p 00000000 00:00 0 
e0000000-f2700000 rw-p 00000000 00:00 0 
f2700000-f4b80000 ---p 00000000 00:00 0 
f4b80000-100000000 rw-p 00000000 00:00 0 
7f90f8000000-7f90f8021000 rw-p 00000000 00:00 0 
7f90f8021000-7f90fc000000 ---p 00000000 00:00 0 
7f90fc000000-7f90fc021000 rw-p 00000000 00:00 0 
7f90fc021000-7f9100000000 ---p 00000000 00:00 0 
7f9100000000-7f9100021000 rw-p 00000000 00:00 0 
7f9100021000-7f9104000000 ---p 00000000 00:00 0 
7f9104000000-7f9104021000 rw-p 00000000 00:00 0 
7f9104021000-7f9108000000 ---p 00000000 00:00 0 
7f9108000000-7f9108021000 rw-p 00000000 00:00 0 
7f9108021000-7f910c000000 ---p 00000000 00:00 0 
7f910c000000-7f910c091000 rw-p 00000000 00:00 0 
7f910c091000-7f9110000000 ---p 00000000 00:00 0 
7f9110000000-7f9110021000 rw-p 00000000 00:00 0 
7f9110021000-7f9114000000 ---p 00000000 00:00 0 
7f9114000000-7f911432d000 rw-p 00000000 00:00 0 
7f911432d000-7f9118000000 ---p 00000000 00:00 0 
7f9118000000-7f9118021000 rw-p 00000000 00:00 0 
7f9118021000-7f911c000000 ---p 00000000 00:00 0 
7f911c000000-7f911c021000 rw-p 00000000 00:00 0 
7f911c021000-7f9120000000 ---p 00000000 00:00 0 
7f9120000000-7f9120021000 rw-p 00000000 00:00 0 
7f9120021000-7f9124000000 ---p 00000000 00:00 0 
7f9124000000-7f9124021000 rw-p 00000000 00:00 0 
7f9124021000-7f9128000000 ---p 00000000 00:00 0 
7f9128000000-7f9128ac3000 rw-p 00000000 00:00 0 
7f9128ac3000-7f912c000000 ---p 00000000 00:00 0 
7f912c000000-7f912cb87000 rw-p 00000000 00:00 0 
7f912cb87000-7f9130000000 ---p 00000000 00:00 0 
7f9130000000-7f9130021000 rw-p 00000000 00:00 0 
7f9130021000-7f9134000000 ---p 00000000 00:00 0 
7f9134000000-7f9134021000 rw-p 00000000 00:00 0 
7f9134021000-7f9138000000 ---p 00000000 00:00 0 
7f9138000000-7f913808a000 rw-p 00000000 00:00 0 
7f913808a000-7f913c000000 ---p 00000000 00:00 0 
7f913c000000-7f913c021000 rw-p 00000000 00:00 0 
7f913c021000-7f9140000000 ---p 00000000 00:00 0 
7f9140000000-7f9140021000 rw-p 00000000 00:00 0 
7f9140021000-7f9144000000 ---p 00000000 00:00 0 
7f9144000000-7f9144021000 rw-p 00000000 00:00 0 
7f9144021000-7f9148000000 ---p 00000000 00:00 0 
7f9148000000-7f9148021000 rw-p 00000000 00:00 0 
7f9148021000-7f914c000000 ---p 00000000 00:00 0 
7f9150000000-7f9150021000 rw-p 00000000 00:00 0 
7f9150021000-7f9154000000 ---p 00000000 00:00 0 
7f9154000000-7f9154021000 rw-p 00000000 00:00 0 
7f9154021000-7f9158000000 ---p 00000000 00:00 0 
7f9158000000-7f9158021000 rw-p 00000000 00:00 0 
7f9158021000-7f915c000000 ---p 00000000 00:00 0 
7f915c1de000-7f915c21e000 r-xp 00000000 08:01 2109534                    /home/netlab/Backup_sbjeong/xxx 2020/contiki_git_ing/examples/ipv6/rpl-tsch/obj_cooja/mtype861.cooja
7f915c21e000-7f915c41e000 ---p 00040000 08:01 2109534                    /home/netlab/Backup_sbjeong/xxx 2020/contiki_git_ing/examples/ipv6/rpl-tsch/obj_cooja/mtype861.cooja
7f915c41e000-7f915c41f000 r--p 00040000 08:01 2109534                    /home/netlab/Backup_sbjeong/xxx 2020/contiki_git_ing/examples/ipv6/rpl-tsch/obj_cooja/mtype861.cooja
7f915c41f000-7f915c421000 rw-p 00041000 08:01 2109534                    /home/netlab/Backup_sbjeong/xxx 2020/contiki_git_ing/examples/ipv6/rpl-tsch/obj_cooja/mtype861.cooja
7f915c421000-7f915c42f000 rw-p 00000000 00:00 0 
7f915c42f000-7f915c432000 ---p 00000000 00:00 0 
7f915c432000-7f915c530000 rw-p 00000000 00:00 0 
7f915c530000-7f915c533000 ---p 00000000 00:00 0 
7f915c533000-7f915c631000 rw-p 00000000 00:00 0 
7f915c631000-7f915c634000 ---p 00000000 00:00 0 
7f915c634000-7f915c732000 rw-p 00000000 00:00 0 
7f915c732000-7f915c735000 ---p 00000000 00:00 0 
7f915c735000-7f915c833000 rw-p 00000000 00:00 0 
7f915c833000-7f915cfac000 rw-s 00000000 00:05 3244052                    /SYSV00000000 (deleted)
7f915d07a000-7f915d07d000 ---p 00000000 00:00 0 
7f915d07d000-7f915d17b000 rw-p 00000000 00:00 0 
7f915d17b000-7f915d17e000 ---p 00000000 00:00 0 
7f915d17e000-7f915d27c000 rw-p 00000000 00:00 0 
7f915d27c000-7f915d27f000 ---p 00000000 00:00 0 
7f915d27f000-7f915d37d000 rw-p 00000000 00:00 0 
7f915d37d000-7f915d3cf000 r-xp 00000000 08:01 5770650                    /usr/lib/jvm/java-7-openjdk-amd64/jre/lib/amd64/libfontmanager.so
7f915d3cf000-7f915d5ce000 ---p 00052000 08:01 5770650                    /usr/lib/jvm/java-7-openjdk-amd64/jre/lib/amd64/libfontmanager.so
7f915d5ce000-7f915d5d1000 r--p 00051000 08:01 5770650                    /usr/lib/jvm/java-7-openjdk-amd64/jre/lib/amd64/libfontmanager.so
7f915d5d1000-7f915d5d2000 rw-p 00054000 08:01 5770650                    /usr/lib/jvm/java-7-openjdk-amd64/jre/lib/amd64/libfontmanager.so
7f915d5d2000-7f915d5d5000 ---p 00000000 00:00 0 
7f915d5d5000-7f915d6d3000 rw-p 00000000 00:00 0 
7f915d6d3000-7f915d6d8000 r-xp 00000000 08:01 4988952                    /usr/lib/x86_64-linux-gnu/libXfixes.so.3.1.0
7f915d6d8000-7f915d8d7000 ---p 00005000 08:01 4988952                    /usr/lib/x86_64-linux-gnu/libXfixes.so.3.1.0
7f915d8d7000-7f915d8d8000 r--p 00004000 08:01 4988952                    /usr/lib/x86_64-linux-gnu/libXfixes.so.3.1.0
7f915d8d8000-7f915d8d9000 rw-p 00005000 08:01 4988952                    /usr/lib/x86_64-linux-gnu/libXfixes.so.3.1.0
7f915d8d9000-7f915d8e2000 r-xp 00000000 08:01 4983250                    /usr/lib/x86_64-linux-gnu/libXcursor.so.1.0.2
7f915d8e2000-7f915dae1000 ---p 00009000 08:01 4983250                    /usr/lib/x86_64-linux-gnu/libXcursor.so.1.0.2
7f915dae1000-7f915dae2000 r--p 00008000 08:01 4983250                    /usr/lib/x86_64-linux-gnu/libXcursor.so.1.0.2
7f915dae2000-7f915dae3000 rw-p 00009000 08:01 4983250                    /usr/lib/x86_64-linux-gnu/libXcursor.so.1.0.2
7f915dae3000-7f915dae6000 ---p 00000000 00:00 0 
7f915dae6000-7f915dbe4000 rw-p 00000000 00:00 0 
7f915dbe4000-7f915dc09000 r-xp 00000000 08:01 1179869                    /lib/x86_64-linux-gnu/libpng12.so.0.50.0
7f915dc09000-7f915de08000 ---p 00025000 08:01 1179869                    /lib/x86_64-linux-gnu/libpng12.so.0.50.0
7f915de08000-7f915de09000 r--p 00024000 08:01 1179869                    /lib/x86_64-linux-gnu/libpng12.so.0.50.0
7f915de09000-7f915de0a000 rw-p 00025000 08:01 1179869                    /lib/x86_64-linux-gnu/libpng12.so.0.50.0
7f915de0a000-7f915de0f000 r-xp 00000000 08:01 4988948                    /usr/lib/x86_64-linux-gnu/libXdmcp.so.6.0.0
7f915de0f000-7f915e00e000 ---p 00005000 08:01 4988948                    /usr/lib/x86_64-linux-gnu/libXdmcp.so.6.0.0
7f915e00e000-7f915e00f000 r--p 00004000 08:01 4988948                    /usr/lib/x86_64-linux-gnu/libXdmcp.so.6.0.0
7f915e00f000-7f915e010000 rw-p 00005000 08:01 4988948                    /usr/lib/x86_64-linux-gnu/libXdmcp.so.6.0.0
7f915e010000-7f915e012000 r-xp 00000000 08:01 4988937                    /usr/lib/x86_64-linux-gnu/libXau.so.6.0.0
7f915e012000-7f915e212000 ---p 00002000 08:01 4988937                    /usr/lib/x86_64-linux-gnu/libXau.so.6.0.0
7f915e212000-7f915e213000 r--p 00002000 08:01 4988937                    /usr/lib/x86_64-linux-gnu/libXau.so.6.0.0
7f915e213000-7f915e214000 rw-p 00003000 08:01 4988937                    /usr/lib/x86_64-linux-gnu/libXau.so.6.0.0
7f915e214000-7f915e23b000 r-xp 00000000 08:01 1179745                    /lib/x86_64-linux-gnu/libexpat.so.1.6.0
7f915e23b000-7f915e43b000 ---p 00027000 08:01 1179745                    /lib/x86_64-linux-gnu/libexpat.so.1.6.0
7f915e43b000-7f915e43d000 r--p 00027000 08:01 1179745                    /lib/x86_64-linux-gnu/libexpat.so.1.6.0
7f915e43d000-7f915e43e000 rw-p 00029000 08:01 1179745                    /lib/x86_64-linux-gnu/libexpat.so.1.6.0
7f915e43e000-7f915e4db000 r-xp 00000000 08:01 4982345                    /usr/lib/x86_64-linux-gnu/libfreetype.so.6.11.1
7f915e4db000-7f915e6da000 ---p 0009d000 08:01 4982345                    /usr/lib/x86_64-linux-gnu/libfreetype.so.6.11.1
7f915e6da000-7f915e6e0000 r--p 0009c000 08:01 4982345                    /usr/lib/x86_64-linux-gnu/libfreetype.so.6.11.1
7f915e6e0000-7f915e6e1000 rw-p 000a2000 08:01 4982345                    /usr/lib/x86_64-linux-gnu/libfreetype.so.6.11.1
7f915e6e1000-7f915e6fe000 r-xp 00000000 08:01 4990005                    /usr/lib/x86_64-linux-gnu/libxcb.so.1.1.0
7f915e6fe000-7f915e8fe000 ---p 0001d000 08:01 4990005                    /usr/lib/x86_64-linux-gnu/libxcb.so.1.1.0
7f915e8fe000-7f915e8ff000 r--p 0001d000 08:01 4990005                    /usr/lib/x86_64-linux-gnu/libxcb.so.1.1.0
7f915e8ff000-7f915e900000 rw-p 0001e000 08:01 4990005                    /usr/lib/x86_64-linux-gnu/libxcb.so.1.1.0
7f915e900000-7f915e93a000 r-xp 00000000 08:01 4982343                    /usr/lib/x86_64-linux-gnu/libfontconfig.so.1.8.0
7f915e93a000-7f915eb39000 ---p 0003a000 08:01 4982343                    /usr/lib/x86_64-linux-gnu/libfontconfig.so.1.8.0
7f915eb39000-7f915eb3b000 r--p 00039000 08:01 4982343                    /usr/lib/x86_64-linux-gnu/libfontconfig.so.1.8.0
7f915eb3b000-7f915eb3c000 rw-p 0003b000 08:01 4982343                    /usr/lib/x86_64-linux-gnu/libfontconfig.so.1.8.0
7f915eb3c000-7f915eb4b000 r-xp 00000000 08:01 4988958                    /usr/lib/x86_64-linux-gnu/libXi.so.6.1.0
7f915eb4b000-7f915ed4a000 ---p 0000f000 08:01 4988958                    /usr/lib/x86_64-linux-gnu/libXi.so.6.1.0
7f915ed4a000-7f915ed4b000 r--p 0000e000 08:01 4988958                    /usr/lib/x86_64-linux-gnu/libXi.so.6.1.0
7f915ed4b000-7f915ed4c000 rw-p 0000f000 08:01 4988958                    /usr/lib/x86_64-linux-gnu/libXi.so.6.1.0
7f915ed4c000-7f915ed51000 r-xp 00000000 08:01 4988978                    /usr/lib/x86_64-linux-gnu/libXtst.so.6.1.0
7f915ed51000-7f915ef50000 ---p 00005000 08:01 4988978                    /usr/lib/x86_64-linux-gnu/libXtst.so.6.1.0
7f915ef50000-7f915ef51000 r--p 00004000 08:01 4988978                    /usr/lib/x86_64-linux-gnu/libXtst.so.6.1.0
7f915ef51000-7f915ef52000 rw-p 00005000 08:01 4988978                    /usr/lib/x86_64-linux-gnu/libXtst.so.6.1.0
7f915ef52000-7f915ef54000 r-xp 00000000 08:01 4988942                    /usr/lib/x86_64-linux-gnu/libXcomposite.so.1.0.0
7f915ef54000-7f915f153000 ---p 00002000 08:01 4988942                    /usr/lib/x86_64-linux-gnu/libXcomposite.so.1.0.0
7f915f153000-7f915f154000 r--p 00001000 08:01 4988942                    /usr/lib/x86_64-linux-gnu/libXcomposite.so.1.0.0
7f915f154000-7f915f155000 rw-p 00002000 08:01 4988942                    /usr/lib/x86_64-linux-gnu/libXcomposite.so.1.0.0
7f915f155000-7f915f15e000 r-xp 00000000 08:01 4988972                    /usr/lib/x86_64-linux-gnu/libXrender.so.1.3.0
7f915f15e000-7f915f35d000 ---p 00009000 08:01 4988972                    /usr/lib/x86_64-linux-gnu/libXrender.so.1.3.0
7f915f35d000-7f915f35e000 r--p 00008000 08:01 4988972                    /usr/lib/x86_64-linux-gnu/libXrender.so.1.3.0
7f915f35e000-7f915f35f000 rw-p 00009000 08:01 4988972                    /usr/lib/x86_64-linux-gnu/libXrender.so.1.3.0
7f915f35f000-7f915f48f000 r-xp 00000000 08:01 4988933                    /usr/lib/x86_64-linux-gnu/libX11.so.6.3.0
7f915f48f000-7f915f68f000 ---p 00130000 08:01 4988933                    /usr/lib/x86_64-linux-gnu/libX11.so.6.3.0
7f915f68f000-7f915f690000 r--p 00130000 08:01 4988933                    /usr/lib/x86_64-linux-gnu/libX11.so.6.3.0
7f915f690000-7f915f694000 rw-p 00131000 08:01 4988933                    /usr/lib/x86_64-linux-gnu/libX11.so.6.3.0
7f915f694000-7f915f6a5000 r-xp 00000000 08:01 4988950                    /usr/lib/x86_64-linux-gnu/libXext.so.6.4.0
7f915f6a5000-7f915f8a4000 ---p 00011000 08:01 4988950                    /usr/lib/x86_64-linux-gnu/libXext.so.6.4.0
7f915f8a4000-7f915f8a5000 r--p 00010000 08:01 4988950                    /usr/lib/x86_64-linux-gnu/libXext.so.6.4.0
7f915f8a5000-7f915f8a6000 rw-p 00011000 08:01 4988950                    /usr/lib/x86_64-linux-gnu/libXext.so.6.4.0
7f915f8a6000-7f915f8ee000 r-xp 00000000 08:01 5768252                    /usr/lib/jvm/java-7-openjdk-amd64/jre/lib/amd64/xawt/libmawt.so
7f915f8ee000-7f915faed000 ---p 00048000 08:01 5768252                    /usr/lib/jvm/java-7-openjdk-amd64/jre/lib/amd64/xawt/libmawt.so
7f915faed000-7f915faee000 r--p 00047000 08:01 5768252                    /usr/lib/jvm/java-7-openjdk-amd64/jre/lib/amd64/xawt/libmawt.so
7f915faee000-7f915faf1000 rw-p 00048000 08:01 5768252                    /usr/lib/jvm/java-7-openjdk-amd64/jre/lib/amd64/xawt/libmawt.so
7f915faf1000-7f915faf2000 rw-p 00000000 00:00 0 
7f915faf2000-7f915fb92000 r-xp 00000000 08:01 5770618                    /usr/lib/jvm/java-7-openjdk-amd64/jre/lib/amd64/libawt.so
7f915fb92000-7f915fd91000 ---p 000a0000 08:01 5770618                    /usr/lib/jvm/java-7-openjdk-amd64/jre/lib/amd64/libawt.so
7f915fd91000-7f915fd92000 r--p 0009f000 08:01 5770618                    /usr/lib/jvm/java-7-openjdk-amd64/jre/lib/amd64/libawt.so
7f915fd92000-7f915fd9d000 rw-p 000a0000 08:01 5770618                    /usr/lib/jvm/java-7-openjdk-amd64/jre/lib/amd64/libawt.so
7f915fd9d000-7f915fdc2000 rw-p 00000000 00:00 0 
7f915fdc2000-7f915fdff000 r-xp 00000000 08:01 1179653                    /lib/x86_64-linux-gnu/libpcre.so.3.13.1
7f915fdff000-7f915fffe000 ---p 0003d000 08:01 1179653                    /lib/x86_64-linux-gnu/libpcre.so.3.13.1
7f915fffe000-7f915ffff000 r--p 0003c000 08:01 1179653                    /lib/x86_64-linux-gnu/libpcre.so.3.13.1
7f915ffff000-7f9160000000 rw-p 0003d000 08:01 1179653                    /lib/x86_64-linux-gnu/libpcre.so.3.13.1
7f9160000000-7f9160021000 rw-p 00000000 00:00 0 
7f9160021000-7f9164000000 ---p 00000000 00:00 0 
7f9164006000-7f9164007000 rw-p 00000000 00:00 0 
7f9164007000-7f916400a000 ---p 00000000 00:00 0 
7f916400a000-7f9164040000 rw-p 00000000 00:00 0 
7f9164040000-7f9164041000 r--s 00003000 08:01 1780376                    /home/netlab/Backup_sbjeong/xxx 2020/contiki_git_ing/tools/cooja/apps/powertracker/lib/powertracker.jar
7f9164041000-7f9164042000 r--s 00002000 08:01 1779993                    /home/netlab/Backup_sbjeong/xxx 2020/contiki_git_ing/tools/cooja/apps/collect-view/cooja-collect-view.jar
7f9164042000-7f9164044000 r--s 00008000 08:01 1780392                    /home/netlab/Backup_sbjeong/xxx 2020/contiki_git_ing/tools/cooja/apps/serial_socket/lib/serial_socket.jar
7f9164044000-7f916407e000 r--s 001e1000 08:01 1779958                    /home/netlab/Backup_sbjeong/xxx 2020/contiki_git_ing/tools/cooja/apps/avrora/lib/avrora-small.jar
7f916407e000-7f916407f000 r--s 00008000 08:01 1779959                    /home/netlab/Backup_sbjeong/xxx 2020/contiki_git_ing/tools/cooja/apps/avrora/lib/cooja_avrora.jar
7f916407f000-7f9164081000 r--s 00010000 08:01 1780367                    /home/netlab/Backup_sbjeong/xxx 2020/contiki_git_ing/tools/cooja/apps/mspsim/lib/jipv6.jar
7f9164081000-7f9164082000 r--s 00004000 08:01 1780368                    /home/netlab/Backup_sbjeong/xxx 2020/contiki_git_ing/tools/cooja/apps/mspsim/lib/coffee.jar
7f9164082000-7f916408e000 r--s 000eb000 08:01 1780366                    /home/netlab/Backup_sbjeong/xxx 2020/contiki_git_ing/tools/cooja/apps/mspsim/lib/mspsim.jar
7f916408e000-7f9164094000 r--s 00064000 08:01 1780369                    /home/netlab/Backup_sbjeong/xxx 2020/contiki_git_ing/tools/cooja/apps/mspsim/lib/cooja_mspsim.jar
7f9164094000-7f9164096000 r--s 0001e000 08:01 1780085                    /home/netlab/Backup_sbjeong/xxx 2020/contiki_git_ing/tools/cooja/apps/mrm/lib/mrm.jar
7f9164096000-7f9164097000 r--s 00000000 08:01 6556024                    /var/cache/fontconfig/c05880de57d1f5e948fdfacc138775d9-le64.cache-4
7f9164097000-7f91640a2000 r--s 00000000 08:01 6556014                    /var/cache/fontconfig/945677eb7aeaf62f1d50efc3fb3ec7d8-le64.cache-4
7f91640a2000-7f91640ab000 r--s 00000000 08:01 6554854                    /var/cache/fontconfig/a6d8cf8e4ec09cdbc8633c31745a07dd-le64.cache-4
7f91640ab000-7f91640b1000 r--s 00000000 08:01 6554853                    /var/cache/fontconfig/2cd17615ca594fa2959ae173292e504c-le64.cache-4
7f91640b1000-7f91640b2000 r--s 00000000 08:01 6554842                    /var/cache/fontconfig/e7071f4a29fa870f4323321c154eba04-le64.cache-4
7f91640b2000-7f91640b3000 r--s 00000000 08:01 6554820                    /var/cache/fontconfig/0d8c3b2ac0904cb8a57a757ad11a4a08-le64.cache-4
7f91640b3000-7f91640ba000 r--s 00000000 08:01 6554812                    /var/cache/fontconfig/a755afe4a08bf5b97852ceb7400b47bc-le64.cache-4
7f91640ba000-7f91640ce000 r--s 00000000 08:01 6554811                    /var/cache/fontconfig/04aabc0a78ac019cf9454389977116d2-le64.cache-4
7f91640ce000-7f91640d2000 r--s 00000000 08:01 6554528                    /var/cache/fontconfig/385c0604a188198f04d133e54aba7fe7-le64.cache-4
7f91640d2000-7f91640d8000 r--s 00000000 08:01 6554524                    /var/cache/fontconfig/8801497958630a81b71ace7c5f9b32a8-le64.cache-4
7f91640d8000-7f91640df000 r--s 00000000 08:01 6554522                    /var/cache/fontconfig/3047814df9a2f067bd2d96a2b9c36e5a-le64.cache-4
7f91640df000-7f91640f2000 r--s 00000000 08:01 6554359                    /var/cache/fontconfig/d52a8644073d54c13679302ca1180695-le64.cache-4
7f91640f2000-7f9164119000 r--p 00000000 08:01 5516359                    /usr/share/locale-langpack/ko/LC_MESSAGES/libc.mo
7f9164119000-7f916414a000 rw-p 00000000 00:00 0 
7f916414a000-7f9164151000 r-xp 00000000 08:01 4982252                    /usr/lib/x86_64-linux-gnu/libffi.so.6.0.1
7f9164151000-7f9164350000 ---p 00007000 08:01 4982252                    /usr/lib/x86_64-linux-gnu/libffi.so.6.0.1
7f9164350000-7f9164351000 r--p 00006000 08:01 4982252                    /usr/lib/x86_64-linux-gnu/libffi.so.6.0.1
7f9164351000-7f9164352000 rw-p 00007000 08:01 4982252                    /usr/lib/x86_64-linux-gnu/libffi.so.6.0.1
7f9164352000-7f9164369000 r-xp 00000000 08:01 1183989                    /lib/x86_64-linux-gnu/libresolv-2.19.so
7f9164369000-7f9164569000 ---p 00017000 08:01 1183989                    /lib/x86_64-linux-gnu/libresolv-2.19.so
7f9164569000-7f916456a000 r--p 00017000 08:01 1183989                    /lib/x86_64-linux-gnu/libresolv-2.19.so
7f916456a000-7f916456b000 rw-p 00018000 08:01 1183989                    /lib/x86_64-linux-gnu/libresolv-2.19.so
7f916456b000-7f916456d000 rw-p 00000000 00:00 0 
7f916456d000-7f916458d000 r-xp 00000000 08:01 1184140                    /lib/x86_64-linux-gnu/libselinux.so.1
7f916458d000-7f916478c000 ---p 00020000 08:01 1184140                    /lib/x86_64-linux-gnu/libselinux.so.1
7f916478c000-7f916478d000 r--p 0001f000 08:01 1184140                    /lib/x86_64-linux-gnu/libselinux.so.1
7f916478d000-7f916478e000 rw-p 00020000 08:01 1184140                    /lib/x86_64-linux-gnu/libselinux.so.1
7f916478e000-7f9164790000 rw-p 00000000 00:00 0 
7f9164790000-7f9164793000 r-xp 00000000 08:01 4981121                    /usr/lib/x86_64-linux-gnu/libgmodule-2.0.so.0.4002.0
7f9164793000-7f9164992000 ---p 00003000 08:01 4981121                    /usr/lib/x86_64-linux-gnu/libgmodule-2.0.so.0.4002.0
7f9164992000-7f9164993000 r--p 00002000 08:01 4981121                    /usr/lib/x86_64-linux-gnu/libgmodule-2.0.so.0.4002.0
7f9164993000-7f9164994000 rw-p 00003000 08:01 4981121                    /usr/lib/x86_64-linux-gnu/libgmodule-2.0.so.0.4002.0
7f9164994000-7f9164a9a000 r-xp 00000000 08:01 1179901                    /lib/x86_64-linux-gnu/libglib-2.0.so.0.4002.0
7f9164a9a000-7f9164c99000 ---p 00106000 08:01 1179901                    /lib/x86_64-linux-gnu/libglib-2.0.so.0.4002.0
7f9164c99000-7f9164c9a000 r--p 00105000 08:01 1179901                    /lib/x86_64-linux-gnu/libglib-2.0.so.0.4002.0
7f9164c9a000-7f9164c9b000 rw-p 00106000 08:01 1179901                    /lib/x86_64-linux-gnu/libglib-2.0.so.0.4002.0
7f9164c9b000-7f9164c9c000 rw-p 00000000 00:00 0 
7f9164c9c000-7f9164ceb000 r-xp 00000000 08:01 4981124                    /usr/lib/x86_64-linux-gnu/libgobject-2.0.so.0.4002.0
7f9164ceb000-7f9164eeb000 ---p 0004f000 08:01 4981124                    /usr/lib/x86_64-linux-gnu/libgobject-2.0.so.0.4002.0
7f9164eeb000-7f9164eec000 r--p 0004f000 08:01 4981124                    /usr/lib/x86_64-linux-gnu/libgobject-2.0.so.0.4002.0
7f9164eec000-7f9164eed000 rw-p 00050000 08:01 4981124                    /usr/lib/x86_64-linux-gnu/libgobject-2.0.so.0.4002.0
7f9164eed000-7f9165059000 r-xp 00000000 08:01 4981103                    /usr/lib/x86_64-linux-gnu/libgio-2.0.so.0.4002.0
7f9165059000-7f9165259000 ---p 0016c000 08:01 4981103                    /usr/lib/x86_64-linux-gnu/libgio-2.0.so.0.4002.0
7f9165259000-7f916525d000 r--p 0016c000 08:01 4981103                    /usr/lib/x86_64-linux-gnu/libgio-2.0.so.0.4002.0
7f916525d000-7f916525f000 rw-p 00170000 08:01 4981103                    /usr/lib/x86_64-linux-gnu/libgio-2.0.so.0.4002.0
7f916525f000-7f9165261000 rw-p 00000000 00:00 0 
7f9165261000-7f9165262000 r--s 00000000 08:01 6554531                    /var/cache/fontconfig/1ac9eb803944fde146138c791f5cc56a-le64.cache-4
7f9165262000-7f9165263000 r--s 00000000 08:01 6554527                    /var/cache/fontconfig/dc05db6664285cc2f12bf69c139ae4c3-le64.cache-4
7f9165263000-7f9165269000 r--s 00000000 08:01 6554362                    /var/cache/fontconfig/b47c4e1ecd0709278f4910c18777a504-le64.cache-4
7f9165269000-7f9165272000 r--s 00000000 08:01 6554357                    /var/cache/fontconfig/3f7329c5293ffd510edef78f73874cfd-le64.cache-4
7f9165272000-7f916527d000 r--s 00000000 08:01 6554162                    /var/cache/fontconfig/d589a48862398ed80a3d6066f4f56f4c-le64.cache-4
7f916527d000-7f9165294000 r-xp 00000000 08:01 5770623                    /usr/lib/jvm/java-7-openjdk-amd64/jre/lib/amd64/libnet.so
7f9165294000-7f9165494000 ---p 00017000 08:01 5770623                    /usr/lib/jvm/java-7-openjdk-amd64/jre/lib/amd64/libnet.so
7f9165494000-7f9165495000 r--p 00017000 08:01 5770623                    /usr/lib/jvm/java-7-openjdk-amd64/jre/lib/amd64/libnet.so
7f9165495000-7f9165496000 rw-p 00018000 08:01 5770623                    /usr/lib/jvm/java-7-openjdk-amd64/jre/lib/amd64/libnet.so
7f9165496000-7f91654a6000 r-xp 00000000 08:01 5770664                    /usr/lib/jvm/java-7-openjdk-amd64/jre/lib/amd64/libnio.so
7f91654a6000-7f91656a6000 ---p 00010000 08:01 5770664                    /usr/lib/jvm/java-7-openjdk-amd64/jre/lib/amd64/libnio.so
7f91656a6000-7f91656a7000 r--p 00010000 08:01 5770664                    /usr/lib/jvm/java-7-openjdk-amd64/jre/lib/amd64/libnio.so
7f91656a7000-7f91656a8000 rw-p 00011000 08:01 5770664                    /usr/lib/jvm/java-7-openjdk-amd64/jre/lib/amd64/libnio.so
7f91656a8000-7f91656c5000 r--s 0014f000 08:01 1780613                    /home/netlab/Backup_sbjeong/xxx 2020/contiki_git_ing/tools/cooja/lib/swingx-all-1.6.4.jar
7f91656c5000-7f91656c6000 ---p 00000000 00:00 0 
7f91656c6000-7f91657c6000 rw-p 00000000 00:00 0 
7f91657c6000-7f91657c9000 ---p 00000000 00:00 0 
7f91657c9000-7f91658c7000 rw-p 00000000 00:00 0 
7f91658c7000-7f91658ca000 ---p 00000000 00:00 0 
7f91658ca000-7f91659c8000 rw-p 00000000 00:00 0 
7f91659c8000-7f91659cb000 ---p 00000000 00:00 0 
7f91659cb000-7f9165ac9000 rw-p 00000000 00:00 0 
7f9165ac9000-7f9165acc000 ---p 00000000 00:00 0 
7f9165acc000-7f9165bca000 rw-p 00000000 00:00 0 
7f9165bca000-7f91663dd000 r--p 00000000 08:01 4987895                    /usr/lib/locale/locale-archive
7f91663dd000-7f91663e0000 ---p 00000000 00:00 0 
7f91663e0000-7f91664de000 rw-p 00000000 00:00 0 
7f91664de000-7f91664e1000 ---p 00000000 00:00 0 
7f91664e1000-7f91665df000 rw-p 00000000 00:00 0 
7f91665df000-7f91665e0000 ---p 00000000 00:00 0 
7f91665e0000-7f9168000000 rw-p 00000000 00:00 0 
7f9168000000-7f9168021000 rw-p 00000000 00:00 0 
7f9168021000-7f916c000000 ---p 00000000 00:00 0 
7f916c000000-7f916c002000 r--s 00000000 08:01 6553995                    /var/cache/fontconfig/767a8244fc0220cfb567a839d0392e0b-le64.cache-4
7f916c002000-7f916c003000 r--s 00000000 08:01 6554526                    /var/cache/fontconfig/4794a0821666d79190d59a36cb4f44b5-le64.cache-4
7f916c003000-7f916c004000 r--s 00000000 08:01 6554510                    /var/cache/fontconfig/56cf4f4769d0f4abc89a4895d7bd3ae1-le64.cache-4
7f916c004000-7f916c005000 r--s 00000000 08:01 6554508                    /var/cache/fontconfig/b9d506c9ac06c20b433354fa67a72993-le64.cache-4
7f916c005000-7f916c006000 r--s 00000000 08:01 6554135                    /var/cache/fontconfig/0c9eb80ebd1c36541ebe2852d3bb0c49-le64.cache-4
7f916c006000-7f916c009000 r--s 00000000 08:01 6554015                    /var/cache/fontconfig/e13b20fdb08344e0e664864cc2ede53d-le64.cache-4
7f916c009000-7f916c010000 r--s 00000000 08:01 5245345                    /usr/lib/x86_64-linux-gnu/gconv/gconv-modules.cache
7f916c010000-7f916c35d000 rw-p 00000000 00:00 0 
7f916c35d000-7f916c514000 r--s 01d7c000 08:01 5648853                    /usr/lib/jvm/java-7-openjdk-amd64/jre/lib/rt.jar
7f916c514000-7f916fe90000 rw-p 00000000 00:00 0 
7f916fe90000-7f916fe91000 ---p 00000000 00:00 0 
7f916fe91000-7f916ff91000 rw-p 00000000 00:00 0 
7f916ff91000-7f916ff92000 ---p 00000000 00:00 0 
7f916ff92000-7f9170092000 rw-p 00000000 00:00 0 
7f9170092000-7f9170093000 ---p 00000000 00:00 0 
7f9170093000-7f9170193000 rw-p 00000000 00:00 0 
7f9170193000-7f9170194000 ---p 00000000 00:00 0 
7f9170194000-7f9170294000 rw-p 00000000 00:00 0 
7f9170294000-7f9170295000 ---p 00000000 00:00 0 
7f9170295000-7f9170395000 rw-p 00000000 00:00 0 
7f9170395000-7f9170396000 ---p 00000000 00:00 0 
7f9170396000-7f9170496000 rw-p 00000000 00:00 0 
7f9170496000-7f9170497000 ---p 00000000 00:00 0 
7f9170497000-7f9170597000 rw-p 00000000 00:00 0 
7f9170597000-7f9170598000 ---p 00000000 00:00 0 
7f9170598000-7f91706ec000 rw-p 00000000 00:00 0 
7f91706ec000-7f9170898000 rw-p 00000000 00:00 0 
7f9170898000-7f91708ad000 rw-p 00000000 00:00 0 
7f91708ad000-7f91708eb000 rw-p 00000000 00:00 0 
7f91708eb000-7f917093f000 rw-p 00000000 00:00 0 
7f917093f000-7f9170aeb000 rw-p 00000000 00:00 0 
7f9170aeb000-7f9170b7f000 rw-p 00000000 00:00 0 
7f9170b7f000-7f9170b91000 ---p 00000000 00:00 0 
7f9170b91000-7f9170beb000 rw-p 00000000 00:00 0 
7f9170beb000-7f9170bec000 rw-p 00000000 00:00 0 
7f9170bec000-7f9170efc000 rwxp 00000000 00:00 0 
7f9170efc000-7f9173bec000 rw-p 00000000 00:00 0 
7f9173bec000-7f9173bf4000 r-xp 00000000 08:01 5770669                    /usr/lib/jvm/java-7-openjdk-amd64/jre/lib/amd64/libzip.so
7f9173bf4000-7f9173df3000 ---p 00008000 08:01 5770669                    /usr/lib/jvm/java-7-openjdk-amd64/jre/lib/amd64/libzip.so
7f9173df3000-7f9173df4000 r--p 00007000 08:01 5770669                    /usr/lib/jvm/java-7-openjdk-amd64/jre/lib/amd64/libzip.so
7f9173df4000-7f9173df5000 rw-p 00008000 08:01 5770669                    /usr/lib/jvm/java-7-openjdk-amd64/jre/lib/amd64/libzip.so
7f9173df5000-7f9173dff000 r-xp 00000000 08:01 1183987                    /lib/x86_64-linux-gnu/libnss_files-2.19.so
7f9173dff000-7f9173ffe000 ---p 0000a000 08:01 1183987                    /lib/x86_64-linux-gnu/libnss_files-2.19.so
7f9173ffe000-7f9173fff000 r--p 00009000 08:01 1183987                    /lib/x86_64-linux-gnu/libnss_files-2.19.so
7f9173fff000-7f9174000000 rw-p 0000a000 08:01 1183987                    /lib/x86_64-linux-gnu/libnss_files-2.19.so
7f9174000000-7f917436a000 rw-p 00000000 00:00 0 
7f917436a000-7f9178000000 ---p 00000000 00:00 0 
7f9178000000-7f9178004000 r--s 00000000 08:01 6554132                    /var/cache/fontconfig/7ef2298fde41cc6eeb7af42e48b7d293-le64.cache-4
7f9178004000-7f917805c000 rw-p 00000000 00:00 0 
7f917805c000-7f917809a000 rw-p 00000000 00:00 0 
7f917809a000-7f91780a5000 r-xp 00000000 08:01 1183993                    /lib/x86_64-linux-gnu/libnss_nis-2.19.so
7f91780a5000-7f91782a4000 ---p 0000b000 08:01 1183993                    /lib/x86_64-linux-gnu/libnss_nis-2.19.so
7f91782a4000-7f91782a5000 r--p 0000a000 08:01 1183993                    /lib/x86_64-linux-gnu/libnss_nis-2.19.so
7f91782a5000-7f91782a6000 rw-p 0000b000 08:01 1183993                    /lib/x86_64-linux-gnu/libnss_nis-2.19.so
7f91782a6000-7f91782bd000 r-xp 00000000 08:01 1184062                    /lib/x86_64-linux-gnu/libnsl-2.19.so
7f91782bd000-7f91784bc000 ---p 00017000 08:01 1184062                    /lib/x86_64-linux-gnu/libnsl-2.19.so
7f91784bc000-7f91784bd000 r--p 00016000 08:01 1184062                    /lib/x86_64-linux-gnu/libnsl-2.19.so
7f91784bd000-7f91784be000 rw-p 00017000 08:01 1184062                    /lib/x86_64-linux-gnu/libnsl-2.19.so
7f91784be000-7f91784c0000 rw-p 00000000 00:00 0 
7f91784c0000-7f91784c9000 r-xp 00000000 08:01 1184010                    /lib/x86_64-linux-gnu/libnss_compat-2.19.so
7f91784c9000-7f91786c8000 ---p 00009000 08:01 1184010                    /lib/x86_64-linux-gnu/libnss_compat-2.19.so
7f91786c8000-7f91786c9000 r--p 00008000 08:01 1184010                    /lib/x86_64-linux-gnu/libnss_compat-2.19.so
7f91786c9000-7f91786ca000 rw-p 00009000 08:01 1184010                    /lib/x86_64-linux-gnu/libnss_compat-2.19.so
7f91786ca000-7f91786f4000 r-xp 00000000 08:01 5770642                    /usr/lib/jvm/java-7-openjdk-amd64/jre/lib/amd64/libjava.so
7f91786f4000-7f91788f4000 ---p 0002a000 08:01 5770642                    /usr/lib/jvm/java-7-openjdk-amd64/jre/lib/amd64/libjava.so
7f91788f4000-7f91788f5000 r--p 0002a000 08:01 5770642                    /usr/lib/jvm/java-7-openjdk-amd64/jre/lib/amd64/libjava.so
7f91788f5000-7f91788f7000 rw-p 0002b000 08:01 5770642                    /usr/lib/jvm/java-7-openjdk-amd64/jre/lib/amd64/libjava.so
7f91788f7000-7f9178907000 r-xp 00000000 08:01 5770612                    /usr/lib/jvm/java-7-openjdk-amd64/jre/lib/amd64/libverify.so
7f9178907000-7f9178b06000 ---p 00010000 08:01 5770612                    /usr/lib/jvm/java-7-openjdk-amd64/jre/lib/amd64/libverify.so
7f9178b06000-7f9178b08000 r--p 0000f000 08:01 5770612                    /usr/lib/jvm/java-7-openjdk-amd64/jre/lib/amd64/libverify.so
7f9178b08000-7f9178b09000 rw-p 00011000 08:01 5770612                    /usr/lib/jvm/java-7-openjdk-amd64/jre/lib/amd64/libverify.so
7f9178b09000-7f9178b10000 r-xp 00000000 08:01 1184060                    /lib/x86_64-linux-gnu/librt-2.19.so
7f9178b10000-7f9178d0f000 ---p 00007000 08:01 1184060                    /lib/x86_64-linux-gnu/librt-2.19.so
7f9178d0f000-7f9178d10000 r--p 00006000 08:01 1184060                    /lib/x86_64-linux-gnu/librt-2.19.so
7f9178d10000-7f9178d11000 rw-p 00007000 08:01 1184060                    /lib/x86_64-linux-gnu/librt-2.19.so
7f9178d11000-7f9178d28000 r-xp 00000000 08:01 1179897                    /lib/x86_64-linux-gnu/libgcc_s.so.1
7f9178d28000-7f9178f27000 ---p 00017000 08:01 1179897                    /lib/x86_64-linux-gnu/libgcc_s.so.1
7f9178f27000-7f9178f28000 r--p 00016000 08:01 1179897                    /lib/x86_64-linux-gnu/libgcc_s.so.1
7f9178f28000-7f9178f29000 rw-p 00017000 08:01 1179897                    /lib/x86_64-linux-gnu/libgcc_s.so.1
7f9178f29000-7f917902e000 r-xp 00000000 08:01 1184016                    /lib/x86_64-linux-gnu/libm-2.19.so
7f917902e000-7f917922d000 ---p 00105000 08:01 1184016                    /lib/x86_64-linux-gnu/libm-2.19.so
7f917922d000-7f917922e000 r--p 00104000 08:01 1184016                    /lib/x86_64-linux-gnu/libm-2.19.so
7f917922e000-7f917922f000 rw-p 00105000 08:01 1184016                    /lib/x86_64-linux-gnu/libm-2.19.so
7f917922f000-7f9179339000 r-xp 00000000 08:01 4982310                    /usr/lib/x86_64-linux-gnu/libstdc++.so.6.0.25
7f9179339000-7f9179538000 ---p 0010a000 08:01 4982310                    /usr/lib/x86_64-linux-gnu/libstdc++.so.6.0.25
7f9179538000-7f9179540000 r--p 00109000 08:01 4982310                    /usr/lib/x86_64-linux-gnu/libstdc++.so.6.0.25
7f9179540000-7f9179542000 rw-p 00111000 08:01 4982310                    /usr/lib/x86_64-linux-gnu/libstdc++.so.6.0.25
7f9179542000-7f9179545000 rw-p 00000000 00:00 0 
7f9179545000-7f917a07e000 r-xp 00000000 08:01 5770599                    /usr/lib/jvm/java-7-openjdk-amd64/jre/lib/amd64/server/libjvm.so
7f917a07e000-7f917a27e000 ---p 00b39000 08:01 5770599                    /usr/lib/jvm/java-7-openjdk-amd64/jre/lib/amd64/server/libjvm.so
7f917a27e000-7f917a319000 r--p 00b39000 08:01 5770599                    /usr/lib/jvm/java-7-openjdk-amd64/jre/lib/amd64/server/libjvm.so
7f917a319000-7f917a33c000 rw-p 00bd4000 08:01 5770599                    /usr/lib/jvm/java-7-openjdk-amd64/jre/lib/amd64/server/libjvm.so
7f917a33c000-7f917a36c000 rw-p 00000000 00:00 0 
7f917a36c000-7f917a384000 r-xp 00000000 08:01 1179751                    /lib/x86_64-linux-gnu/libz.so.1.2.8
7f917a384000-7f917a583000 ---p 00018000 08:01 1179751                    /lib/x86_64-linux-gnu/libz.so.1.2.8
7f917a583000-7f917a584000 r--p 00017000 08:01 1179751                    /lib/x86_64-linux-gnu/libz.so.1.2.8
7f917a584000-7f917a585000 rw-p 00018000 08:01 1179751                    /lib/x86_64-linux-gnu/libz.so.1.2.8
7f917a585000-7f917a59e000 r-xp 00000000 08:01 1184028                    /lib/x86_64-linux-gnu/libpthread-2.19.so
7f917a59e000-7f917a79d000 ---p 00019000 08:01 1184028                    /lib/x86_64-linux-gnu/libpthread-2.19.so
7f917a79d000-7f917a79e000 r--p 00018000 08:01 1184028                    /lib/x86_64-linux-gnu/libpthread-2.19.so
7f917a79e000-7f917a79f000 rw-p 00019000 08:01 1184028                    /lib/x86_64-linux-gnu/libpthread-2.19.so
7f917a79f000-7f917a7a3000 rw-p 00000000 00:00 0 
7f917a7a3000-7f917a7a6000 r-xp 00000000 08:01 1184079                    /lib/x86_64-linux-gnu/libdl-2.19.so
7f917a7a6000-7f917a9a5000 ---p 00003000 08:01 1184079                    /lib/x86_64-linux-gnu/libdl-2.19.so
7f917a9a5000-7f917a9a6000 r--p 00002000 08:01 1184079                    /lib/x86_64-linux-gnu/libdl-2.19.so
7f917a9a6000-7f917a9a7000 rw-p 00003000 08:01 1184079                    /lib/x86_64-linux-gnu/libdl-2.19.so
7f917a9a7000-7f917ab65000 r-xp 00000000 08:01 1184083                    /lib/x86_64-linux-gnu/libc-2.19.so
7f917ab65000-7f917ad65000 ---p 001be000 08:01 1184083                    /lib/x86_64-linux-gnu/libc-2.19.so
7f917ad65000-7f917ad69000 r--p 001be000 08:01 1184083                    /lib/x86_64-linux-gnu/libc-2.19.so
7f917ad69000-7f917ad6b000 rw-p 001c2000 08:01 1184083                    /lib/x86_64-linux-gnu/libc-2.19.so
7f917ad6b000-7f917ad70000 rw-p 00000000 00:00 0 
7f917ad70000-7f917ad7d000 r-xp 00000000 08:01 5770659                    /usr/lib/jvm/java-7-openjdk-amd64/jre/lib/amd64/jli/libjli.so
7f917ad7d000-7f917af7c000 ---p 0000d000 08:01 5770659                    /usr/lib/jvm/java-7-openjdk-amd64/jre/lib/amd64/jli/libjli.so
7f917af7c000-7f917af7d000 r--p 0000c000 08:01 5770659                    /usr/lib/jvm/java-7-openjdk-amd64/jre/lib/amd64/jli/libjli.so
7f917af7d000-7f917af7e000 rw-p 0000d000 08:01 5770659                    /usr/lib/jvm/java-7-openjdk-amd64/jre/lib/amd64/jli/libjli.so
7f917af7e000-7f917afa1000 r-xp 00000000 08:01 1184021                    /lib/x86_64-linux-gnu/ld-2.19.so
7f917afa1000-7f917afab000 r--s 000b0000 08:01 5648861                    /usr/lib/jvm/java-7-openjdk-amd64/jre/lib/resources.jar
7f917afab000-7f917afb2000 r--s 0005b000 08:01 1780611                    /home/netlab/Backup_sbjeong/xxx 2020/contiki_git_ing/tools/cooja/lib/jsyntaxpane.jar
7f917afb2000-7f917afb9000 r--s 0004f000 08:01 1780612                    /home/netlab/Backup_sbjeong/xxx 2020/contiki_git_ing/tools/cooja/lib/log4j.jar
7f917afb9000-7f917afbc000 r--s 00022000 08:01 1780610                    /home/netlab/Backup_sbjeong/xxx 2020/contiki_git_ing/tools/cooja/lib/jdom.jar
7f917afbc000-7f917afbe000 r--s 00012000 08:01 5770685                    /usr/lib/jvm/java-7-openjdk-amd64/jre/lib/ext/zipfs.jar
7f917afbe000-7f917afcb000 rw-p 00000000 00:00 0 
7f917afcb000-7f917b07e000 rw-p 00000000 00:00 0 
7f917b07e000-7f917b081000 ---p 00000000 00:00 0 
7f917b081000-7f917b183000 rw-p 00000000 00:00 0 
7f917b183000-7f917b187000 r--s 0003d000 08:01 5770688                    /usr/lib/jvm/java-7-openjdk-amd64/jre/lib/ext/sunpkcs11.jar
7f917b187000-7f917b188000 r--s 00002000 08:01 5770687                    /usr/lib/jvm/java-7-openjdk-amd64/jre/lib/ext/dnsns.jar
7f917b188000-7f917b18b000 r--s 0000f000 08:01 5770684                    /usr/lib/jvm/java-7-openjdk-amd64/jre/lib/ext/icedtea-sound.jar
7f917b18b000-7f917b18f000 r--s 00085000 08:01 5770686                    /usr/lib/jvm/java-7-openjdk-amd64/jre/lib/ext/localedata.jar
7f917b18f000-7f917b193000 r--s 00036000 08:01 5770689                    /usr/lib/jvm/java-7-openjdk-amd64/jre/lib/ext/sunjce_provider.jar
7f917b193000-7f917b195000 r--s 00006000 08:01 5380960                    /usr/share/java/java-atk-wrapper.jar
7f917b195000-7f917b19d000 rw-s 00000000 08:01 5118634                    /tmp/hsperfdata_netlab/18898
7f917b19d000-7f917b19e000 rw-p 00000000 00:00 0 
7f917b19e000-7f917b19f000 r--p 00000000 00:00 0 
7f917b19f000-7f917b1a0000 rw-p 00000000 00:00 0 
7f917b1a0000-7f917b1a1000 r--p 00022000 08:01 1184021                    /lib/x86_64-linux-gnu/ld-2.19.so
7f917b1a1000-7f917b1a2000 rw-p 00023000 08:01 1184021                    /lib/x86_64-linux-gnu/ld-2.19.so
7f917b1a2000-7f917b1a3000 rw-p 00000000 00:00 0 
7ffd3be38000-7ffd3be5a000 rw-p 00000000 00:00 0                          [stack]
7ffd3bed6000-7ffd3bed8000 r--p 00000000 00:00 0                          [vvar]
7ffd3bed8000-7ffd3beda000 r-xp 00000000 00:00 0                          [vdso]
ffffffffff600000-ffffffffff601000 r-xp 00000000 00:00 0                  [vsyscall]

VM Arguments:
jvm_args: -Xmx1536m 
java_command: org.contikios.cooja.Cooja
Launcher Type: SUN_STANDARD

Environment Variables:
JAVA_HOME=/usr/lib/jvm/java-7-openjdk-amd64/
CLASSPATH=:/usr/src/tinyos/support/sdk/java/tinyos.jar
PATH=/usr/local/sbin:/usr/local/bin:/usr/sbin:/usr/bin:/sbin:/bin:/usr/games:/usr/local/games:/home/netlab/opt/gcc-arm-none-eabi-6-2017-q1-update/bin:/home/netlab/opt/compilers/mspgcc-4.7.3/bin
LD_LIBRARY_PATH=.
SHELL=/bin/bash
DISPLAY=:0

Signal Handlers:
SIGSEGV: [libjvm.so+0x9679a0], sa_mask[0]=0x7ffbfeff, sa_flags=0x10000004
SIGBUS: [libjvm.so+0x9679a0], sa_mask[0]=0x7ffbfeff, sa_flags=0x10000004
SIGFPE: [libjvm.so+0x7d9350], sa_mask[0]=0x7ffbfeff, sa_flags=0x10000004
SIGPIPE: [libjvm.so+0x7d9350], sa_mask[0]=0x7ffbfeff, sa_flags=0x10000004
SIGXFSZ: [libjvm.so+0x7d9350], sa_mask[0]=0x7ffbfeff, sa_flags=0x10000004
SIGILL: [libjvm.so+0x7d9350], sa_mask[0]=0x7ffbfeff, sa_flags=0x10000004
SIGUSR1: SIG_DFL, sa_mask[0]=0x00000000, sa_flags=0x00000000
SIGUSR2: [libjvm.so+0x7d9480], sa_mask[0]=0x00000004, sa_flags=0x10000004
SIGHUP: [libjvm.so+0x7d93d0], sa_mask[0]=0x7ffbfeff, sa_flags=0x10000004
SIGINT: [libjvm.so+0x7d93d0], sa_mask[0]=0x7ffbfeff, sa_flags=0x10000004
SIGTERM: [libjvm.so+0x7d93d0], sa_mask[0]=0x7ffbfeff, sa_flags=0x10000004
SIGQUIT: [libjvm.so+0x7d93d0], sa_mask[0]=0x7ffbfeff, sa_flags=0x10000004
SIGTRAP: SIG_DFL, sa_mask[0]=0x00000000, sa_flags=0x00000000


---------------  S Y S T E M  ---------------

OS:Ubuntu 14.04 (trusty)
uname:Linux 4.2.0-42-generic #49~14.04.1-Ubuntu SMP Wed Jun 29 20:22:11 UTC 2016 x86_64
libc:glibc 2.19 NPTL 2.19 
rlimit: STACK 8192k, CORE 0k, NPROC 63920, NOFILE 4096, AS infinity
load average:1.10 2.78 2.57

/proc/meminfo:
MemTotal:       16386560 kB
MemFree:        12002260 kB
MemAvailable:   13697368 kB
Buffers:          372876 kB
Cached:          1469184 kB
SwapCached:            0 kB
Active:          3424340 kB
Inactive:         568280 kB
Active(anon):    2151684 kB
Inactive(anon):    72576 kB
Active(file):    1272656 kB
Inactive(file):   495704 kB
Unevictable:          56 kB
Mlocked:              56 kB
SwapTotal:      16730108 kB
SwapFree:       16730108 kB
Dirty:              4844 kB
Writeback:             0 kB
AnonPages:       2150640 kB
Mapped:           401704 kB
Shmem:             73704 kB
Slab:             224720 kB
SReclaimable:     180164 kB
SUnreclaim:        44556 kB
KernelStack:       12432 kB
PageTables:        48956 kB
NFS_Unstable:          0 kB
Bounce:                0 kB
WritebackTmp:          0 kB
CommitLimit:    24923388 kB
Committed_AS:    8326968 kB
VmallocTotal:   34359738367 kB
VmallocUsed:      136084 kB
VmallocChunk:   34359469688 kB
HardwareCorrupted:     0 kB
AnonHugePages:   1372160 kB
CmaTotal:              0 kB
CmaFree:               0 kB
HugePages_Total:       0
HugePages_Free:        0
HugePages_Rsvd:        0
HugePages_Surp:        0
Hugepagesize:       2048 kB
DirectMap4k:      207808 kB
DirectMap2M:    16523264 kB


CPU:total 8 (initial active 8) (4 cores per cpu, 2 threads per core) family 6 model 58 stepping 9, cmov, cx8, fxsr, mmx, sse, sse2, sse3, ssse3, sse4.1, sse4.2, popcnt, avx, aes, erms, ht, tsc, tscinvbit, tscinv

/proc/cpuinfo:
processor	: 0
vendor_id	: GenuineIntel
cpu family	: 6
model		: 58
model name	: Intel(R) Xeon(R) CPU E3-1270 V2 @ 3.50GHz
stepping	: 9
microcode	: 0x12
cpu MHz		: 3845.351
cache size	: 8192 KB
physical id	: 0
siblings	: 8
core id		: 0
cpu cores	: 4
apicid		: 0
initial apicid	: 0
fpu		: yes
fpu_exception	: yes
cpuid level	: 13
wp		: yes
flags		: fpu vme de pse tsc msr pae mce cx8 apic sep mtrr pge mca cmov pat pse36 clflush dts acpi mmx fxsr sse sse2 ss ht tm pbe syscall nx rdtscp lm constant_tsc arch_perfmon pebs bts rep_good nopl xtopology nonstop_tsc aperfmperf eagerfpu pni pclmulqdq dtes64 monitor ds_cpl vmx smx est tm2 ssse3 cx16 xtpr pdcm pcid sse4_1 sse4_2 x2apic popcnt tsc_deadline_timer aes xsave avx f16c rdrand lahf_lm ida arat epb pln pts dtherm tpr_shadow vnmi flexpriority ept vpid fsgsbase smep erms xsaveopt
bugs		:
bogomips	: 6984.27
clflush size	: 64
cache_alignment	: 64
address sizes	: 36 bits physical, 48 bits virtual
power management:

processor	: 1
vendor_id	: GenuineIntel
cpu family	: 6
model		: 58
model name	: Intel(R) Xeon(R) CPU E3-1270 V2 @ 3.50GHz
stepping	: 9
microcode	: 0x12
cpu MHz		: 3890.605
cache size	: 8192 KB
physical id	: 0
siblings	: 8
core id		: 1
cpu cores	: 4
apicid		: 2
initial apicid	: 2
fpu		: yes
fpu_exception	: yes
cpuid level	: 13
wp		: yes
flags		: fpu vme de pse tsc msr pae mce cx8 apic sep mtrr pge mca cmov pat pse36 clflush dts acpi mmx fxsr sse sse2 ss ht tm pbe syscall nx rdtscp lm constant_tsc arch_perfmon pebs bts rep_good nopl xtopology nonstop_tsc aperfmperf eagerfpu pni pclmulqdq dtes64 monitor ds_cpl vmx smx est tm2 ssse3 cx16 xtpr pdcm pcid sse4_1 sse4_2 x2apic popcnt tsc_deadline_timer aes xsave avx f16c rdrand lahf_lm ida arat epb pln pts dtherm tpr_shadow vnmi flexpriority ept vpid fsgsbase smep erms xsaveopt
bugs		:
bogomips	: 6984.27
clflush size	: 64
cache_alignment	: 64
address sizes	: 36 bits physical, 48 bits virtual
power management:

processor	: 2
vendor_id	: GenuineIntel
cpu family	: 6
model		: 58
model name	: Intel(R) Xeon(R) CPU E3-1270 V2 @ 3.50GHz
stepping	: 9
microcode	: 0x12
cpu MHz		: 3827.578
cache size	: 8192 KB
physical id	: 0
siblings	: 8
core id		: 2
cpu cores	: 4
apicid		: 4
initial apicid	: 4
fpu		: yes
fpu_exception	: yes
cpuid level	: 13
wp		: yes
flags		: fpu vme de pse tsc msr pae mce cx8 apic sep mtrr pge mca cmov pat pse36 clflush dts acpi mmx fxsr sse sse2 ss ht tm pbe syscall nx rdtscp lm constant_tsc arch_perfmon pebs bts rep_good nopl xtopology nonstop_tsc aperfmperf eagerfpu pni pclmulqdq dtes64 monitor ds_cpl vmx smx est tm2 ssse3 cx16 xtpr pdcm pcid sse4_1 sse4_2 x2apic popcnt tsc_deadline_timer aes xsave avx f16c rdrand lahf_lm ida arat epb pln pts dtherm tpr_shadow vnmi flexpriority ept vpid fsgsbase smep erms xsaveopt
bugs		:
bogomips	: 6984.27
clflush size	: 64
cache_alignment	: 64
address sizes	: 36 bits physical, 48 bits virtual
power management:

processor	: 3
vendor_id	: GenuineIntel
cpu family	: 6
model		: 58
model name	: Intel(R) Xeon(R) CPU E3-1270 V2 @ 3.50GHz
stepping	: 9
microcode	: 0x12
cpu MHz		: 3899.902
cache size	: 8192 KB
physical id	: 0
siblings	: 8
core id		: 3
cpu cores	: 4
apicid		: 6
initial apicid	: 6
fpu		: yes
fpu_exception	: yes
cpuid level	: 13
wp		: yes
flags		: fpu vme de pse tsc msr pae mce cx8 apic sep mtrr pge mca cmov pat pse36 clflush dts acpi mmx fxsr sse sse2 ss ht tm pbe syscall nx rdtscp lm constant_tsc arch_perfmon pebs bts rep_good nopl xtopology nonstop_tsc aperfmperf eagerfpu pni pclmulqdq dtes64 monitor ds_cpl vmx smx est tm2 ssse3 cx16 xtpr pdcm pcid sse4_1 sse4_2 x2apic popcnt tsc_deadline_timer aes xsave avx f16c rdrand lahf_lm ida arat epb pln pts dtherm tpr_shadow vnmi flexpriority ept vpid fsgsbase smep erms xsaveopt
bugs		:
bogomips	: 6984.27
clflush size	: 64
cache_alignment	: 64
address sizes	: 36 bits physical, 48 bits virtual
power management:

processor	: 4
vendor_id	: GenuineIntel
cpu family	: 6
model		: 58
model name	: Intel(R) Xeon(R) CPU E3-1270 V2 @ 3.50GHz
stepping	: 9
microcode	: 0x12
cpu MHz		: 3818.281
cache size	: 8192 KB
physical id	: 0
siblings	: 8
core id		: 0
cpu cores	: 4
apicid		: 1
initial apicid	: 1
fpu		: yes
fpu_exception	: yes
cpuid level	: 13
wp		: yes
flags		: fpu vme de pse tsc msr pae mce cx8 apic sep mtrr pge mca cmov pat pse36 clflush dts acpi mmx fxsr sse sse2 ss ht tm pbe syscall nx rdtscp lm constant_tsc arch_perfmon pebs bts rep_good nopl xtopology nonstop_tsc aperfmperf eagerfpu pni pclmulqdq dtes64 monitor ds_cpl vmx smx est tm2 ssse3 cx16 xtpr pdcm pcid sse4_1 sse4_2 x2apic popcnt tsc_deadline_timer aes xsave avx f16c rdrand lahf_lm ida arat epb pln pts dtherm tpr_shadow vnmi flexpriority ept vpid fsgsbase smep erms xsaveopt
bugs		:
bogomips	: 6984.27
clflush size	: 64
cache_alignment	: 64
address sizes	: 36 bits physical, 48 bits virtual
power management:

processor	: 5
vendor_id	: GenuineIntel
cpu family	: 6
model		: 58
model name	: Intel(R) Xeon(R) CPU E3-1270 V2 @ 3.50GHz
stepping	: 9
microcode	: 0x12
cpu MHz		: 3894.570
cache size	: 8192 KB
physical id	: 0
siblings	: 8
core id		: 1
cpu cores	: 4
apicid		: 3
initial apicid	: 3
fpu		: yes
fpu_exception	: yes
cpuid level	: 13
wp		: yes
flags		: fpu vme de pse tsc msr pae mce cx8 apic sep mtrr pge mca cmov pat pse36 clflush dts acpi mmx fxsr sse sse2 ss ht tm pbe syscall nx rdtscp lm constant_tsc arch_perfmon pebs bts rep_good nopl xtopology nonstop_tsc aperfmperf eagerfpu pni pclmulqdq dtes64 monitor ds_cpl vmx smx est tm2 ssse3 cx16 xtpr pdcm pcid sse4_1 sse4_2 x2apic popcnt tsc_deadline_timer aes xsave avx f16c rdrand lahf_lm ida arat epb pln pts dtherm tpr_shadow vnmi flexpriority ept vpid fsgsbase smep erms xsaveopt
bugs		:
bogomips	: 6984.27
clflush size	: 64
cache_alignment	: 64
address sizes	: 36 bits physical, 48 bits virtual
power management:

processor	: 6
vendor_id	: GenuineIntel
cpu family	: 6
model		: 58
model name	: Intel(R) Xeon(R) CPU E3-1270 V2 @ 3.50GHz
stepping	: 9
microcode	: 0x12
cpu MHz		: 3725.449
cache size	: 8192 KB
physical id	: 0
siblings	: 8
core id		: 2
cpu cores	: 4
apicid		: 5
initial apicid	: 5
fpu		: yes
fpu_exception	: yes
cpuid level	: 13
wp		: yes
flags		: fpu vme de pse tsc msr pae mce cx8 apic sep mtrr pge mca cmov pat pse36 clflush dts acpi mmx fxsr sse sse2 ss ht tm pbe syscall nx rdtscp lm constant_tsc arch_perfmon pebs bts rep_good nopl xtopology nonstop_tsc aperfmperf eagerfpu pni pclmulqdq dtes64 monitor ds_cpl vmx smx est tm2 ssse3 cx16 xtpr pdcm pcid sse4_1 sse4_2 x2apic popcnt tsc_deadline_timer aes xsave avx f16c rdrand lahf_lm ida arat epb pln pts dtherm tpr_shadow vnmi flexpriority ept vpid fsgsbase smep erms xsaveopt
bugs		:
bogomips	: 6984.27
clflush size	: 64
cache_alignment	: 64
address sizes	: 36 bits physical, 48 bits virtual
power management:

processor	: 7
vendor_id	: GenuineIntel
cpu family	: 6
model		: 58
model name	: Intel(R) Xeon(R) CPU E3-1270 V2 @ 3.50GHz
stepping	: 9
microcode	: 0x12
cpu MHz		: 3894.160
cache size	: 8192 KB
physical id	: 0
siblings	: 8
core id		: 3
cpu cores	: 4
apicid		: 7
initial apicid	: 7
fpu		: yes
fpu_exception	: yes
cpuid level	: 13
wp		: yes
flags		: fpu vme de pse tsc msr pae mce cx8 apic sep mtrr pge mca cmov pat pse36 clflush dts acpi mmx fxsr sse sse2 ss ht tm pbe syscall nx rdtscp lm constant_tsc arch_perfmon pebs bts rep_good nopl xtopology nonstop_tsc aperfmperf eagerfpu pni pclmulqdq dtes64 monitor ds_cpl vmx smx est tm2 ssse3 cx16 xtpr pdcm pcid sse4_1 sse4_2 x2apic popcnt tsc_deadline_timer aes xsave avx f16c rdrand lahf_lm ida arat epb pln pts dtherm tpr_shadow vnmi flexpriority ept vpid fsgsbase smep erms xsaveopt
bugs		:
bogomips	: 6984.27
clflush size	: 64
cache_alignment	: 64
address sizes	: 36 bits physical, 48 bits virtual
power management:



Memory: 4k page, physical 16386560k(12002260k free), swap 16730108k(16730108k free)

vm_info: OpenJDK 64-Bit Server VM (24.181-b01) for linux-amd64 JRE (1.7.0_181-b01), built on Jun  8 2018 23:24:55 by "buildd" with gcc 4.8.4

time: Sat May 18 18:44:48 2019
elapsed time: 23 seconds

