#
# A fatal error has been detected by the Java Runtime Environment:
#
#  SIGSEGV (0xb) at pc=0x00007f304324c99d, pid=1986, tid=139845265012480
#
# JRE version: OpenJDK Runtime Environment (7.0_181-b01) (build 1.7.0_181-b01)
# Java VM: OpenJDK 64-Bit Server VM (24.181-b01 mixed mode linux-amd64 compressed oops)
# Derivative: IcedTea 2.6.14
# Distribution: Ubuntu 14.04 LTS, package 7u181-2.6.14-0ubuntu0.1
# Problematic frame:
# C  [mtype61.cooja+0x1a99d]  tsch_slot_operation+0x685
#
# Failed to write core dump. Core dumps have been disabled. To enable core dumping, try "ulimit -c unlimited" before starting Java again
#
# If you would like to submit a bug report, please include
# instructions on how to reproduce the bug and visit:
#   http://icedtea.classpath.org/bugzilla
# The crash happened outside the Java Virtual Machine in native code.
# See problematic frame for where to report the bug.
#

---------------  T H R E A D  ---------------

Current thread (0x00007f30441b6800):  JavaThread "Thread-4" [_thread_in_native, id=3254, stack(0x00007f3043483000,0x00007f3043584000)]

siginfo:si_signo=SIGSEGV: si_errno=0, si_code=1 (SEGV_MAPERR), si_addr=0x0000000000000012

Registers:
RAX=0x0000000000000000, RBX=0x0000000000000000, RCX=0x0000000000000013, RDX=0x0000000000000001
RSP=0x00007f30434764f8, RBP=0x00007f3043476578, RSI=0x000000007fffffec, RDI=0x00007f30434740e0
R8 =0x00007f30adbe4640, R9 =0x0000000000000001, R10=0x00007f30434762a8, R11=0x00007f304324fe44
R12=0x0000000000000000, R13=0x000000009709a6a8, R14=0x00007f3043582858, R15=0x00007f30441b6800
RIP=0x00007f304324c99d, EFLAGS=0x0000000000010246, CSGSFS=0x0000000000000033, ERR=0x0000000000000004
  TRAPNO=0x000000000000000e

Top of Stack: (sp=0x00007f30434764f8)
0x00007f30434764f8:   0000000000000000 00007f304347b670
0x00007f3043476508:   00007f30434765a8 00007f30010505f7
0x00007f3043476518:   0000000000000005 0000000000000000
0x00007f3043476528:   00000000000003e9 00007f30432362b8
0x00007f3043476538:   0000000000000000 00007f30434765a8
0x00007f3043476548:   0000000000000000 00007f30ae0575a5
0x00007f3043476558:   00007f304347fad0 00007f304347f720
0x00007f3043476568:   0000000000030d40 0000000000000000
0x00007f3043476578:   00007f3043476598 00007f304324f471
0x00007f3043476588:   00007f2f489f83c0 00007f304347b670
0x00007f3043476598:   00007f30434765a8 00007f304324514c
0x00007f30434765a8:   00007f30434765c8 00007f304324284b
0x00007f30434765b8:   0000000000000000 0000000000000000
0x00007f30434765c8:   0000000000000000 0000000000000000
0x00007f30434765d8:   0000000000000000 0000000000000001
0x00007f30434765e8:   0000000000000000 0000000000000000
0x00007f30434765f8:   00007f3043478568 0000000000000000
0x00007f3043476608:   0000000000000001 0000000000000002
0x00007f3043476618:   0000000000000003 0000000000000004
0x00007f3043476628:   0000000000000005 0000000000000006
0x00007f3043476638:   0000000000000007 0000000000000008
0x00007f3043476648:   0000000000000009 000000000000000a
0x00007f3043476658:   000000000000000b 000000000000000c
0x00007f3043476668:   000000000000000d 000000000000000e
0x00007f3043476678:   000000000000000f 0000000000000010
0x00007f3043476688:   0000000000000011 0000000000000012
0x00007f3043476698:   0000000000000013 0000000000000014
0x00007f30434766a8:   0000000000000015 0000000000000016
0x00007f30434766b8:   0000000000000017 0000000000000018
0x00007f30434766c8:   0000000000000019 000000000000001a
0x00007f30434766d8:   000000000000001b 000000000000001c
0x00007f30434766e8:   000000000000001d 000000000000001e 

Instructions: (pc=0x00007f304324c99d)
0x00007f304324c97d:   ec 22 00 e8 f9 f1 ff ff 3c 01 7f 0a b8 00 00 00
0x00007f304324c98d:   00 e9 94 02 00 00 48 8b 05 ce 61 22 00 48 8b 00
0x00007f304324c99d:   0f b7 40 12 66 83 f8 34 76 05 e8 74 48 ff ff 48
0x00007f304324c9ad:   8b 05 e5 64 22 00 8b 00 85 c0 0f 85 b9 00 00 00 

Register to memory mapping:

RAX=0x0000000000000000 is an unknown value
RBX=0x0000000000000000 is an unknown value
RCX=0x0000000000000013 is an unknown value
RDX=0x0000000000000001 is an unknown value
RSP=0x00007f30434764f8: <offset 0x2444f8> in /home/netlab/Backup_sbjeong/xxx 2020/contiki_git_ing/examples/ipv6/rpl-tsch/obj_cooja/mtype61.cooja at 0x00007f3043232000
RBP=0x00007f3043476578: <offset 0x244578> in /home/netlab/Backup_sbjeong/xxx 2020/contiki_git_ing/examples/ipv6/rpl-tsch/obj_cooja/mtype61.cooja at 0x00007f3043232000
RSI=0x000000007fffffec is an unknown value
RDI=0x00007f30434740e0: tsch_pending_events_process+0 in /home/netlab/Backup_sbjeong/xxx 2020/contiki_git_ing/examples/ipv6/rpl-tsch/obj_cooja/mtype61.cooja at 0x00007f3043232000
R8 =0x00007f30adbe4640: _itoa_lower_digits+0 in /lib/x86_64-linux-gnu/libc.so.6 at 0x00007f30ada6a000
R9 =0x0000000000000001 is an unknown value
R10=0x00007f30434762a8: <offset 0x2442a8> in /home/netlab/Backup_sbjeong/xxx 2020/contiki_git_ing/examples/ipv6/rpl-tsch/obj_cooja/mtype61.cooja at 0x00007f3043232000
R11=0x00007f304324fe44: ringbufindex_put+0 in /home/netlab/Backup_sbjeong/xxx 2020/contiki_git_ing/examples/ipv6/rpl-tsch/obj_cooja/mtype61.cooja at 0x00007f3043232000
R12=0x0000000000000000 is an unknown value
R13=0x000000009709a6a8 is an oop
{method} 
 - klass: {other class}
R14=0x00007f3043582858 is pointing into the stack for thread: 0x00007f30441b6800
R15=0x00007f30441b6800 is a thread


Stack: [0x00007f3043483000,0x00007f3043584000],  sp=0x00007f30434764f8,  free space=18014398509481933k
Native frames: (J=compiled Java code, j=interpreted, Vv=VM code, C=native code)
C  [mtype61.cooja+0x1a99d]  tsch_slot_operation+0x685
C  [mtype61.cooja+0x1d471]  rtimer_run_next+0x48
C  [mtype61.cooja+0x1314c]  rtimer_arch_check+0x2f
C  [mtype61.cooja+0x1084b]  rtimer_thread_loop+0x11

Java frames: (J=compiled Java code, j=interpreted, Vv=VM code)
j  org.contikios.cooja.corecomm.Lib1.tick()V+0
j  org.contikios.cooja.contikimote.ContikiMoteType.tick()V+4
j  org.contikios.cooja.contikimote.ContikiMote.execute(J)V+63
j  org.contikios.cooja.motes.AbstractWakeupMote$1.execute(J)V+5
j  org.contikios.cooja.Simulation.run()V+190
j  java.lang.Thread.run()V+11
v  ~StubRoutines::call_stub

---------------  P R O C E S S  ---------------

Java Threads: ( => current thread )
=>0x00007f30441b6800 JavaThread "Thread-4" [_thread_in_native, id=3254, stack(0x00007f3043483000,0x00007f3043584000)]
  0x00007f303c06a000 JavaThread "Thread-2" [_thread_blocked, id=3225, stack(0x00007f3043685000,0x00007f3043786000)]
  0x00007f30441f5000 JavaThread "process reaper" daemon [_thread_blocked, id=2031, stack(0x00007f30a0041000,0x00007f30a007a000)]
  0x00007f304401c000 JavaThread "TimerQueue" daemon [_thread_blocked, id=2020, stack(0x00007f3058064000,0x00007f3058165000)]
  0x00007f30a400a000 JavaThread "DestroyJavaVM" [_thread_blocked, id=1996, stack(0x00007f30ae141000,0x00007f30ae242000)]
  0x00007f30a4362800 JavaThread "AWT-EventQueue-0" [_thread_blocked, id=2019, stack(0x00007f3058165000,0x00007f3058266000)]
  0x00007f30a4362000 JavaThread "AWT-Shutdown" [_thread_blocked, id=2018, stack(0x00007f3058266000,0x00007f3058367000)]
  0x00007f30a42f3800 JavaThread "AWT-XAWT" daemon [_thread_in_native, id=2017, stack(0x00007f30585bc000,0x00007f30586bd000)]
  0x00007f30a42dc000 JavaThread "Java2D Disposer" daemon [_thread_blocked, id=2016, stack(0x00007f309809f000,0x00007f30981a0000)]
  0x00007f30a40b1000 JavaThread "Service Thread" daemon [_thread_blocked, id=2014, stack(0x00007f30986cc000,0x00007f30987cd000)]
  0x00007f30a40ae800 JavaThread "C2 CompilerThread1" daemon [_thread_blocked, id=2013, stack(0x00007f30987cd000,0x00007f30988ce000)]
  0x00007f30a40ac000 JavaThread "C2 CompilerThread0" daemon [_thread_in_native, id=2012, stack(0x00007f30988ce000,0x00007f30989cf000)]
  0x00007f30a40a9800 JavaThread "Signal Dispatcher" daemon [_thread_blocked, id=2011, stack(0x00007f30989cf000,0x00007f3098ad0000)]
  0x00007f30a4087000 JavaThread "Finalizer" daemon [_thread_blocked, id=2010, stack(0x00007f30a08f9000,0x00007f30a09fa000)]
  0x00007f30a4085000 JavaThread "Reference Handler" daemon [_thread_blocked, id=2009, stack(0x00007f30a09fa000,0x00007f30a0afb000)]

Other Threads:
  0x00007f30a4080800 VMThread [stack: 0x00007f30a0afb000,0x00007f30a0bfc000] [id=2008]
  0x00007f30a40bc000 WatcherThread [stack: 0x00007f30985cb000,0x00007f30986cc000] [id=2015]

VM state:not at safepoint (normal execution)

VM Mutex/Monitor currently owned by a thread: None

Heap
 PSYoungGen      total 125440K, used 106629K [0x00000000e0000000, 0x00000000ea900000, 0x0000000100000000)
  eden space 118784K, 87% used [0x00000000e0000000,0x00000000e65b9700,0x00000000e7400000)
  from space 6656K, 37% used [0x00000000e7400000,0x00000000e7667dc0,0x00000000e7a80000)
  to   space 6144K, 0% used [0x00000000ea300000,0x00000000ea300000,0x00000000ea900000)
 ParOldGen       total 170496K, used 15821K [0x00000000a0000000, 0x00000000aa680000, 0x00000000e0000000)
  object space 170496K, 9% used [0x00000000a0000000,0x00000000a0f73798,0x00000000aa680000)
 PSPermGen       total 41984K, used 25259K [0x0000000095a00000, 0x0000000098300000, 0x00000000a0000000)
  object space 41984K, 60% used [0x0000000095a00000,0x00000000972aaf58,0x0000000098300000)

Card table byte_map: [0x00007f30aa9f5000,0x00007f30aad49000] byte_map_base: 0x00007f30aa548000

Polling page: 0x00007f30ae261000

Code Cache  [0x00007f30a1000000, 0x00007f30a1290000, 0x00007f30a4000000)
 total_blobs=1451 nmethods=868 adapters=535 free_code_cache=46656Kb largest_free_block=47709504

Compilation events (10 events):
Event: 30.929 Thread 0x00007f30a40ac000 nmethod 1013 0x00007f30a1271dd0 code [0x00007f30a1271f20, 0x00007f30a1271fd8]
Event: 30.995 Thread 0x00007f30a40ae800 1014             java.util.Formatter$FormatSpecifier::localizedMagnitude (327 bytes)
Event: 31.054 Thread 0x00007f30a40ae800 nmethod 1014 0x00007f30a127ca50 code [0x00007f30a127ccc0, 0x00007f30a127e8e0]
Event: 31.142 Thread 0x00007f30a40ac000 1015   !         javax.swing.JComponent::_paintImmediately (891 bytes)
Event: 31.154 Thread 0x00007f30a40ae800 1016             java.util.regex.Pattern$CharProperty$1::isSatisfiedBy (17 bytes)
Event: 31.155 Thread 0x00007f30a40ae800 nmethod 1016 0x00007f30a1271a10 code [0x00007f30a1271b60, 0x00007f30a1271c78]
Event: 31.242 Thread 0x00007f30a40ae800 1017             java.util.HashMap$ValueIterator::<init> (6 bytes)
Event: 31.245 Thread 0x00007f30a40ae800 nmethod 1017 0x00007f30a12019d0 code [0x00007f30a1201b20, 0x00007f30a1201d38]
Event: 31.245 Thread 0x00007f30a40ae800 1018             java.util.HashMap$ValueIterator::<init> (11 bytes)
Event: 31.248 Thread 0x00007f30a40ae800 nmethod 1018 0x00007f30a12705d0 code [0x00007f30a1270720, 0x00007f30a1270938]

GC Heap History (10 events):
Event: 14.604 GC heap before
{Heap before GC invocations=8 (full 1):
 PSYoungGen      total 66048K, used 65485K [0x00000000e0000000, 0x00000000e4c00000, 0x0000000100000000)
  eden space 63488K, 100% used [0x00000000e0000000,0x00000000e3e00000,0x00000000e3e00000)
  from space 2560K, 78% used [0x00000000e4980000,0x00000000e4b73548,0x00000000e4c00000)
  to   space 7168K, 0% used [0x00000000e3e00000,0x00000000e3e00000,0x00000000e4500000)
 ParOldGen       total 170496K, used 14036K [0x00000000a0000000, 0x00000000aa680000, 0x00000000e0000000)
  object space 170496K, 8% used [0x00000000a0000000,0x00000000a0db5068,0x00000000aa680000)
 PSPermGen       total 41984K, used 23293K [0x0000000095a00000, 0x0000000098300000, 0x00000000a0000000)
  object space 41984K, 55% used [0x0000000095a00000,0x00000000970bf418,0x0000000098300000)
Event: 14.606 GC heap after
Heap after GC invocations=8 (full 1):
 PSYoungGen      total 64000K, used 1773K [0x00000000e0000000, 0x00000000e4a00000, 0x0000000100000000)
  eden space 61952K, 0% used [0x00000000e0000000,0x00000000e0000000,0x00000000e3c80000)
  from space 2048K, 86% used [0x00000000e3e00000,0x00000000e3fbb548,0x00000000e4000000)
  to   space 6656K, 0% used [0x00000000e4380000,0x00000000e4380000,0x00000000e4a00000)
 ParOldGen       total 170496K, used 14036K [0x00000000a0000000, 0x00000000aa680000, 0x00000000e0000000)
  object space 170496K, 8% used [0x00000000a0000000,0x00000000a0db5068,0x00000000aa680000)
 PSPermGen       total 41984K, used 23293K [0x0000000095a00000, 0x0000000098300000, 0x00000000a0000000)
  object space 41984K, 55% used [0x0000000095a00000,0x00000000970bf418,0x0000000098300000)
}
Event: 14.655 GC heap before
{Heap before GC invocations=9 (full 1):
 PSYoungGen      total 64000K, used 63725K [0x00000000e0000000, 0x00000000e4a00000, 0x0000000100000000)
  eden space 61952K, 100% used [0x00000000e0000000,0x00000000e3c80000,0x00000000e3c80000)
  from space 2048K, 86% used [0x00000000e3e00000,0x00000000e3fbb548,0x00000000e4000000)
  to   space 6656K, 0% used [0x00000000e4380000,0x00000000e4380000,0x00000000e4a00000)
 ParOldGen       total 170496K, used 14036K [0x00000000a0000000, 0x00000000aa680000, 0x00000000e0000000)
  object space 170496K, 8% used [0x00000000a0000000,0x00000000a0db5068,0x00000000aa680000)
 PSPermGen       total 41984K, used 23295K [0x0000000095a00000, 0x0000000098300000, 0x00000000a0000000)
  object space 41984K, 55% used [0x0000000095a00000,0x00000000970bfd10,0x0000000098300000)
Event: 14.658 GC heap after
Heap after GC invocations=9 (full 1):
 PSYoungGen      total 69120K, used 918K [0x00000000e0000000, 0x00000000e8600000, 0x0000000100000000)
  eden space 62464K, 0% used [0x00000000e0000000,0x00000000e0000000,0x00000000e3d00000)
  from space 6656K, 13% used [0x00000000e4380000,0x00000000e4465ba0,0x00000000e4a00000)
  to   space 6656K, 0% used [0x00000000e3d00000,0x00000000e3d00000,0x00000000e4380000)
 ParOldGen       total 170496K, used 14916K [0x00000000a0000000, 0x00000000aa680000, 0x00000000e0000000)
  object space 170496K, 8% used [0x00000000a0000000,0x00000000a0e910b0,0x00000000aa680000)
 PSPermGen       total 41984K, used 23295K [0x0000000095a00000, 0x0000000098300000, 0x00000000a0000000)
  object space 41984K, 55% used [0x0000000095a00000,0x00000000970bfd10,0x0000000098300000)
}
Event: 14.753 GC heap before
{Heap before GC invocations=10 (full 1):
 PSYoungGen      total 69120K, used 63382K [0x00000000e0000000, 0x00000000e8600000, 0x0000000100000000)
  eden space 62464K, 100% used [0x00000000e0000000,0x00000000e3d00000,0x00000000e3d00000)
  from space 6656K, 13% used [0x00000000e4380000,0x00000000e4465ba0,0x00000000e4a00000)
  to   space 6656K, 0% used [0x00000000e3d00000,0x00000000e3d00000,0x00000000e4380000)
 ParOldGen       total 170496K, used 14916K [0x00000000a0000000, 0x00000000aa680000, 0x00000000e0000000)
  object space 170496K, 8% used [0x00000000a0000000,0x00000000a0e910b0,0x00000000aa680000)
 PSPermGen       total 41984K, used 23310K [0x0000000095a00000, 0x0000000098300000, 0x00000000a0000000)
  object space 41984K, 55% used [0x0000000095a00000,0x00000000970c3930,0x0000000098300000)
Event: 14.755 GC heap after
Heap after GC invocations=10 (full 1):
 PSYoungGen      total 69120K, used 856K [0x00000000e0000000, 0x00000000e8700000, 0x0000000100000000)
  eden space 62464K, 0% used [0x00000000e0000000,0x00000000e0000000,0x00000000e3d00000)
  from space 6656K, 12% used [0x00000000e3d00000,0x00000000e3dd6260,0x00000000e4380000)
  to   space 6656K, 0% used [0x00000000e8080000,0x00000000e8080000,0x00000000e8700000)
 ParOldGen       total 170496K, used 15033K [0x00000000a0000000, 0x00000000aa680000, 0x00000000e0000000)
  object space 170496K, 8% used [0x00000000a0000000,0x00000000a0eae6d0,0x00000000aa680000)
 PSPermGen       total 41984K, used 23310K [0x0000000095a00000, 0x0000000098300000, 0x00000000a0000000)
  object space 41984K, 55% used [0x0000000095a00000,0x00000000970c3930,0x0000000098300000)
}
Event: 14.814 GC heap before
{Heap before GC invocations=11 (full 1):
 PSYoungGen      total 69120K, used 63320K [0x00000000e0000000, 0x00000000e8700000, 0x0000000100000000)
  eden space 62464K, 100% used [0x00000000e0000000,0x00000000e3d00000,0x00000000e3d00000)
  from space 6656K, 12% used [0x00000000e3d00000,0x00000000e3dd6260,0x00000000e4380000)
  to   space 6656K, 0% used [0x00000000e8080000,0x00000000e8080000,0x00000000e8700000)
 ParOldGen       total 170496K, used 15033K [0x00000000a0000000, 0x00000000aa680000, 0x00000000e0000000)
  object space 170496K, 8% used [0x00000000a0000000,0x00000000a0eae6d0,0x00000000aa680000)
 PSPermGen       total 41984K, used 23314K [0x0000000095a00000, 0x0000000098300000, 0x00000000a0000000)
  object space 41984K, 55% used [0x0000000095a00000,0x00000000970c49e0,0x0000000098300000)
Event: 14.816 GC heap after
Heap after GC invocations=11 (full 1):
 PSYoungGen      total 100864K, used 280K [0x00000000e0000000, 0x00000000e8100000, 0x0000000100000000)
  eden space 100352K, 0% used [0x00000000e0000000,0x00000000e0000000,0x00000000e6200000)
  from space 512K, 54% used [0x00000000e8080000,0x00000000e80c6260,0x00000000e8100000)
  to   space 6656K, 0% used [0x00000000e7400000,0x00000000e7400000,0x00000000e7a80000)
 ParOldGen       total 170496K, used 15717K [0x00000000a0000000, 0x00000000aa680000, 0x00000000e0000000)
  object space 170496K, 9% used [0x00000000a0000000,0x00000000a0f59538,0x00000000aa680000)
 PSPermGen       total 41984K, used 23314K [0x0000000095a00000, 0x0000000098300000, 0x00000000a0000000)
  object space 41984K, 55% used [0x0000000095a00000,0x00000000970c49e0,0x0000000098300000)
}
Event: 15.128 GC heap before
{Heap before GC invocations=12 (full 1):
 PSYoungGen      total 100864K, used 100632K [0x00000000e0000000, 0x00000000e8100000, 0x0000000100000000)
  eden space 100352K, 100% used [0x00000000e0000000,0x00000000e6200000,0x00000000e6200000)
  from space 512K, 54% used [0x00000000e8080000,0x00000000e80c6260,0x00000000e8100000)
  to   space 6656K, 0% used [0x00000000e7400000,0x00000000e7400000,0x00000000e7a80000)
 ParOldGen       total 170496K, used 15717K [0x00000000a0000000, 0x00000000aa680000, 0x00000000e0000000)
  object space 170496K, 9% used [0x00000000a0000000,0x00000000a0f59538,0x00000000aa680000)
 PSPermGen       total 41984K, used 24430K [0x0000000095a00000, 0x0000000098300000, 0x00000000a0000000)
  object space 41984K, 58% used [0x0000000095a00000,0x00000000971dbb70,0x0000000098300000)
Event: 15.131 GC heap after
Heap after GC invocations=12 (full 1):
 PSYoungGen      total 125440K, used 2463K [0x00000000e0000000, 0x00000000ea900000, 0x0000000100000000)
  eden space 118784K, 0% used [0x00000000e0000000,0x00000000e0000000,0x00000000e7400000)
  from space 6656K, 37% used [0x00000000e7400000,0x00000000e7667dc0,0x00000000e7a80000)
  to   space 6144K, 0% used [0x00000000ea300000,0x00000000ea300000,0x00000000ea900000)
 ParOldGen       total 170496K, used 15821K [0x00000000a0000000, 0x00000000aa680000, 0x00000000e0000000)
  object space 170496K, 9% used [0x00000000a0000000,0x00000000a0f73798,0x00000000aa680000)
 PSPermGen       total 41984K, used 24430K [0x0000000095a00000, 0x0000000098300000, 0x00000000a0000000)
  object space 41984K, 58% used [0x0000000095a00000,0x00000000971dbb70,0x0000000098300000)
}

Deoptimization events (10 events):
Event: 20.682 Thread 0x00007f30a4362800 Uncommon trap: reason=bimorphic action=maybe_recompile pc=0x00007f30a1211980 method=javax.swing.JComponent.setBackground(Ljava/awt/Color;)V @ 16
Event: 20.682 Thread 0x00007f30a4362800 Uncommon trap: reason=bimorphic action=maybe_recompile pc=0x00007f30a1211980 method=javax.swing.JComponent.setBackground(Ljava/awt/Color;)V @ 16
Event: 20.682 Thread 0x00007f30a4362800 Uncommon trap: reason=bimorphic action=maybe_recompile pc=0x00007f30a1211980 method=javax.swing.JComponent.setBackground(Ljava/awt/Color;)V @ 16
Event: 20.716 Thread 0x00007f30441b6800 Uncommon trap: reason=class_check action=maybe_recompile pc=0x00007f30a118b4e0 method=java.util.regex.Pattern$CharProperty$1.isSatisfiedBy(I)Z @ 5
Event: 20.716 Thread 0x00007f30441b6800 Uncommon trap: reason=class_check action=maybe_recompile pc=0x00007f30a118b4e0 method=java.util.regex.Pattern$CharProperty$1.isSatisfiedBy(I)Z @ 5
Event: 20.716 Thread 0x00007f30441b6800 Uncommon trap: reason=class_check action=maybe_recompile pc=0x00007f30a118b4e0 method=java.util.regex.Pattern$CharProperty$1.isSatisfiedBy(I)Z @ 5
Event: 20.716 Thread 0x00007f30441b6800 Uncommon trap: reason=class_check action=maybe_recompile pc=0x00007f30a118b4e0 method=java.util.regex.Pattern$CharProperty$1.isSatisfiedBy(I)Z @ 5
Event: 20.741 Thread 0x00007f30a4362800 Uncommon trap: reason=null_check action=make_not_entrant pc=0x00007f30a1201a24 method=java.awt.Color.equals(Ljava/lang/Object;)Z @ 1
Event: 20.741 Thread 0x00007f30a4362800 Uncommon trap: reason=null_check action=make_not_entrant pc=0x00007f30a11dcec4 method=sun.font.FontDesignMetrics.getMetrics(Ljava/awt/Font;Ljava/awt/font/FontRenderContext;)Lsun/font/FontDesignMetrics; @ 54
Event: 30.354 Thread 0x00007f30a42f3800 Uncommon trap: reason=class_check action=maybe_recompile pc=0x00007f30a1209d7c method=sun.awt.X11.XWindow.handleMotionNotify(Lsun/awt/X11/XEvent;)V @ 133

Internal exceptions (10 events):
Event: 15.366 Thread 0x00007f30441b6800 Threw 0x00000000e10062d0 at /build/openjdk-7-7bXZEq/openjdk-7-7u181-2.6.14/build/openjdk/hotspot/src/share/vm/prims/jvm.cpp:1367
Event: 15.366 Thread 0x00007f30441b6800 Threw 0x00000000e1007588 at /build/openjdk-7-7bXZEq/openjdk-7-7u181-2.6.14/build/openjdk/hotspot/src/share/vm/prims/jvm.cpp:1367
Event: 16.589 Thread 0x00007f30a4362800 Implicit null exception at 0x00007f30a10c4855 to 0x00007f30a10c48a9
Event: 18.748 Thread 0x00007f30a4362800 Threw 0x00000000e3fb60a0 at /build/openjdk-7-7bXZEq/openjdk-7-7u181-2.6.14/build/openjdk/hotspot/src/share/vm/prims/jvm.cpp:1367
Event: 18.749 Thread 0x00007f30a4362800 Threw 0x00000000e3fb95b8 at /build/openjdk-7-7bXZEq/openjdk-7-7u181-2.6.14/build/openjdk/hotspot/src/share/vm/prims/jvm.cpp:1367
Event: 19.811 Thread 0x00007f30441b6800 Threw 0x00000000e4308990 at /build/openjdk-7-7bXZEq/openjdk-7-7u181-2.6.14/build/openjdk/hotspot/src/share/vm/prims/jvm.cpp:1367
Event: 20.612 Thread 0x00007f30441b6800 Threw 0x00000000e430de90 at /build/openjdk-7-7bXZEq/openjdk-7-7u181-2.6.14/build/openjdk/hotspot/src/share/vm/prims/jvm.cpp:1367
Event: 20.712 Thread 0x00007f30441b6800 Threw 0x00000000e4314238 at /build/openjdk-7-7bXZEq/openjdk-7-7u181-2.6.14/build/openjdk/hotspot/src/share/vm/prims/jvm.cpp:1367
Event: 20.712 Thread 0x00007f30441b6800 Threw 0x00000000e43176e8 at /build/openjdk-7-7bXZEq/openjdk-7-7u181-2.6.14/build/openjdk/hotspot/src/share/vm/prims/jvm.cpp:1367
Event: 20.717 Thread 0x00007f30441b6800 Threw 0x00000000e4322700 at /build/openjdk-7-7bXZEq/openjdk-7-7u181-2.6.14/build/openjdk/hotspot/src/share/vm/prims/jvm.cpp:1367

Events (10 events):
Event: 27.297 Thread 0x00007f30a40ae800 flushing nmethod 0x00007f30a1211150
Event: 28.590 loading class 0x00007f30681719f0
Event: 28.590 loading class 0x00007f30681719f0 done
Event: 30.354 Thread 0x00007f30a42f3800 Uncommon trap: trap_request=0xffffffde fr.pc=0x00007f30a1209d7c
Event: 30.354 Thread 0x00007f30a42f3800 DEOPT PACKING pc=0x00007f30a1209d7c sp=0x00007f30586bb6d0
Event: 30.354 Thread 0x00007f30a42f3800 DEOPT UNPACKING pc=0x00007f30a1039445 sp=0x00007f30586bb6c8 mode 2
Event: 30.875 Thread 0x00007f30a40ae800 flushing nmethod 0x00007f30a11dc410
Event: 30.929 Thread 0x00007f30a40ac000 flushing nmethod 0x00007f30a1201750
Event: 31.241 loading class 0x00007f30a9bdf780
Event: 31.242 loading class 0x00007f30a9bdf780 done


Dynamic libraries:
00400000-00401000 r-xp 00000000 08:01 5770552                            /usr/lib/jvm/java-7-openjdk-amd64/jre/bin/java
00600000-00601000 r--p 00000000 08:01 5770552                            /usr/lib/jvm/java-7-openjdk-amd64/jre/bin/java
00601000-00602000 rw-p 00001000 08:01 5770552                            /usr/lib/jvm/java-7-openjdk-amd64/jre/bin/java
01446000-01467000 rw-p 00000000 00:00 0                                  [heap]
95a00000-98300000 rw-p 00000000 00:00 0 
98300000-a0000000 rw-p 00000000 00:00 0 
a0000000-aa680000 rw-p 00000000 00:00 0 
aa680000-e0000000 rw-p 00000000 00:00 0 
e0000000-ea900000 rw-p 00000000 00:00 0 
ea900000-100000000 rw-p 00000000 00:00 0 
7f302c000000-7f302c021000 rw-p 00000000 00:00 0 
7f302c021000-7f3030000000 ---p 00000000 00:00 0 
7f3030000000-7f3030021000 rw-p 00000000 00:00 0 
7f3030021000-7f3034000000 ---p 00000000 00:00 0 
7f3034000000-7f3034021000 rw-p 00000000 00:00 0 
7f3034021000-7f3038000000 ---p 00000000 00:00 0 
7f3038000000-7f3038021000 rw-p 00000000 00:00 0 
7f3038021000-7f303c000000 ---p 00000000 00:00 0 
7f303c000000-7f303c095000 rw-p 00000000 00:00 0 
7f303c095000-7f3040000000 ---p 00000000 00:00 0 
7f3043232000-7f3043272000 r-xp 00000000 08:01 2097600                    /home/netlab/Backup_sbjeong/xxx 2020/contiki_git_ing/examples/ipv6/rpl-tsch/obj_cooja/mtype61.cooja
7f3043272000-7f3043472000 ---p 00040000 08:01 2097600                    /home/netlab/Backup_sbjeong/xxx 2020/contiki_git_ing/examples/ipv6/rpl-tsch/obj_cooja/mtype61.cooja
7f3043472000-7f3043473000 r--p 00040000 08:01 2097600                    /home/netlab/Backup_sbjeong/xxx 2020/contiki_git_ing/examples/ipv6/rpl-tsch/obj_cooja/mtype61.cooja
7f3043473000-7f3043475000 rw-p 00041000 08:01 2097600                    /home/netlab/Backup_sbjeong/xxx 2020/contiki_git_ing/examples/ipv6/rpl-tsch/obj_cooja/mtype61.cooja
7f3043475000-7f3043483000 rw-p 00000000 00:00 0 
7f3043483000-7f3043486000 ---p 00000000 00:00 0 
7f3043486000-7f3043584000 rw-p 00000000 00:00 0 
7f3043584000-7f3043587000 ---p 00000000 00:00 0 
7f3043587000-7f3043685000 rw-p 00000000 00:00 0 
7f3043685000-7f3043688000 ---p 00000000 00:00 0 
7f3043688000-7f3043786000 rw-p 00000000 00:00 0 
7f3043786000-7f3043789000 ---p 00000000 00:00 0 
7f3043789000-7f3043887000 rw-p 00000000 00:00 0 
7f3043887000-7f3044000000 rw-s 00000000 00:05 9699358                    /SYSV00000000 (deleted)
7f3044000000-7f3044365000 rw-p 00000000 00:00 0 
7f3044365000-7f3048000000 ---p 00000000 00:00 0 
7f3048000000-7f3048021000 rw-p 00000000 00:00 0 
7f3048021000-7f304c000000 ---p 00000000 00:00 0 
7f304c000000-7f304c02b000 rw-p 00000000 00:00 0 
7f304c02b000-7f3050000000 ---p 00000000 00:00 0 
7f3050000000-7f3050021000 rw-p 00000000 00:00 0 
7f3050021000-7f3054000000 ---p 00000000 00:00 0 
7f3054000000-7f3054021000 rw-p 00000000 00:00 0 
7f3054021000-7f3058000000 ---p 00000000 00:00 0 
7f3058064000-7f3058067000 ---p 00000000 00:00 0 
7f3058067000-7f3058165000 rw-p 00000000 00:00 0 
7f3058165000-7f3058168000 ---p 00000000 00:00 0 
7f3058168000-7f3058266000 rw-p 00000000 00:00 0 
7f3058266000-7f3058269000 ---p 00000000 00:00 0 
7f3058269000-7f3058367000 rw-p 00000000 00:00 0 
7f3058367000-7f30583b9000 r-xp 00000000 08:01 5770650                    /usr/lib/jvm/java-7-openjdk-amd64/jre/lib/amd64/libfontmanager.so
7f30583b9000-7f30585b8000 ---p 00052000 08:01 5770650                    /usr/lib/jvm/java-7-openjdk-amd64/jre/lib/amd64/libfontmanager.so
7f30585b8000-7f30585bb000 r--p 00051000 08:01 5770650                    /usr/lib/jvm/java-7-openjdk-amd64/jre/lib/amd64/libfontmanager.so
7f30585bb000-7f30585bc000 rw-p 00054000 08:01 5770650                    /usr/lib/jvm/java-7-openjdk-amd64/jre/lib/amd64/libfontmanager.so
7f30585bc000-7f30585bf000 ---p 00000000 00:00 0 
7f30585bf000-7f30586bd000 rw-p 00000000 00:00 0 
7f30586bd000-7f30586c2000 r-xp 00000000 08:01 4988952                    /usr/lib/x86_64-linux-gnu/libXfixes.so.3.1.0
7f30586c2000-7f30588c1000 ---p 00005000 08:01 4988952                    /usr/lib/x86_64-linux-gnu/libXfixes.so.3.1.0
7f30588c1000-7f30588c2000 r--p 00004000 08:01 4988952                    /usr/lib/x86_64-linux-gnu/libXfixes.so.3.1.0
7f30588c2000-7f30588c3000 rw-p 00005000 08:01 4988952                    /usr/lib/x86_64-linux-gnu/libXfixes.so.3.1.0
7f30588c3000-7f30588cc000 r-xp 00000000 08:01 4983250                    /usr/lib/x86_64-linux-gnu/libXcursor.so.1.0.2
7f30588cc000-7f3058acb000 ---p 00009000 08:01 4983250                    /usr/lib/x86_64-linux-gnu/libXcursor.so.1.0.2
7f3058acb000-7f3058acc000 r--p 00008000 08:01 4983250                    /usr/lib/x86_64-linux-gnu/libXcursor.so.1.0.2
7f3058acc000-7f3058acd000 rw-p 00009000 08:01 4983250                    /usr/lib/x86_64-linux-gnu/libXcursor.so.1.0.2
7f3058acd000-7f3058af2000 r-xp 00000000 08:01 1179869                    /lib/x86_64-linux-gnu/libpng12.so.0.50.0
7f3058af2000-7f3058cf1000 ---p 00025000 08:01 1179869                    /lib/x86_64-linux-gnu/libpng12.so.0.50.0
7f3058cf1000-7f3058cf2000 r--p 00024000 08:01 1179869                    /lib/x86_64-linux-gnu/libpng12.so.0.50.0
7f3058cf2000-7f3058cf3000 rw-p 00025000 08:01 1179869                    /lib/x86_64-linux-gnu/libpng12.so.0.50.0
7f3058cf3000-7f3058cf8000 r-xp 00000000 08:01 4988948                    /usr/lib/x86_64-linux-gnu/libXdmcp.so.6.0.0
7f3058cf8000-7f3058ef7000 ---p 00005000 08:01 4988948                    /usr/lib/x86_64-linux-gnu/libXdmcp.so.6.0.0
7f3058ef7000-7f3058ef8000 r--p 00004000 08:01 4988948                    /usr/lib/x86_64-linux-gnu/libXdmcp.so.6.0.0
7f3058ef8000-7f3058ef9000 rw-p 00005000 08:01 4988948                    /usr/lib/x86_64-linux-gnu/libXdmcp.so.6.0.0
7f3058ef9000-7f3058efb000 r-xp 00000000 08:01 4988937                    /usr/lib/x86_64-linux-gnu/libXau.so.6.0.0
7f3058efb000-7f30590fb000 ---p 00002000 08:01 4988937                    /usr/lib/x86_64-linux-gnu/libXau.so.6.0.0
7f30590fb000-7f30590fc000 r--p 00002000 08:01 4988937                    /usr/lib/x86_64-linux-gnu/libXau.so.6.0.0
7f30590fc000-7f30590fd000 rw-p 00003000 08:01 4988937                    /usr/lib/x86_64-linux-gnu/libXau.so.6.0.0
7f30590fd000-7f3059124000 r-xp 00000000 08:01 1179745                    /lib/x86_64-linux-gnu/libexpat.so.1.6.0
7f3059124000-7f3059324000 ---p 00027000 08:01 1179745                    /lib/x86_64-linux-gnu/libexpat.so.1.6.0
7f3059324000-7f3059326000 r--p 00027000 08:01 1179745                    /lib/x86_64-linux-gnu/libexpat.so.1.6.0
7f3059326000-7f3059327000 rw-p 00029000 08:01 1179745                    /lib/x86_64-linux-gnu/libexpat.so.1.6.0
7f3059327000-7f30593c4000 r-xp 00000000 08:01 4982345                    /usr/lib/x86_64-linux-gnu/libfreetype.so.6.11.1
7f30593c4000-7f30595c3000 ---p 0009d000 08:01 4982345                    /usr/lib/x86_64-linux-gnu/libfreetype.so.6.11.1
7f30595c3000-7f30595c9000 r--p 0009c000 08:01 4982345                    /usr/lib/x86_64-linux-gnu/libfreetype.so.6.11.1
7f30595c9000-7f30595ca000 rw-p 000a2000 08:01 4982345                    /usr/lib/x86_64-linux-gnu/libfreetype.so.6.11.1
7f30595ca000-7f30595e7000 r-xp 00000000 08:01 4990005                    /usr/lib/x86_64-linux-gnu/libxcb.so.1.1.0
7f30595e7000-7f30597e7000 ---p 0001d000 08:01 4990005                    /usr/lib/x86_64-linux-gnu/libxcb.so.1.1.0
7f30597e7000-7f30597e8000 r--p 0001d000 08:01 4990005                    /usr/lib/x86_64-linux-gnu/libxcb.so.1.1.0
7f30597e8000-7f30597e9000 rw-p 0001e000 08:01 4990005                    /usr/lib/x86_64-linux-gnu/libxcb.so.1.1.0
7f30597e9000-7f3059823000 r-xp 00000000 08:01 4982343                    /usr/lib/x86_64-linux-gnu/libfontconfig.so.1.8.0
7f3059823000-7f3059a22000 ---p 0003a000 08:01 4982343                    /usr/lib/x86_64-linux-gnu/libfontconfig.so.1.8.0
7f3059a22000-7f3059a24000 r--p 00039000 08:01 4982343                    /usr/lib/x86_64-linux-gnu/libfontconfig.so.1.8.0
7f3059a24000-7f3059a25000 rw-p 0003b000 08:01 4982343                    /usr/lib/x86_64-linux-gnu/libfontconfig.so.1.8.0
7f3059a25000-7f3059a34000 r-xp 00000000 08:01 4988958                    /usr/lib/x86_64-linux-gnu/libXi.so.6.1.0
7f3059a34000-7f3059c33000 ---p 0000f000 08:01 4988958                    /usr/lib/x86_64-linux-gnu/libXi.so.6.1.0
7f3059c33000-7f3059c34000 r--p 0000e000 08:01 4988958                    /usr/lib/x86_64-linux-gnu/libXi.so.6.1.0
7f3059c34000-7f3059c35000 rw-p 0000f000 08:01 4988958                    /usr/lib/x86_64-linux-gnu/libXi.so.6.1.0
7f3059c35000-7f3059c3a000 r-xp 00000000 08:01 4988978                    /usr/lib/x86_64-linux-gnu/libXtst.so.6.1.0
7f3059c3a000-7f3059e39000 ---p 00005000 08:01 4988978                    /usr/lib/x86_64-linux-gnu/libXtst.so.6.1.0
7f3059e39000-7f3059e3a000 r--p 00004000 08:01 4988978                    /usr/lib/x86_64-linux-gnu/libXtst.so.6.1.0
7f3059e3a000-7f3059e3b000 rw-p 00005000 08:01 4988978                    /usr/lib/x86_64-linux-gnu/libXtst.so.6.1.0
7f3059e3b000-7f3059e3d000 r-xp 00000000 08:01 4988942                    /usr/lib/x86_64-linux-gnu/libXcomposite.so.1.0.0
7f3059e3d000-7f305a03c000 ---p 00002000 08:01 4988942                    /usr/lib/x86_64-linux-gnu/libXcomposite.so.1.0.0
7f305a03c000-7f305a03d000 r--p 00001000 08:01 4988942                    /usr/lib/x86_64-linux-gnu/libXcomposite.so.1.0.0
7f305a03d000-7f305a03e000 rw-p 00002000 08:01 4988942                    /usr/lib/x86_64-linux-gnu/libXcomposite.so.1.0.0
7f305a03e000-7f305a047000 r-xp 00000000 08:01 4988972                    /usr/lib/x86_64-linux-gnu/libXrender.so.1.3.0
7f305a047000-7f305a246000 ---p 00009000 08:01 4988972                    /usr/lib/x86_64-linux-gnu/libXrender.so.1.3.0
7f305a246000-7f305a247000 r--p 00008000 08:01 4988972                    /usr/lib/x86_64-linux-gnu/libXrender.so.1.3.0
7f305a247000-7f305a248000 rw-p 00009000 08:01 4988972                    /usr/lib/x86_64-linux-gnu/libXrender.so.1.3.0
7f305a248000-7f305a378000 r-xp 00000000 08:01 4988933                    /usr/lib/x86_64-linux-gnu/libX11.so.6.3.0
7f305a378000-7f305a578000 ---p 00130000 08:01 4988933                    /usr/lib/x86_64-linux-gnu/libX11.so.6.3.0
7f305a578000-7f305a579000 r--p 00130000 08:01 4988933                    /usr/lib/x86_64-linux-gnu/libX11.so.6.3.0
7f305a579000-7f305a57d000 rw-p 00131000 08:01 4988933                    /usr/lib/x86_64-linux-gnu/libX11.so.6.3.0
7f305a57d000-7f305a58e000 r-xp 00000000 08:01 4988950                    /usr/lib/x86_64-linux-gnu/libXext.so.6.4.0
7f305a58e000-7f305a78d000 ---p 00011000 08:01 4988950                    /usr/lib/x86_64-linux-gnu/libXext.so.6.4.0
7f305a78d000-7f305a78e000 r--p 00010000 08:01 4988950                    /usr/lib/x86_64-linux-gnu/libXext.so.6.4.0
7f305a78e000-7f305a78f000 rw-p 00011000 08:01 4988950                    /usr/lib/x86_64-linux-gnu/libXext.so.6.4.0
7f305a78f000-7f305a7d7000 r-xp 00000000 08:01 5768252                    /usr/lib/jvm/java-7-openjdk-amd64/jre/lib/amd64/xawt/libmawt.so
7f305a7d7000-7f305a9d6000 ---p 00048000 08:01 5768252                    /usr/lib/jvm/java-7-openjdk-amd64/jre/lib/amd64/xawt/libmawt.so
7f305a9d6000-7f305a9d7000 r--p 00047000 08:01 5768252                    /usr/lib/jvm/java-7-openjdk-amd64/jre/lib/amd64/xawt/libmawt.so
7f305a9d7000-7f305a9da000 rw-p 00048000 08:01 5768252                    /usr/lib/jvm/java-7-openjdk-amd64/jre/lib/amd64/xawt/libmawt.so
7f305a9da000-7f305a9db000 rw-p 00000000 00:00 0 
7f305a9db000-7f305aa7b000 r-xp 00000000 08:01 5770618                    /usr/lib/jvm/java-7-openjdk-amd64/jre/lib/amd64/libawt.so
7f305aa7b000-7f305ac7a000 ---p 000a0000 08:01 5770618                    /usr/lib/jvm/java-7-openjdk-amd64/jre/lib/amd64/libawt.so
7f305ac7a000-7f305ac7b000 r--p 0009f000 08:01 5770618                    /usr/lib/jvm/java-7-openjdk-amd64/jre/lib/amd64/libawt.so
7f305ac7b000-7f305ac86000 rw-p 000a0000 08:01 5770618                    /usr/lib/jvm/java-7-openjdk-amd64/jre/lib/amd64/libawt.so
7f305ac86000-7f305acab000 rw-p 00000000 00:00 0 
7f305acab000-7f305ace8000 r-xp 00000000 08:01 1179653                    /lib/x86_64-linux-gnu/libpcre.so.3.13.1
7f305ace8000-7f305aee7000 ---p 0003d000 08:01 1179653                    /lib/x86_64-linux-gnu/libpcre.so.3.13.1
7f305aee7000-7f305aee8000 r--p 0003c000 08:01 1179653                    /lib/x86_64-linux-gnu/libpcre.so.3.13.1
7f305aee8000-7f305aee9000 rw-p 0003d000 08:01 1179653                    /lib/x86_64-linux-gnu/libpcre.so.3.13.1
7f305aee9000-7f305aef0000 r-xp 00000000 08:01 4982252                    /usr/lib/x86_64-linux-gnu/libffi.so.6.0.1
7f305aef0000-7f305b0ef000 ---p 00007000 08:01 4982252                    /usr/lib/x86_64-linux-gnu/libffi.so.6.0.1
7f305b0ef000-7f305b0f0000 r--p 00006000 08:01 4982252                    /usr/lib/x86_64-linux-gnu/libffi.so.6.0.1
7f305b0f0000-7f305b0f1000 rw-p 00007000 08:01 4982252                    /usr/lib/x86_64-linux-gnu/libffi.so.6.0.1
7f305b0f1000-7f305b108000 r-xp 00000000 08:01 1183989                    /lib/x86_64-linux-gnu/libresolv-2.19.so
7f305b108000-7f305b308000 ---p 00017000 08:01 1183989                    /lib/x86_64-linux-gnu/libresolv-2.19.so
7f305b308000-7f305b309000 r--p 00017000 08:01 1183989                    /lib/x86_64-linux-gnu/libresolv-2.19.so
7f305b309000-7f305b30a000 rw-p 00018000 08:01 1183989                    /lib/x86_64-linux-gnu/libresolv-2.19.so
7f305b30a000-7f305b30c000 rw-p 00000000 00:00 0 
7f305b30c000-7f305b32c000 r-xp 00000000 08:01 1184140                    /lib/x86_64-linux-gnu/libselinux.so.1
7f305b32c000-7f305b52b000 ---p 00020000 08:01 1184140                    /lib/x86_64-linux-gnu/libselinux.so.1
7f305b52b000-7f305b52c000 r--p 0001f000 08:01 1184140                    /lib/x86_64-linux-gnu/libselinux.so.1
7f305b52c000-7f305b52d000 rw-p 00020000 08:01 1184140                    /lib/x86_64-linux-gnu/libselinux.so.1
7f305b52d000-7f305b52f000 rw-p 00000000 00:00 0 
7f305b52f000-7f305b532000 r-xp 00000000 08:01 4981121                    /usr/lib/x86_64-linux-gnu/libgmodule-2.0.so.0.4002.0
7f305b532000-7f305b731000 ---p 00003000 08:01 4981121                    /usr/lib/x86_64-linux-gnu/libgmodule-2.0.so.0.4002.0
7f305b731000-7f305b732000 r--p 00002000 08:01 4981121                    /usr/lib/x86_64-linux-gnu/libgmodule-2.0.so.0.4002.0
7f305b732000-7f305b733000 rw-p 00003000 08:01 4981121                    /usr/lib/x86_64-linux-gnu/libgmodule-2.0.so.0.4002.0
7f305b733000-7f305b839000 r-xp 00000000 08:01 1179901                    /lib/x86_64-linux-gnu/libglib-2.0.so.0.4002.0
7f305b839000-7f305ba38000 ---p 00106000 08:01 1179901                    /lib/x86_64-linux-gnu/libglib-2.0.so.0.4002.0
7f305ba38000-7f305ba39000 r--p 00105000 08:01 1179901                    /lib/x86_64-linux-gnu/libglib-2.0.so.0.4002.0
7f305ba39000-7f305ba3a000 rw-p 00106000 08:01 1179901                    /lib/x86_64-linux-gnu/libglib-2.0.so.0.4002.0
7f305ba3a000-7f305ba3b000 rw-p 00000000 00:00 0 
7f305ba3b000-7f305ba8a000 r-xp 00000000 08:01 4981124                    /usr/lib/x86_64-linux-gnu/libgobject-2.0.so.0.4002.0
7f305ba8a000-7f305bc8a000 ---p 0004f000 08:01 4981124                    /usr/lib/x86_64-linux-gnu/libgobject-2.0.so.0.4002.0
7f305bc8a000-7f305bc8b000 r--p 0004f000 08:01 4981124                    /usr/lib/x86_64-linux-gnu/libgobject-2.0.so.0.4002.0
7f305bc8b000-7f305bc8c000 rw-p 00050000 08:01 4981124                    /usr/lib/x86_64-linux-gnu/libgobject-2.0.so.0.4002.0
7f305bc8c000-7f305bdf8000 r-xp 00000000 08:01 4981103                    /usr/lib/x86_64-linux-gnu/libgio-2.0.so.0.4002.0
7f305bdf8000-7f305bff8000 ---p 0016c000 08:01 4981103                    /usr/lib/x86_64-linux-gnu/libgio-2.0.so.0.4002.0
7f305bff8000-7f305bffc000 r--p 0016c000 08:01 4981103                    /usr/lib/x86_64-linux-gnu/libgio-2.0.so.0.4002.0
7f305bffc000-7f305bffe000 rw-p 00170000 08:01 4981103                    /usr/lib/x86_64-linux-gnu/libgio-2.0.so.0.4002.0
7f305bffe000-7f305c000000 rw-p 00000000 00:00 0 
7f305c000000-7f305c021000 rw-p 00000000 00:00 0 
7f305c021000-7f3060000000 ---p 00000000 00:00 0 
7f3060000000-7f3060021000 rw-p 00000000 00:00 0 
7f3060021000-7f3064000000 ---p 00000000 00:00 0 
7f3064000000-7f3064b10000 rw-p 00000000 00:00 0 
7f3064b10000-7f3068000000 ---p 00000000 00:00 0 
7f3068000000-7f30692a1000 rw-p 00000000 00:00 0 
7f30692a1000-7f306c000000 ---p 00000000 00:00 0 
7f306c000000-7f306c021000 rw-p 00000000 00:00 0 
7f306c021000-7f3070000000 ---p 00000000 00:00 0 
7f3070000000-7f3070021000 rw-p 00000000 00:00 0 
7f3070021000-7f3074000000 ---p 00000000 00:00 0 
7f3074000000-7f3074082000 rw-p 00000000 00:00 0 
7f3074082000-7f3078000000 ---p 00000000 00:00 0 
7f3078000000-7f3078021000 rw-p 00000000 00:00 0 
7f3078021000-7f307c000000 ---p 00000000 00:00 0 
7f307c000000-7f307c021000 rw-p 00000000 00:00 0 
7f307c021000-7f3080000000 ---p 00000000 00:00 0 
7f3080000000-7f3080021000 rw-p 00000000 00:00 0 
7f3080021000-7f3084000000 ---p 00000000 00:00 0 
7f3084000000-7f3084021000 rw-p 00000000 00:00 0 
7f3084021000-7f3088000000 ---p 00000000 00:00 0 
7f3088000000-7f3088021000 rw-p 00000000 00:00 0 
7f3088021000-7f308c000000 ---p 00000000 00:00 0 
7f308c000000-7f308c021000 rw-p 00000000 00:00 0 
7f308c021000-7f3090000000 ---p 00000000 00:00 0 
7f3090000000-7f3090021000 rw-p 00000000 00:00 0 
7f3090021000-7f3094000000 ---p 00000000 00:00 0 
7f3094000000-7f3094021000 rw-p 00000000 00:00 0 
7f3094021000-7f3098000000 ---p 00000000 00:00 0 
7f309809f000-7f30980a2000 ---p 00000000 00:00 0 
7f30980a2000-7f30981a0000 rw-p 00000000 00:00 0 
7f30981a0000-7f30981b7000 r-xp 00000000 08:01 5770623                    /usr/lib/jvm/java-7-openjdk-amd64/jre/lib/amd64/libnet.so
7f30981b7000-7f30983b7000 ---p 00017000 08:01 5770623                    /usr/lib/jvm/java-7-openjdk-amd64/jre/lib/amd64/libnet.so
7f30983b7000-7f30983b8000 r--p 00017000 08:01 5770623                    /usr/lib/jvm/java-7-openjdk-amd64/jre/lib/amd64/libnet.so
7f30983b8000-7f30983b9000 rw-p 00018000 08:01 5770623                    /usr/lib/jvm/java-7-openjdk-amd64/jre/lib/amd64/libnet.so
7f30983b9000-7f30983c9000 r-xp 00000000 08:01 5770664                    /usr/lib/jvm/java-7-openjdk-amd64/jre/lib/amd64/libnio.so
7f30983c9000-7f30985c9000 ---p 00010000 08:01 5770664                    /usr/lib/jvm/java-7-openjdk-amd64/jre/lib/amd64/libnio.so
7f30985c9000-7f30985ca000 r--p 00010000 08:01 5770664                    /usr/lib/jvm/java-7-openjdk-amd64/jre/lib/amd64/libnio.so
7f30985ca000-7f30985cb000 rw-p 00011000 08:01 5770664                    /usr/lib/jvm/java-7-openjdk-amd64/jre/lib/amd64/libnio.so
7f30985cb000-7f30985cc000 ---p 00000000 00:00 0 
7f30985cc000-7f30986cc000 rw-p 00000000 00:00 0 
7f30986cc000-7f30986cf000 ---p 00000000 00:00 0 
7f30986cf000-7f30987cd000 rw-p 00000000 00:00 0 
7f30987cd000-7f30987d0000 ---p 00000000 00:00 0 
7f30987d0000-7f30988ce000 rw-p 00000000 00:00 0 
7f30988ce000-7f30988d1000 ---p 00000000 00:00 0 
7f30988d1000-7f30989cf000 rw-p 00000000 00:00 0 
7f30989cf000-7f30989d2000 ---p 00000000 00:00 0 
7f30989d2000-7f309c000000 rw-p 00000000 00:00 0 
7f309c000000-7f309c021000 rw-p 00000000 00:00 0 
7f309c021000-7f30a0000000 ---p 00000000 00:00 0 
7f30a0040000-7f30a0041000 rw-p 00000000 00:00 0 
7f30a0041000-7f30a0044000 ---p 00000000 00:00 0 
7f30a0044000-7f30a007a000 rw-p 00000000 00:00 0 
7f30a007a000-7f30a007b000 r--s 00003000 08:01 1780376                    /home/netlab/Backup_sbjeong/xxx 2020/contiki_git_ing/tools/cooja/apps/powertracker/lib/powertracker.jar
7f30a007b000-7f30a007c000 r--s 00002000 08:01 1779993                    /home/netlab/Backup_sbjeong/xxx 2020/contiki_git_ing/tools/cooja/apps/collect-view/cooja-collect-view.jar
7f30a007c000-7f30a007e000 r--s 00008000 08:01 1780392                    /home/netlab/Backup_sbjeong/xxx 2020/contiki_git_ing/tools/cooja/apps/serial_socket/lib/serial_socket.jar
7f30a007e000-7f30a00b8000 r--s 001e1000 08:01 1779958                    /home/netlab/Backup_sbjeong/xxx 2020/contiki_git_ing/tools/cooja/apps/avrora/lib/avrora-small.jar
7f30a00b8000-7f30a00ba000 r--s 00010000 08:01 1780367                    /home/netlab/Backup_sbjeong/xxx 2020/contiki_git_ing/tools/cooja/apps/mspsim/lib/jipv6.jar
7f30a00ba000-7f30a00c6000 r--s 000eb000 08:01 1780366                    /home/netlab/Backup_sbjeong/xxx 2020/contiki_git_ing/tools/cooja/apps/mspsim/lib/mspsim.jar
7f30a00c6000-7f30a00cc000 r--s 00064000 08:01 1780369                    /home/netlab/Backup_sbjeong/xxx 2020/contiki_git_ing/tools/cooja/apps/mspsim/lib/cooja_mspsim.jar
7f30a00cc000-7f30a00d7000 r--s 00000000 08:01 6556014                    /var/cache/fontconfig/945677eb7aeaf62f1d50efc3fb3ec7d8-le64.cache-4
7f30a00d7000-7f30a00e0000 r--s 00000000 08:01 6554854                    /var/cache/fontconfig/a6d8cf8e4ec09cdbc8633c31745a07dd-le64.cache-4
7f30a00e0000-7f30a00e6000 r--s 00000000 08:01 6554853                    /var/cache/fontconfig/2cd17615ca594fa2959ae173292e504c-le64.cache-4
7f30a00e6000-7f30a08f9000 r--p 00000000 08:01 4987895                    /usr/lib/locale/locale-archive
7f30a08f9000-7f30a08fc000 ---p 00000000 00:00 0 
7f30a08fc000-7f30a09fa000 rw-p 00000000 00:00 0 
7f30a09fa000-7f30a09fd000 ---p 00000000 00:00 0 
7f30a09fd000-7f30a0afb000 rw-p 00000000 00:00 0 
7f30a0afb000-7f30a0afc000 ---p 00000000 00:00 0 
7f30a0afc000-7f30a1000000 rw-p 00000000 00:00 0 
7f30a1000000-7f30a1290000 rwxp 00000000 00:00 0 
7f30a1290000-7f30a4379000 rw-p 00000000 00:00 0 
7f30a4379000-7f30a8000000 ---p 00000000 00:00 0 
7f30a8000000-7f30a8001000 r--s 00008000 08:01 1779959                    /home/netlab/Backup_sbjeong/xxx 2020/contiki_git_ing/tools/cooja/apps/avrora/lib/cooja_avrora.jar
7f30a8001000-7f30a8002000 r--s 00004000 08:01 1780368                    /home/netlab/Backup_sbjeong/xxx 2020/contiki_git_ing/tools/cooja/apps/mspsim/lib/coffee.jar
7f30a8002000-7f30a8004000 r--s 0001e000 08:01 1780085                    /home/netlab/Backup_sbjeong/xxx 2020/contiki_git_ing/tools/cooja/apps/mrm/lib/mrm.jar
7f30a8004000-7f30a8005000 r--s 00000000 08:01 6556024                    /var/cache/fontconfig/c05880de57d1f5e948fdfacc138775d9-le64.cache-4
7f30a8005000-7f30a8006000 r--s 00000000 08:01 6554842                    /var/cache/fontconfig/e7071f4a29fa870f4323321c154eba04-le64.cache-4
7f30a8006000-7f30a8007000 r--s 00000000 08:01 6554820                    /var/cache/fontconfig/0d8c3b2ac0904cb8a57a757ad11a4a08-le64.cache-4
7f30a8007000-7f30a800e000 r--s 00000000 08:01 6554812                    /var/cache/fontconfig/a755afe4a08bf5b97852ceb7400b47bc-le64.cache-4
7f30a800e000-7f30a8022000 r--s 00000000 08:01 6554811                    /var/cache/fontconfig/04aabc0a78ac019cf9454389977116d2-le64.cache-4
7f30a8022000-7f30a8023000 r--s 00000000 08:01 6554531                    /var/cache/fontconfig/1ac9eb803944fde146138c791f5cc56a-le64.cache-4
7f30a8023000-7f30a8027000 r--s 00000000 08:01 6554528                    /var/cache/fontconfig/385c0604a188198f04d133e54aba7fe7-le64.cache-4
7f30a8027000-7f30a8028000 r--s 00000000 08:01 6554527                    /var/cache/fontconfig/dc05db6664285cc2f12bf69c139ae4c3-le64.cache-4
7f30a8028000-7f30a802a000 r--s 00000000 08:01 6553995                    /var/cache/fontconfig/767a8244fc0220cfb567a839d0392e0b-le64.cache-4
7f30a802a000-7f30a802b000 r--s 00000000 08:01 6554526                    /var/cache/fontconfig/4794a0821666d79190d59a36cb4f44b5-le64.cache-4
7f30a802b000-7f30a8031000 r--s 00000000 08:01 6554524                    /var/cache/fontconfig/8801497958630a81b71ace7c5f9b32a8-le64.cache-4
7f30a8031000-7f30a8038000 r--s 00000000 08:01 6554522                    /var/cache/fontconfig/3047814df9a2f067bd2d96a2b9c36e5a-le64.cache-4
7f30a8038000-7f30a803e000 r--s 00000000 08:01 6554362                    /var/cache/fontconfig/b47c4e1ecd0709278f4910c18777a504-le64.cache-4
7f30a803e000-7f30a8051000 r--s 00000000 08:01 6554359                    /var/cache/fontconfig/d52a8644073d54c13679302ca1180695-le64.cache-4
7f30a8051000-7f30a805a000 r--s 00000000 08:01 6554357                    /var/cache/fontconfig/3f7329c5293ffd510edef78f73874cfd-le64.cache-4
7f30a805a000-7f30a8081000 r--p 00000000 08:01 5516359                    /usr/share/locale-langpack/ko/LC_MESSAGES/libc.mo
7f30a8081000-7f30a80b2000 rw-p 00000000 00:00 0 
7f30a80b2000-7f30a80b3000 r--s 00000000 08:01 6554510                    /var/cache/fontconfig/56cf4f4769d0f4abc89a4895d7bd3ae1-le64.cache-4
7f30a80b3000-7f30a80b4000 r--s 00000000 08:01 6554508                    /var/cache/fontconfig/b9d506c9ac06c20b433354fa67a72993-le64.cache-4
7f30a80b4000-7f30a80bf000 r--s 00000000 08:01 6554162                    /var/cache/fontconfig/d589a48862398ed80a3d6066f4f56f4c-le64.cache-4
7f30a80bf000-7f30a80c0000 r--s 00000000 08:01 6554135                    /var/cache/fontconfig/0c9eb80ebd1c36541ebe2852d3bb0c49-le64.cache-4
7f30a80c0000-7f30a80c3000 r--s 00000000 08:01 6554015                    /var/cache/fontconfig/e13b20fdb08344e0e664864cc2ede53d-le64.cache-4
7f30a80c3000-7f30a80c7000 r--s 00000000 08:01 6554132                    /var/cache/fontconfig/7ef2298fde41cc6eeb7af42e48b7d293-le64.cache-4
7f30a80c7000-7f30a80ce000 r--s 00000000 08:01 5245345                    /usr/lib/x86_64-linux-gnu/gconv/gconv-modules.cache
7f30a80ce000-7f30a80eb000 r--s 0014f000 08:01 1780613                    /home/netlab/Backup_sbjeong/xxx 2020/contiki_git_ing/tools/cooja/lib/swingx-all-1.6.4.jar
7f30a80eb000-7f30a9975000 rw-p 00000000 00:00 0 
7f30a9975000-7f30a9b2c000 r--s 01d7c000 08:01 5648853                    /usr/lib/jvm/java-7-openjdk-amd64/jre/lib/rt.jar
7f30a9b2c000-7f30a9f9a000 rw-p 00000000 00:00 0 
7f30a9f9a000-7f30a9f9b000 ---p 00000000 00:00 0 
7f30a9f9b000-7f30aa09b000 rw-p 00000000 00:00 0 
7f30aa09b000-7f30aa09c000 ---p 00000000 00:00 0 
7f30aa09c000-7f30aa19c000 rw-p 00000000 00:00 0 
7f30aa19c000-7f30aa19d000 ---p 00000000 00:00 0 
7f30aa19d000-7f30aa29d000 rw-p 00000000 00:00 0 
7f30aa29d000-7f30aa29e000 ---p 00000000 00:00 0 
7f30aa29e000-7f30aa39e000 rw-p 00000000 00:00 0 
7f30aa39e000-7f30aa39f000 ---p 00000000 00:00 0 
7f30aa39f000-7f30aa49f000 rw-p 00000000 00:00 0 
7f30aa49f000-7f30aa4a0000 ---p 00000000 00:00 0 
7f30aa4a0000-7f30aa5a0000 rw-p 00000000 00:00 0 
7f30aa5a0000-7f30aa5a1000 ---p 00000000 00:00 0 
7f30aa5a1000-7f30aa6a1000 rw-p 00000000 00:00 0 
7f30aa6a1000-7f30aa6a2000 ---p 00000000 00:00 0 
7f30aa6a2000-7f30aa7b7000 rw-p 00000000 00:00 0 
7f30aa7b7000-7f30aa7f5000 rw-p 00000000 00:00 0 
7f30aa7f5000-7f30aa849000 rw-p 00000000 00:00 0 
7f30aa849000-7f30aa9f5000 rw-p 00000000 00:00 0 
7f30aa9f5000-7f30aaa0a000 rw-p 00000000 00:00 0 
7f30aaa0a000-7f30aaa48000 rw-p 00000000 00:00 0 
7f30aaa48000-7f30aaa9c000 rw-p 00000000 00:00 0 
7f30aaa9c000-7f30aac48000 rw-p 00000000 00:00 0 
7f30aac48000-7f30aac9d000 rw-p 00000000 00:00 0 
7f30aac9d000-7f30aad48000 rw-p 00000000 00:00 0 
7f30aad48000-7f30aad49000 rw-p 00000000 00:00 0 
7f30aad49000-7f30aad51000 r-xp 00000000 08:01 5770669                    /usr/lib/jvm/java-7-openjdk-amd64/jre/lib/amd64/libzip.so
7f30aad51000-7f30aaf50000 ---p 00008000 08:01 5770669                    /usr/lib/jvm/java-7-openjdk-amd64/jre/lib/amd64/libzip.so
7f30aaf50000-7f30aaf51000 r--p 00007000 08:01 5770669                    /usr/lib/jvm/java-7-openjdk-amd64/jre/lib/amd64/libzip.so
7f30aaf51000-7f30aaf52000 rw-p 00008000 08:01 5770669                    /usr/lib/jvm/java-7-openjdk-amd64/jre/lib/amd64/libzip.so
7f30aaf52000-7f30aaf5c000 r-xp 00000000 08:01 1183987                    /lib/x86_64-linux-gnu/libnss_files-2.19.so
7f30aaf5c000-7f30ab15b000 ---p 0000a000 08:01 1183987                    /lib/x86_64-linux-gnu/libnss_files-2.19.so
7f30ab15b000-7f30ab15c000 r--p 00009000 08:01 1183987                    /lib/x86_64-linux-gnu/libnss_files-2.19.so
7f30ab15c000-7f30ab15d000 rw-p 0000a000 08:01 1183987                    /lib/x86_64-linux-gnu/libnss_files-2.19.so
7f30ab15d000-7f30ab168000 r-xp 00000000 08:01 1183993                    /lib/x86_64-linux-gnu/libnss_nis-2.19.so
7f30ab168000-7f30ab367000 ---p 0000b000 08:01 1183993                    /lib/x86_64-linux-gnu/libnss_nis-2.19.so
7f30ab367000-7f30ab368000 r--p 0000a000 08:01 1183993                    /lib/x86_64-linux-gnu/libnss_nis-2.19.so
7f30ab368000-7f30ab369000 rw-p 0000b000 08:01 1183993                    /lib/x86_64-linux-gnu/libnss_nis-2.19.so
7f30ab369000-7f30ab380000 r-xp 00000000 08:01 1184062                    /lib/x86_64-linux-gnu/libnsl-2.19.so
7f30ab380000-7f30ab57f000 ---p 00017000 08:01 1184062                    /lib/x86_64-linux-gnu/libnsl-2.19.so
7f30ab57f000-7f30ab580000 r--p 00016000 08:01 1184062                    /lib/x86_64-linux-gnu/libnsl-2.19.so
7f30ab580000-7f30ab581000 rw-p 00017000 08:01 1184062                    /lib/x86_64-linux-gnu/libnsl-2.19.so
7f30ab581000-7f30ab583000 rw-p 00000000 00:00 0 
7f30ab583000-7f30ab58c000 r-xp 00000000 08:01 1184010                    /lib/x86_64-linux-gnu/libnss_compat-2.19.so
7f30ab58c000-7f30ab78b000 ---p 00009000 08:01 1184010                    /lib/x86_64-linux-gnu/libnss_compat-2.19.so
7f30ab78b000-7f30ab78c000 r--p 00008000 08:01 1184010                    /lib/x86_64-linux-gnu/libnss_compat-2.19.so
7f30ab78c000-7f30ab78d000 rw-p 00009000 08:01 1184010                    /lib/x86_64-linux-gnu/libnss_compat-2.19.so
7f30ab78d000-7f30ab7b7000 r-xp 00000000 08:01 5770642                    /usr/lib/jvm/java-7-openjdk-amd64/jre/lib/amd64/libjava.so
7f30ab7b7000-7f30ab9b7000 ---p 0002a000 08:01 5770642                    /usr/lib/jvm/java-7-openjdk-amd64/jre/lib/amd64/libjava.so
7f30ab9b7000-7f30ab9b8000 r--p 0002a000 08:01 5770642                    /usr/lib/jvm/java-7-openjdk-amd64/jre/lib/amd64/libjava.so
7f30ab9b8000-7f30ab9ba000 rw-p 0002b000 08:01 5770642                    /usr/lib/jvm/java-7-openjdk-amd64/jre/lib/amd64/libjava.so
7f30ab9ba000-7f30ab9ca000 r-xp 00000000 08:01 5770612                    /usr/lib/jvm/java-7-openjdk-amd64/jre/lib/amd64/libverify.so
7f30ab9ca000-7f30abbc9000 ---p 00010000 08:01 5770612                    /usr/lib/jvm/java-7-openjdk-amd64/jre/lib/amd64/libverify.so
7f30abbc9000-7f30abbcb000 r--p 0000f000 08:01 5770612                    /usr/lib/jvm/java-7-openjdk-amd64/jre/lib/amd64/libverify.so
7f30abbcb000-7f30abbcc000 rw-p 00011000 08:01 5770612                    /usr/lib/jvm/java-7-openjdk-amd64/jre/lib/amd64/libverify.so
7f30abbcc000-7f30abbd3000 r-xp 00000000 08:01 1184060                    /lib/x86_64-linux-gnu/librt-2.19.so
7f30abbd3000-7f30abdd2000 ---p 00007000 08:01 1184060                    /lib/x86_64-linux-gnu/librt-2.19.so
7f30abdd2000-7f30abdd3000 r--p 00006000 08:01 1184060                    /lib/x86_64-linux-gnu/librt-2.19.so
7f30abdd3000-7f30abdd4000 rw-p 00007000 08:01 1184060                    /lib/x86_64-linux-gnu/librt-2.19.so
7f30abdd4000-7f30abdeb000 r-xp 00000000 08:01 1179897                    /lib/x86_64-linux-gnu/libgcc_s.so.1
7f30abdeb000-7f30abfea000 ---p 00017000 08:01 1179897                    /lib/x86_64-linux-gnu/libgcc_s.so.1
7f30abfea000-7f30abfeb000 r--p 00016000 08:01 1179897                    /lib/x86_64-linux-gnu/libgcc_s.so.1
7f30abfeb000-7f30abfec000 rw-p 00017000 08:01 1179897                    /lib/x86_64-linux-gnu/libgcc_s.so.1
7f30abfec000-7f30ac0f1000 r-xp 00000000 08:01 1184016                    /lib/x86_64-linux-gnu/libm-2.19.so
7f30ac0f1000-7f30ac2f0000 ---p 00105000 08:01 1184016                    /lib/x86_64-linux-gnu/libm-2.19.so
7f30ac2f0000-7f30ac2f1000 r--p 00104000 08:01 1184016                    /lib/x86_64-linux-gnu/libm-2.19.so
7f30ac2f1000-7f30ac2f2000 rw-p 00105000 08:01 1184016                    /lib/x86_64-linux-gnu/libm-2.19.so
7f30ac2f2000-7f30ac3fc000 r-xp 00000000 08:01 4982310                    /usr/lib/x86_64-linux-gnu/libstdc++.so.6.0.25
7f30ac3fc000-7f30ac5fb000 ---p 0010a000 08:01 4982310                    /usr/lib/x86_64-linux-gnu/libstdc++.so.6.0.25
7f30ac5fb000-7f30ac603000 r--p 00109000 08:01 4982310                    /usr/lib/x86_64-linux-gnu/libstdc++.so.6.0.25
7f30ac603000-7f30ac605000 rw-p 00111000 08:01 4982310                    /usr/lib/x86_64-linux-gnu/libstdc++.so.6.0.25
7f30ac605000-7f30ac608000 rw-p 00000000 00:00 0 
7f30ac608000-7f30ad141000 r-xp 00000000 08:01 5770599                    /usr/lib/jvm/java-7-openjdk-amd64/jre/lib/amd64/server/libjvm.so
7f30ad141000-7f30ad341000 ---p 00b39000 08:01 5770599                    /usr/lib/jvm/java-7-openjdk-amd64/jre/lib/amd64/server/libjvm.so
7f30ad341000-7f30ad3dc000 r--p 00b39000 08:01 5770599                    /usr/lib/jvm/java-7-openjdk-amd64/jre/lib/amd64/server/libjvm.so
7f30ad3dc000-7f30ad3ff000 rw-p 00bd4000 08:01 5770599                    /usr/lib/jvm/java-7-openjdk-amd64/jre/lib/amd64/server/libjvm.so
7f30ad3ff000-7f30ad42f000 rw-p 00000000 00:00 0 
7f30ad42f000-7f30ad447000 r-xp 00000000 08:01 1179751                    /lib/x86_64-linux-gnu/libz.so.1.2.8
7f30ad447000-7f30ad646000 ---p 00018000 08:01 1179751                    /lib/x86_64-linux-gnu/libz.so.1.2.8
7f30ad646000-7f30ad647000 r--p 00017000 08:01 1179751                    /lib/x86_64-linux-gnu/libz.so.1.2.8
7f30ad647000-7f30ad648000 rw-p 00018000 08:01 1179751                    /lib/x86_64-linux-gnu/libz.so.1.2.8
7f30ad648000-7f30ad661000 r-xp 00000000 08:01 1184028                    /lib/x86_64-linux-gnu/libpthread-2.19.so
7f30ad661000-7f30ad860000 ---p 00019000 08:01 1184028                    /lib/x86_64-linux-gnu/libpthread-2.19.so
7f30ad860000-7f30ad861000 r--p 00018000 08:01 1184028                    /lib/x86_64-linux-gnu/libpthread-2.19.so
7f30ad861000-7f30ad862000 rw-p 00019000 08:01 1184028                    /lib/x86_64-linux-gnu/libpthread-2.19.so
7f30ad862000-7f30ad866000 rw-p 00000000 00:00 0 
7f30ad866000-7f30ad869000 r-xp 00000000 08:01 1184079                    /lib/x86_64-linux-gnu/libdl-2.19.so
7f30ad869000-7f30ada68000 ---p 00003000 08:01 1184079                    /lib/x86_64-linux-gnu/libdl-2.19.so
7f30ada68000-7f30ada69000 r--p 00002000 08:01 1184079                    /lib/x86_64-linux-gnu/libdl-2.19.so
7f30ada69000-7f30ada6a000 rw-p 00003000 08:01 1184079                    /lib/x86_64-linux-gnu/libdl-2.19.so
7f30ada6a000-7f30adc28000 r-xp 00000000 08:01 1184083                    /lib/x86_64-linux-gnu/libc-2.19.so
7f30adc28000-7f30ade28000 ---p 001be000 08:01 1184083                    /lib/x86_64-linux-gnu/libc-2.19.so
7f30ade28000-7f30ade2c000 r--p 001be000 08:01 1184083                    /lib/x86_64-linux-gnu/libc-2.19.so
7f30ade2c000-7f30ade2e000 rw-p 001c2000 08:01 1184083                    /lib/x86_64-linux-gnu/libc-2.19.so
7f30ade2e000-7f30ade33000 rw-p 00000000 00:00 0 
7f30ade33000-7f30ade40000 r-xp 00000000 08:01 5770659                    /usr/lib/jvm/java-7-openjdk-amd64/jre/lib/amd64/jli/libjli.so
7f30ade40000-7f30ae03f000 ---p 0000d000 08:01 5770659                    /usr/lib/jvm/java-7-openjdk-amd64/jre/lib/amd64/jli/libjli.so
7f30ae03f000-7f30ae040000 r--p 0000c000 08:01 5770659                    /usr/lib/jvm/java-7-openjdk-amd64/jre/lib/amd64/jli/libjli.so
7f30ae040000-7f30ae041000 rw-p 0000d000 08:01 5770659                    /usr/lib/jvm/java-7-openjdk-amd64/jre/lib/amd64/jli/libjli.so
7f30ae041000-7f30ae064000 r-xp 00000000 08:01 1184021                    /lib/x86_64-linux-gnu/ld-2.19.so
7f30ae064000-7f30ae06e000 r--s 000b0000 08:01 5648861                    /usr/lib/jvm/java-7-openjdk-amd64/jre/lib/resources.jar
7f30ae06e000-7f30ae075000 r--s 0005b000 08:01 1780611                    /home/netlab/Backup_sbjeong/xxx 2020/contiki_git_ing/tools/cooja/lib/jsyntaxpane.jar
7f30ae075000-7f30ae07c000 r--s 0004f000 08:01 1780612                    /home/netlab/Backup_sbjeong/xxx 2020/contiki_git_ing/tools/cooja/lib/log4j.jar
7f30ae07c000-7f30ae07f000 r--s 00022000 08:01 1780610                    /home/netlab/Backup_sbjeong/xxx 2020/contiki_git_ing/tools/cooja/lib/jdom.jar
7f30ae07f000-7f30ae081000 r--s 00012000 08:01 5770685                    /usr/lib/jvm/java-7-openjdk-amd64/jre/lib/ext/zipfs.jar
7f30ae081000-7f30ae08c000 rw-p 00000000 00:00 0 
7f30ae08c000-7f30ae141000 rw-p 00000000 00:00 0 
7f30ae141000-7f30ae144000 ---p 00000000 00:00 0 
7f30ae144000-7f30ae246000 rw-p 00000000 00:00 0 
7f30ae246000-7f30ae24a000 r--s 0003d000 08:01 5770688                    /usr/lib/jvm/java-7-openjdk-amd64/jre/lib/ext/sunpkcs11.jar
7f30ae24a000-7f30ae24b000 r--s 00002000 08:01 5770687                    /usr/lib/jvm/java-7-openjdk-amd64/jre/lib/ext/dnsns.jar
7f30ae24b000-7f30ae24e000 r--s 0000f000 08:01 5770684                    /usr/lib/jvm/java-7-openjdk-amd64/jre/lib/ext/icedtea-sound.jar
7f30ae24e000-7f30ae252000 r--s 00085000 08:01 5770686                    /usr/lib/jvm/java-7-openjdk-amd64/jre/lib/ext/localedata.jar
7f30ae252000-7f30ae256000 r--s 00036000 08:01 5770689                    /usr/lib/jvm/java-7-openjdk-amd64/jre/lib/ext/sunjce_provider.jar
7f30ae256000-7f30ae258000 r--s 00006000 08:01 5380960                    /usr/share/java/java-atk-wrapper.jar
7f30ae258000-7f30ae260000 rw-s 00000000 08:01 4587566                    /tmp/hsperfdata_netlab/1986
7f30ae260000-7f30ae261000 rw-p 00000000 00:00 0 
7f30ae261000-7f30ae262000 r--p 00000000 00:00 0 
7f30ae262000-7f30ae263000 rw-p 00000000 00:00 0 
7f30ae263000-7f30ae264000 r--p 00022000 08:01 1184021                    /lib/x86_64-linux-gnu/ld-2.19.so
7f30ae264000-7f30ae265000 rw-p 00023000 08:01 1184021                    /lib/x86_64-linux-gnu/ld-2.19.so
7f30ae265000-7f30ae266000 rw-p 00000000 00:00 0 
7ffcb5430000-7ffcb5452000 rw-p 00000000 00:00 0                          [stack]
7ffcb559c000-7ffcb559e000 r--p 00000000 00:00 0                          [vvar]
7ffcb559e000-7ffcb55a0000 r-xp 00000000 00:00 0                          [vdso]
ffffffffff600000-ffffffffff601000 r-xp 00000000 00:00 0                  [vsyscall]

VM Arguments:
jvm_args: -Xmx1536m 
java_command: org.contikios.cooja.Cooja
Launcher Type: SUN_STANDARD

Environment Variables:
JAVA_HOME=/usr/lib/jvm/java-7-openjdk-amd64/
CLASSPATH=:/usr/src/tinyos/support/sdk/java/tinyos.jar
PATH=/usr/local/sbin:/usr/local/bin:/usr/sbin:/usr/bin:/sbin:/bin:/usr/games:/usr/local/games:/home/netlab/opt/gcc-arm-none-eabi-6-2017-q1-update/bin:/home/netlab/opt/compilers/mspgcc-4.7.3/bin
LD_LIBRARY_PATH=.
SHELL=/bin/bash
DISPLAY=:0

Signal Handlers:
SIGSEGV: [libjvm.so+0x9679a0], sa_mask[0]=0x7ffbfeff, sa_flags=0x10000004
SIGBUS: [libjvm.so+0x9679a0], sa_mask[0]=0x7ffbfeff, sa_flags=0x10000004
SIGFPE: [libjvm.so+0x7d9350], sa_mask[0]=0x7ffbfeff, sa_flags=0x10000004
SIGPIPE: [libjvm.so+0x7d9350], sa_mask[0]=0x7ffbfeff, sa_flags=0x10000004
SIGXFSZ: [libjvm.so+0x7d9350], sa_mask[0]=0x7ffbfeff, sa_flags=0x10000004
SIGILL: [libjvm.so+0x7d9350], sa_mask[0]=0x7ffbfeff, sa_flags=0x10000004
SIGUSR1: SIG_DFL, sa_mask[0]=0x00000000, sa_flags=0x00000000
SIGUSR2: [libjvm.so+0x7d9480], sa_mask[0]=0x00000004, sa_flags=0x10000004
SIGHUP: [libjvm.so+0x7d93d0], sa_mask[0]=0x7ffbfeff, sa_flags=0x10000004
SIGINT: [libjvm.so+0x7d93d0], sa_mask[0]=0x7ffbfeff, sa_flags=0x10000004
SIGTERM: [libjvm.so+0x7d93d0], sa_mask[0]=0x7ffbfeff, sa_flags=0x10000004
SIGQUIT: [libjvm.so+0x7d93d0], sa_mask[0]=0x7ffbfeff, sa_flags=0x10000004
SIGTRAP: SIG_DFL, sa_mask[0]=0x00000000, sa_flags=0x00000000


---------------  S Y S T E M  ---------------

OS:Ubuntu 14.04 (trusty)
uname:Linux 4.2.0-42-generic #49~14.04.1-Ubuntu SMP Wed Jun 29 20:22:11 UTC 2016 x86_64
libc:glibc 2.19 NPTL 2.19 
rlimit: STACK 8192k, CORE 0k, NPROC 63920, NOFILE 4096, AS infinity
load average:0.45 0.42 0.58

/proc/meminfo:
MemTotal:       16386560 kB
MemFree:         3770500 kB
MemAvailable:    6608504 kB
Buffers:          451776 kB
Cached:          2490496 kB
SwapCached:         1244 kB
Active:          9485524 kB
Inactive:        2344932 kB
Active(anon):    7769104 kB
Inactive(anon):  1267640 kB
Active(file):    1716420 kB
Inactive(file):  1077292 kB
Unevictable:          16 kB
Mlocked:              16 kB
SwapTotal:      16730108 kB
SwapFree:       16714356 kB
Dirty:              4412 kB
Writeback:             0 kB
AnonPages:       8889140 kB
Mapped:           490328 kB
Shmem:            148560 kB
Slab:             359508 kB
SReclaimable:     297708 kB
SUnreclaim:        61800 kB
KernelStack:       18480 kB
PageTables:        74740 kB
NFS_Unstable:          0 kB
Bounce:                0 kB
WritebackTmp:          0 kB
CommitLimit:    24923388 kB
Committed_AS:   16910556 kB
VmallocTotal:   34359738367 kB
VmallocUsed:      137036 kB
VmallocChunk:   34359471076 kB
HardwareCorrupted:     0 kB
AnonHugePages:   7495680 kB
CmaTotal:              0 kB
CmaFree:               0 kB
HugePages_Total:       0
HugePages_Free:        0
HugePages_Rsvd:        0
HugePages_Surp:        0
Hugepagesize:       2048 kB
DirectMap4k:      553920 kB
DirectMap2M:    16177152 kB


CPU:total 8 (initial active 8) (4 cores per cpu, 2 threads per core) family 6 model 58 stepping 9, cmov, cx8, fxsr, mmx, sse, sse2, sse3, ssse3, sse4.1, sse4.2, popcnt, avx, aes, erms, ht, tsc, tscinvbit, tscinv

/proc/cpuinfo:
processor	: 0
vendor_id	: GenuineIntel
cpu family	: 6
model		: 58
model name	: Intel(R) Xeon(R) CPU E3-1270 V2 @ 3.50GHz
stepping	: 9
microcode	: 0x12
cpu MHz		: 2494.843
cache size	: 8192 KB
physical id	: 0
siblings	: 8
core id		: 0
cpu cores	: 4
apicid		: 0
initial apicid	: 0
fpu		: yes
fpu_exception	: yes
cpuid level	: 13
wp		: yes
flags		: fpu vme de pse tsc msr pae mce cx8 apic sep mtrr pge mca cmov pat pse36 clflush dts acpi mmx fxsr sse sse2 ss ht tm pbe syscall nx rdtscp lm constant_tsc arch_perfmon pebs bts rep_good nopl xtopology nonstop_tsc aperfmperf eagerfpu pni pclmulqdq dtes64 monitor ds_cpl vmx smx est tm2 ssse3 cx16 xtpr pdcm pcid sse4_1 sse4_2 x2apic popcnt tsc_deadline_timer aes xsave avx f16c rdrand lahf_lm ida arat epb pln pts dtherm tpr_shadow vnmi flexpriority ept vpid fsgsbase smep erms xsaveopt
bugs		:
bogomips	: 6984.25
clflush size	: 64
cache_alignment	: 64
address sizes	: 36 bits physical, 48 bits virtual
power management:

processor	: 1
vendor_id	: GenuineIntel
cpu family	: 6
model		: 58
model name	: Intel(R) Xeon(R) CPU E3-1270 V2 @ 3.50GHz
stepping	: 9
microcode	: 0x12
cpu MHz		: 2521.093
cache size	: 8192 KB
physical id	: 0
siblings	: 8
core id		: 1
cpu cores	: 4
apicid		: 2
initial apicid	: 2
fpu		: yes
fpu_exception	: yes
cpuid level	: 13
wp		: yes
flags		: fpu vme de pse tsc msr pae mce cx8 apic sep mtrr pge mca cmov pat pse36 clflush dts acpi mmx fxsr sse sse2 ss ht tm pbe syscall nx rdtscp lm constant_tsc arch_perfmon pebs bts rep_good nopl xtopology nonstop_tsc aperfmperf eagerfpu pni pclmulqdq dtes64 monitor ds_cpl vmx smx est tm2 ssse3 cx16 xtpr pdcm pcid sse4_1 sse4_2 x2apic popcnt tsc_deadline_timer aes xsave avx f16c rdrand lahf_lm ida arat epb pln pts dtherm tpr_shadow vnmi flexpriority ept vpid fsgsbase smep erms xsaveopt
bugs		:
bogomips	: 6984.25
clflush size	: 64
cache_alignment	: 64
address sizes	: 36 bits physical, 48 bits virtual
power management:

processor	: 2
vendor_id	: GenuineIntel
cpu family	: 6
model		: 58
model name	: Intel(R) Xeon(R) CPU E3-1270 V2 @ 3.50GHz
stepping	: 9
microcode	: 0x12
cpu MHz		: 2262.148
cache size	: 8192 KB
physical id	: 0
siblings	: 8
core id		: 2
cpu cores	: 4
apicid		: 4
initial apicid	: 4
fpu		: yes
fpu_exception	: yes
cpuid level	: 13
wp		: yes
flags		: fpu vme de pse tsc msr pae mce cx8 apic sep mtrr pge mca cmov pat pse36 clflush dts acpi mmx fxsr sse sse2 ss ht tm pbe syscall nx rdtscp lm constant_tsc arch_perfmon pebs bts rep_good nopl xtopology nonstop_tsc aperfmperf eagerfpu pni pclmulqdq dtes64 monitor ds_cpl vmx smx est tm2 ssse3 cx16 xtpr pdcm pcid sse4_1 sse4_2 x2apic popcnt tsc_deadline_timer aes xsave avx f16c rdrand lahf_lm ida arat epb pln pts dtherm tpr_shadow vnmi flexpriority ept vpid fsgsbase smep erms xsaveopt
bugs		:
bogomips	: 6984.25
clflush size	: 64
cache_alignment	: 64
address sizes	: 36 bits physical, 48 bits virtual
power management:

processor	: 3
vendor_id	: GenuineIntel
cpu family	: 6
model		: 58
model name	: Intel(R) Xeon(R) CPU E3-1270 V2 @ 3.50GHz
stepping	: 9
microcode	: 0x12
cpu MHz		: 2536.679
cache size	: 8192 KB
physical id	: 0
siblings	: 8
core id		: 3
cpu cores	: 4
apicid		: 6
initial apicid	: 6
fpu		: yes
fpu_exception	: yes
cpuid level	: 13
wp		: yes
flags		: fpu vme de pse tsc msr pae mce cx8 apic sep mtrr pge mca cmov pat pse36 clflush dts acpi mmx fxsr sse sse2 ss ht tm pbe syscall nx rdtscp lm constant_tsc arch_perfmon pebs bts rep_good nopl xtopology nonstop_tsc aperfmperf eagerfpu pni pclmulqdq dtes64 monitor ds_cpl vmx smx est tm2 ssse3 cx16 xtpr pdcm pcid sse4_1 sse4_2 x2apic popcnt tsc_deadline_timer aes xsave avx f16c rdrand lahf_lm ida arat epb pln pts dtherm tpr_shadow vnmi flexpriority ept vpid fsgsbase smep erms xsaveopt
bugs		:
bogomips	: 6984.25
clflush size	: 64
cache_alignment	: 64
address sizes	: 36 bits physical, 48 bits virtual
power management:

processor	: 4
vendor_id	: GenuineIntel
cpu family	: 6
model		: 58
model name	: Intel(R) Xeon(R) CPU E3-1270 V2 @ 3.50GHz
stepping	: 9
microcode	: 0x12
cpu MHz		: 1901.347
cache size	: 8192 KB
physical id	: 0
siblings	: 8
core id		: 0
cpu cores	: 4
apicid		: 1
initial apicid	: 1
fpu		: yes
fpu_exception	: yes
cpuid level	: 13
wp		: yes
flags		: fpu vme de pse tsc msr pae mce cx8 apic sep mtrr pge mca cmov pat pse36 clflush dts acpi mmx fxsr sse sse2 ss ht tm pbe syscall nx rdtscp lm constant_tsc arch_perfmon pebs bts rep_good nopl xtopology nonstop_tsc aperfmperf eagerfpu pni pclmulqdq dtes64 monitor ds_cpl vmx smx est tm2 ssse3 cx16 xtpr pdcm pcid sse4_1 sse4_2 x2apic popcnt tsc_deadline_timer aes xsave avx f16c rdrand lahf_lm ida arat epb pln pts dtherm tpr_shadow vnmi flexpriority ept vpid fsgsbase smep erms xsaveopt
bugs		:
bogomips	: 6984.25
clflush size	: 64
cache_alignment	: 64
address sizes	: 36 bits physical, 48 bits virtual
power management:

processor	: 5
vendor_id	: GenuineIntel
cpu family	: 6
model		: 58
model name	: Intel(R) Xeon(R) CPU E3-1270 V2 @ 3.50GHz
stepping	: 9
microcode	: 0x12
cpu MHz		: 1885.488
cache size	: 8192 KB
physical id	: 0
siblings	: 8
core id		: 1
cpu cores	: 4
apicid		: 3
initial apicid	: 3
fpu		: yes
fpu_exception	: yes
cpuid level	: 13
wp		: yes
flags		: fpu vme de pse tsc msr pae mce cx8 apic sep mtrr pge mca cmov pat pse36 clflush dts acpi mmx fxsr sse sse2 ss ht tm pbe syscall nx rdtscp lm constant_tsc arch_perfmon pebs bts rep_good nopl xtopology nonstop_tsc aperfmperf eagerfpu pni pclmulqdq dtes64 monitor ds_cpl vmx smx est tm2 ssse3 cx16 xtpr pdcm pcid sse4_1 sse4_2 x2apic popcnt tsc_deadline_timer aes xsave avx f16c rdrand lahf_lm ida arat epb pln pts dtherm tpr_shadow vnmi flexpriority ept vpid fsgsbase smep erms xsaveopt
bugs		:
bogomips	: 6984.25
clflush size	: 64
cache_alignment	: 64
address sizes	: 36 bits physical, 48 bits virtual
power management:

processor	: 6
vendor_id	: GenuineIntel
cpu family	: 6
model		: 58
model name	: Intel(R) Xeon(R) CPU E3-1270 V2 @ 3.50GHz
stepping	: 9
microcode	: 0x12
cpu MHz		: 2625.820
cache size	: 8192 KB
physical id	: 0
siblings	: 8
core id		: 2
cpu cores	: 4
apicid		: 5
initial apicid	: 5
fpu		: yes
fpu_exception	: yes
cpuid level	: 13
wp		: yes
flags		: fpu vme de pse tsc msr pae mce cx8 apic sep mtrr pge mca cmov pat pse36 clflush dts acpi mmx fxsr sse sse2 ss ht tm pbe syscall nx rdtscp lm constant_tsc arch_perfmon pebs bts rep_good nopl xtopology nonstop_tsc aperfmperf eagerfpu pni pclmulqdq dtes64 monitor ds_cpl vmx smx est tm2 ssse3 cx16 xtpr pdcm pcid sse4_1 sse4_2 x2apic popcnt tsc_deadline_timer aes xsave avx f16c rdrand lahf_lm ida arat epb pln pts dtherm tpr_shadow vnmi flexpriority ept vpid fsgsbase smep erms xsaveopt
bugs		:
bogomips	: 6984.25
clflush size	: 64
cache_alignment	: 64
address sizes	: 36 bits physical, 48 bits virtual
power management:

processor	: 7
vendor_id	: GenuineIntel
cpu family	: 6
model		: 58
model name	: Intel(R) Xeon(R) CPU E3-1270 V2 @ 3.50GHz
stepping	: 9
microcode	: 0x12
cpu MHz		: 1949.609
cache size	: 8192 KB
physical id	: 0
siblings	: 8
core id		: 3
cpu cores	: 4
apicid		: 7
initial apicid	: 7
fpu		: yes
fpu_exception	: yes
cpuid level	: 13
wp		: yes
flags		: fpu vme de pse tsc msr pae mce cx8 apic sep mtrr pge mca cmov pat pse36 clflush dts acpi mmx fxsr sse sse2 ss ht tm pbe syscall nx rdtscp lm constant_tsc arch_perfmon pebs bts rep_good nopl xtopology nonstop_tsc aperfmperf eagerfpu pni pclmulqdq dtes64 monitor ds_cpl vmx smx est tm2 ssse3 cx16 xtpr pdcm pcid sse4_1 sse4_2 x2apic popcnt tsc_deadline_timer aes xsave avx f16c rdrand lahf_lm ida arat epb pln pts dtherm tpr_shadow vnmi flexpriority ept vpid fsgsbase smep erms xsaveopt
bugs		:
bogomips	: 6984.25
clflush size	: 64
cache_alignment	: 64
address sizes	: 36 bits physical, 48 bits virtual
power management:



Memory: 4k page, physical 16386560k(3770500k free), swap 16730108k(16714356k free)

vm_info: OpenJDK 64-Bit Server VM (24.181-b01) for linux-amd64 JRE (1.7.0_181-b01), built on Jun  8 2018 23:24:55 by "buildd" with gcc 4.8.4

time: Thu May  9 18:11:47 2019
elapsed time: 31 seconds

