#
# A fatal error has been detected by the Java Runtime Environment:
#
#  SIGSEGV (0xb) at pc=0x00007ff10ba77b10, pid=22935, tid=140674810373888
#
# JRE version: OpenJDK Runtime Environment (7.0_181-b01) (build 1.7.0_181-b01)
# Java VM: OpenJDK 64-Bit Server VM (24.181-b01 mixed mode linux-amd64 compressed oops)
# Derivative: IcedTea 2.6.14
# Distribution: Ubuntu 14.04 LTS, package 7u181-2.6.14-0ubuntu0.1
# Problematic frame:
# C  [mtype435.cooja+0x1ab10]  tsch_slot_operation+0x74f
#
# Failed to write core dump. Core dumps have been disabled. To enable core dumping, try "ulimit -c unlimited" before starting Java again
#
# If you would like to submit a bug report, please include
# instructions on how to reproduce the bug and visit:
#   http://icedtea.classpath.org/bugzilla
# The crash happened outside the Java Virtual Machine in native code.
# See problematic frame for where to report the bug.
#

---------------  T H R E A D  ---------------

Current thread (0x00007ff11c218000):  JavaThread "Thread-9" [_thread_in_native, id=25226, stack(0x00007ff16809e000,0x00007ff16819f000)]

siginfo:si_signo=SIGSEGV: si_errno=0, si_code=1 (SEGV_MAPERR), si_addr=0x0000000000000012

Registers:
RAX=0x0000000000000000, RBX=0x0000000000000000, RCX=0x0000000000000013, RDX=0x0000000000000001
RSP=0x00007ff10bca14f8, RBP=0x00007ff10bca1578, RSI=0x000000007fffffec, RDI=0x00007ff10bc9f0e0
R8 =0x00007ff1866c8640, R9 =0x0000000000000001, R10=0x00007ff10bca12a8, R11=0x00007ff10ba7aef2
R12=0x0000000000000000, R13=0x00000000972e0c88, R14=0x00007ff16819d858, R15=0x00007ff11c218000
RIP=0x00007ff10ba77b10, EFLAGS=0x0000000000010202, CSGSFS=0x0000000000000033, ERR=0x0000000000000004
  TRAPNO=0x000000000000000e

Top of Stack: (sp=0x00007ff10bca14f8)
0x00007ff10bca14f8:   0000000000000000 00007ff10bca6670
0x00007ff10bca1508:   00007ff10bca15a8 00007ff101b345f7
0x00007ff10bca1518:   0000000000000005 0000000000000000
0x00007ff10bca1528:   00000000000003e9 00007ff10ba612a0
0x00007ff10bca1538:   0000000000000000 00007ff10bca15a8
0x00007ff10bca1548:   0000000000000000 00007ff186b3b5a5
0x00007ff10bca1558:   00007ff10bcaaad0 00007ff10bcaa720
0x00007ff10bca1568:   0000000000030d40 0000000000000000
0x00007ff10bca1578:   00007ff10bca1598 00007ff10ba7a51f
0x00007ff10bca1588:   00007ff01c9f31e0 00007ff10bca6670
0x00007ff10bca1598:   00007ff10bca15a8 00007ff10ba7011c
0x00007ff10bca15a8:   00007ff10bca15c8 00007ff10ba6d81b
0x00007ff10bca15b8:   0000000000000000 0000000000000000
0x00007ff10bca15c8:   0000000000000000 0000000000000000
0x00007ff10bca15d8:   0000000000000000 0000000000000001
0x00007ff10bca15e8:   0000000000000000 0000000000000000
0x00007ff10bca15f8:   00007ff10bca3568 0000000000000000
0x00007ff10bca1608:   0000000000000001 0000000000000002
0x00007ff10bca1618:   0000000000000003 0000000000000004
0x00007ff10bca1628:   0000000000000005 0000000000000006
0x00007ff10bca1638:   0000000000000007 0000000000000008
0x00007ff10bca1648:   0000000000000009 000000000000000a
0x00007ff10bca1658:   000000000000000b 000000000000000c
0x00007ff10bca1668:   000000000000000d 000000000000000e
0x00007ff10bca1678:   000000000000000f 0000000000000010
0x00007ff10bca1688:   0000000000000011 0000000000000012
0x00007ff10bca1698:   0000000000000013 0000000000000014
0x00007ff10bca16a8:   0000000000000015 0000000000000016
0x00007ff10bca16b8:   0000000000000017 0000000000000018
0x00007ff10bca16c8:   0000000000000019 000000000000001a
0x00007ff10bca16d8:   000000000000001b 000000000000001c
0x00007ff10bca16e8:   000000000000001d 000000000000001e 

Instructions: (pc=0x00007ff10ba77b10)
0x00007ff10ba77af0:   05 8b 63 22 00 48 c7 00 00 00 00 00 e8 bf 33 ff
0x00007ff10ba77b00:   ff e9 87 01 00 00 48 8b 05 5b 60 22 00 48 8b 00
0x00007ff10ba77b10:   0f b7 40 12 66 83 f8 34 76 0a b8 00 00 00 00 e8
0x00007ff10ba77b20:   cc 46 ff ff 66 c7 45 9c 00 00 48 8b 05 37 60 22 

Register to memory mapping:

RAX=0x0000000000000000 is an unknown value
RBX=0x0000000000000000 is an unknown value
RCX=0x0000000000000013 is an unknown value
RDX=0x0000000000000001 is an unknown value
RSP=0x00007ff10bca14f8: <offset 0x2444f8> in /home/netlab/Backup_sbjeong/xxx 2020/contiki_git_ing/examples/ipv6/rpl-tsch/obj_cooja/mtype435.cooja at 0x00007ff10ba5d000
RBP=0x00007ff10bca1578: <offset 0x244578> in /home/netlab/Backup_sbjeong/xxx 2020/contiki_git_ing/examples/ipv6/rpl-tsch/obj_cooja/mtype435.cooja at 0x00007ff10ba5d000
RSI=0x000000007fffffec is an unknown value
RDI=0x00007ff10bc9f0e0: tsch_pending_events_process+0 in /home/netlab/Backup_sbjeong/xxx 2020/contiki_git_ing/examples/ipv6/rpl-tsch/obj_cooja/mtype435.cooja at 0x00007ff10ba5d000
R8 =0x00007ff1866c8640: _itoa_lower_digits+0 in /lib/x86_64-linux-gnu/libc.so.6 at 0x00007ff18654e000
R9 =0x0000000000000001 is an unknown value
R10=0x00007ff10bca12a8: <offset 0x2442a8> in /home/netlab/Backup_sbjeong/xxx 2020/contiki_git_ing/examples/ipv6/rpl-tsch/obj_cooja/mtype435.cooja at 0x00007ff10ba5d000
R11=0x00007ff10ba7aef2: ringbufindex_put+0 in /home/netlab/Backup_sbjeong/xxx 2020/contiki_git_ing/examples/ipv6/rpl-tsch/obj_cooja/mtype435.cooja at 0x00007ff10ba5d000
R12=0x0000000000000000 is an unknown value
R13=0x00000000972e0c88 is an oop
{method} 
 - klass: {other class}
R14=0x00007ff16819d858 is pointing into the stack for thread: 0x00007ff11c218000
R15=0x00007ff11c218000 is a thread


Stack: [0x00007ff16809e000,0x00007ff16819f000],  sp=0x00007ff10bca14f8,  free space=18014398507970573k
Native frames: (J=compiled Java code, j=interpreted, Vv=VM code, C=native code)
C  [mtype435.cooja+0x1ab10]  tsch_slot_operation+0x74f
C  [mtype435.cooja+0x1d51f]  rtimer_run_next+0x48
C  [mtype435.cooja+0x1311c]  rtimer_arch_check+0x2f
C  [mtype435.cooja+0x1081b]  rtimer_thread_loop+0x11

Java frames: (J=compiled Java code, j=interpreted, Vv=VM code)
j  org.contikios.cooja.corecomm.Lib2.tick()V+0
j  org.contikios.cooja.contikimote.ContikiMoteType.tick()V+4
j  org.contikios.cooja.contikimote.ContikiMote.execute(J)V+63
j  org.contikios.cooja.motes.AbstractWakeupMote$1.execute(J)V+5
j  org.contikios.cooja.Simulation.run()V+190
j  java.lang.Thread.run()V+11
v  ~StubRoutines::call_stub

---------------  P R O C E S S  ---------------

Java Threads: ( => current thread )
=>0x00007ff11c218000 JavaThread "Thread-9" [_thread_in_native, id=25226, stack(0x00007ff16809e000,0x00007ff16819f000)]
  0x00007ff104007000 JavaThread "Thread-8" [_thread_blocked, id=25207, stack(0x00007ff16819f000,0x00007ff1682a0000)]
  0x00007ff104003800 JavaThread "Thread-7" [_thread_blocked, id=25206, stack(0x00007ff1682d9000,0x00007ff1683da000)]
  0x00007ff114051800 JavaThread "Thread-2" [_thread_blocked, id=24059, stack(0x00007ff168b56000,0x00007ff168c57000)]
  0x00007ff11c20b000 JavaThread "process reaper" daemon [_thread_blocked, id=22972, stack(0x00007ff1682a0000,0x00007ff1682d9000)]
  0x00007ff11c01e000 JavaThread "TimerQueue" daemon [_thread_blocked, id=22961, stack(0x00007ff168c57000,0x00007ff168d58000)]
  0x00007ff18000a000 JavaThread "DestroyJavaVM" [_thread_blocked, id=22940, stack(0x00007ff186c25000,0x00007ff186d26000)]
  0x00007ff180315800 JavaThread "AWT-EventQueue-0" [_thread_blocked, id=22960, stack(0x00007ff168d58000,0x00007ff168e59000)]
  0x00007ff180314800 JavaThread "AWT-Shutdown" [_thread_blocked, id=22959, stack(0x00007ff168e59000,0x00007ff168f5a000)]
  0x00007ff1802e3800 JavaThread "AWT-XAWT" daemon [_thread_in_native, id=22958, stack(0x00007ff1691af000,0x00007ff1692b0000)]
  0x00007ff1802cc800 JavaThread "Java2D Disposer" daemon [_thread_blocked, id=22957, stack(0x00007ff1696c0000,0x00007ff1697c1000)]
  0x00007ff1800b1000 JavaThread "Service Thread" daemon [_thread_blocked, id=22955, stack(0x00007ff17134e000,0x00007ff17144f000)]
  0x00007ff1800ae800 JavaThread "C2 CompilerThread1" daemon [_thread_in_native, id=22954, stack(0x00007ff17144f000,0x00007ff171550000)]
  0x00007ff1800ac000 JavaThread "C2 CompilerThread0" daemon [_thread_in_native, id=22953, stack(0x00007ff171550000,0x00007ff171651000)]
  0x00007ff1800a9800 JavaThread "Signal Dispatcher" daemon [_thread_blocked, id=22952, stack(0x00007ff171651000,0x00007ff171752000)]
  0x00007ff180087000 JavaThread "Finalizer" daemon [_thread_blocked, id=22951, stack(0x00007ff171f65000,0x00007ff172066000)]
  0x00007ff180085000 JavaThread "Reference Handler" daemon [_thread_blocked, id=22950, stack(0x00007ff172066000,0x00007ff172167000)]

Other Threads:
  0x00007ff180080800 VMThread [stack: 0x00007ff172167000,0x00007ff172268000] [id=22949]
  0x00007ff1800bc000 WatcherThread [stack: 0x00007ff17124d000,0x00007ff17134e000] [id=22956]

VM state:not at safepoint (normal execution)

VM Mutex/Monitor currently owned by a thread: None

Heap
 PSYoungGen      total 237568K, used 178978K [0x00000000e0000000, 0x00000000efe00000, 0x0000000100000000)
  eden space 236032K, 75% used [0x00000000e0000000,0x00000000eadba748,0x00000000ee680000)
  from space 1536K, 70% used [0x00000000efc80000,0x00000000efd8e260,0x00000000efe00000)
  to   space 5632K, 0% used [0x00000000ef300000,0x00000000ef300000,0x00000000ef880000)
 ParOldGen       total 170496K, used 18618K [0x00000000a0000000, 0x00000000aa680000, 0x00000000e0000000)
  object space 170496K, 10% used [0x00000000a0000000,0x00000000a122e918,0x00000000aa680000)
 PSPermGen       total 50688K, used 25537K [0x0000000095a00000, 0x0000000098b80000, 0x00000000a0000000)
  object space 50688K, 50% used [0x0000000095a00000,0x00000000972f0510,0x0000000098b80000)

Card table byte_map: [0x00007ff17c472000,0x00007ff17c7c6000] byte_map_base: 0x00007ff17bfc5000

Polling page: 0x00007ff186d45000

Code Cache  [0x00007ff17c7c6000, 0x00007ff17cb16000, 0x00007ff17f7c6000)
 total_blobs=1798 nmethods=1215 adapters=535 free_code_cache=46000Kb largest_free_block=46907136

Compilation events (10 events):
Event: 52.395 Thread 0x00007ff1800ac000 1407             javax.swing.plaf.nimbus.AbstractRegionPainter::prepare (634 bytes)
Event: 52.398 Thread 0x00007ff1800ac000 nmethod 1407 0x00007ff17cb04c90 code [0x00007ff17cb04e60, 0x00007ff17cb052a8]
Event: 52.475 Thread 0x00007ff1800ae800 1408             java.awt.geom.Path2D$Float::getPathIterator (23 bytes)
Event: 52.476 Thread 0x00007ff1800ae800 nmethod 1408 0x00007ff17cad0ed0 code [0x00007ff17cad1020, 0x00007ff17cad1118]
Event: 52.478 Thread 0x00007ff1800ac000 1409             java.util.WeakHashMap::indexFor (6 bytes)
Event: 52.478 Thread 0x00007ff1800ac000 nmethod 1409 0x00007ff17c8c13d0 code [0x00007ff17c8c1500, 0x00007ff17c8c1538]
Event: 52.573 Thread 0x00007ff1800ae800 1410   !         org.contikios.cooja.Simulation::run (435 bytes)
Event: 52.573 Thread 0x00007ff1800ac000 1411             org.contikios.cooja.contikimote.ContikiMoteType::setCoreMemory (66 bytes)
Event: 52.580 Thread 0x00007ff1800ac000 nmethod 1411 0x00007ff17c9f4950 code [0x00007ff17c9f4b00, 0x00007ff17c9f5028]
Event: 52.580 Thread 0x00007ff1800ac000 1412             org.contikios.cooja.MoteInterfaceHandler::doActiveActionsBeforeTick (113 bytes)

GC Heap History (10 events):
Event: 37.063 GC heap before
{Heap before GC invocations=14 (full 1):
 PSYoungGen      total 165888K, used 160512K [0x00000000e0000000, 0x00000000ec500000, 0x0000000100000000)
  eden space 159232K, 100% used [0x00000000e0000000,0x00000000e9b80000,0x00000000e9b80000)
  from space 6656K, 19% used [0x00000000ea200000,0x00000000ea340000,0x00000000ea880000)
  to   space 6656K, 0% used [0x00000000e9b80000,0x00000000e9b80000,0x00000000ea200000)
 ParOldGen       total 170496K, used 19104K [0x00000000a0000000, 0x00000000aa680000, 0x00000000e0000000)
  object space 170496K, 11% used [0x00000000a0000000,0x00000000a12a80a8,0x00000000aa680000)
 PSPermGen       total 42496K, used 25352K [0x0000000095a00000, 0x0000000098380000, 0x00000000a0000000)
  object space 42496K, 59% used [0x0000000095a00000,0x00000000972c2000,0x0000000098380000)
Event: 37.065 GC heap after
Heap after GC invocations=14 (full 1):
 PSYoungGen      total 165888K, used 320K [0x00000000e0000000, 0x00000000f0500000, 0x0000000100000000)
  eden space 159232K, 0% used [0x00000000e0000000,0x00000000e0000000,0x00000000e9b80000)
  from space 6656K, 4% used [0x00000000e9b80000,0x00000000e9bd0000,0x00000000ea200000)
  to   space 6144K, 0% used [0x00000000eff00000,0x00000000eff00000,0x00000000f0500000)
 ParOldGen       total 170496K, used 20178K [0x00000000a0000000, 0x00000000aa680000, 0x00000000e0000000)
  object space 170496K, 11% used [0x00000000a0000000,0x00000000a13b4818,0x00000000aa680000)
 PSPermGen       total 42496K, used 25352K [0x0000000095a00000, 0x0000000098380000, 0x00000000a0000000)
  object space 42496K, 59% used [0x0000000095a00000,0x00000000972c2000,0x0000000098380000)
}
Event: 44.456 GC heap before
{Heap before GC invocations=15 (full 1):
 PSYoungGen      total 165888K, used 47289K [0x00000000e0000000, 0x00000000f0500000, 0x0000000100000000)
  eden space 159232K, 29% used [0x00000000e0000000,0x00000000e2dde4e0,0x00000000e9b80000)
  from space 6656K, 4% used [0x00000000e9b80000,0x00000000e9bd0000,0x00000000ea200000)
  to   space 6144K, 0% used [0x00000000eff00000,0x00000000eff00000,0x00000000f0500000)
 ParOldGen       total 170496K, used 20178K [0x00000000a0000000, 0x00000000aa680000, 0x00000000e0000000)
  object space 170496K, 11% used [0x00000000a0000000,0x00000000a13b4818,0x00000000aa680000)
 PSPermGen       total 42496K, used 25419K [0x0000000095a00000, 0x0000000098380000, 0x00000000a0000000)
  object space 42496K, 59% used [0x0000000095a00000,0x00000000972d2c38,0x0000000098380000)
Event: 44.459 GC heap after
Heap after GC invocations=15 (full 1):
 PSYoungGen      total 261120K, used 1379K [0x00000000e0000000, 0x00000000f0500000, 0x0000000100000000)
  eden space 254976K, 0% used [0x00000000e0000000,0x00000000e0000000,0x00000000ef900000)
  from space 6144K, 22% used [0x00000000eff00000,0x00000000f0058f20,0x00000000f0500000)
  to   space 6144K, 0% used [0x00000000ef900000,0x00000000ef900000,0x00000000eff00000)
 ParOldGen       total 170496K, used 20250K [0x00000000a0000000, 0x00000000aa680000, 0x00000000e0000000)
  object space 170496K, 11% used [0x00000000a0000000,0x00000000a13c6818,0x00000000aa680000)
 PSPermGen       total 42496K, used 25419K [0x0000000095a00000, 0x0000000098380000, 0x00000000a0000000)
  object space 42496K, 59% used [0x0000000095a00000,0x00000000972d2c38,0x0000000098380000)
}
Event: 44.459 GC heap before
{Heap before GC invocations=16 (full 2):
 PSYoungGen      total 261120K, used 1379K [0x00000000e0000000, 0x00000000f0500000, 0x0000000100000000)
  eden space 254976K, 0% used [0x00000000e0000000,0x00000000e0000000,0x00000000ef900000)
  from space 6144K, 22% used [0x00000000eff00000,0x00000000f0058f20,0x00000000f0500000)
  to   space 6144K, 0% used [0x00000000ef900000,0x00000000ef900000,0x00000000eff00000)
 ParOldGen       total 170496K, used 20250K [0x00000000a0000000, 0x00000000aa680000, 0x00000000e0000000)
  object space 170496K, 11% used [0x00000000a0000000,0x00000000a13c6818,0x00000000aa680000)
 PSPermGen       total 42496K, used 25419K [0x0000000095a00000, 0x0000000098380000, 0x00000000a0000000)
  object space 42496K, 59% used [0x0000000095a00000,0x00000000972d2c38,0x0000000098380000)
Event: 44.507 GC heap after
Heap after GC invocations=16 (full 2):
 PSYoungGen      total 261120K, used 0K [0x00000000e0000000, 0x00000000f0500000, 0x0000000100000000)
  eden space 254976K, 0% used [0x00000000e0000000,0x00000000e0000000,0x00000000ef900000)
  from space 6144K, 0% used [0x00000000eff00000,0x00000000eff00000,0x00000000f0500000)
  to   space 6144K, 0% used [0x00000000ef900000,0x00000000ef900000,0x00000000eff00000)
 ParOldGen       total 170496K, used 16639K [0x00000000a0000000, 0x00000000aa680000, 0x00000000e0000000)
  object space 170496K, 9% used [0x00000000a0000000,0x00000000a103ff98,0x00000000aa680000)
 PSPermGen       total 50688K, used 25414K [0x0000000095a00000, 0x0000000098b80000, 0x00000000a0000000)
  object space 50688K, 50% used [0x0000000095a00000,0x00000000972d1b70,0x0000000098b80000)
}
Event: 50.574 GC heap before
{Heap before GC invocations=17 (full 2):
 PSYoungGen      total 261120K, used 254976K [0x00000000e0000000, 0x00000000f0500000, 0x0000000100000000)
  eden space 254976K, 100% used [0x00000000e0000000,0x00000000ef900000,0x00000000ef900000)
  from space 6144K, 0% used [0x00000000eff00000,0x00000000eff00000,0x00000000f0500000)
  to   space 6144K, 0% used [0x00000000ef900000,0x00000000ef900000,0x00000000eff00000)
 ParOldGen       total 170496K, used 16639K [0x00000000a0000000, 0x00000000aa680000, 0x00000000e0000000)
  object space 170496K, 9% used [0x00000000a0000000,0x00000000a103ff98,0x00000000aa680000)
 PSPermGen       total 50688K, used 25469K [0x0000000095a00000, 0x0000000098b80000, 0x00000000a0000000)
  object space 50688K, 50% used [0x0000000095a00000,0x00000000972df4d0,0x0000000098b80000)
Event: 50.578 GC heap after
Heap after GC invocations=17 (full 2):
 PSYoungGen      total 248832K, used 3129K [0x00000000e0000000, 0x00000000eff80000, 0x0000000100000000)
  eden space 245248K, 0% used [0x00000000e0000000,0x00000000e0000000,0x00000000eef80000)
  from space 3584K, 87% used [0x00000000ef900000,0x00000000efc0e6c0,0x00000000efc80000)
  to   space 3072K, 0% used [0x00000000efc80000,0x00000000efc80000,0x00000000eff80000)
 ParOldGen       total 170496K, used 16639K [0x00000000a0000000, 0x00000000aa680000, 0x00000000e0000000)
  object space 170496K, 9% used [0x00000000a0000000,0x00000000a103ff98,0x00000000aa680000)
 PSPermGen       total 50688K, used 25469K [0x0000000095a00000, 0x0000000098b80000, 0x00000000a0000000)
  object space 50688K, 50% used [0x0000000095a00000,0x00000000972df4d0,0x0000000098b80000)
}
Event: 51.744 GC heap before
{Heap before GC invocations=18 (full 2):
 PSYoungGen      total 248832K, used 248377K [0x00000000e0000000, 0x00000000eff80000, 0x0000000100000000)
  eden space 245248K, 100% used [0x00000000e0000000,0x00000000eef80000,0x00000000eef80000)
  from space 3584K, 87% used [0x00000000ef900000,0x00000000efc0e6c0,0x00000000efc80000)
  to   space 3072K, 0% used [0x00000000efc80000,0x00000000efc80000,0x00000000eff80000)
 ParOldGen       total 170496K, used 16639K [0x00000000a0000000, 0x00000000aa680000, 0x00000000e0000000)
  object space 170496K, 9% used [0x00000000a0000000,0x00000000a103ff98,0x00000000aa680000)
 PSPermGen       total 50688K, used 25479K [0x0000000095a00000, 0x0000000098b80000, 0x00000000a0000000)
  object space 50688K, 50% used [0x0000000095a00000,0x00000000972e1fb8,0x0000000098b80000)
Event: 51.746 GC heap after
Heap after GC invocations=18 (full 2):
 PSYoungGen      total 237568K, used 1080K [0x00000000e0000000, 0x00000000efe00000, 0x0000000100000000)
  eden space 236032K, 0% used [0x00000000e0000000,0x00000000e0000000,0x00000000ee680000)
  from space 1536K, 70% used [0x00000000efc80000,0x00000000efd8e260,0x00000000efe00000)
  to   space 5632K, 0% used [0x00000000ef300000,0x00000000ef300000,0x00000000ef880000)
 ParOldGen       total 170496K, used 18618K [0x00000000a0000000, 0x00000000aa680000, 0x00000000e0000000)
  object space 170496K, 10% used [0x00000000a0000000,0x00000000a122e918,0x00000000aa680000)
 PSPermGen       total 50688K, used 25479K [0x0000000095a00000, 0x0000000098b80000, 0x00000000a0000000)
  object space 50688K, 50% used [0x0000000095a00000,0x00000000972e1fb8,0x0000000098b80000)
}

Deoptimization events (10 events):
Event: 51.590 Thread 0x00007ff11c218000 Uncommon trap: reason=unstable_if action=reinterpret pc=0x00007ff17ca713ec method=java.util.Formatter$FormatSpecifier.adjustWidth(ILjava/util/Formatter$Flags;Z)I @ 6
Event: 51.590 Thread 0x00007ff11c218000 Uncommon trap: reason=unstable_if action=reinterpret pc=0x00007ff17c97b7d0 method=java.util.Formatter$FormatSpecifier.localizedMagnitude(Ljava/lang/StringBuilder;[CLjava/util/Formatter$Flags;ILjava/util/Locale;)Ljava/lang/StringBuilder; @ 284
Event: 51.590 Thread 0x00007ff11c218000 Uncommon trap: reason=unstable_if action=reinterpret pc=0x00007ff17c9d52c8 method=java.util.HashMap.values()Ljava/util/Collection; @ 6
Event: 51.713 Thread 0x00007ff11c218000 Uncommon trap: reason=unstable_if action=reinterpret pc=0x00007ff17c9df47c method=java.util.Formatter.parse(Ljava/lang/String;)[Ljava/util/Formatter$FormatString; @ 38
Event: 51.878 Thread 0x00007ff11c218000 Uncommon trap: reason=unstable_if action=reinterpret pc=0x00007ff17ca12308 method=org.contikios.cooja.MoteInterfaceHandler.getClock()Lorg/contikios/cooja/interfaces/Clock; @ 4
Event: 52.099 Thread 0x00007ff180315800 Uncommon trap: reason=unstable_if action=reinterpret pc=0x00007ff17ca70ddc method=org.contikios.cooja.plugins.TimeLine$Timeline.getFirstIntervalEvent(Ljava/util/ArrayList;J)Lorg/contikios/cooja/plugins/TimeLine$MoteEvent; @ 63
Event: 52.216 Thread 0x00007ff180315800 Uncommon trap: reason=unstable_if action=reinterpret pc=0x00007ff17ca8ee4c method=java.lang.Double.isNaN(D)Z @ 3
Event: 52.478 Thread 0x00007ff180315800 Uncommon trap: reason=null_check action=make_not_entrant pc=0x00007ff17c96c4d8 method=java.awt.KeyboardFocusManager.getMostRecentFocusOwner(Ljava/awt/Window;)Ljava/awt/Component; @ 9
Event: 52.573 Thread 0x00007ff11c218000 Uncommon trap: reason=unstable_if action=reinterpret pc=0x00007ff17ca1c5c0 method=org.contikios.cooja.MoteInterfaceHandler.doPassiveActionsBeforeTick()V @ 4
Event: 52.574 Thread 0x00007ff11c218000 Uncommon trap: reason=unstable_if action=reinterpret pc=0x00007ff17ca45f18 method=org.contikios.cooja.EventQueue.addEvent(Lorg/contikios/cooja/TimeEvent;)V @ 103

Internal exceptions (10 events):
Event: 44.782 Thread 0x00007ff180315800 Threw 0x00000000e08385d8 at /build/openjdk-7-7bXZEq/openjdk-7-7u181-2.6.14/build/openjdk/hotspot/src/share/vm/prims/jni.cpp:748
Event: 50.586 Thread 0x00007ff180315800 Implicit null exception at 0x00007ff17cace6d4 to 0x00007ff17cacfad1
Event: 50.587 Thread 0x00007ff180315800 Implicit null exception at 0x00007ff17cac8c14 to 0x00007ff17cac9fc5
Event: 51.534 Thread 0x00007ff11c218000 Threw 0x00000000e0e24cf0 at /build/openjdk-7-7bXZEq/openjdk-7-7u181-2.6.14/build/openjdk/hotspot/src/share/vm/prims/jvm.cpp:1367
Event: 52.120 Thread 0x00007ff11c218000 Threw 0x00000000e84160e0 at /build/openjdk-7-7bXZEq/openjdk-7-7u181-2.6.14/build/openjdk/hotspot/src/share/vm/prims/jvm.cpp:1367
Event: 52.120 Thread 0x00007ff11c218000 Threw 0x00000000e8417360 at /build/openjdk-7-7bXZEq/openjdk-7-7u181-2.6.14/build/openjdk/hotspot/src/share/vm/prims/jvm.cpp:1367
Event: 52.120 Thread 0x00007ff11c218000 Threw 0x00000000e8417b10 at /build/openjdk-7-7bXZEq/openjdk-7-7u181-2.6.14/build/openjdk/hotspot/src/share/vm/prims/jvm.cpp:1367
Event: 52.120 Thread 0x00007ff11c218000 Threw 0x00000000e8418d90 at /build/openjdk-7-7bXZEq/openjdk-7-7u181-2.6.14/build/openjdk/hotspot/src/share/vm/prims/jvm.cpp:1367
Event: 52.478 Thread 0x00007ff180315800 Implicit null exception at 0x00007ff17c96c04c to 0x00007ff17c96c4cd
Event: 52.573 Thread 0x00007ff11c218000 Implicit null exception at 0x00007ff17ca1c580 to 0x00007ff17ca1c5ad

Events (10 events):
Event: 52.541 Executing VM operation: BulkRevokeBias done
Event: 52.573 Thread 0x00007ff11c218000 Thread added: 0x00007ff11c218000
Event: 52.573 Thread 0x00007ff11c218000 Uncommon trap: trap_request=0xffffff75 fr.pc=0x00007ff17ca1c5c0
Event: 52.573 Thread 0x00007ff11c218000 DEOPT PACKING pc=0x00007ff17ca1c5c0 sp=0x00007ff16819d870
Event: 52.573 Thread 0x00007ff11c218000 DEOPT UNPACKING pc=0x00007ff17c7ff445 sp=0x00007ff16819d818 mode 2
Event: 52.574 Thread 0x00007ff11c218000 Uncommon trap: trap_request=0xffffff75 fr.pc=0x00007ff17ca45f18
Event: 52.574 Thread 0x00007ff11c218000 DEOPT PACKING pc=0x00007ff17ca45f18 sp=0x00007ff16819d830
Event: 52.574 Thread 0x00007ff11c218000 DEOPT UNPACKING pc=0x00007ff17c7ff445 sp=0x00007ff16819d5c0 mode 2
Event: 52.580 Thread 0x00007ff1800ac000 flushing nmethod 0x00007ff17ca22010
Event: 52.580 Thread 0x00007ff1800ac000 flushing nmethod 0x00007ff17ca242d0


Dynamic libraries:
00400000-00401000 r-xp 00000000 08:01 5770552                            /usr/lib/jvm/java-7-openjdk-amd64/jre/bin/java
00600000-00601000 r--p 00000000 08:01 5770552                            /usr/lib/jvm/java-7-openjdk-amd64/jre/bin/java
00601000-00602000 rw-p 00001000 08:01 5770552                            /usr/lib/jvm/java-7-openjdk-amd64/jre/bin/java
01796000-017b7000 rw-p 00000000 00:00 0                                  [heap]
95a00000-98b80000 rw-p 00000000 00:00 0 
98b80000-a0000000 rw-p 00000000 00:00 0 
a0000000-aa680000 rw-p 00000000 00:00 0 
aa680000-e0000000 rw-p 00000000 00:00 0 
e0000000-efe00000 rw-p 00000000 00:00 0 
efe00000-f0500000 ---p 00000000 00:00 0 
f0500000-100000000 rw-p 00000000 00:00 0 
7ff100000000-7ff100021000 rw-p 00000000 00:00 0 
7ff100021000-7ff104000000 ---p 00000000 00:00 0 
7ff104000000-7ff104021000 rw-p 00000000 00:00 0 
7ff104021000-7ff108000000 ---p 00000000 00:00 0 
7ff10ba5d000-7ff10ba9d000 r-xp 00000000 08:01 2097604                    /home/netlab/Backup_sbjeong/xxx 2020/contiki_git_ing/examples/ipv6/rpl-tsch/obj_cooja/mtype435.cooja
7ff10ba9d000-7ff10bc9d000 ---p 00040000 08:01 2097604                    /home/netlab/Backup_sbjeong/xxx 2020/contiki_git_ing/examples/ipv6/rpl-tsch/obj_cooja/mtype435.cooja
7ff10bc9d000-7ff10bc9e000 r--p 00040000 08:01 2097604                    /home/netlab/Backup_sbjeong/xxx 2020/contiki_git_ing/examples/ipv6/rpl-tsch/obj_cooja/mtype435.cooja
7ff10bc9e000-7ff10bca0000 rw-p 00041000 08:01 2097604                    /home/netlab/Backup_sbjeong/xxx 2020/contiki_git_ing/examples/ipv6/rpl-tsch/obj_cooja/mtype435.cooja
7ff10bca0000-7ff10bcae000 rw-p 00000000 00:00 0 
7ff10bcae000-7ff10bcb1000 ---p 00000000 00:00 0 
7ff10bcb1000-7ff10bdaf000 rw-p 00000000 00:00 0 
7ff10bdaf000-7ff10bdef000 r-xp 00000000 08:01 2097556                    /home/netlab/Backup_sbjeong/xxx 2020/contiki_git_ing/examples/ipv6/rpl-tsch/obj_cooja/mtype476.cooja (deleted)
7ff10bdef000-7ff10bfef000 ---p 00040000 08:01 2097556                    /home/netlab/Backup_sbjeong/xxx 2020/contiki_git_ing/examples/ipv6/rpl-tsch/obj_cooja/mtype476.cooja (deleted)
7ff10bfef000-7ff10bff0000 r--p 00040000 08:01 2097556                    /home/netlab/Backup_sbjeong/xxx 2020/contiki_git_ing/examples/ipv6/rpl-tsch/obj_cooja/mtype476.cooja (deleted)
7ff10bff0000-7ff10bff2000 rw-p 00041000 08:01 2097556                    /home/netlab/Backup_sbjeong/xxx 2020/contiki_git_ing/examples/ipv6/rpl-tsch/obj_cooja/mtype476.cooja (deleted)
7ff10bff2000-7ff10c000000 rw-p 00000000 00:00 0 
7ff10c000000-7ff10c021000 rw-p 00000000 00:00 0 
7ff10c021000-7ff110000000 ---p 00000000 00:00 0 
7ff110000000-7ff110021000 rw-p 00000000 00:00 0 
7ff110021000-7ff114000000 ---p 00000000 00:00 0 
7ff114000000-7ff1140d2000 rw-p 00000000 00:00 0 
7ff1140d2000-7ff118000000 ---p 00000000 00:00 0 
7ff118000000-7ff118021000 rw-p 00000000 00:00 0 
7ff118021000-7ff11c000000 ---p 00000000 00:00 0 
7ff11c000000-7ff11c41c000 rw-p 00000000 00:00 0 
7ff11c41c000-7ff120000000 ---p 00000000 00:00 0 
7ff120000000-7ff120021000 rw-p 00000000 00:00 0 
7ff120021000-7ff124000000 ---p 00000000 00:00 0 
7ff124000000-7ff124028000 rw-p 00000000 00:00 0 
7ff124028000-7ff128000000 ---p 00000000 00:00 0 
7ff128000000-7ff128021000 rw-p 00000000 00:00 0 
7ff128021000-7ff12c000000 ---p 00000000 00:00 0 
7ff12c000000-7ff12c021000 rw-p 00000000 00:00 0 
7ff12c021000-7ff130000000 ---p 00000000 00:00 0 
7ff130000000-7ff130021000 rw-p 00000000 00:00 0 
7ff130021000-7ff134000000 ---p 00000000 00:00 0 
7ff134000000-7ff134c65000 rw-p 00000000 00:00 0 
7ff134c65000-7ff138000000 ---p 00000000 00:00 0 
7ff138000000-7ff138021000 rw-p 00000000 00:00 0 
7ff138021000-7ff13c000000 ---p 00000000 00:00 0 
7ff13c000000-7ff13c021000 rw-p 00000000 00:00 0 
7ff13c021000-7ff140000000 ---p 00000000 00:00 0 
7ff140000000-7ff1416c6000 rw-p 00000000 00:00 0 
7ff1416c6000-7ff144000000 ---p 00000000 00:00 0 
7ff144000000-7ff144021000 rw-p 00000000 00:00 0 
7ff144021000-7ff148000000 ---p 00000000 00:00 0 
7ff148000000-7ff148021000 rw-p 00000000 00:00 0 
7ff148021000-7ff14c000000 ---p 00000000 00:00 0 
7ff14c000000-7ff14c021000 rw-p 00000000 00:00 0 
7ff14c021000-7ff150000000 ---p 00000000 00:00 0 
7ff150000000-7ff15003a000 rw-p 00000000 00:00 0 
7ff15003a000-7ff154000000 ---p 00000000 00:00 0 
7ff154000000-7ff154021000 rw-p 00000000 00:00 0 
7ff154021000-7ff158000000 ---p 00000000 00:00 0 
7ff158000000-7ff158021000 rw-p 00000000 00:00 0 
7ff158021000-7ff15c000000 ---p 00000000 00:00 0 
7ff15c000000-7ff15c021000 rw-p 00000000 00:00 0 
7ff15c021000-7ff160000000 ---p 00000000 00:00 0 
7ff160000000-7ff160021000 rw-p 00000000 00:00 0 
7ff160021000-7ff164000000 ---p 00000000 00:00 0 
7ff164000000-7ff164021000 rw-p 00000000 00:00 0 
7ff164021000-7ff168000000 ---p 00000000 00:00 0 
7ff16809e000-7ff1680a1000 ---p 00000000 00:00 0 
7ff1680a1000-7ff16819f000 rw-p 00000000 00:00 0 
7ff16819f000-7ff1681a2000 ---p 00000000 00:00 0 
7ff1681a2000-7ff1682a0000 rw-p 00000000 00:00 0 
7ff1682a0000-7ff1682a3000 ---p 00000000 00:00 0 
7ff1682a3000-7ff1682d9000 rw-p 00000000 00:00 0 
7ff1682d9000-7ff1682dc000 ---p 00000000 00:00 0 
7ff1682dc000-7ff1683da000 rw-p 00000000 00:00 0 
7ff1683da000-7ff168b53000 rw-s 00000000 00:05 9306142                    /SYSV00000000 (deleted)
7ff168b56000-7ff168b59000 ---p 00000000 00:00 0 
7ff168b59000-7ff168c57000 rw-p 00000000 00:00 0 
7ff168c57000-7ff168c5a000 ---p 00000000 00:00 0 
7ff168c5a000-7ff168d58000 rw-p 00000000 00:00 0 
7ff168d58000-7ff168d5b000 ---p 00000000 00:00 0 
7ff168d5b000-7ff168e59000 rw-p 00000000 00:00 0 
7ff168e59000-7ff168e5c000 ---p 00000000 00:00 0 
7ff168e5c000-7ff168f5a000 rw-p 00000000 00:00 0 
7ff168f5a000-7ff168fac000 r-xp 00000000 08:01 5770650                    /usr/lib/jvm/java-7-openjdk-amd64/jre/lib/amd64/libfontmanager.so
7ff168fac000-7ff1691ab000 ---p 00052000 08:01 5770650                    /usr/lib/jvm/java-7-openjdk-amd64/jre/lib/amd64/libfontmanager.so
7ff1691ab000-7ff1691ae000 r--p 00051000 08:01 5770650                    /usr/lib/jvm/java-7-openjdk-amd64/jre/lib/amd64/libfontmanager.so
7ff1691ae000-7ff1691af000 rw-p 00054000 08:01 5770650                    /usr/lib/jvm/java-7-openjdk-amd64/jre/lib/amd64/libfontmanager.so
7ff1691af000-7ff1691b2000 ---p 00000000 00:00 0 
7ff1691b2000-7ff1692b0000 rw-p 00000000 00:00 0 
7ff1692b0000-7ff1692b5000 r-xp 00000000 08:01 4988952                    /usr/lib/x86_64-linux-gnu/libXfixes.so.3.1.0
7ff1692b5000-7ff1694b4000 ---p 00005000 08:01 4988952                    /usr/lib/x86_64-linux-gnu/libXfixes.so.3.1.0
7ff1694b4000-7ff1694b5000 r--p 00004000 08:01 4988952                    /usr/lib/x86_64-linux-gnu/libXfixes.so.3.1.0
7ff1694b5000-7ff1694b6000 rw-p 00005000 08:01 4988952                    /usr/lib/x86_64-linux-gnu/libXfixes.so.3.1.0
7ff1694b6000-7ff1694bf000 r-xp 00000000 08:01 4983250                    /usr/lib/x86_64-linux-gnu/libXcursor.so.1.0.2
7ff1694bf000-7ff1696be000 ---p 00009000 08:01 4983250                    /usr/lib/x86_64-linux-gnu/libXcursor.so.1.0.2
7ff1696be000-7ff1696bf000 r--p 00008000 08:01 4983250                    /usr/lib/x86_64-linux-gnu/libXcursor.so.1.0.2
7ff1696bf000-7ff1696c0000 rw-p 00009000 08:01 4983250                    /usr/lib/x86_64-linux-gnu/libXcursor.so.1.0.2
7ff1696c0000-7ff1696c3000 ---p 00000000 00:00 0 
7ff1696c3000-7ff1697c1000 rw-p 00000000 00:00 0 
7ff1697c1000-7ff1697e6000 r-xp 00000000 08:01 1179869                    /lib/x86_64-linux-gnu/libpng12.so.0.50.0
7ff1697e6000-7ff1699e5000 ---p 00025000 08:01 1179869                    /lib/x86_64-linux-gnu/libpng12.so.0.50.0
7ff1699e5000-7ff1699e6000 r--p 00024000 08:01 1179869                    /lib/x86_64-linux-gnu/libpng12.so.0.50.0
7ff1699e6000-7ff1699e7000 rw-p 00025000 08:01 1179869                    /lib/x86_64-linux-gnu/libpng12.so.0.50.0
7ff1699e7000-7ff1699ec000 r-xp 00000000 08:01 4988948                    /usr/lib/x86_64-linux-gnu/libXdmcp.so.6.0.0
7ff1699ec000-7ff169beb000 ---p 00005000 08:01 4988948                    /usr/lib/x86_64-linux-gnu/libXdmcp.so.6.0.0
7ff169beb000-7ff169bec000 r--p 00004000 08:01 4988948                    /usr/lib/x86_64-linux-gnu/libXdmcp.so.6.0.0
7ff169bec000-7ff169bed000 rw-p 00005000 08:01 4988948                    /usr/lib/x86_64-linux-gnu/libXdmcp.so.6.0.0
7ff169bed000-7ff169bef000 r-xp 00000000 08:01 4988937                    /usr/lib/x86_64-linux-gnu/libXau.so.6.0.0
7ff169bef000-7ff169def000 ---p 00002000 08:01 4988937                    /usr/lib/x86_64-linux-gnu/libXau.so.6.0.0
7ff169def000-7ff169df0000 r--p 00002000 08:01 4988937                    /usr/lib/x86_64-linux-gnu/libXau.so.6.0.0
7ff169df0000-7ff169df1000 rw-p 00003000 08:01 4988937                    /usr/lib/x86_64-linux-gnu/libXau.so.6.0.0
7ff169df1000-7ff169e18000 r-xp 00000000 08:01 1179745                    /lib/x86_64-linux-gnu/libexpat.so.1.6.0
7ff169e18000-7ff16a018000 ---p 00027000 08:01 1179745                    /lib/x86_64-linux-gnu/libexpat.so.1.6.0
7ff16a018000-7ff16a01a000 r--p 00027000 08:01 1179745                    /lib/x86_64-linux-gnu/libexpat.so.1.6.0
7ff16a01a000-7ff16a01b000 rw-p 00029000 08:01 1179745                    /lib/x86_64-linux-gnu/libexpat.so.1.6.0
7ff16a01b000-7ff16a0b8000 r-xp 00000000 08:01 4982345                    /usr/lib/x86_64-linux-gnu/libfreetype.so.6.11.1
7ff16a0b8000-7ff16a2b7000 ---p 0009d000 08:01 4982345                    /usr/lib/x86_64-linux-gnu/libfreetype.so.6.11.1
7ff16a2b7000-7ff16a2bd000 r--p 0009c000 08:01 4982345                    /usr/lib/x86_64-linux-gnu/libfreetype.so.6.11.1
7ff16a2bd000-7ff16a2be000 rw-p 000a2000 08:01 4982345                    /usr/lib/x86_64-linux-gnu/libfreetype.so.6.11.1
7ff16a2be000-7ff16a2db000 r-xp 00000000 08:01 4990005                    /usr/lib/x86_64-linux-gnu/libxcb.so.1.1.0
7ff16a2db000-7ff16a4db000 ---p 0001d000 08:01 4990005                    /usr/lib/x86_64-linux-gnu/libxcb.so.1.1.0
7ff16a4db000-7ff16a4dc000 r--p 0001d000 08:01 4990005                    /usr/lib/x86_64-linux-gnu/libxcb.so.1.1.0
7ff16a4dc000-7ff16a4dd000 rw-p 0001e000 08:01 4990005                    /usr/lib/x86_64-linux-gnu/libxcb.so.1.1.0
7ff16a4dd000-7ff16a517000 r-xp 00000000 08:01 4982343                    /usr/lib/x86_64-linux-gnu/libfontconfig.so.1.8.0
7ff16a517000-7ff16a716000 ---p 0003a000 08:01 4982343                    /usr/lib/x86_64-linux-gnu/libfontconfig.so.1.8.0
7ff16a716000-7ff16a718000 r--p 00039000 08:01 4982343                    /usr/lib/x86_64-linux-gnu/libfontconfig.so.1.8.0
7ff16a718000-7ff16a719000 rw-p 0003b000 08:01 4982343                    /usr/lib/x86_64-linux-gnu/libfontconfig.so.1.8.0
7ff16a719000-7ff16a728000 r-xp 00000000 08:01 4988958                    /usr/lib/x86_64-linux-gnu/libXi.so.6.1.0
7ff16a728000-7ff16a927000 ---p 0000f000 08:01 4988958                    /usr/lib/x86_64-linux-gnu/libXi.so.6.1.0
7ff16a927000-7ff16a928000 r--p 0000e000 08:01 4988958                    /usr/lib/x86_64-linux-gnu/libXi.so.6.1.0
7ff16a928000-7ff16a929000 rw-p 0000f000 08:01 4988958                    /usr/lib/x86_64-linux-gnu/libXi.so.6.1.0
7ff16a929000-7ff16a92e000 r-xp 00000000 08:01 4988978                    /usr/lib/x86_64-linux-gnu/libXtst.so.6.1.0
7ff16a92e000-7ff16ab2d000 ---p 00005000 08:01 4988978                    /usr/lib/x86_64-linux-gnu/libXtst.so.6.1.0
7ff16ab2d000-7ff16ab2e000 r--p 00004000 08:01 4988978                    /usr/lib/x86_64-linux-gnu/libXtst.so.6.1.0
7ff16ab2e000-7ff16ab2f000 rw-p 00005000 08:01 4988978                    /usr/lib/x86_64-linux-gnu/libXtst.so.6.1.0
7ff16ab2f000-7ff16ab31000 r-xp 00000000 08:01 4988942                    /usr/lib/x86_64-linux-gnu/libXcomposite.so.1.0.0
7ff16ab31000-7ff16ad30000 ---p 00002000 08:01 4988942                    /usr/lib/x86_64-linux-gnu/libXcomposite.so.1.0.0
7ff16ad30000-7ff16ad31000 r--p 00001000 08:01 4988942                    /usr/lib/x86_64-linux-gnu/libXcomposite.so.1.0.0
7ff16ad31000-7ff16ad32000 rw-p 00002000 08:01 4988942                    /usr/lib/x86_64-linux-gnu/libXcomposite.so.1.0.0
7ff16ad32000-7ff16ad3b000 r-xp 00000000 08:01 4988972                    /usr/lib/x86_64-linux-gnu/libXrender.so.1.3.0
7ff16ad3b000-7ff16af3a000 ---p 00009000 08:01 4988972                    /usr/lib/x86_64-linux-gnu/libXrender.so.1.3.0
7ff16af3a000-7ff16af3b000 r--p 00008000 08:01 4988972                    /usr/lib/x86_64-linux-gnu/libXrender.so.1.3.0
7ff16af3b000-7ff16af3c000 rw-p 00009000 08:01 4988972                    /usr/lib/x86_64-linux-gnu/libXrender.so.1.3.0
7ff16af3c000-7ff16b06c000 r-xp 00000000 08:01 4988933                    /usr/lib/x86_64-linux-gnu/libX11.so.6.3.0
7ff16b06c000-7ff16b26c000 ---p 00130000 08:01 4988933                    /usr/lib/x86_64-linux-gnu/libX11.so.6.3.0
7ff16b26c000-7ff16b26d000 r--p 00130000 08:01 4988933                    /usr/lib/x86_64-linux-gnu/libX11.so.6.3.0
7ff16b26d000-7ff16b271000 rw-p 00131000 08:01 4988933                    /usr/lib/x86_64-linux-gnu/libX11.so.6.3.0
7ff16b271000-7ff16b282000 r-xp 00000000 08:01 4988950                    /usr/lib/x86_64-linux-gnu/libXext.so.6.4.0
7ff16b282000-7ff16b481000 ---p 00011000 08:01 4988950                    /usr/lib/x86_64-linux-gnu/libXext.so.6.4.0
7ff16b481000-7ff16b482000 r--p 00010000 08:01 4988950                    /usr/lib/x86_64-linux-gnu/libXext.so.6.4.0
7ff16b482000-7ff16b483000 rw-p 00011000 08:01 4988950                    /usr/lib/x86_64-linux-gnu/libXext.so.6.4.0
7ff16b483000-7ff16b4cb000 r-xp 00000000 08:01 5768252                    /usr/lib/jvm/java-7-openjdk-amd64/jre/lib/amd64/xawt/libmawt.so
7ff16b4cb000-7ff16b6ca000 ---p 00048000 08:01 5768252                    /usr/lib/jvm/java-7-openjdk-amd64/jre/lib/amd64/xawt/libmawt.so
7ff16b6ca000-7ff16b6cb000 r--p 00047000 08:01 5768252                    /usr/lib/jvm/java-7-openjdk-amd64/jre/lib/amd64/xawt/libmawt.so
7ff16b6cb000-7ff16b6ce000 rw-p 00048000 08:01 5768252                    /usr/lib/jvm/java-7-openjdk-amd64/jre/lib/amd64/xawt/libmawt.so
7ff16b6ce000-7ff16b6cf000 rw-p 00000000 00:00 0 
7ff16b6cf000-7ff16b76f000 r-xp 00000000 08:01 5770618                    /usr/lib/jvm/java-7-openjdk-amd64/jre/lib/amd64/libawt.so
7ff16b76f000-7ff16b96e000 ---p 000a0000 08:01 5770618                    /usr/lib/jvm/java-7-openjdk-amd64/jre/lib/amd64/libawt.so
7ff16b96e000-7ff16b96f000 r--p 0009f000 08:01 5770618                    /usr/lib/jvm/java-7-openjdk-amd64/jre/lib/amd64/libawt.so
7ff16b96f000-7ff16b97a000 rw-p 000a0000 08:01 5770618                    /usr/lib/jvm/java-7-openjdk-amd64/jre/lib/amd64/libawt.so
7ff16b97a000-7ff16b99f000 rw-p 00000000 00:00 0 
7ff16b99f000-7ff16b9dc000 r-xp 00000000 08:01 1179653                    /lib/x86_64-linux-gnu/libpcre.so.3.13.1
7ff16b9dc000-7ff16bbdb000 ---p 0003d000 08:01 1179653                    /lib/x86_64-linux-gnu/libpcre.so.3.13.1
7ff16bbdb000-7ff16bbdc000 r--p 0003c000 08:01 1179653                    /lib/x86_64-linux-gnu/libpcre.so.3.13.1
7ff16bbdc000-7ff16bbdd000 rw-p 0003d000 08:01 1179653                    /lib/x86_64-linux-gnu/libpcre.so.3.13.1
7ff16bbdd000-7ff16bbe4000 r-xp 00000000 08:01 4982252                    /usr/lib/x86_64-linux-gnu/libffi.so.6.0.1
7ff16bbe4000-7ff16bde3000 ---p 00007000 08:01 4982252                    /usr/lib/x86_64-linux-gnu/libffi.so.6.0.1
7ff16bde3000-7ff16bde4000 r--p 00006000 08:01 4982252                    /usr/lib/x86_64-linux-gnu/libffi.so.6.0.1
7ff16bde4000-7ff16bde5000 rw-p 00007000 08:01 4982252                    /usr/lib/x86_64-linux-gnu/libffi.so.6.0.1
7ff16bde5000-7ff16bdfc000 r-xp 00000000 08:01 1183989                    /lib/x86_64-linux-gnu/libresolv-2.19.so
7ff16bdfc000-7ff16bffc000 ---p 00017000 08:01 1183989                    /lib/x86_64-linux-gnu/libresolv-2.19.so
7ff16bffc000-7ff16bffd000 r--p 00017000 08:01 1183989                    /lib/x86_64-linux-gnu/libresolv-2.19.so
7ff16bffd000-7ff16bffe000 rw-p 00018000 08:01 1183989                    /lib/x86_64-linux-gnu/libresolv-2.19.so
7ff16bffe000-7ff16c000000 rw-p 00000000 00:00 0 
7ff16c000000-7ff16c021000 rw-p 00000000 00:00 0 
7ff16c021000-7ff170000000 ---p 00000000 00:00 0 
7ff170009000-7ff17000a000 rw-p 00000000 00:00 0 
7ff17000a000-7ff17000b000 r--s 00003000 08:01 1780376                    /home/netlab/Backup_sbjeong/xxx 2020/contiki_git_ing/tools/cooja/apps/powertracker/lib/powertracker.jar
7ff17000b000-7ff17000c000 r--s 00002000 08:01 1779993                    /home/netlab/Backup_sbjeong/xxx 2020/contiki_git_ing/tools/cooja/apps/collect-view/cooja-collect-view.jar
7ff17000c000-7ff17000e000 r--s 00008000 08:01 1780392                    /home/netlab/Backup_sbjeong/xxx 2020/contiki_git_ing/tools/cooja/apps/serial_socket/lib/serial_socket.jar
7ff17000e000-7ff170048000 r--s 001e1000 08:01 1779958                    /home/netlab/Backup_sbjeong/xxx 2020/contiki_git_ing/tools/cooja/apps/avrora/lib/avrora-small.jar
7ff170048000-7ff170049000 r--s 00008000 08:01 1779959                    /home/netlab/Backup_sbjeong/xxx 2020/contiki_git_ing/tools/cooja/apps/avrora/lib/cooja_avrora.jar
7ff170049000-7ff17004b000 r--s 00010000 08:01 1780367                    /home/netlab/Backup_sbjeong/xxx 2020/contiki_git_ing/tools/cooja/apps/mspsim/lib/jipv6.jar
7ff17004b000-7ff17004c000 r--s 00004000 08:01 1780368                    /home/netlab/Backup_sbjeong/xxx 2020/contiki_git_ing/tools/cooja/apps/mspsim/lib/coffee.jar
7ff17004c000-7ff170058000 r--s 000eb000 08:01 1780366                    /home/netlab/Backup_sbjeong/xxx 2020/contiki_git_ing/tools/cooja/apps/mspsim/lib/mspsim.jar
7ff170058000-7ff17005e000 r--s 00064000 08:01 1780369                    /home/netlab/Backup_sbjeong/xxx 2020/contiki_git_ing/tools/cooja/apps/mspsim/lib/cooja_mspsim.jar
7ff17005e000-7ff170060000 r--s 0001e000 08:01 1780085                    /home/netlab/Backup_sbjeong/xxx 2020/contiki_git_ing/tools/cooja/apps/mrm/lib/mrm.jar
7ff170060000-7ff170061000 r--s 00000000 08:01 6556024                    /var/cache/fontconfig/c05880de57d1f5e948fdfacc138775d9-le64.cache-4
7ff170061000-7ff17006c000 r--s 00000000 08:01 6556014                    /var/cache/fontconfig/945677eb7aeaf62f1d50efc3fb3ec7d8-le64.cache-4
7ff17006c000-7ff170075000 r--s 00000000 08:01 6554854                    /var/cache/fontconfig/a6d8cf8e4ec09cdbc8633c31745a07dd-le64.cache-4
7ff170075000-7ff17007b000 r--s 00000000 08:01 6554853                    /var/cache/fontconfig/2cd17615ca594fa2959ae173292e504c-le64.cache-4
7ff17007b000-7ff170082000 r--s 00000000 08:01 6554812                    /var/cache/fontconfig/a755afe4a08bf5b97852ceb7400b47bc-le64.cache-4
7ff170082000-7ff170096000 r--s 00000000 08:01 6554811                    /var/cache/fontconfig/04aabc0a78ac019cf9454389977116d2-le64.cache-4
7ff170096000-7ff17009a000 r--s 00000000 08:01 6554528                    /var/cache/fontconfig/385c0604a188198f04d133e54aba7fe7-le64.cache-4
7ff17009a000-7ff1700a0000 r--s 00000000 08:01 6554524                    /var/cache/fontconfig/8801497958630a81b71ace7c5f9b32a8-le64.cache-4
7ff1700a0000-7ff1700a7000 r--s 00000000 08:01 6554522                    /var/cache/fontconfig/3047814df9a2f067bd2d96a2b9c36e5a-le64.cache-4
7ff1700a7000-7ff1700ba000 r--s 00000000 08:01 6554359                    /var/cache/fontconfig/d52a8644073d54c13679302ca1180695-le64.cache-4
7ff1700ba000-7ff1700e1000 r--p 00000000 08:01 5516359                    /usr/share/locale-langpack/ko/LC_MESSAGES/libc.mo
7ff1700e1000-7ff170112000 rw-p 00000000 00:00 0 
7ff170112000-7ff170132000 r-xp 00000000 08:01 1184140                    /lib/x86_64-linux-gnu/libselinux.so.1
7ff170132000-7ff170331000 ---p 00020000 08:01 1184140                    /lib/x86_64-linux-gnu/libselinux.so.1
7ff170331000-7ff170332000 r--p 0001f000 08:01 1184140                    /lib/x86_64-linux-gnu/libselinux.so.1
7ff170332000-7ff170333000 rw-p 00020000 08:01 1184140                    /lib/x86_64-linux-gnu/libselinux.so.1
7ff170333000-7ff170335000 rw-p 00000000 00:00 0 
7ff170335000-7ff170338000 r-xp 00000000 08:01 4981121                    /usr/lib/x86_64-linux-gnu/libgmodule-2.0.so.0.4002.0
7ff170338000-7ff170537000 ---p 00003000 08:01 4981121                    /usr/lib/x86_64-linux-gnu/libgmodule-2.0.so.0.4002.0
7ff170537000-7ff170538000 r--p 00002000 08:01 4981121                    /usr/lib/x86_64-linux-gnu/libgmodule-2.0.so.0.4002.0
7ff170538000-7ff170539000 rw-p 00003000 08:01 4981121                    /usr/lib/x86_64-linux-gnu/libgmodule-2.0.so.0.4002.0
7ff170539000-7ff17063f000 r-xp 00000000 08:01 1179901                    /lib/x86_64-linux-gnu/libglib-2.0.so.0.4002.0
7ff17063f000-7ff17083e000 ---p 00106000 08:01 1179901                    /lib/x86_64-linux-gnu/libglib-2.0.so.0.4002.0
7ff17083e000-7ff17083f000 r--p 00105000 08:01 1179901                    /lib/x86_64-linux-gnu/libglib-2.0.so.0.4002.0
7ff17083f000-7ff170840000 rw-p 00106000 08:01 1179901                    /lib/x86_64-linux-gnu/libglib-2.0.so.0.4002.0
7ff170840000-7ff170841000 rw-p 00000000 00:00 0 
7ff170841000-7ff170890000 r-xp 00000000 08:01 4981124                    /usr/lib/x86_64-linux-gnu/libgobject-2.0.so.0.4002.0
7ff170890000-7ff170a90000 ---p 0004f000 08:01 4981124                    /usr/lib/x86_64-linux-gnu/libgobject-2.0.so.0.4002.0
7ff170a90000-7ff170a91000 r--p 0004f000 08:01 4981124                    /usr/lib/x86_64-linux-gnu/libgobject-2.0.so.0.4002.0
7ff170a91000-7ff170a92000 rw-p 00050000 08:01 4981124                    /usr/lib/x86_64-linux-gnu/libgobject-2.0.so.0.4002.0
7ff170a92000-7ff170bfe000 r-xp 00000000 08:01 4981103                    /usr/lib/x86_64-linux-gnu/libgio-2.0.so.0.4002.0
7ff170bfe000-7ff170dfe000 ---p 0016c000 08:01 4981103                    /usr/lib/x86_64-linux-gnu/libgio-2.0.so.0.4002.0
7ff170dfe000-7ff170e02000 r--p 0016c000 08:01 4981103                    /usr/lib/x86_64-linux-gnu/libgio-2.0.so.0.4002.0
7ff170e02000-7ff170e04000 rw-p 00170000 08:01 4981103                    /usr/lib/x86_64-linux-gnu/libgio-2.0.so.0.4002.0
7ff170e04000-7ff170e06000 rw-p 00000000 00:00 0 
7ff170e06000-7ff170e07000 r--s 00000000 08:01 6554842                    /var/cache/fontconfig/e7071f4a29fa870f4323321c154eba04-le64.cache-4
7ff170e07000-7ff170e08000 r--s 00000000 08:01 6554820                    /var/cache/fontconfig/0d8c3b2ac0904cb8a57a757ad11a4a08-le64.cache-4
7ff170e08000-7ff170e0e000 r--s 00000000 08:01 6554362                    /var/cache/fontconfig/b47c4e1ecd0709278f4910c18777a504-le64.cache-4
7ff170e0e000-7ff170e17000 r--s 00000000 08:01 6554357                    /var/cache/fontconfig/3f7329c5293ffd510edef78f73874cfd-le64.cache-4
7ff170e17000-7ff170e22000 r--s 00000000 08:01 6554162                    /var/cache/fontconfig/d589a48862398ed80a3d6066f4f56f4c-le64.cache-4
7ff170e22000-7ff170e39000 r-xp 00000000 08:01 5770623                    /usr/lib/jvm/java-7-openjdk-amd64/jre/lib/amd64/libnet.so
7ff170e39000-7ff171039000 ---p 00017000 08:01 5770623                    /usr/lib/jvm/java-7-openjdk-amd64/jre/lib/amd64/libnet.so
7ff171039000-7ff17103a000 r--p 00017000 08:01 5770623                    /usr/lib/jvm/java-7-openjdk-amd64/jre/lib/amd64/libnet.so
7ff17103a000-7ff17103b000 rw-p 00018000 08:01 5770623                    /usr/lib/jvm/java-7-openjdk-amd64/jre/lib/amd64/libnet.so
7ff17103b000-7ff17104b000 r-xp 00000000 08:01 5770664                    /usr/lib/jvm/java-7-openjdk-amd64/jre/lib/amd64/libnio.so
7ff17104b000-7ff17124b000 ---p 00010000 08:01 5770664                    /usr/lib/jvm/java-7-openjdk-amd64/jre/lib/amd64/libnio.so
7ff17124b000-7ff17124c000 r--p 00010000 08:01 5770664                    /usr/lib/jvm/java-7-openjdk-amd64/jre/lib/amd64/libnio.so
7ff17124c000-7ff17124d000 rw-p 00011000 08:01 5770664                    /usr/lib/jvm/java-7-openjdk-amd64/jre/lib/amd64/libnio.so
7ff17124d000-7ff17124e000 ---p 00000000 00:00 0 
7ff17124e000-7ff17134e000 rw-p 00000000 00:00 0 
7ff17134e000-7ff171351000 ---p 00000000 00:00 0 
7ff171351000-7ff17144f000 rw-p 00000000 00:00 0 
7ff17144f000-7ff171452000 ---p 00000000 00:00 0 
7ff171452000-7ff171550000 rw-p 00000000 00:00 0 
7ff171550000-7ff171553000 ---p 00000000 00:00 0 
7ff171553000-7ff171651000 rw-p 00000000 00:00 0 
7ff171651000-7ff171654000 ---p 00000000 00:00 0 
7ff171654000-7ff171752000 rw-p 00000000 00:00 0 
7ff171752000-7ff171f65000 r--p 00000000 08:01 4987895                    /usr/lib/locale/locale-archive
7ff171f65000-7ff171f68000 ---p 00000000 00:00 0 
7ff171f68000-7ff172066000 rw-p 00000000 00:00 0 
7ff172066000-7ff172069000 ---p 00000000 00:00 0 
7ff172069000-7ff172167000 rw-p 00000000 00:00 0 
7ff172167000-7ff172168000 ---p 00000000 00:00 0 
7ff172168000-7ff173e49000 rw-p 00000000 00:00 0 
7ff173e49000-7ff174000000 r--s 01d7c000 08:01 5648853                    /usr/lib/jvm/java-7-openjdk-amd64/jre/lib/rt.jar
7ff174000000-7ff174021000 rw-p 00000000 00:00 0 
7ff174021000-7ff178000000 ---p 00000000 00:00 0 
7ff178000000-7ff178001000 r--s 00000000 08:01 6554531                    /var/cache/fontconfig/1ac9eb803944fde146138c791f5cc56a-le64.cache-4
7ff178001000-7ff178002000 r--s 00000000 08:01 6554527                    /var/cache/fontconfig/dc05db6664285cc2f12bf69c139ae4c3-le64.cache-4
7ff178002000-7ff17801f000 r--s 0014f000 08:01 1780613                    /home/netlab/Backup_sbjeong/xxx 2020/contiki_git_ing/tools/cooja/lib/swingx-all-1.6.4.jar
7ff17801f000-7ff17ba6a000 rw-p 00000000 00:00 0 
7ff17ba6a000-7ff17ba6b000 ---p 00000000 00:00 0 
7ff17ba6b000-7ff17bb6b000 rw-p 00000000 00:00 0 
7ff17bb6b000-7ff17bb6c000 ---p 00000000 00:00 0 
7ff17bb6c000-7ff17bc6c000 rw-p 00000000 00:00 0 
7ff17bc6c000-7ff17bc6d000 ---p 00000000 00:00 0 
7ff17bc6d000-7ff17bd6d000 rw-p 00000000 00:00 0 
7ff17bd6d000-7ff17bd6e000 ---p 00000000 00:00 0 
7ff17bd6e000-7ff17be6e000 rw-p 00000000 00:00 0 
7ff17be6e000-7ff17be6f000 ---p 00000000 00:00 0 
7ff17be6f000-7ff17bf6f000 rw-p 00000000 00:00 0 
7ff17bf6f000-7ff17bf70000 ---p 00000000 00:00 0 
7ff17bf70000-7ff17c070000 rw-p 00000000 00:00 0 
7ff17c070000-7ff17c071000 ---p 00000000 00:00 0 
7ff17c071000-7ff17c171000 rw-p 00000000 00:00 0 
7ff17c171000-7ff17c172000 ---p 00000000 00:00 0 
7ff17c172000-7ff17c2c6000 rw-p 00000000 00:00 0 
7ff17c2c6000-7ff17c472000 rw-p 00000000 00:00 0 
7ff17c472000-7ff17c48b000 rw-p 00000000 00:00 0 
7ff17c48b000-7ff17c4c5000 rw-p 00000000 00:00 0 
7ff17c4c5000-7ff17c519000 rw-p 00000000 00:00 0 
7ff17c519000-7ff17c6c5000 rw-p 00000000 00:00 0 
7ff17c6c5000-7ff17c744000 rw-p 00000000 00:00 0 
7ff17c744000-7ff17c748000 ---p 00000000 00:00 0 
7ff17c748000-7ff17c7c5000 rw-p 00000000 00:00 0 
7ff17c7c5000-7ff17c7c6000 rw-p 00000000 00:00 0 
7ff17c7c6000-7ff17cb16000 rwxp 00000000 00:00 0 
7ff17cb16000-7ff17f7c6000 rw-p 00000000 00:00 0 
7ff17f7c6000-7ff17f7ce000 r-xp 00000000 08:01 5770669                    /usr/lib/jvm/java-7-openjdk-amd64/jre/lib/amd64/libzip.so
7ff17f7ce000-7ff17f9cd000 ---p 00008000 08:01 5770669                    /usr/lib/jvm/java-7-openjdk-amd64/jre/lib/amd64/libzip.so
7ff17f9cd000-7ff17f9ce000 r--p 00007000 08:01 5770669                    /usr/lib/jvm/java-7-openjdk-amd64/jre/lib/amd64/libzip.so
7ff17f9ce000-7ff17f9cf000 rw-p 00008000 08:01 5770669                    /usr/lib/jvm/java-7-openjdk-amd64/jre/lib/amd64/libzip.so
7ff17f9cf000-7ff17f9d9000 r-xp 00000000 08:01 1183987                    /lib/x86_64-linux-gnu/libnss_files-2.19.so
7ff17f9d9000-7ff17fbd8000 ---p 0000a000 08:01 1183987                    /lib/x86_64-linux-gnu/libnss_files-2.19.so
7ff17fbd8000-7ff17fbd9000 r--p 00009000 08:01 1183987                    /lib/x86_64-linux-gnu/libnss_files-2.19.so
7ff17fbd9000-7ff17fbda000 rw-p 0000a000 08:01 1183987                    /lib/x86_64-linux-gnu/libnss_files-2.19.so
7ff17fbda000-7ff17fbe5000 r-xp 00000000 08:01 1183993                    /lib/x86_64-linux-gnu/libnss_nis-2.19.so
7ff17fbe5000-7ff17fde4000 ---p 0000b000 08:01 1183993                    /lib/x86_64-linux-gnu/libnss_nis-2.19.so
7ff17fde4000-7ff17fde5000 r--p 0000a000 08:01 1183993                    /lib/x86_64-linux-gnu/libnss_nis-2.19.so
7ff17fde5000-7ff17fde6000 rw-p 0000b000 08:01 1183993                    /lib/x86_64-linux-gnu/libnss_nis-2.19.so
7ff17fde6000-7ff17fdfd000 r-xp 00000000 08:01 1184062                    /lib/x86_64-linux-gnu/libnsl-2.19.so
7ff17fdfd000-7ff17fffc000 ---p 00017000 08:01 1184062                    /lib/x86_64-linux-gnu/libnsl-2.19.so
7ff17fffc000-7ff17fffd000 r--p 00016000 08:01 1184062                    /lib/x86_64-linux-gnu/libnsl-2.19.so
7ff17fffd000-7ff17fffe000 rw-p 00017000 08:01 1184062                    /lib/x86_64-linux-gnu/libnsl-2.19.so
7ff17fffe000-7ff180000000 rw-p 00000000 00:00 0 
7ff180000000-7ff180369000 rw-p 00000000 00:00 0 
7ff180369000-7ff184000000 ---p 00000000 00:00 0 
7ff184000000-7ff184002000 r--s 00000000 08:01 6553995                    /var/cache/fontconfig/767a8244fc0220cfb567a839d0392e0b-le64.cache-4
7ff184002000-7ff184003000 r--s 00000000 08:01 6554526                    /var/cache/fontconfig/4794a0821666d79190d59a36cb4f44b5-le64.cache-4
7ff184003000-7ff184004000 r--s 00000000 08:01 6554510                    /var/cache/fontconfig/56cf4f4769d0f4abc89a4895d7bd3ae1-le64.cache-4
7ff184004000-7ff184005000 r--s 00000000 08:01 6554508                    /var/cache/fontconfig/b9d506c9ac06c20b433354fa67a72993-le64.cache-4
7ff184005000-7ff184006000 r--s 00000000 08:01 6554135                    /var/cache/fontconfig/0c9eb80ebd1c36541ebe2852d3bb0c49-le64.cache-4
7ff184006000-7ff184009000 r--s 00000000 08:01 6554015                    /var/cache/fontconfig/e13b20fdb08344e0e664864cc2ede53d-le64.cache-4
7ff184009000-7ff18400d000 r--s 00000000 08:01 6554132                    /var/cache/fontconfig/7ef2298fde41cc6eeb7af42e48b7d293-le64.cache-4
7ff18400d000-7ff184014000 r--s 00000000 08:01 5245345                    /usr/lib/x86_64-linux-gnu/gconv/gconv-modules.cache
7ff184014000-7ff18402d000 rw-p 00000000 00:00 0 
7ff18402d000-7ff184067000 rw-p 00000000 00:00 0 
7ff184067000-7ff184070000 r-xp 00000000 08:01 1184010                    /lib/x86_64-linux-gnu/libnss_compat-2.19.so
7ff184070000-7ff18426f000 ---p 00009000 08:01 1184010                    /lib/x86_64-linux-gnu/libnss_compat-2.19.so
7ff18426f000-7ff184270000 r--p 00008000 08:01 1184010                    /lib/x86_64-linux-gnu/libnss_compat-2.19.so
7ff184270000-7ff184271000 rw-p 00009000 08:01 1184010                    /lib/x86_64-linux-gnu/libnss_compat-2.19.so
7ff184271000-7ff18429b000 r-xp 00000000 08:01 5770642                    /usr/lib/jvm/java-7-openjdk-amd64/jre/lib/amd64/libjava.so
7ff18429b000-7ff18449b000 ---p 0002a000 08:01 5770642                    /usr/lib/jvm/java-7-openjdk-amd64/jre/lib/amd64/libjava.so
7ff18449b000-7ff18449c000 r--p 0002a000 08:01 5770642                    /usr/lib/jvm/java-7-openjdk-amd64/jre/lib/amd64/libjava.so
7ff18449c000-7ff18449e000 rw-p 0002b000 08:01 5770642                    /usr/lib/jvm/java-7-openjdk-amd64/jre/lib/amd64/libjava.so
7ff18449e000-7ff1844ae000 r-xp 00000000 08:01 5770612                    /usr/lib/jvm/java-7-openjdk-amd64/jre/lib/amd64/libverify.so
7ff1844ae000-7ff1846ad000 ---p 00010000 08:01 5770612                    /usr/lib/jvm/java-7-openjdk-amd64/jre/lib/amd64/libverify.so
7ff1846ad000-7ff1846af000 r--p 0000f000 08:01 5770612                    /usr/lib/jvm/java-7-openjdk-amd64/jre/lib/amd64/libverify.so
7ff1846af000-7ff1846b0000 rw-p 00011000 08:01 5770612                    /usr/lib/jvm/java-7-openjdk-amd64/jre/lib/amd64/libverify.so
7ff1846b0000-7ff1846b7000 r-xp 00000000 08:01 1184060                    /lib/x86_64-linux-gnu/librt-2.19.so
7ff1846b7000-7ff1848b6000 ---p 00007000 08:01 1184060                    /lib/x86_64-linux-gnu/librt-2.19.so
7ff1848b6000-7ff1848b7000 r--p 00006000 08:01 1184060                    /lib/x86_64-linux-gnu/librt-2.19.so
7ff1848b7000-7ff1848b8000 rw-p 00007000 08:01 1184060                    /lib/x86_64-linux-gnu/librt-2.19.so
7ff1848b8000-7ff1848cf000 r-xp 00000000 08:01 1179897                    /lib/x86_64-linux-gnu/libgcc_s.so.1
7ff1848cf000-7ff184ace000 ---p 00017000 08:01 1179897                    /lib/x86_64-linux-gnu/libgcc_s.so.1
7ff184ace000-7ff184acf000 r--p 00016000 08:01 1179897                    /lib/x86_64-linux-gnu/libgcc_s.so.1
7ff184acf000-7ff184ad0000 rw-p 00017000 08:01 1179897                    /lib/x86_64-linux-gnu/libgcc_s.so.1
7ff184ad0000-7ff184bd5000 r-xp 00000000 08:01 1184016                    /lib/x86_64-linux-gnu/libm-2.19.so
7ff184bd5000-7ff184dd4000 ---p 00105000 08:01 1184016                    /lib/x86_64-linux-gnu/libm-2.19.so
7ff184dd4000-7ff184dd5000 r--p 00104000 08:01 1184016                    /lib/x86_64-linux-gnu/libm-2.19.so
7ff184dd5000-7ff184dd6000 rw-p 00105000 08:01 1184016                    /lib/x86_64-linux-gnu/libm-2.19.so
7ff184dd6000-7ff184ee0000 r-xp 00000000 08:01 4982310                    /usr/lib/x86_64-linux-gnu/libstdc++.so.6.0.25
7ff184ee0000-7ff1850df000 ---p 0010a000 08:01 4982310                    /usr/lib/x86_64-linux-gnu/libstdc++.so.6.0.25
7ff1850df000-7ff1850e7000 r--p 00109000 08:01 4982310                    /usr/lib/x86_64-linux-gnu/libstdc++.so.6.0.25
7ff1850e7000-7ff1850e9000 rw-p 00111000 08:01 4982310                    /usr/lib/x86_64-linux-gnu/libstdc++.so.6.0.25
7ff1850e9000-7ff1850ec000 rw-p 00000000 00:00 0 
7ff1850ec000-7ff185c25000 r-xp 00000000 08:01 5770599                    /usr/lib/jvm/java-7-openjdk-amd64/jre/lib/amd64/server/libjvm.so
7ff185c25000-7ff185e25000 ---p 00b39000 08:01 5770599                    /usr/lib/jvm/java-7-openjdk-amd64/jre/lib/amd64/server/libjvm.so
7ff185e25000-7ff185ec0000 r--p 00b39000 08:01 5770599                    /usr/lib/jvm/java-7-openjdk-amd64/jre/lib/amd64/server/libjvm.so
7ff185ec0000-7ff185ee3000 rw-p 00bd4000 08:01 5770599                    /usr/lib/jvm/java-7-openjdk-amd64/jre/lib/amd64/server/libjvm.so
7ff185ee3000-7ff185f13000 rw-p 00000000 00:00 0 
7ff185f13000-7ff185f2b000 r-xp 00000000 08:01 1179751                    /lib/x86_64-linux-gnu/libz.so.1.2.8
7ff185f2b000-7ff18612a000 ---p 00018000 08:01 1179751                    /lib/x86_64-linux-gnu/libz.so.1.2.8
7ff18612a000-7ff18612b000 r--p 00017000 08:01 1179751                    /lib/x86_64-linux-gnu/libz.so.1.2.8
7ff18612b000-7ff18612c000 rw-p 00018000 08:01 1179751                    /lib/x86_64-linux-gnu/libz.so.1.2.8
7ff18612c000-7ff186145000 r-xp 00000000 08:01 1184028                    /lib/x86_64-linux-gnu/libpthread-2.19.so
7ff186145000-7ff186344000 ---p 00019000 08:01 1184028                    /lib/x86_64-linux-gnu/libpthread-2.19.so
7ff186344000-7ff186345000 r--p 00018000 08:01 1184028                    /lib/x86_64-linux-gnu/libpthread-2.19.so
7ff186345000-7ff186346000 rw-p 00019000 08:01 1184028                    /lib/x86_64-linux-gnu/libpthread-2.19.so
7ff186346000-7ff18634a000 rw-p 00000000 00:00 0 
7ff18634a000-7ff18634d000 r-xp 00000000 08:01 1184079                    /lib/x86_64-linux-gnu/libdl-2.19.so
7ff18634d000-7ff18654c000 ---p 00003000 08:01 1184079                    /lib/x86_64-linux-gnu/libdl-2.19.so
7ff18654c000-7ff18654d000 r--p 00002000 08:01 1184079                    /lib/x86_64-linux-gnu/libdl-2.19.so
7ff18654d000-7ff18654e000 rw-p 00003000 08:01 1184079                    /lib/x86_64-linux-gnu/libdl-2.19.so
7ff18654e000-7ff18670c000 r-xp 00000000 08:01 1184083                    /lib/x86_64-linux-gnu/libc-2.19.so
7ff18670c000-7ff18690c000 ---p 001be000 08:01 1184083                    /lib/x86_64-linux-gnu/libc-2.19.so
7ff18690c000-7ff186910000 r--p 001be000 08:01 1184083                    /lib/x86_64-linux-gnu/libc-2.19.so
7ff186910000-7ff186912000 rw-p 001c2000 08:01 1184083                    /lib/x86_64-linux-gnu/libc-2.19.so
7ff186912000-7ff186917000 rw-p 00000000 00:00 0 
7ff186917000-7ff186924000 r-xp 00000000 08:01 5770659                    /usr/lib/jvm/java-7-openjdk-amd64/jre/lib/amd64/jli/libjli.so
7ff186924000-7ff186b23000 ---p 0000d000 08:01 5770659                    /usr/lib/jvm/java-7-openjdk-amd64/jre/lib/amd64/jli/libjli.so
7ff186b23000-7ff186b24000 r--p 0000c000 08:01 5770659                    /usr/lib/jvm/java-7-openjdk-amd64/jre/lib/amd64/jli/libjli.so
7ff186b24000-7ff186b25000 rw-p 0000d000 08:01 5770659                    /usr/lib/jvm/java-7-openjdk-amd64/jre/lib/amd64/jli/libjli.so
7ff186b25000-7ff186b48000 r-xp 00000000 08:01 1184021                    /lib/x86_64-linux-gnu/ld-2.19.so
7ff186b48000-7ff186b52000 r--s 000b0000 08:01 5648861                    /usr/lib/jvm/java-7-openjdk-amd64/jre/lib/resources.jar
7ff186b52000-7ff186b59000 r--s 0005b000 08:01 1780611                    /home/netlab/Backup_sbjeong/xxx 2020/contiki_git_ing/tools/cooja/lib/jsyntaxpane.jar
7ff186b59000-7ff186b60000 r--s 0004f000 08:01 1780612                    /home/netlab/Backup_sbjeong/xxx 2020/contiki_git_ing/tools/cooja/lib/log4j.jar
7ff186b60000-7ff186b63000 r--s 00022000 08:01 1780610                    /home/netlab/Backup_sbjeong/xxx 2020/contiki_git_ing/tools/cooja/lib/jdom.jar
7ff186b63000-7ff186b65000 r--s 00012000 08:01 5770685                    /usr/lib/jvm/java-7-openjdk-amd64/jre/lib/ext/zipfs.jar
7ff186b65000-7ff186b73000 rw-p 00000000 00:00 0 
7ff186b73000-7ff186c25000 rw-p 00000000 00:00 0 
7ff186c25000-7ff186c28000 ---p 00000000 00:00 0 
7ff186c28000-7ff186d2a000 rw-p 00000000 00:00 0 
7ff186d2a000-7ff186d2e000 r--s 0003d000 08:01 5770688                    /usr/lib/jvm/java-7-openjdk-amd64/jre/lib/ext/sunpkcs11.jar
7ff186d2e000-7ff186d2f000 r--s 00002000 08:01 5770687                    /usr/lib/jvm/java-7-openjdk-amd64/jre/lib/ext/dnsns.jar
7ff186d2f000-7ff186d32000 r--s 0000f000 08:01 5770684                    /usr/lib/jvm/java-7-openjdk-amd64/jre/lib/ext/icedtea-sound.jar
7ff186d32000-7ff186d36000 r--s 00085000 08:01 5770686                    /usr/lib/jvm/java-7-openjdk-amd64/jre/lib/ext/localedata.jar
7ff186d36000-7ff186d3a000 r--s 00036000 08:01 5770689                    /usr/lib/jvm/java-7-openjdk-amd64/jre/lib/ext/sunjce_provider.jar
7ff186d3a000-7ff186d3c000 r--s 00006000 08:01 5380960                    /usr/share/java/java-atk-wrapper.jar
7ff186d3c000-7ff186d44000 rw-s 00000000 08:01 4587566                    /tmp/hsperfdata_netlab/22935
7ff186d44000-7ff186d45000 rw-p 00000000 00:00 0 
7ff186d45000-7ff186d46000 r--p 00000000 00:00 0 
7ff186d46000-7ff186d47000 rw-p 00000000 00:00 0 
7ff186d47000-7ff186d48000 r--p 00022000 08:01 1184021                    /lib/x86_64-linux-gnu/ld-2.19.so
7ff186d48000-7ff186d49000 rw-p 00023000 08:01 1184021                    /lib/x86_64-linux-gnu/ld-2.19.so
7ff186d49000-7ff186d4a000 rw-p 00000000 00:00 0 
7ffede748000-7ffede76a000 rw-p 00000000 00:00 0                          [stack]
7ffede7c7000-7ffede7c9000 r--p 00000000 00:00 0                          [vvar]
7ffede7c9000-7ffede7cb000 r-xp 00000000 00:00 0                          [vdso]
ffffffffff600000-ffffffffff601000 r-xp 00000000 00:00 0                  [vsyscall]

VM Arguments:
jvm_args: -Xmx1536m 
java_command: org.contikios.cooja.Cooja
Launcher Type: SUN_STANDARD

Environment Variables:
JAVA_HOME=/usr/lib/jvm/java-7-openjdk-amd64/
CLASSPATH=:/usr/src/tinyos/support/sdk/java/tinyos.jar
PATH=/usr/local/sbin:/usr/local/bin:/usr/sbin:/usr/bin:/sbin:/bin:/usr/games:/usr/local/games:/home/netlab/opt/gcc-arm-none-eabi-6-2017-q1-update/bin:/home/netlab/opt/compilers/mspgcc-4.7.3/bin
LD_LIBRARY_PATH=.
SHELL=/bin/bash
DISPLAY=:0

Signal Handlers:
SIGSEGV: [libjvm.so+0x9679a0], sa_mask[0]=0x7ffbfeff, sa_flags=0x10000004
SIGBUS: [libjvm.so+0x9679a0], sa_mask[0]=0x7ffbfeff, sa_flags=0x10000004
SIGFPE: [libjvm.so+0x7d9350], sa_mask[0]=0x7ffbfeff, sa_flags=0x10000004
SIGPIPE: [libjvm.so+0x7d9350], sa_mask[0]=0x7ffbfeff, sa_flags=0x10000004
SIGXFSZ: [libjvm.so+0x7d9350], sa_mask[0]=0x7ffbfeff, sa_flags=0x10000004
SIGILL: [libjvm.so+0x7d9350], sa_mask[0]=0x7ffbfeff, sa_flags=0x10000004
SIGUSR1: SIG_DFL, sa_mask[0]=0x00000000, sa_flags=0x00000000
SIGUSR2: [libjvm.so+0x7d9480], sa_mask[0]=0x00000004, sa_flags=0x10000004
SIGHUP: [libjvm.so+0x7d93d0], sa_mask[0]=0x7ffbfeff, sa_flags=0x10000004
SIGINT: [libjvm.so+0x7d93d0], sa_mask[0]=0x7ffbfeff, sa_flags=0x10000004
SIGTERM: [libjvm.so+0x7d93d0], sa_mask[0]=0x7ffbfeff, sa_flags=0x10000004
SIGQUIT: [libjvm.so+0x7d93d0], sa_mask[0]=0x7ffbfeff, sa_flags=0x10000004
SIGTRAP: SIG_DFL, sa_mask[0]=0x00000000, sa_flags=0x00000000


---------------  S Y S T E M  ---------------

OS:Ubuntu 14.04 (trusty)
uname:Linux 4.2.0-42-generic #49~14.04.1-Ubuntu SMP Wed Jun 29 20:22:11 UTC 2016 x86_64
libc:glibc 2.19 NPTL 2.19 
rlimit: STACK 8192k, CORE 0k, NPROC 63920, NOFILE 4096, AS infinity
load average:0.96 1.09 1.13

/proc/meminfo:
MemTotal:       16386560 kB
MemFree:         3609668 kB
MemAvailable:    6447160 kB
Buffers:          451776 kB
Cached:          2490632 kB
SwapCached:         1244 kB
Active:          9650652 kB
Inactive:        2345392 kB
Active(anon):    7934596 kB
Inactive(anon):  1267996 kB
Active(file):    1716056 kB
Inactive(file):  1077396 kB
Unevictable:          16 kB
Mlocked:              16 kB
SwapTotal:      16730108 kB
SwapFree:       16714356 kB
Dirty:              5328 kB
Writeback:             0 kB
AnonPages:       9052580 kB
Mapped:           490976 kB
Shmem:            148956 kB
Slab:             359240 kB
SReclaimable:     297456 kB
SUnreclaim:        61784 kB
KernelStack:       18656 kB
PageTables:        75128 kB
NFS_Unstable:          0 kB
Bounce:                0 kB
WritebackTmp:          0 kB
CommitLimit:    24923388 kB
Committed_AS:   17036492 kB
VmallocTotal:   34359738367 kB
VmallocUsed:      137024 kB
VmallocChunk:   34359487760 kB
HardwareCorrupted:     0 kB
AnonHugePages:   7696384 kB
CmaTotal:              0 kB
CmaFree:               0 kB
HugePages_Total:       0
HugePages_Free:        0
HugePages_Rsvd:        0
HugePages_Surp:        0
Hugepagesize:       2048 kB
DirectMap4k:      553920 kB
DirectMap2M:    16177152 kB


CPU:total 8 (initial active 8) (4 cores per cpu, 2 threads per core) family 6 model 58 stepping 9, cmov, cx8, fxsr, mmx, sse, sse2, sse3, ssse3, sse4.1, sse4.2, popcnt, avx, aes, erms, ht, tsc, tscinvbit, tscinv

/proc/cpuinfo:
processor	: 0
vendor_id	: GenuineIntel
cpu family	: 6
model		: 58
model name	: Intel(R) Xeon(R) CPU E3-1270 V2 @ 3.50GHz
stepping	: 9
microcode	: 0x12
cpu MHz		: 3768.105
cache size	: 8192 KB
physical id	: 0
siblings	: 8
core id		: 0
cpu cores	: 4
apicid		: 0
initial apicid	: 0
fpu		: yes
fpu_exception	: yes
cpuid level	: 13
wp		: yes
flags		: fpu vme de pse tsc msr pae mce cx8 apic sep mtrr pge mca cmov pat pse36 clflush dts acpi mmx fxsr sse sse2 ss ht tm pbe syscall nx rdtscp lm constant_tsc arch_perfmon pebs bts rep_good nopl xtopology nonstop_tsc aperfmperf eagerfpu pni pclmulqdq dtes64 monitor ds_cpl vmx smx est tm2 ssse3 cx16 xtpr pdcm pcid sse4_1 sse4_2 x2apic popcnt tsc_deadline_timer aes xsave avx f16c rdrand lahf_lm ida arat epb pln pts dtherm tpr_shadow vnmi flexpriority ept vpid fsgsbase smep erms xsaveopt
bugs		:
bogomips	: 6984.25
clflush size	: 64
cache_alignment	: 64
address sizes	: 36 bits physical, 48 bits virtual
power management:

processor	: 1
vendor_id	: GenuineIntel
cpu family	: 6
model		: 58
model name	: Intel(R) Xeon(R) CPU E3-1270 V2 @ 3.50GHz
stepping	: 9
microcode	: 0x12
cpu MHz		: 3747.324
cache size	: 8192 KB
physical id	: 0
siblings	: 8
core id		: 1
cpu cores	: 4
apicid		: 2
initial apicid	: 2
fpu		: yes
fpu_exception	: yes
cpuid level	: 13
wp		: yes
flags		: fpu vme de pse tsc msr pae mce cx8 apic sep mtrr pge mca cmov pat pse36 clflush dts acpi mmx fxsr sse sse2 ss ht tm pbe syscall nx rdtscp lm constant_tsc arch_perfmon pebs bts rep_good nopl xtopology nonstop_tsc aperfmperf eagerfpu pni pclmulqdq dtes64 monitor ds_cpl vmx smx est tm2 ssse3 cx16 xtpr pdcm pcid sse4_1 sse4_2 x2apic popcnt tsc_deadline_timer aes xsave avx f16c rdrand lahf_lm ida arat epb pln pts dtherm tpr_shadow vnmi flexpriority ept vpid fsgsbase smep erms xsaveopt
bugs		:
bogomips	: 6984.25
clflush size	: 64
cache_alignment	: 64
address sizes	: 36 bits physical, 48 bits virtual
power management:

processor	: 2
vendor_id	: GenuineIntel
cpu family	: 6
model		: 58
model name	: Intel(R) Xeon(R) CPU E3-1270 V2 @ 3.50GHz
stepping	: 9
microcode	: 0x12
cpu MHz		: 3647.109
cache size	: 8192 KB
physical id	: 0
siblings	: 8
core id		: 2
cpu cores	: 4
apicid		: 4
initial apicid	: 4
fpu		: yes
fpu_exception	: yes
cpuid level	: 13
wp		: yes
flags		: fpu vme de pse tsc msr pae mce cx8 apic sep mtrr pge mca cmov pat pse36 clflush dts acpi mmx fxsr sse sse2 ss ht tm pbe syscall nx rdtscp lm constant_tsc arch_perfmon pebs bts rep_good nopl xtopology nonstop_tsc aperfmperf eagerfpu pni pclmulqdq dtes64 monitor ds_cpl vmx smx est tm2 ssse3 cx16 xtpr pdcm pcid sse4_1 sse4_2 x2apic popcnt tsc_deadline_timer aes xsave avx f16c rdrand lahf_lm ida arat epb pln pts dtherm tpr_shadow vnmi flexpriority ept vpid fsgsbase smep erms xsaveopt
bugs		:
bogomips	: 6984.25
clflush size	: 64
cache_alignment	: 64
address sizes	: 36 bits physical, 48 bits virtual
power management:

processor	: 3
vendor_id	: GenuineIntel
cpu family	: 6
model		: 58
model name	: Intel(R) Xeon(R) CPU E3-1270 V2 @ 3.50GHz
stepping	: 9
microcode	: 0x12
cpu MHz		: 3700.019
cache size	: 8192 KB
physical id	: 0
siblings	: 8
core id		: 3
cpu cores	: 4
apicid		: 6
initial apicid	: 6
fpu		: yes
fpu_exception	: yes
cpuid level	: 13
wp		: yes
flags		: fpu vme de pse tsc msr pae mce cx8 apic sep mtrr pge mca cmov pat pse36 clflush dts acpi mmx fxsr sse sse2 ss ht tm pbe syscall nx rdtscp lm constant_tsc arch_perfmon pebs bts rep_good nopl xtopology nonstop_tsc aperfmperf eagerfpu pni pclmulqdq dtes64 monitor ds_cpl vmx smx est tm2 ssse3 cx16 xtpr pdcm pcid sse4_1 sse4_2 x2apic popcnt tsc_deadline_timer aes xsave avx f16c rdrand lahf_lm ida arat epb pln pts dtherm tpr_shadow vnmi flexpriority ept vpid fsgsbase smep erms xsaveopt
bugs		:
bogomips	: 6984.25
clflush size	: 64
cache_alignment	: 64
address sizes	: 36 bits physical, 48 bits virtual
power management:

processor	: 4
vendor_id	: GenuineIntel
cpu family	: 6
model		: 58
model name	: Intel(R) Xeon(R) CPU E3-1270 V2 @ 3.50GHz
stepping	: 9
microcode	: 0x12
cpu MHz		: 3704.531
cache size	: 8192 KB
physical id	: 0
siblings	: 8
core id		: 0
cpu cores	: 4
apicid		: 1
initial apicid	: 1
fpu		: yes
fpu_exception	: yes
cpuid level	: 13
wp		: yes
flags		: fpu vme de pse tsc msr pae mce cx8 apic sep mtrr pge mca cmov pat pse36 clflush dts acpi mmx fxsr sse sse2 ss ht tm pbe syscall nx rdtscp lm constant_tsc arch_perfmon pebs bts rep_good nopl xtopology nonstop_tsc aperfmperf eagerfpu pni pclmulqdq dtes64 monitor ds_cpl vmx smx est tm2 ssse3 cx16 xtpr pdcm pcid sse4_1 sse4_2 x2apic popcnt tsc_deadline_timer aes xsave avx f16c rdrand lahf_lm ida arat epb pln pts dtherm tpr_shadow vnmi flexpriority ept vpid fsgsbase smep erms xsaveopt
bugs		:
bogomips	: 6984.25
clflush size	: 64
cache_alignment	: 64
address sizes	: 36 bits physical, 48 bits virtual
power management:

processor	: 5
vendor_id	: GenuineIntel
cpu family	: 6
model		: 58
model name	: Intel(R) Xeon(R) CPU E3-1270 V2 @ 3.50GHz
stepping	: 9
microcode	: 0x12
cpu MHz		: 3767.968
cache size	: 8192 KB
physical id	: 0
siblings	: 8
core id		: 1
cpu cores	: 4
apicid		: 3
initial apicid	: 3
fpu		: yes
fpu_exception	: yes
cpuid level	: 13
wp		: yes
flags		: fpu vme de pse tsc msr pae mce cx8 apic sep mtrr pge mca cmov pat pse36 clflush dts acpi mmx fxsr sse sse2 ss ht tm pbe syscall nx rdtscp lm constant_tsc arch_perfmon pebs bts rep_good nopl xtopology nonstop_tsc aperfmperf eagerfpu pni pclmulqdq dtes64 monitor ds_cpl vmx smx est tm2 ssse3 cx16 xtpr pdcm pcid sse4_1 sse4_2 x2apic popcnt tsc_deadline_timer aes xsave avx f16c rdrand lahf_lm ida arat epb pln pts dtherm tpr_shadow vnmi flexpriority ept vpid fsgsbase smep erms xsaveopt
bugs		:
bogomips	: 6984.25
clflush size	: 64
cache_alignment	: 64
address sizes	: 36 bits physical, 48 bits virtual
power management:

processor	: 6
vendor_id	: GenuineIntel
cpu family	: 6
model		: 58
model name	: Intel(R) Xeon(R) CPU E3-1270 V2 @ 3.50GHz
stepping	: 9
microcode	: 0x12
cpu MHz		: 3768.105
cache size	: 8192 KB
physical id	: 0
siblings	: 8
core id		: 2
cpu cores	: 4
apicid		: 5
initial apicid	: 5
fpu		: yes
fpu_exception	: yes
cpuid level	: 13
wp		: yes
flags		: fpu vme de pse tsc msr pae mce cx8 apic sep mtrr pge mca cmov pat pse36 clflush dts acpi mmx fxsr sse sse2 ss ht tm pbe syscall nx rdtscp lm constant_tsc arch_perfmon pebs bts rep_good nopl xtopology nonstop_tsc aperfmperf eagerfpu pni pclmulqdq dtes64 monitor ds_cpl vmx smx est tm2 ssse3 cx16 xtpr pdcm pcid sse4_1 sse4_2 x2apic popcnt tsc_deadline_timer aes xsave avx f16c rdrand lahf_lm ida arat epb pln pts dtherm tpr_shadow vnmi flexpriority ept vpid fsgsbase smep erms xsaveopt
bugs		:
bogomips	: 6984.25
clflush size	: 64
cache_alignment	: 64
address sizes	: 36 bits physical, 48 bits virtual
power management:

processor	: 7
vendor_id	: GenuineIntel
cpu family	: 6
model		: 58
model name	: Intel(R) Xeon(R) CPU E3-1270 V2 @ 3.50GHz
stepping	: 9
microcode	: 0x12
cpu MHz		: 3701.113
cache size	: 8192 KB
physical id	: 0
siblings	: 8
core id		: 3
cpu cores	: 4
apicid		: 7
initial apicid	: 7
fpu		: yes
fpu_exception	: yes
cpuid level	: 13
wp		: yes
flags		: fpu vme de pse tsc msr pae mce cx8 apic sep mtrr pge mca cmov pat pse36 clflush dts acpi mmx fxsr sse sse2 ss ht tm pbe syscall nx rdtscp lm constant_tsc arch_perfmon pebs bts rep_good nopl xtopology nonstop_tsc aperfmperf eagerfpu pni pclmulqdq dtes64 monitor ds_cpl vmx smx est tm2 ssse3 cx16 xtpr pdcm pcid sse4_1 sse4_2 x2apic popcnt tsc_deadline_timer aes xsave avx f16c rdrand lahf_lm ida arat epb pln pts dtherm tpr_shadow vnmi flexpriority ept vpid fsgsbase smep erms xsaveopt
bugs		:
bogomips	: 6984.25
clflush size	: 64
cache_alignment	: 64
address sizes	: 36 bits physical, 48 bits virtual
power management:



Memory: 4k page, physical 16386560k(3609668k free), swap 16730108k(16714356k free)

vm_info: OpenJDK 64-Bit Server VM (24.181-b01) for linux-amd64 JRE (1.7.0_181-b01), built on Jun  8 2018 23:24:55 by "buildd" with gcc 4.8.4

time: Thu May  9 17:51:19 2019
elapsed time: 52 seconds

