#
# A fatal error has been detected by the Java Runtime Environment:
#
#  SIGSEGV (0xb) at pc=0x00007f2c99caaabe, pid=4732, tid=139829545744128
#
# JRE version: OpenJDK Runtime Environment (7.0_181-b01) (build 1.7.0_181-b01)
# Java VM: OpenJDK 64-Bit Server VM (24.181-b01 mixed mode linux-amd64 compressed oops)
# Derivative: IcedTea 2.6.14
# Distribution: Ubuntu 14.04 LTS, package 7u181-2.6.14-0ubuntu0.1
# Problematic frame:
# C  [mtype331.cooja+0x2cabe]  dao_input_storing+0x769
#
# Failed to write core dump. Core dumps have been disabled. To enable core dumping, try "ulimit -c unlimited" before starting Java again
#
# If you would like to submit a bug report, please include
# instructions on how to reproduce the bug and visit:
#   http://icedtea.classpath.org/bugzilla
# The crash happened outside the Java Virtual Machine in native code.
# See problematic frame for where to report the bug.
#

---------------  T H R E A D  ---------------

Current thread (0x00007f2cb43ab000):  JavaThread "Thread-73" [_thread_in_native, id=13888, stack(0x00007f2c9a573000,0x00007f2c9a674000)]

siginfo:si_signo=SIGSEGV: si_errno=0, si_code=1 (SEGV_MAPERR), si_addr=0x000000000000002d

Registers:
RAX=0x0000000000000000, RBX=0x0000000000000000, RCX=0x0000000000000038, RDX=0x00000000ffffffff
RSP=0x00007f2c99ec41d8, RBP=0x00007f2c99ec4288, RSI=0x00000000ffffffff, RDI=0x00007f2c99ec01a0
R8 =0x0000000000000000, R9 =0x00007f2c99ec9040, R10=0x00007f2d1f0bafe0, R11=0x00007f2d1ee84150
R12=0x0000000000000000, R13=0x00000000b697f940, R14=0x0000000099ec04c0, R15=0x00007f2cb43ab000
RIP=0x00007f2c99caaabe, EFLAGS=0x0000000000010246, CSGSFS=0x0000000000000033, ERR=0x0000000000000004
  TRAPNO=0x000000000000000e

Top of Stack: (sp=0x00007f2c99ec41d8)
0x00007f2c99ec41d8:   0006c01e2eec801e 000000007fff00f1
0x00007f2c99ec41e8:   0000000600000014 000000000000002e
0x00007f2c99ec41f8:   0000000100000000 00007f2c99ec9040
0x00007f2c99ec4208:   0000000000000000 00007f2c99ecdd8c
0x00007f2c99ec4218:   00007f2c99ece5e0 00007f2c99ece5f8
0x00007f2c99ec4228:   0000000000000000 0000000000000050
0x00007f2c99ec4238:   0000000000000000 00007f2c99cadd0d
0x00007f2c99ec4248:   00000000000080fe 0800080008000802
0x00007f2c99ec4258:   00000000000000fd 0800080008000802
0x00007f2c99ec4268:   00007f2c99ecdd88 2fedba0371421b00
0x00007f2c99ec4278:   00007f2c99ec42a8 0000000000000000
0x00007f2c99ec4288:   00007f2c99ec42a8 00007f2c99caaff5
0x00007f2c99ec4298:   1e007f2c99ec42c8 00007f2c99ece5e0
0x00007f2c99ec42a8:   00007f2c99ec42d8 00007f2c99cb0f88
0x00007f2c99ec42b8:   00007f2c99ec42d8 ffff009b99ca0802
0x00007f2c99ec42c8:   00007f2c99ec42d8 00007f2c99ec0310
0x00007f2c99ec42d8:   00007f2c99ec4318 00007f2c99ca2600
0x00007f2c99ec42e8:   0000000000000000 0000000100000000
0x00007f2c99ec42f8:   0000000000000000 0000000000000000
0x00007f2c99ec4308:   0000000000000000 0000000000000000
0x00007f2c99ec4318:   00007f2c99ec4328 00007f2c99ca4510
0x00007f2c99ec4328:   00007f2c99ec4378 00007f2c99ca4a25
0x00007f2c99ec4338:   0000000000000000 0000000200000000
0x00007f2c99ec4348:   00007f2c99ec4368 00007f2c99ec03d0
0x00007f2c99ec4358:   00007f2cffffffff 0000000199ec43a8
0x00007f2c99ec4368:   00007f2c99ec43c8 0000000000000000
0x00007f2c99ec4378:   00007f2c99ec43b8 00007f2c99ca4fb4
0x00007f2c99ec4388:   00007f2c99ec43c8 0000000000000000
0x00007f2c99ec4398:   0000000299ec43c8 00007f2c99ec0278
0x00007f2c99ec43a8:   00007f2c99ec03b0 00017f2c99ca0d13
0x00007f2c99ec43b8:   00007f2c99ec43f8 00007f2c99c9b4d4
0x00007f2c99ec43c8:   00007f2c99ec4408 0000000000000000 

Instructions: (pc=0x00007f2c99caaabe)
0x00007f2c99caaa9e:   fe ff e9 5a 04 00 00 e9 55 04 00 00 48 8d 45 c0
0x00007f2c99caaaae:   48 89 c7 e8 ba 24 fe ff 48 89 45 b0 48 8b 45 b0
0x00007f2c99caaabe:   0f b6 40 2d 3c 01 75 56 48 8b 45 b0 48 85 c0 74
0x00007f2c99caaace:   1f 48 8b 45 b0 0f b6 40 0e 0f b6 c0 c1 e0 08 89 

Register to memory mapping:

RAX=0x0000000000000000 is an unknown value
RBX=0x0000000000000000 is an unknown value
RCX=0x0000000000000038 is an unknown value
RDX=0x00000000ffffffff is an unallocated location in the heap
RSP=0x00007f2c99ec41d8: <offset 0x2461d8> in /home/netlab/Backup_sbjeong/xxx 2020/contiki_git_ing/examples/ipv6/rpl-tsch/obj_cooja/mtype331.cooja at 0x00007f2c99c7e000
RBP=0x00007f2c99ec4288: <offset 0x246288> in /home/netlab/Backup_sbjeong/xxx 2020/contiki_git_ing/examples/ipv6/rpl-tsch/obj_cooja/mtype331.cooja at 0x00007f2c99c7e000
RSI=0x00000000ffffffff is an unallocated location in the heap
RDI=0x00007f2c99ec01a0: <offset 0x2421a0> in /home/netlab/Backup_sbjeong/xxx 2020/contiki_git_ing/examples/ipv6/rpl-tsch/obj_cooja/mtype331.cooja at 0x00007f2c99c7e000
R8 =0x0000000000000000 is an unknown value
R9 =0x00007f2c99ec9040: <offset 0x24b040> in /home/netlab/Backup_sbjeong/xxx 2020/contiki_git_ing/examples/ipv6/rpl-tsch/obj_cooja/mtype331.cooja at 0x00007f2c99c7e000
R10=0x00007f2d1f0bafe0: <offset 0x3c0fe0> in /lib/x86_64-linux-gnu/libc.so.6 at 0x00007f2d1ecfa000
R11=0x00007f2d1ee84150: <offset 0x18a150> in /lib/x86_64-linux-gnu/libc.so.6 at 0x00007f2d1ecfa000
R12=0x0000000000000000 is an unknown value
R13=0x00000000b697f940 is an oop
[B 
 - klass: {type array byte}
 - length: 58512
R14=0x0000000099ec04c0 is an unallocated location in the heap
R15=0x00007f2cb43ab000 is a thread


Stack: [0x00007f2c9a573000,0x00007f2c9a674000],  sp=0x00007f2c99ec41d8,  free space=18014398509475140k
Native frames: (J=compiled Java code, j=interpreted, Vv=VM code, C=native code)
C  [mtype331.cooja+0x2cabe]  dao_input_storing+0x769
C  [mtype331.cooja+0x2cff5]  dao_input+0xd2
C  [mtype331.cooja+0x32f88]  uip_icmp6_input+0x53
C  [mtype331.cooja+0x24600]  uip_process+0xc38
C  [mtype331.cooja+0x26510]  packet_input+0x22
C  [mtype331.cooja+0x26a25]  eventhandler+0x250
C  [mtype331.cooja+0x26fb4]  process_thread_tcpip_process+0xc3
C  [mtype331.cooja+0x1d4d4]  call_process+0x66
C  [mtype331.cooja+0x1d859]  process_post_synch+0x39
C  [mtype331.cooja+0x26a4a]  tcpip_input+0x1d
C  [mtype331.cooja+0x21268]  input+0x4cc
C  [mtype331.cooja+0x317f1]  input+0x11
C  [mtype331.cooja+0x1c7c6]  packet_input+0x62
C  [mtype331.cooja+0x1b7e5]  tsch_rx_process_pending+0x114
C  [mtype331.cooja+0x1c3ef]  process_thread_tsch_pending_events_process+0x5f
C  [mtype331.cooja+0x1d4d4]  call_process+0x66
C  [mtype331.cooja+0x1d5c6]  do_poll+0x51
C  [mtype331.cooja+0x1d72b]  process_run+0x14
C  [mtype331.cooja+0x10dd1]  process_run_thread_loop+0x2d

Java frames: (J=compiled Java code, j=interpreted, Vv=VM code)
J 2938  org.contikios.cooja.corecomm.Lib13.tick()V (0 bytes) @ 0x00007f2d153a0c18 [0x00007f2d153a0be0+0x38]
J 2587 C2 org.contikios.cooja.Simulation.run()V (435 bytes) @ 0x00007f2d1524c908 [0x00007f2d1524c620+0x2e8]
j  java.lang.Thread.run()V+11
v  ~StubRoutines::call_stub

---------------  P R O C E S S  ---------------

Java Threads: ( => current thread )
=>0x00007f2cb43ab000 JavaThread "Thread-73" [_thread_in_native, id=13888, stack(0x00007f2c9a573000,0x00007f2c9a674000)]
  0x00007f2c74001800 JavaThread "Thread-71" [_thread_blocked, id=13868, stack(0x00007f2c9ac17000,0x00007f2c9ad18000)]
  0x00007f2cb42c2000 JavaThread "process reaper" daemon [_thread_blocked, id=12767, stack(0x00007f2ccca4c000,0x00007f2ccca85000)]
  0x00007f2c7c003000 JavaThread "Thread-65" [_thread_blocked, id=31536, stack(0x00007f2c9a221000,0x00007f2c9a322000)]
  0x00007f2c7c001800 JavaThread "Thread-59" [_thread_blocked, id=28660, stack(0x00007f2c9b3bc000,0x00007f2c9b4bd000)]
  0x00007f2c84001800 JavaThread "Thread-54" [_thread_blocked, id=27475, stack(0x00007f2c9b06a000,0x00007f2c9b16b000)]
  0x00007f2c8c003000 JavaThread "Thread-47" [_thread_blocked, id=26282, stack(0x00007f2ccca85000,0x00007f2cccb86000)]
  0x00007f2cac06f000 JavaThread "Thread-41" [_thread_blocked, id=25056, stack(0x00007f2c9af69000,0x00007f2c9b06a000)]
  0x00007f2cb4190800 JavaThread "Thread-39" [_thread_blocked, id=23938, stack(0x00007f2ccc0a7000,0x00007f2ccc1a8000)]
  0x00007f2c8c001800 JavaThread "Thread-34" [_thread_blocked, id=22554, stack(0x00007f2c9b70e000,0x00007f2c9b80f000)]
  0x00007f2cac06d800 JavaThread "Thread-29" [_thread_blocked, id=19397, stack(0x00007f2c9ba5f000,0x00007f2c9bb60000)]
  0x00007f2cb0005800 JavaThread "Thread-24" [_thread_blocked, id=25358, stack(0x00007f2ccc4f9000,0x00007f2ccc5fa000)]
  0x00007f2cac06e800 JavaThread "Thread-19" [_thread_blocked, id=24217, stack(0x00007f2ccc1a8000,0x00007f2ccc2a9000)]
  0x00007f2cac069800 JavaThread "Thread-14" [_thread_blocked, id=20285, stack(0x00007f2ccc94b000,0x00007f2ccca4c000)]
  0x00007f2cb0003000 JavaThread "Thread-8" [_thread_blocked, id=17538, stack(0x00007f2ccc84a000,0x00007f2ccc94b000)]
  0x00007f2cac050000 JavaThread "Thread-2" [_thread_blocked, id=5852, stack(0x00007f2ccd30c000,0x00007f2ccd40d000)]
  0x00007f2cb401e000 JavaThread "TimerQueue" daemon [_thread_blocked, id=4758, stack(0x00007f2ccd463000,0x00007f2ccd564000)]
  0x00007f2d1800a000 JavaThread "DestroyJavaVM" [_thread_blocked, id=4737, stack(0x00007f2d1f3d1000,0x00007f2d1f4d2000)]
  0x00007f2d18230800 JavaThread "AWT-EventQueue-0" [_thread_in_Java, id=4757, stack(0x00007f2ccd564000,0x00007f2ccd665000)]
  0x00007f2d182ed800 JavaThread "AWT-Shutdown" [_thread_blocked, id=4756, stack(0x00007f2ccd665000,0x00007f2ccd766000)]
  0x00007f2d182bb800 JavaThread "AWT-XAWT" daemon [_thread_in_native, id=4755, stack(0x00007f2ccda06000,0x00007f2ccdb07000)]
  0x00007f2d182a4800 JavaThread "Java2D Disposer" daemon [_thread_blocked, id=4754, stack(0x00007f2ccdf33000,0x00007f2cce034000)]
  0x00007f2d180b1000 JavaThread "Service Thread" daemon [_thread_blocked, id=4752, stack(0x00007f2d05ad0000,0x00007f2d05bd1000)]
  0x00007f2d180ae800 JavaThread "C2 CompilerThread1" daemon [_thread_blocked, id=4751, stack(0x00007f2d05bd1000,0x00007f2d05cd2000)]
  0x00007f2d180ac000 JavaThread "C2 CompilerThread0" daemon [_thread_blocked, id=4750, stack(0x00007f2d05cd2000,0x00007f2d05dd3000)]
  0x00007f2d180a9800 JavaThread "Signal Dispatcher" daemon [_thread_blocked, id=4749, stack(0x00007f2d05dd3000,0x00007f2d05ed4000)]
  0x00007f2d18087000 JavaThread "Finalizer" daemon [_thread_blocked, id=4748, stack(0x00007f2d066e7000,0x00007f2d067e8000)]
  0x00007f2d18085000 JavaThread "Reference Handler" daemon [_thread_blocked, id=4747, stack(0x00007f2d067e8000,0x00007f2d068e9000)]

Other Threads:
  0x00007f2d18080800 VMThread [stack: 0x00007f2d068e9000,0x00007f2d069ea000] [id=4746]
  0x00007f2d180bc000 WatcherThread [stack: 0x00007f2d059cf000,0x00007f2d05ad0000] [id=4753]

VM state:not at safepoint (normal execution)

VM Mutex/Monitor currently owned by a thread: None

Heap
 PSYoungGen      total 203264K, used 8735K [0x00000000e0000000, 0x00000000fab80000, 0x0000000100000000)
  eden space 202752K, 4% used [0x00000000e0000000,0x00000000e0827e20,0x00000000ec600000)
  from space 512K, 75% used [0x00000000fab00000,0x00000000fab60000,0x00000000fab80000)
  to   space 3072K, 0% used [0x00000000fa580000,0x00000000fa580000,0x00000000fa880000)
 ParOldGen       total 449024K, used 373865K [0x00000000a0000000, 0x00000000bb680000, 0x00000000e0000000)
  object space 449024K, 83% used [0x00000000a0000000,0x00000000b6d1a798,0x00000000bb680000)
 PSPermGen       total 28672K, used 26514K [0x0000000095a00000, 0x0000000097600000, 0x00000000a0000000)
  object space 28672K, 92% used [0x0000000095a00000,0x00000000973e4a50,0x0000000097600000)

Card table byte_map: [0x00007f2d14aa3000,0x00007f2d14df7000] byte_map_base: 0x00007f2d145f6000

Polling page: 0x00007f2d1f4f1000

Code Cache  [0x00007f2d14df7000, 0x00007f2d15517000, 0x00007f2d17df7000)
 total_blobs=2792 nmethods=2201 adapters=541 free_code_cache=42003Kb largest_free_block=42892288

Compilation events (10 events):
Event: 172620.566 Thread 0x00007f2d180ac000 2933             javax.swing.text.FlowView$FlowStrategy::layout (188 bytes)
Event: 172620.566 Thread 0x00007f2d180ae800 2934             javax.swing.text.BoxView::layoutMinorAxis (102 bytes)
Event: 172620.581 Thread 0x00007f2d180ac000 nmethod 2933 0x00007f2d152d1790 code [0x00007f2d152d19c0, 0x00007f2d152d25c8]
Event: 172620.582 Thread 0x00007f2d180ae800 nmethod 2934 0x00007f2d152d3b50 code [0x00007f2d152d3dc0, 0x00007f2d152d4868]
Event: 172621.094 Thread 0x00007f2d180ac000 2935             org.contikios.cooja.util.IPUtils::getCompressedIPv6AddressString (243 bytes)
Event: 172621.124 Thread 0x00007f2d180ac000 nmethod 2935 0x00007f2d152ccb10 code [0x00007f2d152ccd20, 0x00007f2d152cde78]
Event: 172624.428 Thread 0x00007f2d180ae800 2939 %           javax.swing.DefaultRowSorter::initializeFilteredMapping @ 18 (107 bytes)
Event: 172624.435 Thread 0x00007f2d180ae800 nmethod 2939% 0x00007f2d1539fb50 code [0x00007f2d1539fd20, 0x00007f2d153a0408]
Event: 172624.543 Thread 0x00007f2d180ac000 2940             javax.swing.DefaultRowSorter::initializeFilteredMapping (107 bytes)
Event: 172624.549 Thread 0x00007f2d180ac000 nmethod 2940 0x00007f2d152cbc10 code [0x00007f2d152cbde0, 0x00007f2d152cc4c0]

GC Heap History (10 events):
Event: 172624.783 GC heap before
{Heap before GC invocations=1995 (full 21):
 PSYoungGen      total 148480K, used 148209K [0x00000000e0000000, 0x00000000fb280000, 0x0000000100000000)
  eden space 146432K, 100% used [0x00000000e0000000,0x00000000e8f00000,0x00000000e8f00000)
  from space 2048K, 86% used [0x00000000fad80000,0x00000000faf3c5e0,0x00000000faf80000)
  to   space 3072K, 0% used [0x00000000faf80000,0x00000000faf80000,0x00000000fb280000)
 ParOldGen       total 449024K, used 372114K [0x00000000a0000000, 0x00000000bb680000, 0x00000000e0000000)
  object space 449024K, 82% used [0x00000000a0000000,0x00000000b6b64858,0x00000000bb680000)
 PSPermGen       total 28672K, used 26514K [0x0000000095a00000, 0x0000000097600000, 0x00000000a0000000)
  object space 28672K, 92% used [0x0000000095a00000,0x00000000973e4a50,0x0000000097600000)
Event: 172624.786 GC heap after
Heap after GC invocations=1995 (full 21):
 PSYoungGen      total 170496K, used 1809K [0x00000000e0000000, 0x00000000fb180000, 0x0000000100000000)
  eden space 168448K, 0% used [0x00000000e0000000,0x00000000e0000000,0x00000000ea480000)
  from space 2048K, 88% used [0x00000000faf80000,0x00000000fb1445e0,0x00000000fb180000)
  to   space 3072K, 0% used [0x00000000fab80000,0x00000000fab80000,0x00000000fae80000)
 ParOldGen       total 449024K, used 372122K [0x00000000a0000000, 0x00000000bb680000, 0x00000000e0000000)
  object space 449024K, 82% used [0x00000000a0000000,0x00000000b6b66858,0x00000000bb680000)
 PSPermGen       total 28672K, used 26514K [0x0000000095a00000, 0x0000000097600000, 0x00000000a0000000)
  object space 28672K, 92% used [0x0000000095a00000,0x00000000973e4a50,0x0000000097600000)
}
Event: 172626.085 GC heap before
{Heap before GC invocations=1996 (full 21):
 PSYoungGen      total 170496K, used 170257K [0x00000000e0000000, 0x00000000fb180000, 0x0000000100000000)
  eden space 168448K, 100% used [0x00000000e0000000,0x00000000ea480000,0x00000000ea480000)
  from space 2048K, 88% used [0x00000000faf80000,0x00000000fb1445e0,0x00000000fb180000)
  to   space 3072K, 0% used [0x00000000fab80000,0x00000000fab80000,0x00000000fae80000)
 ParOldGen       total 449024K, used 372122K [0x00000000a0000000, 0x00000000bb680000, 0x00000000e0000000)
  object space 449024K, 82% used [0x00000000a0000000,0x00000000b6b66858,0x00000000bb680000)
 PSPermGen       total 28672K, used 26514K [0x0000000095a00000, 0x0000000097600000, 0x00000000a0000000)
  object space 28672K, 92% used [0x0000000095a00000,0x00000000973e4a50,0x0000000097600000)
Event: 172626.087 GC heap after
Heap after GC invocations=1996 (full 21):
 PSYoungGen      total 193536K, used 1873K [0x00000000e0000000, 0x00000000fb000000, 0x0000000100000000)
  eden space 191488K, 0% used [0x00000000e0000000,0x00000000e0000000,0x00000000ebb00000)
  from space 2048K, 91% used [0x00000000fab80000,0x00000000fad545e0,0x00000000fad80000)
  to   space 2560K, 0% used [0x00000000fad80000,0x00000000fad80000,0x00000000fb000000)
 ParOldGen       total 449024K, used 372154K [0x00000000a0000000, 0x00000000bb680000, 0x00000000e0000000)
  object space 449024K, 82% used [0x00000000a0000000,0x00000000b6b6e858,0x00000000bb680000)
 PSPermGen       total 28672K, used 26514K [0x0000000095a00000, 0x0000000097600000, 0x00000000a0000000)
  object space 28672K, 92% used [0x0000000095a00000,0x00000000973e4a50,0x0000000097600000)
}
Event: 172628.085 GC heap before
{Heap before GC invocations=1997 (full 21):
 PSYoungGen      total 193536K, used 193361K [0x00000000e0000000, 0x00000000fb000000, 0x0000000100000000)
  eden space 191488K, 100% used [0x00000000e0000000,0x00000000ebb00000,0x00000000ebb00000)
  from space 2048K, 91% used [0x00000000fab80000,0x00000000fad545e0,0x00000000fad80000)
  to   space 2560K, 0% used [0x00000000fad80000,0x00000000fad80000,0x00000000fb000000)
 ParOldGen       total 449024K, used 372154K [0x00000000a0000000, 0x00000000bb680000, 0x00000000e0000000)
  object space 449024K, 82% used [0x00000000a0000000,0x00000000b6b6e878,0x00000000bb680000)
 PSPermGen       total 28672K, used 26514K [0x0000000095a00000, 0x0000000097600000, 0x00000000a0000000)
  object space 28672K, 92% used [0x0000000095a00000,0x00000000973e4a50,0x0000000097600000)
Event: 172628.087 GC heap after
Heap after GC invocations=1997 (full 21):
 PSYoungGen      total 216576K, used 576K [0x00000000e0000000, 0x00000000fae80000, 0x0000000100000000)
  eden space 215552K, 0% used [0x00000000e0000000,0x00000000e0000000,0x00000000ed280000)
  from space 1024K, 56% used [0x00000000fad80000,0x00000000fae10000,0x00000000fae80000)
  to   space 3072K, 0% used [0x00000000fa880000,0x00000000fa880000,0x00000000fab80000)
 ParOldGen       total 449024K, used 373495K [0x00000000a0000000, 0x00000000bb680000, 0x00000000e0000000)
  object space 449024K, 83% used [0x00000000a0000000,0x00000000b6cbdfd8,0x00000000bb680000)
 PSPermGen       total 28672K, used 26514K [0x0000000095a00000, 0x0000000097600000, 0x00000000a0000000)
  object space 28672K, 92% used [0x0000000095a00000,0x00000000973e4a50,0x0000000097600000)
}
Event: 172629.789 GC heap before
{Heap before GC invocations=1998 (full 21):
 PSYoungGen      total 216576K, used 216128K [0x00000000e0000000, 0x00000000fae80000, 0x0000000100000000)
  eden space 215552K, 100% used [0x00000000e0000000,0x00000000ed280000,0x00000000ed280000)
  from space 1024K, 56% used [0x00000000fad80000,0x00000000fae10000,0x00000000fae80000)
  to   space 3072K, 0% used [0x00000000fa880000,0x00000000fa880000,0x00000000fab80000)
 ParOldGen       total 449024K, used 373498K [0x00000000a0000000, 0x00000000bb680000, 0x00000000e0000000)
  object space 449024K, 83% used [0x00000000a0000000,0x00000000b6cbeaa8,0x00000000bb680000)
 PSPermGen       total 28672K, used 26514K [0x0000000095a00000, 0x0000000097600000, 0x00000000a0000000)
  object space 28672K, 92% used [0x0000000095a00000,0x00000000973e4a50,0x0000000097600000)
Event: 172629.791 GC heap after
Heap after GC invocations=1998 (full 21):
 PSYoungGen      total 209408K, used 416K [0x00000000e0000000, 0x00000000fae00000, 0x0000000100000000)
  eden space 208896K, 0% used [0x00000000e0000000,0x00000000e0000000,0x00000000ecc00000)
  from space 512K, 81% used [0x00000000fa880000,0x00000000fa8e8000,0x00000000fa900000)
  to   space 3072K, 0% used [0x00000000fab00000,0x00000000fab00000,0x00000000fae00000)
 ParOldGen       total 449024K, used 373712K [0x00000000a0000000, 0x00000000bb680000, 0x00000000e0000000)
  object space 449024K, 83% used [0x00000000a0000000,0x00000000b6cf43d8,0x00000000bb680000)
 PSPermGen       total 28672K, used 26514K [0x0000000095a00000, 0x0000000097600000, 0x00000000a0000000)
  object space 28672K, 92% used [0x0000000095a00000,0x00000000973e4a50,0x0000000097600000)
}
Event: 172631.657 GC heap before
{Heap before GC invocations=1999 (full 21):
 PSYoungGen      total 209408K, used 209312K [0x00000000e0000000, 0x00000000fae00000, 0x0000000100000000)
  eden space 208896K, 100% used [0x00000000e0000000,0x00000000ecc00000,0x00000000ecc00000)
  from space 512K, 81% used [0x00000000fa880000,0x00000000fa8e8000,0x00000000fa900000)
  to   space 3072K, 0% used [0x00000000fab00000,0x00000000fab00000,0x00000000fae00000)
 ParOldGen       total 449024K, used 373712K [0x00000000a0000000, 0x00000000bb680000, 0x00000000e0000000)
  object space 449024K, 83% used [0x00000000a0000000,0x00000000b6cf43d8,0x00000000bb680000)
 PSPermGen       total 28672K, used 26514K [0x0000000095a00000, 0x0000000097600000, 0x00000000a0000000)
  object space 28672K, 92% used [0x0000000095a00000,0x00000000973e4a50,0x0000000097600000)
Event: 172631.659 GC heap after
Heap after GC invocations=1999 (full 21):
 PSYoungGen      total 203264K, used 384K [0x00000000e0000000, 0x00000000fab80000, 0x0000000100000000)
  eden space 202752K, 0% used [0x00000000e0000000,0x00000000e0000000,0x00000000ec600000)
  from space 512K, 75% used [0x00000000fab00000,0x00000000fab60000,0x00000000fab80000)
  to   space 3072K, 0% used [0x00000000fa580000,0x00000000fa580000,0x00000000fa880000)
 ParOldGen       total 449024K, used 373865K [0x00000000a0000000, 0x00000000bb680000, 0x00000000e0000000)
  object space 449024K, 83% used [0x00000000a0000000,0x00000000b6d1a798,0x00000000bb680000)
 PSPermGen       total 28672K, used 26514K [0x0000000095a00000, 0x0000000097600000, 0x00000000a0000000)
  object space 28672K, 92% used [0x0000000095a00000,0x00000000973e4a50,0x0000000097600000)
}

Deoptimization events (10 events):
Event: 153402.091 Thread 0x00007f2d18230800 Uncommon trap: reason=unstable_if action=reinterpret pc=0x00007f2d14ed67f8 method=sun.font.FileFontStrike.getSlot0GlyphImagePtrs([I[JI)I @ 35
Event: 154323.245 Thread 0x00007f2d18230800 Uncommon trap: reason=null_check action=make_not_entrant pc=0x00007f2d1502ddc8 method=javax.swing.text.html.HTML.getTagForStyleConstantsKey(Ljavax/swing/text/StyleConstants;)Ljavax/swing/text/html/HTML$Tag; @ 7
Event: 154441.577 Thread 0x00007f2d18230800 Uncommon trap: reason=null_check action=make_not_entrant pc=0x00007f2d153653c4 method=javax.swing.text.GapContent$MarkData.getPosition()Ljavax/swing/text/GapContent$StickyPosition; @ 4
Event: 158145.117 Thread 0x00007f2cb43ab000 Uncommon trap: reason=unstable_if action=reinterpret pc=0x00007f2d150cb880 method=org.contikios.cooja.plugins.LogListener.registerNewLogOutput(Lorg/contikios/cooja/SimEventCentral$LogOutputEvent;)V @ 15
Event: 158145.127 Thread 0x00007f2d18230800 Uncommon trap: reason=unstable_if action=reinterpret pc=0x00007f2d15192620 method=org.contikios.cooja.plugins.LogListener.getFormattedTime(J)Ljava/lang/String; @ 66
Event: 158145.611 Thread 0x00007f2cb43ab000 Uncommon trap: reason=unstable_if action=reinterpret pc=0x00007f2d150e01c8 method=org.contikios.cooja.plugins.LogListener.registerNewLogOutput(Lorg/contikios/cooja/SimEventCentral$LogOutputEvent;)V @ 4
Event: 172608.978 Thread 0x00007f2d18230800 Uncommon trap: reason=predicate action=maybe_recompile pc=0x00007f2d14ed65fc method=java.util.Arrays.fill([Ljava/lang/Object;Ljava/lang/Object;)V @ 10
Event: 172613.327 Thread 0x00007f2d182bb800 Uncommon trap: reason=unstable_if action=reinterpret pc=0x00007f2d1540d5d8 method=sun.awt.X11.XToolkit.processGlobalMotionEvent(Lsun/awt/X11/XEvent;)V @ 21
Event: 172623.547 Thread 0x00007f2d18230800 Uncommon trap: reason=unstable_if action=reinterpret pc=0x00007f2d15006d94 method=org.contikios.cooja.plugins.LogListener$16.include(Ljavax/swing/RowFilter$Entry;)Z @ 4
Event: 172623.615 Thread 0x00007f2d18230800 Uncommon trap: reason=unstable_if action=reinterpret pc=0x00007f2d153f216c method=org.contikios.cooja.plugins.LogListener$16.include(Ljavax/swing/RowFilter$Entry;)Z @ 4

Internal exceptions (10 events):
Event: 157997.415 Thread 0x00007f2cb43ab000 Threw 0x00000000e699bb60 at /build/openjdk-7-7bXZEq/openjdk-7-7u181-2.6.14/build/openjdk/hotspot/src/share/vm/prims/jvm.cpp:1367
Event: 172606.479 Thread 0x00007f2d18230800 Threw 0x00000000e25f6a40 at /build/openjdk-7-7bXZEq/openjdk-7-7u181-2.6.14/build/openjdk/hotspot/src/share/vm/prims/jni.cpp:748
Event: 172607.774 Thread 0x00007f2d18230800 Threw 0x00000000e058e7f0 at /build/openjdk-7-7bXZEq/openjdk-7-7u181-2.6.14/build/openjdk/hotspot/src/share/vm/prims/jni.cpp:748
Event: 172619.894 Thread 0x00007f2cb43ab000 Threw 0x00000000e0442760 at /build/openjdk-7-7bXZEq/openjdk-7-7u181-2.6.14/build/openjdk/hotspot/src/share/vm/prims/jvm.cpp:1367
Event: 172620.470 Thread 0x00007f2cb43ab000 Threw 0x00000000e2c75b30 at /build/openjdk-7-7bXZEq/openjdk-7-7u181-2.6.14/build/openjdk/hotspot/src/share/vm/prims/jvm.cpp:1367
Event: 172620.470 Thread 0x00007f2cb43ab000 Threw 0x00000000e2c76db0 at /build/openjdk-7-7bXZEq/openjdk-7-7u181-2.6.14/build/openjdk/hotspot/src/share/vm/prims/jvm.cpp:1367
Event: 172620.470 Thread 0x00007f2cb43ab000 Threw 0x00000000e2c77560 at /build/openjdk-7-7bXZEq/openjdk-7-7u181-2.6.14/build/openjdk/hotspot/src/share/vm/prims/jvm.cpp:1367
Event: 172620.470 Thread 0x00007f2cb43ab000 Threw 0x00000000e2c787e0 at /build/openjdk-7-7bXZEq/openjdk-7-7u181-2.6.14/build/openjdk/hotspot/src/share/vm/prims/jvm.cpp:1367
Event: 172623.547 Thread 0x00007f2d18230800 Implicit null exception at 0x00007f2d150068b3 to 0x00007f2d15006d6d
Event: 172623.615 Thread 0x00007f2d18230800 Implicit null exception at 0x00007f2d153f1583 to 0x00007f2d153f214d

Events (10 events):
Event: 172626.085 Executing VM operation: ParallelGCFailedAllocation
Event: 172626.087 Executing VM operation: ParallelGCFailedAllocation done
Event: 172628.085 Executing VM operation: ParallelGCFailedAllocation
Event: 172628.085 Executing VM operation: ParallelGCFailedAllocation done
Event: 172628.085 Executing VM operation: ParallelGCSystemGC
Event: 172628.087 Executing VM operation: ParallelGCSystemGC done
Event: 172629.789 Executing VM operation: ParallelGCFailedAllocation
Event: 172629.791 Executing VM operation: ParallelGCFailedAllocation done
Event: 172631.657 Executing VM operation: ParallelGCFailedAllocation
Event: 172631.659 Executing VM operation: ParallelGCFailedAllocation done


Dynamic libraries:
00400000-00401000 r-xp 00000000 08:01 5770552                            /usr/lib/jvm/java-7-openjdk-amd64/jre/bin/java
00600000-00601000 r--p 00000000 08:01 5770552                            /usr/lib/jvm/java-7-openjdk-amd64/jre/bin/java
00601000-00602000 rw-p 00001000 08:01 5770552                            /usr/lib/jvm/java-7-openjdk-amd64/jre/bin/java
00a11000-00a32000 rw-p 00000000 00:00 0                                  [heap]
95a00000-97600000 rw-p 00000000 00:00 0 
97600000-98c80000 ---p 00000000 00:00 0 
98c80000-a0000000 rw-p 00000000 00:00 0 
a0000000-bb680000 rw-p 00000000 00:00 0 
bb680000-e0000000 rw-p 00000000 00:00 0 
e0000000-fab80000 rw-p 00000000 00:00 0 
fab80000-100000000 ---p 00000000 00:00 0 
7f2c68000000-7f2c68021000 rw-p 00000000 00:00 0 
7f2c68021000-7f2c6c000000 ---p 00000000 00:00 0 
7f2c6c000000-7f2c6c021000 rw-p 00000000 00:00 0 
7f2c6c021000-7f2c70000000 ---p 00000000 00:00 0 
7f2c70000000-7f2c70021000 rw-p 00000000 00:00 0 
7f2c70021000-7f2c74000000 ---p 00000000 00:00 0 
7f2c74000000-7f2c74021000 rw-p 00000000 00:00 0 
7f2c74021000-7f2c78000000 ---p 00000000 00:00 0 
7f2c78000000-7f2c78021000 rw-p 00000000 00:00 0 
7f2c78021000-7f2c7c000000 ---p 00000000 00:00 0 
7f2c7c000000-7f2c7c021000 rw-p 00000000 00:00 0 
7f2c7c021000-7f2c80000000 ---p 00000000 00:00 0 
7f2c80000000-7f2c80021000 rw-p 00000000 00:00 0 
7f2c80021000-7f2c84000000 ---p 00000000 00:00 0 
7f2c84000000-7f2c84032000 rw-p 00000000 00:00 0 
7f2c84032000-7f2c88000000 ---p 00000000 00:00 0 
7f2c88000000-7f2c88021000 rw-p 00000000 00:00 0 
7f2c88021000-7f2c8c000000 ---p 00000000 00:00 0 
7f2c8c000000-7f2c8c05b000 rw-p 00000000 00:00 0 
7f2c8c05b000-7f2c90000000 ---p 00000000 00:00 0 
7f2c90000000-7f2c90021000 rw-p 00000000 00:00 0 
7f2c90021000-7f2c94000000 ---p 00000000 00:00 0 
7f2c94000000-7f2c94021000 rw-p 00000000 00:00 0 
7f2c94021000-7f2c98000000 ---p 00000000 00:00 0 
7f2c99c7e000-7f2c99cbe000 r-xp 00000000 08:01 2109577                    /home/netlab/Backup_sbjeong/xxx 2020/contiki_git_ing/examples/ipv6/rpl-tsch/obj_cooja/mtype331.cooja
7f2c99cbe000-7f2c99ebe000 ---p 00040000 08:01 2109577                    /home/netlab/Backup_sbjeong/xxx 2020/contiki_git_ing/examples/ipv6/rpl-tsch/obj_cooja/mtype331.cooja
7f2c99ebe000-7f2c99ebf000 r--p 00040000 08:01 2109577                    /home/netlab/Backup_sbjeong/xxx 2020/contiki_git_ing/examples/ipv6/rpl-tsch/obj_cooja/mtype331.cooja
7f2c99ebf000-7f2c99ec1000 rw-p 00041000 08:01 2109577                    /home/netlab/Backup_sbjeong/xxx 2020/contiki_git_ing/examples/ipv6/rpl-tsch/obj_cooja/mtype331.cooja
7f2c99ec1000-7f2c99ecf000 rw-p 00000000 00:00 0 
7f2c99ecf000-7f2c99ed2000 ---p 00000000 00:00 0 
7f2c99ed2000-7f2c99fd0000 rw-p 00000000 00:00 0 
7f2c99fd0000-7f2c9a010000 r-xp 00000000 08:01 2109575                    /home/netlab/Backup_sbjeong/xxx 2020/contiki_git_ing/examples/ipv6/rpl-tsch/obj_cooja/mtype659.cooja (deleted)
7f2c9a010000-7f2c9a210000 ---p 00040000 08:01 2109575                    /home/netlab/Backup_sbjeong/xxx 2020/contiki_git_ing/examples/ipv6/rpl-tsch/obj_cooja/mtype659.cooja (deleted)
7f2c9a210000-7f2c9a211000 r--p 00040000 08:01 2109575                    /home/netlab/Backup_sbjeong/xxx 2020/contiki_git_ing/examples/ipv6/rpl-tsch/obj_cooja/mtype659.cooja (deleted)
7f2c9a211000-7f2c9a213000 rw-p 00041000 08:01 2109575                    /home/netlab/Backup_sbjeong/xxx 2020/contiki_git_ing/examples/ipv6/rpl-tsch/obj_cooja/mtype659.cooja (deleted)
7f2c9a213000-7f2c9a221000 rw-p 00000000 00:00 0 
7f2c9a221000-7f2c9a224000 ---p 00000000 00:00 0 
7f2c9a224000-7f2c9a322000 rw-p 00000000 00:00 0 
7f2c9a322000-7f2c9a362000 r-xp 00000000 08:01 2109573                    /home/netlab/Backup_sbjeong/xxx 2020/contiki_git_ing/examples/ipv6/rpl-tsch/obj_cooja/mtype277.cooja (deleted)
7f2c9a362000-7f2c9a562000 ---p 00040000 08:01 2109573                    /home/netlab/Backup_sbjeong/xxx 2020/contiki_git_ing/examples/ipv6/rpl-tsch/obj_cooja/mtype277.cooja (deleted)
7f2c9a562000-7f2c9a563000 r--p 00040000 08:01 2109573                    /home/netlab/Backup_sbjeong/xxx 2020/contiki_git_ing/examples/ipv6/rpl-tsch/obj_cooja/mtype277.cooja (deleted)
7f2c9a563000-7f2c9a565000 rw-p 00041000 08:01 2109573                    /home/netlab/Backup_sbjeong/xxx 2020/contiki_git_ing/examples/ipv6/rpl-tsch/obj_cooja/mtype277.cooja (deleted)
7f2c9a565000-7f2c9a573000 rw-p 00000000 00:00 0 
7f2c9a573000-7f2c9a576000 ---p 00000000 00:00 0 
7f2c9a576000-7f2c9a674000 rw-p 00000000 00:00 0 
7f2c9a674000-7f2c9a6b4000 r-xp 00000000 08:01 2109571                    /home/netlab/Backup_sbjeong/xxx 2020/contiki_git_ing/examples/ipv6/rpl-tsch/obj_cooja/mtype332.cooja (deleted)
7f2c9a6b4000-7f2c9a8b4000 ---p 00040000 08:01 2109571                    /home/netlab/Backup_sbjeong/xxx 2020/contiki_git_ing/examples/ipv6/rpl-tsch/obj_cooja/mtype332.cooja (deleted)
7f2c9a8b4000-7f2c9a8b5000 r--p 00040000 08:01 2109571                    /home/netlab/Backup_sbjeong/xxx 2020/contiki_git_ing/examples/ipv6/rpl-tsch/obj_cooja/mtype332.cooja (deleted)
7f2c9a8b5000-7f2c9a8b7000 rw-p 00041000 08:01 2109571                    /home/netlab/Backup_sbjeong/xxx 2020/contiki_git_ing/examples/ipv6/rpl-tsch/obj_cooja/mtype332.cooja (deleted)
7f2c9a8b7000-7f2c9a8c5000 rw-p 00000000 00:00 0 
7f2c9a8c5000-7f2c9a8c8000 ---p 00000000 00:00 0 
7f2c9a8c8000-7f2c9a9c6000 rw-p 00000000 00:00 0 
7f2c9a9c6000-7f2c9aa06000 r-xp 00000000 08:01 2109569                    /home/netlab/Backup_sbjeong/xxx 2020/contiki_git_ing/examples/ipv6/rpl-tsch/obj_cooja/mtype484.cooja (deleted)
7f2c9aa06000-7f2c9ac06000 ---p 00040000 08:01 2109569                    /home/netlab/Backup_sbjeong/xxx 2020/contiki_git_ing/examples/ipv6/rpl-tsch/obj_cooja/mtype484.cooja (deleted)
7f2c9ac06000-7f2c9ac07000 r--p 00040000 08:01 2109569                    /home/netlab/Backup_sbjeong/xxx 2020/contiki_git_ing/examples/ipv6/rpl-tsch/obj_cooja/mtype484.cooja (deleted)
7f2c9ac07000-7f2c9ac09000 rw-p 00041000 08:01 2109569                    /home/netlab/Backup_sbjeong/xxx 2020/contiki_git_ing/examples/ipv6/rpl-tsch/obj_cooja/mtype484.cooja (deleted)
7f2c9ac09000-7f2c9ac17000 rw-p 00000000 00:00 0 
7f2c9ac17000-7f2c9ac1a000 ---p 00000000 00:00 0 
7f2c9ac1a000-7f2c9ad18000 rw-p 00000000 00:00 0 
7f2c9ad18000-7f2c9ad58000 r-xp 00000000 08:01 2109567                    /home/netlab/Backup_sbjeong/xxx 2020/contiki_git_ing/examples/ipv6/rpl-tsch/obj_cooja/mtype914.cooja (deleted)
7f2c9ad58000-7f2c9af58000 ---p 00040000 08:01 2109567                    /home/netlab/Backup_sbjeong/xxx 2020/contiki_git_ing/examples/ipv6/rpl-tsch/obj_cooja/mtype914.cooja (deleted)
7f2c9af58000-7f2c9af59000 r--p 00040000 08:01 2109567                    /home/netlab/Backup_sbjeong/xxx 2020/contiki_git_ing/examples/ipv6/rpl-tsch/obj_cooja/mtype914.cooja (deleted)
7f2c9af59000-7f2c9af5b000 rw-p 00041000 08:01 2109567                    /home/netlab/Backup_sbjeong/xxx 2020/contiki_git_ing/examples/ipv6/rpl-tsch/obj_cooja/mtype914.cooja (deleted)
7f2c9af5b000-7f2c9af69000 rw-p 00000000 00:00 0 
7f2c9af69000-7f2c9af6c000 ---p 00000000 00:00 0 
7f2c9af6c000-7f2c9b06a000 rw-p 00000000 00:00 0 
7f2c9b06a000-7f2c9b06d000 ---p 00000000 00:00 0 
7f2c9b06d000-7f2c9b16b000 rw-p 00000000 00:00 0 
7f2c9b16b000-7f2c9b1ab000 r-xp 00000000 08:01 2109565                    /home/netlab/Backup_sbjeong/xxx 2020/contiki_git_ing/examples/ipv6/rpl-tsch/obj_cooja/mtype628.cooja (deleted)
7f2c9b1ab000-7f2c9b3ab000 ---p 00040000 08:01 2109565                    /home/netlab/Backup_sbjeong/xxx 2020/contiki_git_ing/examples/ipv6/rpl-tsch/obj_cooja/mtype628.cooja (deleted)
7f2c9b3ab000-7f2c9b3ac000 r--p 00040000 08:01 2109565                    /home/netlab/Backup_sbjeong/xxx 2020/contiki_git_ing/examples/ipv6/rpl-tsch/obj_cooja/mtype628.cooja (deleted)
7f2c9b3ac000-7f2c9b3ae000 rw-p 00041000 08:01 2109565                    /home/netlab/Backup_sbjeong/xxx 2020/contiki_git_ing/examples/ipv6/rpl-tsch/obj_cooja/mtype628.cooja (deleted)
7f2c9b3ae000-7f2c9b3bc000 rw-p 00000000 00:00 0 
7f2c9b3bc000-7f2c9b3bf000 ---p 00000000 00:00 0 
7f2c9b3bf000-7f2c9b4bd000 rw-p 00000000 00:00 0 
7f2c9b4bd000-7f2c9b4fd000 r-xp 00000000 08:01 2109563                    /home/netlab/Backup_sbjeong/xxx 2020/contiki_git_ing/examples/ipv6/rpl-tsch/obj_cooja/mtype388.cooja (deleted)
7f2c9b4fd000-7f2c9b6fd000 ---p 00040000 08:01 2109563                    /home/netlab/Backup_sbjeong/xxx 2020/contiki_git_ing/examples/ipv6/rpl-tsch/obj_cooja/mtype388.cooja (deleted)
7f2c9b6fd000-7f2c9b6fe000 r--p 00040000 08:01 2109563                    /home/netlab/Backup_sbjeong/xxx 2020/contiki_git_ing/examples/ipv6/rpl-tsch/obj_cooja/mtype388.cooja (deleted)
7f2c9b6fe000-7f2c9b700000 rw-p 00041000 08:01 2109563                    /home/netlab/Backup_sbjeong/xxx 2020/contiki_git_ing/examples/ipv6/rpl-tsch/obj_cooja/mtype388.cooja (deleted)
7f2c9b700000-7f2c9b70e000 rw-p 00000000 00:00 0 
7f2c9b70e000-7f2c9b711000 ---p 00000000 00:00 0 
7f2c9b711000-7f2c9b80f000 rw-p 00000000 00:00 0 
7f2c9b80f000-7f2c9b84f000 r-xp 00000000 08:01 2109549                    /home/netlab/Backup_sbjeong/xxx 2020/contiki_git_ing/examples/ipv6/rpl-tsch/obj_cooja/mtype747.cooja (deleted)
7f2c9b84f000-7f2c9ba4e000 ---p 00040000 08:01 2109549                    /home/netlab/Backup_sbjeong/xxx 2020/contiki_git_ing/examples/ipv6/rpl-tsch/obj_cooja/mtype747.cooja (deleted)
7f2c9ba4e000-7f2c9ba4f000 r--p 0003f000 08:01 2109549                    /home/netlab/Backup_sbjeong/xxx 2020/contiki_git_ing/examples/ipv6/rpl-tsch/obj_cooja/mtype747.cooja (deleted)
7f2c9ba4f000-7f2c9ba51000 rw-p 00040000 08:01 2109549                    /home/netlab/Backup_sbjeong/xxx 2020/contiki_git_ing/examples/ipv6/rpl-tsch/obj_cooja/mtype747.cooja (deleted)
7f2c9ba51000-7f2c9ba5f000 rw-p 00000000 00:00 0 
7f2c9ba5f000-7f2c9ba62000 ---p 00000000 00:00 0 
7f2c9ba62000-7f2c9bb60000 rw-p 00000000 00:00 0 
7f2c9bb60000-7f2c9bba0000 r-xp 00000000 08:01 2109547                    /home/netlab/Backup_sbjeong/xxx 2020/contiki_git_ing/examples/ipv6/rpl-tsch/obj_cooja/mtype981.cooja (deleted)
7f2c9bba0000-7f2c9bd9f000 ---p 00040000 08:01 2109547                    /home/netlab/Backup_sbjeong/xxx 2020/contiki_git_ing/examples/ipv6/rpl-tsch/obj_cooja/mtype981.cooja (deleted)
7f2c9bd9f000-7f2c9bda0000 r--p 0003f000 08:01 2109547                    /home/netlab/Backup_sbjeong/xxx 2020/contiki_git_ing/examples/ipv6/rpl-tsch/obj_cooja/mtype981.cooja (deleted)
7f2c9bda0000-7f2c9bda2000 rw-p 00040000 08:01 2109547                    /home/netlab/Backup_sbjeong/xxx 2020/contiki_git_ing/examples/ipv6/rpl-tsch/obj_cooja/mtype981.cooja (deleted)
7f2c9bda2000-7f2c9bdb0000 rw-p 00000000 00:00 0 
7f2c9bdb0000-7f2c9bdf0000 r-xp 00000000 08:01 2109545                    /home/netlab/Backup_sbjeong/xxx 2020/contiki_git_ing/examples/ipv6/rpl-tsch/obj_cooja/mtype292.cooja (deleted)
7f2c9bdf0000-7f2c9bfef000 ---p 00040000 08:01 2109545                    /home/netlab/Backup_sbjeong/xxx 2020/contiki_git_ing/examples/ipv6/rpl-tsch/obj_cooja/mtype292.cooja (deleted)
7f2c9bfef000-7f2c9bff0000 r--p 0003f000 08:01 2109545                    /home/netlab/Backup_sbjeong/xxx 2020/contiki_git_ing/examples/ipv6/rpl-tsch/obj_cooja/mtype292.cooja (deleted)
7f2c9bff0000-7f2c9bff2000 rw-p 00040000 08:01 2109545                    /home/netlab/Backup_sbjeong/xxx 2020/contiki_git_ing/examples/ipv6/rpl-tsch/obj_cooja/mtype292.cooja (deleted)
7f2c9bff2000-7f2c9c000000 rw-p 00000000 00:00 0 
7f2c9c000000-7f2c9c021000 rw-p 00000000 00:00 0 
7f2c9c021000-7f2ca0000000 ---p 00000000 00:00 0 
7f2ca0000000-7f2ca0021000 rw-p 00000000 00:00 0 
7f2ca0021000-7f2ca4000000 ---p 00000000 00:00 0 
7f2ca4000000-7f2ca4021000 rw-p 00000000 00:00 0 
7f2ca4021000-7f2ca8000000 ---p 00000000 00:00 0 
7f2ca8000000-7f2ca8021000 rw-p 00000000 00:00 0 
7f2ca8021000-7f2cac000000 ---p 00000000 00:00 0 
7f2cac000000-7f2cac0ba000 rw-p 00000000 00:00 0 
7f2cac0ba000-7f2cb0000000 ---p 00000000 00:00 0 
7f2cb0000000-7f2cb0096000 rw-p 00000000 00:00 0 
7f2cb0096000-7f2cb4000000 ---p 00000000 00:00 0 
7f2cb4000000-7f2cb449c000 rw-p 00000000 00:00 0 
7f2cb449c000-7f2cb8000000 ---p 00000000 00:00 0 
7f2cb8000000-7f2cb8021000 rw-p 00000000 00:00 0 
7f2cb8021000-7f2cbc000000 ---p 00000000 00:00 0 
7f2cbc000000-7f2cbc023000 rw-p 00000000 00:00 0 
7f2cbc023000-7f2cc0000000 ---p 00000000 00:00 0 
7f2cc0000000-7f2cc0021000 rw-p 00000000 00:00 0 
7f2cc0021000-7f2cc4000000 ---p 00000000 00:00 0 
7f2cc4000000-7f2cc4021000 rw-p 00000000 00:00 0 
7f2cc4021000-7f2cc8000000 ---p 00000000 00:00 0 
7f2cc8000000-7f2cc8021000 rw-p 00000000 00:00 0 
7f2cc8021000-7f2ccc000000 ---p 00000000 00:00 0 
7f2ccc0a7000-7f2ccc0aa000 ---p 00000000 00:00 0 
7f2ccc0aa000-7f2ccc1a8000 rw-p 00000000 00:00 0 
7f2ccc1a8000-7f2ccc1ab000 ---p 00000000 00:00 0 
7f2ccc1ab000-7f2ccc2a9000 rw-p 00000000 00:00 0 
7f2ccc2a9000-7f2ccc2e9000 r-xp 00000000 08:01 2109543                    /home/netlab/Backup_sbjeong/xxx 2020/contiki_git_ing/examples/ipv6/rpl-tsch/obj_cooja/mtype872.cooja (deleted)
7f2ccc2e9000-7f2ccc4e8000 ---p 00040000 08:01 2109543                    /home/netlab/Backup_sbjeong/xxx 2020/contiki_git_ing/examples/ipv6/rpl-tsch/obj_cooja/mtype872.cooja (deleted)
7f2ccc4e8000-7f2ccc4e9000 r--p 0003f000 08:01 2109543                    /home/netlab/Backup_sbjeong/xxx 2020/contiki_git_ing/examples/ipv6/rpl-tsch/obj_cooja/mtype872.cooja (deleted)
7f2ccc4e9000-7f2ccc4eb000 rw-p 00040000 08:01 2109543                    /home/netlab/Backup_sbjeong/xxx 2020/contiki_git_ing/examples/ipv6/rpl-tsch/obj_cooja/mtype872.cooja (deleted)
7f2ccc4eb000-7f2ccc4f9000 rw-p 00000000 00:00 0 
7f2ccc4f9000-7f2ccc4fc000 ---p 00000000 00:00 0 
7f2ccc4fc000-7f2ccc5fa000 rw-p 00000000 00:00 0 
7f2ccc5fa000-7f2ccc63a000 r-xp 00000000 08:01 2109535                    /home/netlab/Backup_sbjeong/xxx 2020/contiki_git_ing/examples/ipv6/rpl-tsch/obj_cooja/mtype527.cooja (deleted)
7f2ccc63a000-7f2ccc839000 ---p 00040000 08:01 2109535                    /home/netlab/Backup_sbjeong/xxx 2020/contiki_git_ing/examples/ipv6/rpl-tsch/obj_cooja/mtype527.cooja (deleted)
7f2ccc839000-7f2ccc83a000 r--p 0003f000 08:01 2109535                    /home/netlab/Backup_sbjeong/xxx 2020/contiki_git_ing/examples/ipv6/rpl-tsch/obj_cooja/mtype527.cooja (deleted)
7f2ccc83a000-7f2ccc83c000 rw-p 00040000 08:01 2109535                    /home/netlab/Backup_sbjeong/xxx 2020/contiki_git_ing/examples/ipv6/rpl-tsch/obj_cooja/mtype527.cooja (deleted)
7f2ccc83c000-7f2ccc84a000 rw-p 00000000 00:00 0 
7f2ccc84a000-7f2ccc84d000 ---p 00000000 00:00 0 
7f2ccc84d000-7f2ccc94b000 rw-p 00000000 00:00 0 
7f2ccc94b000-7f2ccc94e000 ---p 00000000 00:00 0 
7f2ccc94e000-7f2ccca4c000 rw-p 00000000 00:00 0 
7f2ccca4c000-7f2ccca4f000 ---p 00000000 00:00 0 
7f2ccca4f000-7f2ccca85000 rw-p 00000000 00:00 0 
7f2ccca85000-7f2ccca88000 ---p 00000000 00:00 0 
7f2ccca88000-7f2cccb86000 rw-p 00000000 00:00 0 
7f2cccb86000-7f2ccd2ff000 rw-s 00000000 00:05 1867793                    /SYSV00000000 (deleted)
7f2ccd30b000-7f2ccd30c000 rw-p 00000000 00:00 0 
7f2ccd30c000-7f2ccd30f000 ---p 00000000 00:00 0 
7f2ccd30f000-7f2ccd40d000 rw-p 00000000 00:00 0 
7f2ccd40d000-7f2ccd40e000 r--s 00003000 08:01 1780376                    /home/netlab/Backup_sbjeong/xxx 2020/contiki_git_ing/tools/cooja/apps/powertracker/lib/powertracker.jar
7f2ccd40e000-7f2ccd40f000 r--s 00002000 08:01 1779993                    /home/netlab/Backup_sbjeong/xxx 2020/contiki_git_ing/tools/cooja/apps/collect-view/cooja-collect-view.jar
7f2ccd40f000-7f2ccd411000 r--s 00008000 08:01 1780392                    /home/netlab/Backup_sbjeong/xxx 2020/contiki_git_ing/tools/cooja/apps/serial_socket/lib/serial_socket.jar
7f2ccd411000-7f2ccd44b000 r--s 001e1000 08:01 1779958                    /home/netlab/Backup_sbjeong/xxx 2020/contiki_git_ing/tools/cooja/apps/avrora/lib/avrora-small.jar
7f2ccd44b000-7f2ccd44c000 r--s 00008000 08:01 1779959                    /home/netlab/Backup_sbjeong/xxx 2020/contiki_git_ing/tools/cooja/apps/avrora/lib/cooja_avrora.jar
7f2ccd44c000-7f2ccd44e000 r--s 00010000 08:01 1780367                    /home/netlab/Backup_sbjeong/xxx 2020/contiki_git_ing/tools/cooja/apps/mspsim/lib/jipv6.jar
7f2ccd44e000-7f2ccd44f000 r--s 00004000 08:01 1780368                    /home/netlab/Backup_sbjeong/xxx 2020/contiki_git_ing/tools/cooja/apps/mspsim/lib/coffee.jar
7f2ccd44f000-7f2ccd45b000 r--s 000eb000 08:01 1780366                    /home/netlab/Backup_sbjeong/xxx 2020/contiki_git_ing/tools/cooja/apps/mspsim/lib/mspsim.jar
7f2ccd45b000-7f2ccd461000 r--s 00064000 08:01 1780369                    /home/netlab/Backup_sbjeong/xxx 2020/contiki_git_ing/tools/cooja/apps/mspsim/lib/cooja_mspsim.jar
7f2ccd461000-7f2ccd463000 r--s 0001e000 08:01 1780085                    /home/netlab/Backup_sbjeong/xxx 2020/contiki_git_ing/tools/cooja/apps/mrm/lib/mrm.jar
7f2ccd463000-7f2ccd466000 ---p 00000000 00:00 0 
7f2ccd466000-7f2ccd564000 rw-p 00000000 00:00 0 
7f2ccd564000-7f2ccd567000 ---p 00000000 00:00 0 
7f2ccd567000-7f2ccd665000 rw-p 00000000 00:00 0 
7f2ccd665000-7f2ccd668000 ---p 00000000 00:00 0 
7f2ccd668000-7f2ccd766000 rw-p 00000000 00:00 0 
7f2ccd766000-7f2ccd767000 r--s 00000000 08:01 6556024                    /var/cache/fontconfig/c05880de57d1f5e948fdfacc138775d9-le64.cache-4
7f2ccd767000-7f2ccd772000 r--s 00000000 08:01 6556014                    /var/cache/fontconfig/945677eb7aeaf62f1d50efc3fb3ec7d8-le64.cache-4
7f2ccd772000-7f2ccd77b000 r--s 00000000 08:01 6554854                    /var/cache/fontconfig/a6d8cf8e4ec09cdbc8633c31745a07dd-le64.cache-4
7f2ccd77b000-7f2ccd781000 r--s 00000000 08:01 6554853                    /var/cache/fontconfig/2cd17615ca594fa2959ae173292e504c-le64.cache-4
7f2ccd781000-7f2ccd782000 r--s 00000000 08:01 6554842                    /var/cache/fontconfig/e7071f4a29fa870f4323321c154eba04-le64.cache-4
7f2ccd782000-7f2ccd783000 r--s 00000000 08:01 6554820                    /var/cache/fontconfig/0d8c3b2ac0904cb8a57a757ad11a4a08-le64.cache-4
7f2ccd783000-7f2ccd78a000 r--s 00000000 08:01 6554812                    /var/cache/fontconfig/a755afe4a08bf5b97852ceb7400b47bc-le64.cache-4
7f2ccd78a000-7f2ccd79e000 r--s 00000000 08:01 6554811                    /var/cache/fontconfig/04aabc0a78ac019cf9454389977116d2-le64.cache-4
7f2ccd79e000-7f2ccd7a2000 r--s 00000000 08:01 6554528                    /var/cache/fontconfig/385c0604a188198f04d133e54aba7fe7-le64.cache-4
7f2ccd7a2000-7f2ccd7a4000 r--s 00000000 08:01 6553995                    /var/cache/fontconfig/767a8244fc0220cfb567a839d0392e0b-le64.cache-4
7f2ccd7a4000-7f2ccd7aa000 r--s 00000000 08:01 6554524                    /var/cache/fontconfig/8801497958630a81b71ace7c5f9b32a8-le64.cache-4
7f2ccd7aa000-7f2ccd7b1000 r--s 00000000 08:01 6554522                    /var/cache/fontconfig/3047814df9a2f067bd2d96a2b9c36e5a-le64.cache-4
7f2ccd7b1000-7f2ccd803000 r-xp 00000000 08:01 5770650                    /usr/lib/jvm/java-7-openjdk-amd64/jre/lib/amd64/libfontmanager.so
7f2ccd803000-7f2ccda02000 ---p 00052000 08:01 5770650                    /usr/lib/jvm/java-7-openjdk-amd64/jre/lib/amd64/libfontmanager.so
7f2ccda02000-7f2ccda05000 r--p 00051000 08:01 5770650                    /usr/lib/jvm/java-7-openjdk-amd64/jre/lib/amd64/libfontmanager.so
7f2ccda05000-7f2ccda06000 rw-p 00054000 08:01 5770650                    /usr/lib/jvm/java-7-openjdk-amd64/jre/lib/amd64/libfontmanager.so
7f2ccda06000-7f2ccda09000 ---p 00000000 00:00 0 
7f2ccda09000-7f2ccdb07000 rw-p 00000000 00:00 0 
7f2ccdb07000-7f2ccdb0c000 r-xp 00000000 08:01 4988952                    /usr/lib/x86_64-linux-gnu/libXfixes.so.3.1.0
7f2ccdb0c000-7f2ccdd0b000 ---p 00005000 08:01 4988952                    /usr/lib/x86_64-linux-gnu/libXfixes.so.3.1.0
7f2ccdd0b000-7f2ccdd0c000 r--p 00004000 08:01 4988952                    /usr/lib/x86_64-linux-gnu/libXfixes.so.3.1.0
7f2ccdd0c000-7f2ccdd0d000 rw-p 00005000 08:01 4988952                    /usr/lib/x86_64-linux-gnu/libXfixes.so.3.1.0
7f2ccdd0d000-7f2ccdd16000 r-xp 00000000 08:01 4983250                    /usr/lib/x86_64-linux-gnu/libXcursor.so.1.0.2
7f2ccdd16000-7f2ccdf15000 ---p 00009000 08:01 4983250                    /usr/lib/x86_64-linux-gnu/libXcursor.so.1.0.2
7f2ccdf15000-7f2ccdf16000 r--p 00008000 08:01 4983250                    /usr/lib/x86_64-linux-gnu/libXcursor.so.1.0.2
7f2ccdf16000-7f2ccdf17000 rw-p 00009000 08:01 4983250                    /usr/lib/x86_64-linux-gnu/libXcursor.so.1.0.2
7f2ccdf17000-7f2ccdf2a000 r--s 00000000 08:01 6554359                    /var/cache/fontconfig/d52a8644073d54c13679302ca1180695-le64.cache-4
7f2ccdf2a000-7f2ccdf33000 r--s 00000000 08:01 6554357                    /var/cache/fontconfig/3f7329c5293ffd510edef78f73874cfd-le64.cache-4
7f2ccdf33000-7f2ccdf36000 ---p 00000000 00:00 0 
7f2ccdf36000-7f2cce034000 rw-p 00000000 00:00 0 
7f2cce034000-7f2cce059000 r-xp 00000000 08:01 1179869                    /lib/x86_64-linux-gnu/libpng12.so.0.50.0
7f2cce059000-7f2cce258000 ---p 00025000 08:01 1179869                    /lib/x86_64-linux-gnu/libpng12.so.0.50.0
7f2cce258000-7f2cce259000 r--p 00024000 08:01 1179869                    /lib/x86_64-linux-gnu/libpng12.so.0.50.0
7f2cce259000-7f2cce25a000 rw-p 00025000 08:01 1179869                    /lib/x86_64-linux-gnu/libpng12.so.0.50.0
7f2cce25a000-7f2cce25f000 r-xp 00000000 08:01 4988948                    /usr/lib/x86_64-linux-gnu/libXdmcp.so.6.0.0
7f2cce25f000-7f2cce45e000 ---p 00005000 08:01 4988948                    /usr/lib/x86_64-linux-gnu/libXdmcp.so.6.0.0
7f2cce45e000-7f2cce45f000 r--p 00004000 08:01 4988948                    /usr/lib/x86_64-linux-gnu/libXdmcp.so.6.0.0
7f2cce45f000-7f2cce460000 rw-p 00005000 08:01 4988948                    /usr/lib/x86_64-linux-gnu/libXdmcp.so.6.0.0
7f2cce460000-7f2cce462000 r-xp 00000000 08:01 4988937                    /usr/lib/x86_64-linux-gnu/libXau.so.6.0.0
7f2cce462000-7f2cce662000 ---p 00002000 08:01 4988937                    /usr/lib/x86_64-linux-gnu/libXau.so.6.0.0
7f2cce662000-7f2cce663000 r--p 00002000 08:01 4988937                    /usr/lib/x86_64-linux-gnu/libXau.so.6.0.0
7f2cce663000-7f2cce664000 rw-p 00003000 08:01 4988937                    /usr/lib/x86_64-linux-gnu/libXau.so.6.0.0
7f2cce664000-7f2cce68b000 r-xp 00000000 08:01 1179745                    /lib/x86_64-linux-gnu/libexpat.so.1.6.0
7f2cce68b000-7f2cce88b000 ---p 00027000 08:01 1179745                    /lib/x86_64-linux-gnu/libexpat.so.1.6.0
7f2cce88b000-7f2cce88d000 r--p 00027000 08:01 1179745                    /lib/x86_64-linux-gnu/libexpat.so.1.6.0
7f2cce88d000-7f2cce88e000 rw-p 00029000 08:01 1179745                    /lib/x86_64-linux-gnu/libexpat.so.1.6.0
7f2cce88e000-7f2cce92b000 r-xp 00000000 08:01 4982345                    /usr/lib/x86_64-linux-gnu/libfreetype.so.6.11.1
7f2cce92b000-7f2cceb2a000 ---p 0009d000 08:01 4982345                    /usr/lib/x86_64-linux-gnu/libfreetype.so.6.11.1
7f2cceb2a000-7f2cceb30000 r--p 0009c000 08:01 4982345                    /usr/lib/x86_64-linux-gnu/libfreetype.so.6.11.1
7f2cceb30000-7f2cceb31000 rw-p 000a2000 08:01 4982345                    /usr/lib/x86_64-linux-gnu/libfreetype.so.6.11.1
7f2cceb31000-7f2cceb4e000 r-xp 00000000 08:01 4990005                    /usr/lib/x86_64-linux-gnu/libxcb.so.1.1.0
7f2cceb4e000-7f2cced4e000 ---p 0001d000 08:01 4990005                    /usr/lib/x86_64-linux-gnu/libxcb.so.1.1.0
7f2cced4e000-7f2cced4f000 r--p 0001d000 08:01 4990005                    /usr/lib/x86_64-linux-gnu/libxcb.so.1.1.0
7f2cced4f000-7f2cced50000 rw-p 0001e000 08:01 4990005                    /usr/lib/x86_64-linux-gnu/libxcb.so.1.1.0
7f2cced50000-7f2cced8a000 r-xp 00000000 08:01 4982343                    /usr/lib/x86_64-linux-gnu/libfontconfig.so.1.8.0
7f2cced8a000-7f2ccef89000 ---p 0003a000 08:01 4982343                    /usr/lib/x86_64-linux-gnu/libfontconfig.so.1.8.0
7f2ccef89000-7f2ccef8b000 r--p 00039000 08:01 4982343                    /usr/lib/x86_64-linux-gnu/libfontconfig.so.1.8.0
7f2ccef8b000-7f2ccef8c000 rw-p 0003b000 08:01 4982343                    /usr/lib/x86_64-linux-gnu/libfontconfig.so.1.8.0
7f2ccef8c000-7f2ccef9b000 r-xp 00000000 08:01 4988958                    /usr/lib/x86_64-linux-gnu/libXi.so.6.1.0
7f2ccef9b000-7f2ccf19a000 ---p 0000f000 08:01 4988958                    /usr/lib/x86_64-linux-gnu/libXi.so.6.1.0
7f2ccf19a000-7f2ccf19b000 r--p 0000e000 08:01 4988958                    /usr/lib/x86_64-linux-gnu/libXi.so.6.1.0
7f2ccf19b000-7f2ccf19c000 rw-p 0000f000 08:01 4988958                    /usr/lib/x86_64-linux-gnu/libXi.so.6.1.0
7f2ccf19c000-7f2ccf1a1000 r-xp 00000000 08:01 4988978                    /usr/lib/x86_64-linux-gnu/libXtst.so.6.1.0
7f2ccf1a1000-7f2ccf3a0000 ---p 00005000 08:01 4988978                    /usr/lib/x86_64-linux-gnu/libXtst.so.6.1.0
7f2ccf3a0000-7f2ccf3a1000 r--p 00004000 08:01 4988978                    /usr/lib/x86_64-linux-gnu/libXtst.so.6.1.0
7f2ccf3a1000-7f2ccf3a2000 rw-p 00005000 08:01 4988978                    /usr/lib/x86_64-linux-gnu/libXtst.so.6.1.0
7f2ccf3a2000-7f2ccf3a4000 r-xp 00000000 08:01 4988942                    /usr/lib/x86_64-linux-gnu/libXcomposite.so.1.0.0
7f2ccf3a4000-7f2ccf5a3000 ---p 00002000 08:01 4988942                    /usr/lib/x86_64-linux-gnu/libXcomposite.so.1.0.0
7f2ccf5a3000-7f2ccf5a4000 r--p 00001000 08:01 4988942                    /usr/lib/x86_64-linux-gnu/libXcomposite.so.1.0.0
7f2ccf5a4000-7f2ccf5a5000 rw-p 00002000 08:01 4988942                    /usr/lib/x86_64-linux-gnu/libXcomposite.so.1.0.0
7f2ccf5a5000-7f2ccf5ae000 r-xp 00000000 08:01 4988972                    /usr/lib/x86_64-linux-gnu/libXrender.so.1.3.0
7f2ccf5ae000-7f2ccf7ad000 ---p 00009000 08:01 4988972                    /usr/lib/x86_64-linux-gnu/libXrender.so.1.3.0
7f2ccf7ad000-7f2ccf7ae000 r--p 00008000 08:01 4988972                    /usr/lib/x86_64-linux-gnu/libXrender.so.1.3.0
7f2ccf7ae000-7f2ccf7af000 rw-p 00009000 08:01 4988972                    /usr/lib/x86_64-linux-gnu/libXrender.so.1.3.0
7f2ccf7af000-7f2ccf8df000 r-xp 00000000 08:01 4988933                    /usr/lib/x86_64-linux-gnu/libX11.so.6.3.0
7f2ccf8df000-7f2ccfadf000 ---p 00130000 08:01 4988933                    /usr/lib/x86_64-linux-gnu/libX11.so.6.3.0
7f2ccfadf000-7f2ccfae0000 r--p 00130000 08:01 4988933                    /usr/lib/x86_64-linux-gnu/libX11.so.6.3.0
7f2ccfae0000-7f2ccfae4000 rw-p 00131000 08:01 4988933                    /usr/lib/x86_64-linux-gnu/libX11.so.6.3.0
7f2ccfae4000-7f2ccfb2c000 r-xp 00000000 08:01 5768252                    /usr/lib/jvm/java-7-openjdk-amd64/jre/lib/amd64/xawt/libmawt.so
7f2ccfb2c000-7f2ccfd2b000 ---p 00048000 08:01 5768252                    /usr/lib/jvm/java-7-openjdk-amd64/jre/lib/amd64/xawt/libmawt.so
7f2ccfd2b000-7f2ccfd2c000 r--p 00047000 08:01 5768252                    /usr/lib/jvm/java-7-openjdk-amd64/jre/lib/amd64/xawt/libmawt.so
7f2ccfd2c000-7f2ccfd2f000 rw-p 00048000 08:01 5768252                    /usr/lib/jvm/java-7-openjdk-amd64/jre/lib/amd64/xawt/libmawt.so
7f2ccfd2f000-7f2ccfd30000 rw-p 00000000 00:00 0 
7f2ccfd30000-7f2ccfdd0000 r-xp 00000000 08:01 5770618                    /usr/lib/jvm/java-7-openjdk-amd64/jre/lib/amd64/libawt.so
7f2ccfdd0000-7f2ccffcf000 ---p 000a0000 08:01 5770618                    /usr/lib/jvm/java-7-openjdk-amd64/jre/lib/amd64/libawt.so
7f2ccffcf000-7f2ccffd0000 r--p 0009f000 08:01 5770618                    /usr/lib/jvm/java-7-openjdk-amd64/jre/lib/amd64/libawt.so
7f2ccffd0000-7f2ccffdb000 rw-p 000a0000 08:01 5770618                    /usr/lib/jvm/java-7-openjdk-amd64/jre/lib/amd64/libawt.so
7f2ccffdb000-7f2cd0000000 rw-p 00000000 00:00 0 
7f2cd0000000-7f2cd1774000 rw-p 00000000 00:00 0 
7f2cd1774000-7f2cd4000000 ---p 00000000 00:00 0 
7f2cd4000000-7f2cd4021000 rw-p 00000000 00:00 0 
7f2cd4021000-7f2cd8000000 ---p 00000000 00:00 0 
7f2cd8000000-7f2cd8021000 rw-p 00000000 00:00 0 
7f2cd8021000-7f2cdc000000 ---p 00000000 00:00 0 
7f2cdc000000-7f2cdd4b4000 rw-p 00000000 00:00 0 
7f2cdd4b4000-7f2ce0000000 ---p 00000000 00:00 0 
7f2ce0000000-7f2ce0021000 rw-p 00000000 00:00 0 
7f2ce0021000-7f2ce4000000 ---p 00000000 00:00 0 
7f2ce4000000-7f2ce4021000 rw-p 00000000 00:00 0 
7f2ce4021000-7f2ce8000000 ---p 00000000 00:00 0 
7f2ce8000000-7f2ce8021000 rw-p 00000000 00:00 0 
7f2ce8021000-7f2cec000000 ---p 00000000 00:00 0 
7f2cec000000-7f2cec122000 rw-p 00000000 00:00 0 
7f2cec122000-7f2cf0000000 ---p 00000000 00:00 0 
7f2cf0000000-7f2cf0021000 rw-p 00000000 00:00 0 
7f2cf0021000-7f2cf4000000 ---p 00000000 00:00 0 
7f2cf4000000-7f2cf4021000 rw-p 00000000 00:00 0 
7f2cf4021000-7f2cf8000000 ---p 00000000 00:00 0 
7f2cf8000000-7f2cf802c000 rw-p 00000000 00:00 0 
7f2cf802c000-7f2cfc000000 ---p 00000000 00:00 0 
7f2cfc000000-7f2cfc028000 rw-p 00000000 00:00 0 
7f2cfc028000-7f2d00000000 ---p 00000000 00:00 0 
7f2d00000000-7f2d00021000 rw-p 00000000 00:00 0 
7f2d00021000-7f2d04000000 ---p 00000000 00:00 0 
7f2d04000000-7f2d04001000 r--s 00000000 08:01 6554531                    /var/cache/fontconfig/1ac9eb803944fde146138c791f5cc56a-le64.cache-4
7f2d04001000-7f2d0400c000 r--s 00000000 08:01 6554162                    /var/cache/fontconfig/d589a48862398ed80a3d6066f4f56f4c-le64.cache-4
7f2d0400c000-7f2d0401d000 r-xp 00000000 08:01 4988950                    /usr/lib/x86_64-linux-gnu/libXext.so.6.4.0
7f2d0401d000-7f2d0421c000 ---p 00011000 08:01 4988950                    /usr/lib/x86_64-linux-gnu/libXext.so.6.4.0
7f2d0421c000-7f2d0421d000 r--p 00010000 08:01 4988950                    /usr/lib/x86_64-linux-gnu/libXext.so.6.4.0
7f2d0421d000-7f2d0421e000 rw-p 00011000 08:01 4988950                    /usr/lib/x86_64-linux-gnu/libXext.so.6.4.0
7f2d0421e000-7f2d0424f000 rw-p 00000000 00:00 0 
7f2d0424f000-7f2d0428c000 r-xp 00000000 08:01 1179653                    /lib/x86_64-linux-gnu/libpcre.so.3.13.1
7f2d0428c000-7f2d0448b000 ---p 0003d000 08:01 1179653                    /lib/x86_64-linux-gnu/libpcre.so.3.13.1
7f2d0448b000-7f2d0448c000 r--p 0003c000 08:01 1179653                    /lib/x86_64-linux-gnu/libpcre.so.3.13.1
7f2d0448c000-7f2d0448d000 rw-p 0003d000 08:01 1179653                    /lib/x86_64-linux-gnu/libpcre.so.3.13.1
7f2d0448d000-7f2d04494000 r-xp 00000000 08:01 4982252                    /usr/lib/x86_64-linux-gnu/libffi.so.6.0.1
7f2d04494000-7f2d04693000 ---p 00007000 08:01 4982252                    /usr/lib/x86_64-linux-gnu/libffi.so.6.0.1
7f2d04693000-7f2d04694000 r--p 00006000 08:01 4982252                    /usr/lib/x86_64-linux-gnu/libffi.so.6.0.1
7f2d04694000-7f2d04695000 rw-p 00007000 08:01 4982252                    /usr/lib/x86_64-linux-gnu/libffi.so.6.0.1
7f2d04695000-7f2d046ac000 r-xp 00000000 08:01 1183989                    /lib/x86_64-linux-gnu/libresolv-2.19.so
7f2d046ac000-7f2d048ac000 ---p 00017000 08:01 1183989                    /lib/x86_64-linux-gnu/libresolv-2.19.so
7f2d048ac000-7f2d048ad000 r--p 00017000 08:01 1183989                    /lib/x86_64-linux-gnu/libresolv-2.19.so
7f2d048ad000-7f2d048ae000 rw-p 00018000 08:01 1183989                    /lib/x86_64-linux-gnu/libresolv-2.19.so
7f2d048ae000-7f2d048b0000 rw-p 00000000 00:00 0 
7f2d048b0000-7f2d048d0000 r-xp 00000000 08:01 1184140                    /lib/x86_64-linux-gnu/libselinux.so.1
7f2d048d0000-7f2d04acf000 ---p 00020000 08:01 1184140                    /lib/x86_64-linux-gnu/libselinux.so.1
7f2d04acf000-7f2d04ad0000 r--p 0001f000 08:01 1184140                    /lib/x86_64-linux-gnu/libselinux.so.1
7f2d04ad0000-7f2d04ad1000 rw-p 00020000 08:01 1184140                    /lib/x86_64-linux-gnu/libselinux.so.1
7f2d04ad1000-7f2d04ad3000 rw-p 00000000 00:00 0 
7f2d04ad3000-7f2d04ad6000 r-xp 00000000 08:01 4981121                    /usr/lib/x86_64-linux-gnu/libgmodule-2.0.so.0.4002.0
7f2d04ad6000-7f2d04cd5000 ---p 00003000 08:01 4981121                    /usr/lib/x86_64-linux-gnu/libgmodule-2.0.so.0.4002.0
7f2d04cd5000-7f2d04cd6000 r--p 00002000 08:01 4981121                    /usr/lib/x86_64-linux-gnu/libgmodule-2.0.so.0.4002.0
7f2d04cd6000-7f2d04cd7000 rw-p 00003000 08:01 4981121                    /usr/lib/x86_64-linux-gnu/libgmodule-2.0.so.0.4002.0
7f2d04cd7000-7f2d04ddd000 r-xp 00000000 08:01 1179901                    /lib/x86_64-linux-gnu/libglib-2.0.so.0.4002.0
7f2d04ddd000-7f2d04fdc000 ---p 00106000 08:01 1179901                    /lib/x86_64-linux-gnu/libglib-2.0.so.0.4002.0
7f2d04fdc000-7f2d04fdd000 r--p 00105000 08:01 1179901                    /lib/x86_64-linux-gnu/libglib-2.0.so.0.4002.0
7f2d04fdd000-7f2d04fde000 rw-p 00106000 08:01 1179901                    /lib/x86_64-linux-gnu/libglib-2.0.so.0.4002.0
7f2d04fde000-7f2d04fdf000 rw-p 00000000 00:00 0 
7f2d04fdf000-7f2d0502e000 r-xp 00000000 08:01 4981124                    /usr/lib/x86_64-linux-gnu/libgobject-2.0.so.0.4002.0
7f2d0502e000-7f2d0522e000 ---p 0004f000 08:01 4981124                    /usr/lib/x86_64-linux-gnu/libgobject-2.0.so.0.4002.0
7f2d0522e000-7f2d0522f000 r--p 0004f000 08:01 4981124                    /usr/lib/x86_64-linux-gnu/libgobject-2.0.so.0.4002.0
7f2d0522f000-7f2d05230000 rw-p 00050000 08:01 4981124                    /usr/lib/x86_64-linux-gnu/libgobject-2.0.so.0.4002.0
7f2d05230000-7f2d0539c000 r-xp 00000000 08:01 4981103                    /usr/lib/x86_64-linux-gnu/libgio-2.0.so.0.4002.0
7f2d0539c000-7f2d0559c000 ---p 0016c000 08:01 4981103                    /usr/lib/x86_64-linux-gnu/libgio-2.0.so.0.4002.0
7f2d0559c000-7f2d055a0000 r--p 0016c000 08:01 4981103                    /usr/lib/x86_64-linux-gnu/libgio-2.0.so.0.4002.0
7f2d055a0000-7f2d055a2000 rw-p 00170000 08:01 4981103                    /usr/lib/x86_64-linux-gnu/libgio-2.0.so.0.4002.0
7f2d055a2000-7f2d055a4000 rw-p 00000000 00:00 0 
7f2d055a4000-7f2d055bb000 r-xp 00000000 08:01 5770623                    /usr/lib/jvm/java-7-openjdk-amd64/jre/lib/amd64/libnet.so
7f2d055bb000-7f2d057bb000 ---p 00017000 08:01 5770623                    /usr/lib/jvm/java-7-openjdk-amd64/jre/lib/amd64/libnet.so
7f2d057bb000-7f2d057bc000 r--p 00017000 08:01 5770623                    /usr/lib/jvm/java-7-openjdk-amd64/jre/lib/amd64/libnet.so
7f2d057bc000-7f2d057bd000 rw-p 00018000 08:01 5770623                    /usr/lib/jvm/java-7-openjdk-amd64/jre/lib/amd64/libnet.so
7f2d057bd000-7f2d057cd000 r-xp 00000000 08:01 5770664                    /usr/lib/jvm/java-7-openjdk-amd64/jre/lib/amd64/libnio.so
7f2d057cd000-7f2d059cd000 ---p 00010000 08:01 5770664                    /usr/lib/jvm/java-7-openjdk-amd64/jre/lib/amd64/libnio.so
7f2d059cd000-7f2d059ce000 r--p 00010000 08:01 5770664                    /usr/lib/jvm/java-7-openjdk-amd64/jre/lib/amd64/libnio.so
7f2d059ce000-7f2d059cf000 rw-p 00011000 08:01 5770664                    /usr/lib/jvm/java-7-openjdk-amd64/jre/lib/amd64/libnio.so
7f2d059cf000-7f2d059d0000 ---p 00000000 00:00 0 
7f2d059d0000-7f2d05ad0000 rw-p 00000000 00:00 0 
7f2d05ad0000-7f2d05ad3000 ---p 00000000 00:00 0 
7f2d05ad3000-7f2d05bd1000 rw-p 00000000 00:00 0 
7f2d05bd1000-7f2d05bd4000 ---p 00000000 00:00 0 
7f2d05bd4000-7f2d05cd2000 rw-p 00000000 00:00 0 
7f2d05cd2000-7f2d05cd5000 ---p 00000000 00:00 0 
7f2d05cd5000-7f2d05dd3000 rw-p 00000000 00:00 0 
7f2d05dd3000-7f2d05dd6000 ---p 00000000 00:00 0 
7f2d05dd6000-7f2d05ed4000 rw-p 00000000 00:00 0 
7f2d05ed4000-7f2d066e7000 r--p 00000000 08:01 4987895                    /usr/lib/locale/locale-archive
7f2d066e7000-7f2d066ea000 ---p 00000000 00:00 0 
7f2d066ea000-7f2d067e8000 rw-p 00000000 00:00 0 
7f2d067e8000-7f2d067eb000 ---p 00000000 00:00 0 
7f2d067eb000-7f2d068e9000 rw-p 00000000 00:00 0 
7f2d068e9000-7f2d068ea000 ---p 00000000 00:00 0 
7f2d068ea000-7f2d08000000 rw-p 00000000 00:00 0 
7f2d08000000-7f2d08026000 rw-p 00000000 00:00 0 
7f2d08026000-7f2d0c000000 ---p 00000000 00:00 0 
7f2d0c000000-7f2d0c001000 r--s 00000000 08:01 6554527                    /var/cache/fontconfig/dc05db6664285cc2f12bf69c139ae4c3-le64.cache-4
7f2d0c001000-7f2d0c002000 r--s 00000000 08:01 6554526                    /var/cache/fontconfig/4794a0821666d79190d59a36cb4f44b5-le64.cache-4
7f2d0c002000-7f2d0c008000 r--s 00000000 08:01 6554362                    /var/cache/fontconfig/b47c4e1ecd0709278f4910c18777a504-le64.cache-4
7f2d0c008000-7f2d0c00b000 r--s 00000000 08:01 6554015                    /var/cache/fontconfig/e13b20fdb08344e0e664864cc2ede53d-le64.cache-4
7f2d0c00b000-7f2d0c00f000 r--s 00000000 08:01 6554132                    /var/cache/fontconfig/7ef2298fde41cc6eeb7af42e48b7d293-le64.cache-4
7f2d0c00f000-7f2d0c016000 r--s 00000000 08:01 5245345                    /usr/lib/x86_64-linux-gnu/gconv/gconv-modules.cache
7f2d0c016000-7f2d0c03d000 r--p 00000000 08:01 5516359                    /usr/share/locale-langpack/ko/LC_MESSAGES/libc.mo
7f2d0c03d000-7f2d0c5c6000 rw-p 00000000 00:00 0 
7f2d0c5c6000-7f2d0c77d000 r--s 01d7c000 08:01 5648853                    /usr/lib/jvm/java-7-openjdk-amd64/jre/lib/rt.jar
7f2d0c77d000-7f2d10000000 rw-p 00000000 00:00 0 
7f2d10000000-7f2d1002d000 rw-p 00000000 00:00 0 
7f2d1002d000-7f2d14000000 ---p 00000000 00:00 0 
7f2d14000000-7f2d14001000 r--s 00000000 08:01 6554510                    /var/cache/fontconfig/56cf4f4769d0f4abc89a4895d7bd3ae1-le64.cache-4
7f2d14001000-7f2d1401e000 r--s 0014f000 08:01 1780613                    /home/netlab/Backup_sbjeong/xxx 2020/contiki_git_ing/tools/cooja/lib/swingx-all-1.6.4.jar
7f2d1401e000-7f2d1419c000 rw-p 00000000 00:00 0 
7f2d1419c000-7f2d1419d000 ---p 00000000 00:00 0 
7f2d1419d000-7f2d1429d000 rw-p 00000000 00:00 0 
7f2d1429d000-7f2d1429e000 ---p 00000000 00:00 0 
7f2d1429e000-7f2d1439e000 rw-p 00000000 00:00 0 
7f2d1439e000-7f2d1439f000 ---p 00000000 00:00 0 
7f2d1439f000-7f2d1449f000 rw-p 00000000 00:00 0 
7f2d1449f000-7f2d144a0000 ---p 00000000 00:00 0 
7f2d144a0000-7f2d145a0000 rw-p 00000000 00:00 0 
7f2d145a0000-7f2d145a1000 ---p 00000000 00:00 0 
7f2d145a1000-7f2d146a1000 rw-p 00000000 00:00 0 
7f2d146a1000-7f2d146a2000 ---p 00000000 00:00 0 
7f2d146a2000-7f2d147a2000 rw-p 00000000 00:00 0 
7f2d147a2000-7f2d147a3000 ---p 00000000 00:00 0 
7f2d147a3000-7f2d1497f000 rw-p 00000000 00:00 0 
7f2d1497f000-7f2d14aa3000 rw-p 00000000 00:00 0 
7f2d14aa3000-7f2d14ab1000 rw-p 00000000 00:00 0 
7f2d14ab1000-7f2d14abd000 ---p 00000000 00:00 0 
7f2d14abd000-7f2d14af6000 rw-p 00000000 00:00 0 
7f2d14af6000-7f2d14bd2000 rw-p 00000000 00:00 0 
7f2d14bd2000-7f2d14cf6000 rw-p 00000000 00:00 0 
7f2d14cf6000-7f2d14dcc000 rw-p 00000000 00:00 0 
7f2d14dcc000-7f2d14df6000 ---p 00000000 00:00 0 
7f2d14df6000-7f2d14df7000 rw-p 00000000 00:00 0 
7f2d14df7000-7f2d15517000 rwxp 00000000 00:00 0 
7f2d15517000-7f2d17df7000 rw-p 00000000 00:00 0 
7f2d17df7000-7f2d17dff000 r-xp 00000000 08:01 5770669                    /usr/lib/jvm/java-7-openjdk-amd64/jre/lib/amd64/libzip.so
7f2d17dff000-7f2d17ffe000 ---p 00008000 08:01 5770669                    /usr/lib/jvm/java-7-openjdk-amd64/jre/lib/amd64/libzip.so
7f2d17ffe000-7f2d17fff000 r--p 00007000 08:01 5770669                    /usr/lib/jvm/java-7-openjdk-amd64/jre/lib/amd64/libzip.so
7f2d17fff000-7f2d18000000 rw-p 00008000 08:01 5770669                    /usr/lib/jvm/java-7-openjdk-amd64/jre/lib/amd64/libzip.so
7f2d18000000-7f2d18342000 rw-p 00000000 00:00 0 
7f2d18342000-7f2d1c000000 ---p 00000000 00:00 0 
7f2d1c000000-7f2d1c001000 r--s 00000000 08:01 6554508                    /var/cache/fontconfig/b9d506c9ac06c20b433354fa67a72993-le64.cache-4
7f2d1c001000-7f2d1c002000 r--s 00000000 08:01 6554135                    /var/cache/fontconfig/0c9eb80ebd1c36541ebe2852d3bb0c49-le64.cache-4
7f2d1c002000-7f2d1c08e000 rw-p 00000000 00:00 0 
7f2d1c08e000-7f2d1c08f000 ---p 00000000 00:00 0 
7f2d1c08f000-7f2d1c19d000 rw-p 00000000 00:00 0 
7f2d1c19d000-7f2d1c1a9000 ---p 00000000 00:00 0 
7f2d1c1a9000-7f2d1c1e2000 rw-p 00000000 00:00 0 
7f2d1c1e2000-7f2d1c1ec000 r-xp 00000000 08:01 1183987                    /lib/x86_64-linux-gnu/libnss_files-2.19.so
7f2d1c1ec000-7f2d1c3eb000 ---p 0000a000 08:01 1183987                    /lib/x86_64-linux-gnu/libnss_files-2.19.so
7f2d1c3eb000-7f2d1c3ec000 r--p 00009000 08:01 1183987                    /lib/x86_64-linux-gnu/libnss_files-2.19.so
7f2d1c3ec000-7f2d1c3ed000 rw-p 0000a000 08:01 1183987                    /lib/x86_64-linux-gnu/libnss_files-2.19.so
7f2d1c3ed000-7f2d1c3f8000 r-xp 00000000 08:01 1183993                    /lib/x86_64-linux-gnu/libnss_nis-2.19.so
7f2d1c3f8000-7f2d1c5f7000 ---p 0000b000 08:01 1183993                    /lib/x86_64-linux-gnu/libnss_nis-2.19.so
7f2d1c5f7000-7f2d1c5f8000 r--p 0000a000 08:01 1183993                    /lib/x86_64-linux-gnu/libnss_nis-2.19.so
7f2d1c5f8000-7f2d1c5f9000 rw-p 0000b000 08:01 1183993                    /lib/x86_64-linux-gnu/libnss_nis-2.19.so
7f2d1c5f9000-7f2d1c610000 r-xp 00000000 08:01 1184062                    /lib/x86_64-linux-gnu/libnsl-2.19.so
7f2d1c610000-7f2d1c80f000 ---p 00017000 08:01 1184062                    /lib/x86_64-linux-gnu/libnsl-2.19.so
7f2d1c80f000-7f2d1c810000 r--p 00016000 08:01 1184062                    /lib/x86_64-linux-gnu/libnsl-2.19.so
7f2d1c810000-7f2d1c811000 rw-p 00017000 08:01 1184062                    /lib/x86_64-linux-gnu/libnsl-2.19.so
7f2d1c811000-7f2d1c813000 rw-p 00000000 00:00 0 
7f2d1c813000-7f2d1c81c000 r-xp 00000000 08:01 1184010                    /lib/x86_64-linux-gnu/libnss_compat-2.19.so
7f2d1c81c000-7f2d1ca1b000 ---p 00009000 08:01 1184010                    /lib/x86_64-linux-gnu/libnss_compat-2.19.so
7f2d1ca1b000-7f2d1ca1c000 r--p 00008000 08:01 1184010                    /lib/x86_64-linux-gnu/libnss_compat-2.19.so
7f2d1ca1c000-7f2d1ca1d000 rw-p 00009000 08:01 1184010                    /lib/x86_64-linux-gnu/libnss_compat-2.19.so
7f2d1ca1d000-7f2d1ca47000 r-xp 00000000 08:01 5770642                    /usr/lib/jvm/java-7-openjdk-amd64/jre/lib/amd64/libjava.so
7f2d1ca47000-7f2d1cc47000 ---p 0002a000 08:01 5770642                    /usr/lib/jvm/java-7-openjdk-amd64/jre/lib/amd64/libjava.so
7f2d1cc47000-7f2d1cc48000 r--p 0002a000 08:01 5770642                    /usr/lib/jvm/java-7-openjdk-amd64/jre/lib/amd64/libjava.so
7f2d1cc48000-7f2d1cc4a000 rw-p 0002b000 08:01 5770642                    /usr/lib/jvm/java-7-openjdk-amd64/jre/lib/amd64/libjava.so
7f2d1cc4a000-7f2d1cc5a000 r-xp 00000000 08:01 5770612                    /usr/lib/jvm/java-7-openjdk-amd64/jre/lib/amd64/libverify.so
7f2d1cc5a000-7f2d1ce59000 ---p 00010000 08:01 5770612                    /usr/lib/jvm/java-7-openjdk-amd64/jre/lib/amd64/libverify.so
7f2d1ce59000-7f2d1ce5b000 r--p 0000f000 08:01 5770612                    /usr/lib/jvm/java-7-openjdk-amd64/jre/lib/amd64/libverify.so
7f2d1ce5b000-7f2d1ce5c000 rw-p 00011000 08:01 5770612                    /usr/lib/jvm/java-7-openjdk-amd64/jre/lib/amd64/libverify.so
7f2d1ce5c000-7f2d1ce63000 r-xp 00000000 08:01 1184060                    /lib/x86_64-linux-gnu/librt-2.19.so
7f2d1ce63000-7f2d1d062000 ---p 00007000 08:01 1184060                    /lib/x86_64-linux-gnu/librt-2.19.so
7f2d1d062000-7f2d1d063000 r--p 00006000 08:01 1184060                    /lib/x86_64-linux-gnu/librt-2.19.so
7f2d1d063000-7f2d1d064000 rw-p 00007000 08:01 1184060                    /lib/x86_64-linux-gnu/librt-2.19.so
7f2d1d064000-7f2d1d07b000 r-xp 00000000 08:01 1179897                    /lib/x86_64-linux-gnu/libgcc_s.so.1
7f2d1d07b000-7f2d1d27a000 ---p 00017000 08:01 1179897                    /lib/x86_64-linux-gnu/libgcc_s.so.1
7f2d1d27a000-7f2d1d27b000 r--p 00016000 08:01 1179897                    /lib/x86_64-linux-gnu/libgcc_s.so.1
7f2d1d27b000-7f2d1d27c000 rw-p 00017000 08:01 1179897                    /lib/x86_64-linux-gnu/libgcc_s.so.1
7f2d1d27c000-7f2d1d381000 r-xp 00000000 08:01 1184016                    /lib/x86_64-linux-gnu/libm-2.19.so
7f2d1d381000-7f2d1d580000 ---p 00105000 08:01 1184016                    /lib/x86_64-linux-gnu/libm-2.19.so
7f2d1d580000-7f2d1d581000 r--p 00104000 08:01 1184016                    /lib/x86_64-linux-gnu/libm-2.19.so
7f2d1d581000-7f2d1d582000 rw-p 00105000 08:01 1184016                    /lib/x86_64-linux-gnu/libm-2.19.so
7f2d1d582000-7f2d1d68c000 r-xp 00000000 08:01 4982310                    /usr/lib/x86_64-linux-gnu/libstdc++.so.6.0.25
7f2d1d68c000-7f2d1d88b000 ---p 0010a000 08:01 4982310                    /usr/lib/x86_64-linux-gnu/libstdc++.so.6.0.25
7f2d1d88b000-7f2d1d893000 r--p 00109000 08:01 4982310                    /usr/lib/x86_64-linux-gnu/libstdc++.so.6.0.25
7f2d1d893000-7f2d1d895000 rw-p 00111000 08:01 4982310                    /usr/lib/x86_64-linux-gnu/libstdc++.so.6.0.25
7f2d1d895000-7f2d1d898000 rw-p 00000000 00:00 0 
7f2d1d898000-7f2d1e3d1000 r-xp 00000000 08:01 5770599                    /usr/lib/jvm/java-7-openjdk-amd64/jre/lib/amd64/server/libjvm.so
7f2d1e3d1000-7f2d1e5d1000 ---p 00b39000 08:01 5770599                    /usr/lib/jvm/java-7-openjdk-amd64/jre/lib/amd64/server/libjvm.so
7f2d1e5d1000-7f2d1e66c000 r--p 00b39000 08:01 5770599                    /usr/lib/jvm/java-7-openjdk-amd64/jre/lib/amd64/server/libjvm.so
7f2d1e66c000-7f2d1e68f000 rw-p 00bd4000 08:01 5770599                    /usr/lib/jvm/java-7-openjdk-amd64/jre/lib/amd64/server/libjvm.so
7f2d1e68f000-7f2d1e6bf000 rw-p 00000000 00:00 0 
7f2d1e6bf000-7f2d1e6d7000 r-xp 00000000 08:01 1179751                    /lib/x86_64-linux-gnu/libz.so.1.2.8
7f2d1e6d7000-7f2d1e8d6000 ---p 00018000 08:01 1179751                    /lib/x86_64-linux-gnu/libz.so.1.2.8
7f2d1e8d6000-7f2d1e8d7000 r--p 00017000 08:01 1179751                    /lib/x86_64-linux-gnu/libz.so.1.2.8
7f2d1e8d7000-7f2d1e8d8000 rw-p 00018000 08:01 1179751                    /lib/x86_64-linux-gnu/libz.so.1.2.8
7f2d1e8d8000-7f2d1e8f1000 r-xp 00000000 08:01 1184028                    /lib/x86_64-linux-gnu/libpthread-2.19.so
7f2d1e8f1000-7f2d1eaf0000 ---p 00019000 08:01 1184028                    /lib/x86_64-linux-gnu/libpthread-2.19.so
7f2d1eaf0000-7f2d1eaf1000 r--p 00018000 08:01 1184028                    /lib/x86_64-linux-gnu/libpthread-2.19.so
7f2d1eaf1000-7f2d1eaf2000 rw-p 00019000 08:01 1184028                    /lib/x86_64-linux-gnu/libpthread-2.19.so
7f2d1eaf2000-7f2d1eaf6000 rw-p 00000000 00:00 0 
7f2d1eaf6000-7f2d1eaf9000 r-xp 00000000 08:01 1184079                    /lib/x86_64-linux-gnu/libdl-2.19.so
7f2d1eaf9000-7f2d1ecf8000 ---p 00003000 08:01 1184079                    /lib/x86_64-linux-gnu/libdl-2.19.so
7f2d1ecf8000-7f2d1ecf9000 r--p 00002000 08:01 1184079                    /lib/x86_64-linux-gnu/libdl-2.19.so
7f2d1ecf9000-7f2d1ecfa000 rw-p 00003000 08:01 1184079                    /lib/x86_64-linux-gnu/libdl-2.19.so
7f2d1ecfa000-7f2d1eeb8000 r-xp 00000000 08:01 1184083                    /lib/x86_64-linux-gnu/libc-2.19.so
7f2d1eeb8000-7f2d1f0b8000 ---p 001be000 08:01 1184083                    /lib/x86_64-linux-gnu/libc-2.19.so
7f2d1f0b8000-7f2d1f0bc000 r--p 001be000 08:01 1184083                    /lib/x86_64-linux-gnu/libc-2.19.so
7f2d1f0bc000-7f2d1f0be000 rw-p 001c2000 08:01 1184083                    /lib/x86_64-linux-gnu/libc-2.19.so
7f2d1f0be000-7f2d1f0c3000 rw-p 00000000 00:00 0 
7f2d1f0c3000-7f2d1f0d0000 r-xp 00000000 08:01 5770659                    /usr/lib/jvm/java-7-openjdk-amd64/jre/lib/amd64/jli/libjli.so
7f2d1f0d0000-7f2d1f2cf000 ---p 0000d000 08:01 5770659                    /usr/lib/jvm/java-7-openjdk-amd64/jre/lib/amd64/jli/libjli.so
7f2d1f2cf000-7f2d1f2d0000 r--p 0000c000 08:01 5770659                    /usr/lib/jvm/java-7-openjdk-amd64/jre/lib/amd64/jli/libjli.so
7f2d1f2d0000-7f2d1f2d1000 rw-p 0000d000 08:01 5770659                    /usr/lib/jvm/java-7-openjdk-amd64/jre/lib/amd64/jli/libjli.so
7f2d1f2d1000-7f2d1f2f4000 r-xp 00000000 08:01 1184021                    /lib/x86_64-linux-gnu/ld-2.19.so
7f2d1f2f4000-7f2d1f2fe000 r--s 000b0000 08:01 5648861                    /usr/lib/jvm/java-7-openjdk-amd64/jre/lib/resources.jar
7f2d1f2fe000-7f2d1f305000 r--s 0005b000 08:01 1780611                    /home/netlab/Backup_sbjeong/xxx 2020/contiki_git_ing/tools/cooja/lib/jsyntaxpane.jar
7f2d1f305000-7f2d1f30c000 r--s 0004f000 08:01 1780612                    /home/netlab/Backup_sbjeong/xxx 2020/contiki_git_ing/tools/cooja/lib/log4j.jar
7f2d1f30c000-7f2d1f30f000 r--s 00022000 08:01 1780610                    /home/netlab/Backup_sbjeong/xxx 2020/contiki_git_ing/tools/cooja/lib/jdom.jar
7f2d1f30f000-7f2d1f311000 r--s 00012000 08:01 5770685                    /usr/lib/jvm/java-7-openjdk-amd64/jre/lib/ext/zipfs.jar
7f2d1f311000-7f2d1f32e000 rw-p 00000000 00:00 0 
7f2d1f32e000-7f2d1f3d1000 rw-p 00000000 00:00 0 
7f2d1f3d1000-7f2d1f3d4000 ---p 00000000 00:00 0 
7f2d1f3d4000-7f2d1f4d6000 rw-p 00000000 00:00 0 
7f2d1f4d6000-7f2d1f4da000 r--s 0003d000 08:01 5770688                    /usr/lib/jvm/java-7-openjdk-amd64/jre/lib/ext/sunpkcs11.jar
7f2d1f4da000-7f2d1f4db000 r--s 00002000 08:01 5770687                    /usr/lib/jvm/java-7-openjdk-amd64/jre/lib/ext/dnsns.jar
7f2d1f4db000-7f2d1f4de000 r--s 0000f000 08:01 5770684                    /usr/lib/jvm/java-7-openjdk-amd64/jre/lib/ext/icedtea-sound.jar
7f2d1f4de000-7f2d1f4e2000 r--s 00085000 08:01 5770686                    /usr/lib/jvm/java-7-openjdk-amd64/jre/lib/ext/localedata.jar
7f2d1f4e2000-7f2d1f4e6000 r--s 00036000 08:01 5770689                    /usr/lib/jvm/java-7-openjdk-amd64/jre/lib/ext/sunjce_provider.jar
7f2d1f4e6000-7f2d1f4e8000 r--s 00006000 08:01 5380960                    /usr/share/java/java-atk-wrapper.jar
7f2d1f4e8000-7f2d1f4f0000 rw-s 00000000 08:01 5117441                    /tmp/hsperfdata_netlab/4732
7f2d1f4f0000-7f2d1f4f1000 rw-p 00000000 00:00 0 
7f2d1f4f1000-7f2d1f4f2000 r--p 00000000 00:00 0 
7f2d1f4f2000-7f2d1f4f3000 rw-p 00000000 00:00 0 
7f2d1f4f3000-7f2d1f4f4000 r--p 00022000 08:01 1184021                    /lib/x86_64-linux-gnu/ld-2.19.so
7f2d1f4f4000-7f2d1f4f5000 rw-p 00023000 08:01 1184021                    /lib/x86_64-linux-gnu/ld-2.19.so
7f2d1f4f5000-7f2d1f4f6000 rw-p 00000000 00:00 0 
7ffc0d4da000-7ffc0d4fc000 rw-p 00000000 00:00 0                          [stack]
7ffc0d548000-7ffc0d54a000 r--p 00000000 00:00 0                          [vvar]
7ffc0d54a000-7ffc0d54c000 r-xp 00000000 00:00 0                          [vdso]
ffffffffff600000-ffffffffff601000 r-xp 00000000 00:00 0                  [vsyscall]

VM Arguments:
jvm_args: -Xmx1536m 
java_command: org.contikios.cooja.Cooja
Launcher Type: SUN_STANDARD

Environment Variables:
JAVA_HOME=/usr/lib/jvm/java-7-openjdk-amd64/
CLASSPATH=:/usr/src/tinyos/support/sdk/java/tinyos.jar
PATH=/usr/local/sbin:/usr/local/bin:/usr/sbin:/usr/bin:/sbin:/bin:/usr/games:/usr/local/games:/home/netlab/opt/gcc-arm-none-eabi-6-2017-q1-update/bin:/home/netlab/opt/compilers/mspgcc-4.7.3/bin
LD_LIBRARY_PATH=.
SHELL=/bin/bash
DISPLAY=:0

Signal Handlers:
SIGSEGV: [libjvm.so+0x9679a0], sa_mask[0]=0x7ffbfeff, sa_flags=0x10000004
SIGBUS: [libjvm.so+0x9679a0], sa_mask[0]=0x7ffbfeff, sa_flags=0x10000004
SIGFPE: [libjvm.so+0x7d9350], sa_mask[0]=0x7ffbfeff, sa_flags=0x10000004
SIGPIPE: [libjvm.so+0x7d9350], sa_mask[0]=0x7ffbfeff, sa_flags=0x10000004
SIGXFSZ: [libjvm.so+0x7d9350], sa_mask[0]=0x7ffbfeff, sa_flags=0x10000004
SIGILL: [libjvm.so+0x7d9350], sa_mask[0]=0x7ffbfeff, sa_flags=0x10000004
SIGUSR1: SIG_DFL, sa_mask[0]=0x00000000, sa_flags=0x00000000
SIGUSR2: [libjvm.so+0x7d9480], sa_mask[0]=0x00000004, sa_flags=0x10000004
SIGHUP: [libjvm.so+0x7d93d0], sa_mask[0]=0x7ffbfeff, sa_flags=0x10000004
SIGINT: [libjvm.so+0x7d93d0], sa_mask[0]=0x7ffbfeff, sa_flags=0x10000004
SIGTERM: [libjvm.so+0x7d93d0], sa_mask[0]=0x7ffbfeff, sa_flags=0x10000004
SIGQUIT: [libjvm.so+0x7d93d0], sa_mask[0]=0x7ffbfeff, sa_flags=0x10000004
SIGTRAP: SIG_DFL, sa_mask[0]=0x00000000, sa_flags=0x00000000


---------------  S Y S T E M  ---------------

OS:Ubuntu 14.04 (trusty)
uname:Linux 4.2.0-42-generic #49~14.04.1-Ubuntu SMP Wed Jun 29 20:22:11 UTC 2016 x86_64
libc:glibc 2.19 NPTL 2.19 
rlimit: STACK 8192k, CORE 0k, NPROC 63920, NOFILE 4096, AS infinity
load average:0.82 0.27 0.15

/proc/meminfo:
MemTotal:       16386560 kB
MemFree:        11534792 kB
MemAvailable:   13205836 kB
Buffers:          372672 kB
Cached:          1445916 kB
SwapCached:            0 kB
Active:          3899424 kB
Inactive:         561512 kB
Active(anon):    2643476 kB
Inactive(anon):    72436 kB
Active(file):    1255948 kB
Inactive(file):   489076 kB
Unevictable:          56 kB
Mlocked:              56 kB
SwapTotal:      16730108 kB
SwapFree:       16730108 kB
Dirty:              4516 kB
Writeback:             0 kB
AnonPages:       2642428 kB
Mapped:           399224 kB
Shmem:             73568 kB
Slab:             223536 kB
SReclaimable:     179436 kB
SUnreclaim:        44100 kB
KernelStack:       12528 kB
PageTables:        49052 kB
NFS_Unstable:          0 kB
Bounce:                0 kB
WritebackTmp:          0 kB
CommitLimit:    24923388 kB
Committed_AS:    8553300 kB
VmallocTotal:   34359738367 kB
VmallocUsed:      136052 kB
VmallocChunk:   34359474044 kB
HardwareCorrupted:     0 kB
AnonHugePages:   1966080 kB
CmaTotal:              0 kB
CmaFree:               0 kB
HugePages_Total:       0
HugePages_Free:        0
HugePages_Rsvd:        0
HugePages_Surp:        0
Hugepagesize:       2048 kB
DirectMap4k:      207808 kB
DirectMap2M:    16523264 kB


CPU:total 8 (initial active 8) (4 cores per cpu, 2 threads per core) family 6 model 58 stepping 9, cmov, cx8, fxsr, mmx, sse, sse2, sse3, ssse3, sse4.1, sse4.2, popcnt, avx, aes, erms, ht, tsc, tscinvbit, tscinv

/proc/cpuinfo:
processor	: 0
vendor_id	: GenuineIntel
cpu family	: 6
model		: 58
model name	: Intel(R) Xeon(R) CPU E3-1270 V2 @ 3.50GHz
stepping	: 9
microcode	: 0x12
cpu MHz		: 3876.250
cache size	: 8192 KB
physical id	: 0
siblings	: 8
core id		: 0
cpu cores	: 4
apicid		: 0
initial apicid	: 0
fpu		: yes
fpu_exception	: yes
cpuid level	: 13
wp		: yes
flags		: fpu vme de pse tsc msr pae mce cx8 apic sep mtrr pge mca cmov pat pse36 clflush dts acpi mmx fxsr sse sse2 ss ht tm pbe syscall nx rdtscp lm constant_tsc arch_perfmon pebs bts rep_good nopl xtopology nonstop_tsc aperfmperf eagerfpu pni pclmulqdq dtes64 monitor ds_cpl vmx smx est tm2 ssse3 cx16 xtpr pdcm pcid sse4_1 sse4_2 x2apic popcnt tsc_deadline_timer aes xsave avx f16c rdrand lahf_lm ida arat epb pln pts dtherm tpr_shadow vnmi flexpriority ept vpid fsgsbase smep erms xsaveopt
bugs		:
bogomips	: 6984.27
clflush size	: 64
cache_alignment	: 64
address sizes	: 36 bits physical, 48 bits virtual
power management:

processor	: 1
vendor_id	: GenuineIntel
cpu family	: 6
model		: 58
model name	: Intel(R) Xeon(R) CPU E3-1270 V2 @ 3.50GHz
stepping	: 9
microcode	: 0x12
cpu MHz		: 3867.636
cache size	: 8192 KB
physical id	: 0
siblings	: 8
core id		: 1
cpu cores	: 4
apicid		: 2
initial apicid	: 2
fpu		: yes
fpu_exception	: yes
cpuid level	: 13
wp		: yes
flags		: fpu vme de pse tsc msr pae mce cx8 apic sep mtrr pge mca cmov pat pse36 clflush dts acpi mmx fxsr sse sse2 ss ht tm pbe syscall nx rdtscp lm constant_tsc arch_perfmon pebs bts rep_good nopl xtopology nonstop_tsc aperfmperf eagerfpu pni pclmulqdq dtes64 monitor ds_cpl vmx smx est tm2 ssse3 cx16 xtpr pdcm pcid sse4_1 sse4_2 x2apic popcnt tsc_deadline_timer aes xsave avx f16c rdrand lahf_lm ida arat epb pln pts dtherm tpr_shadow vnmi flexpriority ept vpid fsgsbase smep erms xsaveopt
bugs		:
bogomips	: 6984.27
clflush size	: 64
cache_alignment	: 64
address sizes	: 36 bits physical, 48 bits virtual
power management:

processor	: 2
vendor_id	: GenuineIntel
cpu family	: 6
model		: 58
model name	: Intel(R) Xeon(R) CPU E3-1270 V2 @ 3.50GHz
stepping	: 9
microcode	: 0x12
cpu MHz		: 3877.480
cache size	: 8192 KB
physical id	: 0
siblings	: 8
core id		: 2
cpu cores	: 4
apicid		: 4
initial apicid	: 4
fpu		: yes
fpu_exception	: yes
cpuid level	: 13
wp		: yes
flags		: fpu vme de pse tsc msr pae mce cx8 apic sep mtrr pge mca cmov pat pse36 clflush dts acpi mmx fxsr sse sse2 ss ht tm pbe syscall nx rdtscp lm constant_tsc arch_perfmon pebs bts rep_good nopl xtopology nonstop_tsc aperfmperf eagerfpu pni pclmulqdq dtes64 monitor ds_cpl vmx smx est tm2 ssse3 cx16 xtpr pdcm pcid sse4_1 sse4_2 x2apic popcnt tsc_deadline_timer aes xsave avx f16c rdrand lahf_lm ida arat epb pln pts dtherm tpr_shadow vnmi flexpriority ept vpid fsgsbase smep erms xsaveopt
bugs		:
bogomips	: 6984.27
clflush size	: 64
cache_alignment	: 64
address sizes	: 36 bits physical, 48 bits virtual
power management:

processor	: 3
vendor_id	: GenuineIntel
cpu family	: 6
model		: 58
model name	: Intel(R) Xeon(R) CPU E3-1270 V2 @ 3.50GHz
stepping	: 9
microcode	: 0x12
cpu MHz		: 3899.218
cache size	: 8192 KB
physical id	: 0
siblings	: 8
core id		: 3
cpu cores	: 4
apicid		: 6
initial apicid	: 6
fpu		: yes
fpu_exception	: yes
cpuid level	: 13
wp		: yes
flags		: fpu vme de pse tsc msr pae mce cx8 apic sep mtrr pge mca cmov pat pse36 clflush dts acpi mmx fxsr sse sse2 ss ht tm pbe syscall nx rdtscp lm constant_tsc arch_perfmon pebs bts rep_good nopl xtopology nonstop_tsc aperfmperf eagerfpu pni pclmulqdq dtes64 monitor ds_cpl vmx smx est tm2 ssse3 cx16 xtpr pdcm pcid sse4_1 sse4_2 x2apic popcnt tsc_deadline_timer aes xsave avx f16c rdrand lahf_lm ida arat epb pln pts dtherm tpr_shadow vnmi flexpriority ept vpid fsgsbase smep erms xsaveopt
bugs		:
bogomips	: 6984.27
clflush size	: 64
cache_alignment	: 64
address sizes	: 36 bits physical, 48 bits virtual
power management:

processor	: 4
vendor_id	: GenuineIntel
cpu family	: 6
model		: 58
model name	: Intel(R) Xeon(R) CPU E3-1270 V2 @ 3.50GHz
stepping	: 9
microcode	: 0x12
cpu MHz		: 3871.738
cache size	: 8192 KB
physical id	: 0
siblings	: 8
core id		: 0
cpu cores	: 4
apicid		: 1
initial apicid	: 1
fpu		: yes
fpu_exception	: yes
cpuid level	: 13
wp		: yes
flags		: fpu vme de pse tsc msr pae mce cx8 apic sep mtrr pge mca cmov pat pse36 clflush dts acpi mmx fxsr sse sse2 ss ht tm pbe syscall nx rdtscp lm constant_tsc arch_perfmon pebs bts rep_good nopl xtopology nonstop_tsc aperfmperf eagerfpu pni pclmulqdq dtes64 monitor ds_cpl vmx smx est tm2 ssse3 cx16 xtpr pdcm pcid sse4_1 sse4_2 x2apic popcnt tsc_deadline_timer aes xsave avx f16c rdrand lahf_lm ida arat epb pln pts dtherm tpr_shadow vnmi flexpriority ept vpid fsgsbase smep erms xsaveopt
bugs		:
bogomips	: 6984.27
clflush size	: 64
cache_alignment	: 64
address sizes	: 36 bits physical, 48 bits virtual
power management:

processor	: 5
vendor_id	: GenuineIntel
cpu family	: 6
model		: 58
model name	: Intel(R) Xeon(R) CPU E3-1270 V2 @ 3.50GHz
stepping	: 9
microcode	: 0x12
cpu MHz		: 3770.019
cache size	: 8192 KB
physical id	: 0
siblings	: 8
core id		: 1
cpu cores	: 4
apicid		: 3
initial apicid	: 3
fpu		: yes
fpu_exception	: yes
cpuid level	: 13
wp		: yes
flags		: fpu vme de pse tsc msr pae mce cx8 apic sep mtrr pge mca cmov pat pse36 clflush dts acpi mmx fxsr sse sse2 ss ht tm pbe syscall nx rdtscp lm constant_tsc arch_perfmon pebs bts rep_good nopl xtopology nonstop_tsc aperfmperf eagerfpu pni pclmulqdq dtes64 monitor ds_cpl vmx smx est tm2 ssse3 cx16 xtpr pdcm pcid sse4_1 sse4_2 x2apic popcnt tsc_deadline_timer aes xsave avx f16c rdrand lahf_lm ida arat epb pln pts dtherm tpr_shadow vnmi flexpriority ept vpid fsgsbase smep erms xsaveopt
bugs		:
bogomips	: 6984.27
clflush size	: 64
cache_alignment	: 64
address sizes	: 36 bits physical, 48 bits virtual
power management:

processor	: 6
vendor_id	: GenuineIntel
cpu family	: 6
model		: 58
model name	: Intel(R) Xeon(R) CPU E3-1270 V2 @ 3.50GHz
stepping	: 9
microcode	: 0x12
cpu MHz		: 3844.531
cache size	: 8192 KB
physical id	: 0
siblings	: 8
core id		: 2
cpu cores	: 4
apicid		: 5
initial apicid	: 5
fpu		: yes
fpu_exception	: yes
cpuid level	: 13
wp		: yes
flags		: fpu vme de pse tsc msr pae mce cx8 apic sep mtrr pge mca cmov pat pse36 clflush dts acpi mmx fxsr sse sse2 ss ht tm pbe syscall nx rdtscp lm constant_tsc arch_perfmon pebs bts rep_good nopl xtopology nonstop_tsc aperfmperf eagerfpu pni pclmulqdq dtes64 monitor ds_cpl vmx smx est tm2 ssse3 cx16 xtpr pdcm pcid sse4_1 sse4_2 x2apic popcnt tsc_deadline_timer aes xsave avx f16c rdrand lahf_lm ida arat epb pln pts dtherm tpr_shadow vnmi flexpriority ept vpid fsgsbase smep erms xsaveopt
bugs		:
bogomips	: 6984.27
clflush size	: 64
cache_alignment	: 64
address sizes	: 36 bits physical, 48 bits virtual
power management:

processor	: 7
vendor_id	: GenuineIntel
cpu family	: 6
model		: 58
model name	: Intel(R) Xeon(R) CPU E3-1270 V2 @ 3.50GHz
stepping	: 9
microcode	: 0x12
cpu MHz		: 3865.175
cache size	: 8192 KB
physical id	: 0
siblings	: 8
core id		: 3
cpu cores	: 4
apicid		: 7
initial apicid	: 7
fpu		: yes
fpu_exception	: yes
cpuid level	: 13
wp		: yes
flags		: fpu vme de pse tsc msr pae mce cx8 apic sep mtrr pge mca cmov pat pse36 clflush dts acpi mmx fxsr sse sse2 ss ht tm pbe syscall nx rdtscp lm constant_tsc arch_perfmon pebs bts rep_good nopl xtopology nonstop_tsc aperfmperf eagerfpu pni pclmulqdq dtes64 monitor ds_cpl vmx smx est tm2 ssse3 cx16 xtpr pdcm pcid sse4_1 sse4_2 x2apic popcnt tsc_deadline_timer aes xsave avx f16c rdrand lahf_lm ida arat epb pln pts dtherm tpr_shadow vnmi flexpriority ept vpid fsgsbase smep erms xsaveopt
bugs		:
bogomips	: 6984.27
clflush size	: 64
cache_alignment	: 64
address sizes	: 36 bits physical, 48 bits virtual
power management:



Memory: 4k page, physical 16386560k(11534792k free), swap 16730108k(16730108k free)

vm_info: OpenJDK 64-Bit Server VM (24.181-b01) for linux-amd64 JRE (1.7.0_181-b01), built on Jun  8 2018 23:24:55 by "buildd" with gcc 4.8.4

time: Sat May 18 18:35:02 2019
elapsed time: 172631 seconds

